Time Stamp(sec)   Frame ID          Frame Data        Baud Rate(bits/sec)     Error Condition
2582,115384            49     FF FF FF FF FF FF FF FF        9597            
2582,164873            D6     00 0F 6C 0B B6 0C 77 85        9597            
2582,215589            97            9579            Checksum Error
2582,265487            D8     FE FF FF FF FF FF FF FF        9597            
2582,314976            3C     FF FF FF FF FF FF FF FF        9597            
2582,364874            7D            9597            Checksum Error
2582,415590            03     68 0B FF FF FF FF FF FF        9597            
2582,465079            C4     AA 0A FF FF FF FF FF FF        9597            
2582,514977            85     01 FF FF FF FF FF FF FF        9597            
2582,564466            06     00 00 FF FF FF FF FF FF        9579            
2582,613955            47     01 00 FF FF FF FF FF FF        9579            
2582,663853            49     FF FF FF FF FF FF FF FF        9597            
2582,713342            D6     00 0F 6C 0B B6 0C 77 85        9597            
2582,764058            97            9597            Checksum Error
2582,813956            D8     FE FF FF FF FF FF FF FF        9579            
2582,863445            3C     FF FF FF FF FF FF FF FF        9597            
2582,913343            7D            9597            Checksum Error
2582,964059            03     68 0B FF FF FF FF FF FF        9597            
2583,013548            C4     AA 0A FF FF FF FF FF FF        9579            
2583,063446            85     01 FF FF FF FF FF FF FF        9597            
2583,113344            06     00 00 FF FF FF FF FF FF        9597            
2583,162833            47     01 00 FF FF FF FF FF FF        9597            
2583,212731            49     FF FF FF FF FF FF FF FF        9597            
2583,262220            D6     00 0F 6C 0B B6 0C 77 85        9597            
2583,312936            97            9597            Checksum Error
2583,362834            D8     FE FF FF FF FF FF FF FF        9597            
2583,412323            3C     01 04 B8 10 03 01 FF FF        9597            
2583,462221            7D     01 03 F8 02 02 FF FF FF        9597            
2583,512937            03     68 0B FF FF FF FF FF FF        9597            
2583,562426            C4     AA 0A FF FF FF FF FF FF        9579            
2583,612324            85     01 FF FF FF FF FF FF FF        9579            
2583,661813            06     00 00 FF FF FF FF FF FF        9597            
2583,711711            47     01 00 FF FF FF FF FF FF        9597            
2583,761200            49     FF FF FF FF FF FF FF FF        9615            
2583,811098            D6     00 0F 6C 0B B6 0C 77 85        9597            
2583,861814            97            9597            Checksum Error
2583,911303            D8     FE FF FF FF FF FF FF FF        9615            
2583,961201            3C     01 06 B2 23 17 46 10 03        9597            
2584,010690            7D     01 06 F2 01 00 00 00 FF        9597            
2584,061406            03     68 0B FF FF FF FF FF FF        9597            
2584,111304            C4     AA 0A FF FF FF FF FF FF        9597            
2584,161202            85     01 FF FF FF FF FF FF FF        9597            
2584,210691            06     00 00 FF FF FF FF FF FF        9579            
2584,260589            47     01 00 FF FF FF FF FF FF        9597            
2584,310078            49     FF FF FF FF FF FF FF FF        9579            
2584,359976            D6     00 0F 6C 0B B6 0C 77 85        9579            
2584,410692            97            9579            Checksum Error
2584,460181            D8     FE FF FF FF FF FF FF FF        9597            
2584,510079            3C     FF FF FF FF FF FF FF FF        9597            
2584,559568            7D            9597            Checksum Error
2584,610284            03     68 0B FF FF FF FF FF FF        9597            
2584,660182            C4     AA 0A FF FF FF FF FF FF        9597            
2584,709671            85     01 FF FF FF FF FF FF FF        9597            
2584,759569            06     00 00 FF FF FF FF FF FF        9597            
2584,809058            47     01 00 FF FF FF FF FF FF        9597            
2584,858956            49     FF FF FF FF FF FF FF FF        9597            
2584,908445            D6     00 0F 6C 0B B6 0C 77 85        9597            
2584,959161            97            9579            Checksum Error
2585,009059            D8     FE FF FF FF FF FF FF FF        9597            
2585,058548            3C     FF FF FF FF FF FF FF FF        9597            
2585,108446            7D            9597            Checksum Error
2585,159162            03     68 0B FF FF FF FF FF FF        9597            
2585,208651            C4     AA 0A FF FF FF FF FF FF        9597            
2585,258549            85     01 FF FF FF FF FF FF FF        9597            
2585,308038            06     00 00 FF FF FF FF FF FF        9615            
2585,357936            47     01 00 FF FF FF FF FF FF        9597            
2585,407425            49     FF FF FF FF FF FF FF FF        9597            
2585,457323            D6     00 0F 6C 0B B6 0C 77 85        9597            
2585,508039            97            9597            Checksum Error
2585,557937            D8     FE FF FF FF FF FF FF FF        9597            
2585,607426            3C     01 04 B8 10 03 01 FF FF        9597            
2585,657324            7D     01 03 F8 02 02 FF FF FF        9597            
2585,708040            03     68 0B FF FF FF FF FF FF        9597            
2585,757529            C4     AA 0A FF FF FF FF FF FF        9597            
2585,807427            85     01 FF FF FF FF FF FF FF        9597            
2585,856916            06     00 00 FF FF FF FF FF FF        9597            
2585,906814            47     01 00 FF FF FF FF FF FF        9597            
2585,956303            49     FF FF FF FF FF FF FF FF        9597            
2586,006201            D6     00 0F 6C 0B B6 0C 77 85        9597            
2586,056508            97            9597            Checksum Error
2586,106406            D8     FE FF FF FF FF FF FF FF        9597            
2586,155895            3C     01 06 B2 23 17 46 10 03        9597            
2586,205793            7D     01 06 F2 01 00 00 00 FF        9597            
2586,256509            03     72 0B FF FF FF FF FF FF        9597            
2586,305998            C4     AA 0A FF FF FF FF FF FF        9597            
2586,355487            85     01 FF FF FF FF FF FF FF        9597            
2586,405385            06     00 00 FF FF FF FF FF FF        9597            
2586,454874            47     01 00 FF FF FF FF FF FF        9579            
2586,504772            49     FF FF FF FF FF FF FF FF        9597            
2586,554261            D6     00 0F 6C 0B B6 0C 6D 85        9597            
2586,604977            97            9597            Checksum Error
2586,654875            D8     FE FF FF FF FF FF FF FF        9597            
2586,704364            3C     FF FF FF FF FF FF FF FF        9597            
2586,754262            7D            9597            Checksum Error
2586,804978            03     72 0B FF FF FF FF FF FF        9597            
2586,854876            C4     AA 0A FF FF FF FF FF FF        9597            
2586,904365            85     01 FF FF FF FF FF FF FF        9597            
2586,954263            06     00 00 FF FF FF FF FF FF        9597            
2587,003752            47     01 00 FF FF FF FF FF FF        9597            
2587,053650            49     FF FF FF FF FF FF FF FF        9597            
2587,103139            D6     00 0F 6C 0B B6 0C 77 85        9597            
2587,153855            97            9597            Checksum Error
2587,203753            D8     FE FF FF FF FF FF FF FF        9597            
2587,253242            3C     03 05 B9 00 1F 00 00 FF        9597            
2587,303140            7D     03 02 F9 00 FF FF FF FF        9597            
2587,352629            3C     03 10 29 BB 00 1F 00 1E        9597            
2587,402527            3C     03 21 00 00 22 FF FF FF        9597            
2587,452016            3C     03 22 54 01 14 33 00 87        9597            
2587,501914            3C     03 23 72 0B 01 00 00 00        9597            
2587,551403            3C     03 24 00 00 00 00 01 01        9597            
2587,601301            3C     03 25 D0 0C 6C 0B 07 00        9597            
2587,650790            3C     03 26 00 00 00 00 00 00        9597            
2587,700688            7D     03 01 FB FF FF FF FF FF        9597            
2587,750177            3C     03 05 B9 00 1F 00 01 FF        9597            
2587,800075            7D     03 02 F9 00 FF FF FF FF        9597            
2587,850791            03     72 0B FF FF FF FF FF FF        9597            
2587,900280            C4     AA 0A FF FF FF FF FF FF        9597            
2587,950178            85     01 FF FF FF FF FF FF FF        9597            
2587,999667            06     00 00 FF FF FF FF FF FF        9597            
2588,049565            47     01 00 FF FF FF FF FF FF        9597            
2588,099054            49     FF FF FF FF FF FF FF FF        9597            
2588,148952            D6     00 0F 6C 0B B6 0C 77 85        9579            
2588,199668            97            9597            Checksum Error
2588,249157            D8     FE FF FF FF FF FF FF FF        9597            
2588,299055            3C     FF FF FF FF FF FF FF FF        9597            
2588,348544            7D            9597            Checksum Error
2588,399669            03     72 0B FF FF FF FF FF FF        9597            
2588,449158            C4     AA 0A FF FF FF FF FF FF        9597            
2588,499056            85     01 FF FF FF FF FF FF FF        9597            
2588,548545            06     00 00 FF FF FF FF FF FF        9597            
2588,598443            47     01 00 FF FF FF FF FF FF        9597            
2588,647932            49     FF FF FF FF FF FF FF FF        9597            
2588,697830            D6     00 0F 6C 0B B6 0C 77 85        9597            
2588,748546            97            9597            Checksum Error
2588,798035            D8     FE FF FF FF FF FF FF FF        9597            
2588,847933            3C     01 04 B8 10 03 01 FF FF        9597            
2588,897831            7D     01 03 F8 02 02 FF FF FF        9597            
2588,948138            03     72 0B FF FF FF FF FF FF        9597            
2588,998036            C4     AA 0A FF FF FF FF FF FF        9597            
2589,047525            85     01 FF FF FF FF FF FF FF        9597            
2589,097423            06     00 00 FF FF FF FF FF FF        9597            
2589,146912            47     01 00 FF FF FF FF FF FF        9597            
2589,196810            49     FF FF FF FF FF FF FF FF        9597            
2589,246299            D6     00 0F 6C 0B B6 0C 77 85        9597            
2589,297015            97            9615            Checksum Error
2589,346913            D8     FE FF FF FF FF FF FF FF        9597            
2589,396402            3C     01 06 B2 23 17 46 10 03        9597            
2589,446300            7D     01 06 F2 01 00 00 00 FF        9597            
2589,496607            03     72 0B FF FF FF FF FF FF        9597            
2589,546505            C4     AA 0A FF FF FF FF FF FF        9597            
2589,595994            85     01 FF FF FF FF FF FF FF        9597            
2589,645892            06     00 00 FF FF FF FF FF FF        9597            
2589,695790            47     01 00 FF FF FF FF FF FF        9579            
2589,745279            49     FF FF FF FF FF FF FF FF        9597            
2589,795177            D6     00 0F 6C 0B B6 0C 77 85        9597            
2589,845893            97            9597            Checksum Error
2589,895382            D8     FE FF FF FF FF FF FF FF        9597            
2589,945280            3C     FF FF FF FF FF FF FF FF        9597            
2589,994769            7D            9579            Checksum Error
2590,045076            03     72 0B FF FF FF FF FF FF        9597            
2590,094565            C4     AA 0A FF FF FF FF FF FF        9597            
2590,144463            85     01 FF FF FF FF FF FF FF        9597            
2590,193952            06     00 00 FF FF FF FF FF FF        9597            
2590,243850            47     01 00 FF FF FF FF FF FF        9597            
2590,293339            49     FF FF FF FF FF FF FF FF        9597            
2590,343237            D6     00 0F 6C 0B B6 0C 77 85        9597            
2590,393953            97            9579            Checksum Error
2590,443442            D8     FE FF FF FF FF FF FF FF        9579            
2590,493340            3C     FF FF FF FF FF FF FF FF        9597            
2590,543238            7D            9597            Checksum Error
2590,593954            03     72 0B FF FF FF FF FF FF        9597            
2590,643443            C4     AA 0A FF FF FF FF FF FF        9597            
2590,693341            85     01 FF FF FF FF FF FF FF        9597            
2590,742830            06     00 00 FF FF FF FF FF FF        9597            
2590,792319            47     01 00 FF FF FF FF FF FF        9597            
2590,842217            49     FF FF FF FF FF FF FF FF        9579            
2590,891706            D6     00 0F 6C 0B B6 0C 77 85        9597            
2590,942422            97            9597            Checksum Error
2590,992320            D8     FE FF FF FF FF FF FF FF        9597            
2591,042218            3C     01 04 B8 10 03 01 FF FF        9597            
2591,091707            7D     01 03 F8 02 02 FF FF FF        9597            
2591,142423            03     72 0B FF FF FF FF FF FF        9597            
2591,192321            C4     AA 0A FF FF FF FF FF FF        9597            
2591,241810            85     01 FF FF FF FF FF FF FF        9579            
2591,291299            06     00 00 FF FF FF FF FF FF        9579            
2591,341197            47     01 00 FF FF FF FF FF FF        9597            
2591,390686            49     FF FF FF FF FF FF FF FF        9597            
2591,440584            D6     00 0F 6C 0B B6 0C 77 85        9597            
2591,491300            97            9597            Checksum Error
2591,540789            D8     FE FF FF FF FF FF FF FF        9579            
2591,590687            3C     01 06 B2 23 17 46 10 03        9597            
2591,640176            7D     01 06 F2 01 00 00 00 FF        9597            
2591,690892            03     72 0B FF FF FF FF FF FF        9597            
2591,740790            C4     AA 0A FF FF FF FF FF FF        9597            
2591,790279            85     01 FF FF FF FF FF FF FF        9597            
2591,840177            06     00 00 FF FF FF FF FF FF        9579            
2591,889666            47     01 00 FF FF FF FF FF FF        9597            
2591,939155            49     FF FF FF FF FF FF FF FF        9597            
2591,989053            D6     00 0F 6C 0B B6 0C 77 85        9597            
2592,039360            97            9597            Checksum Error
2592,088849            D8     FE FF FF FF FF FF FF FF        9597            
2592,138747            3C     FF FF FF FF FF FF FF FF        9597            
2592,188236            7D            9597            Checksum Error
2592,238952            03     72 0B FF FF FF FF FF FF        9579            
2592,288850            C4     AA 0A FF FF FF FF FF FF        9597            
2592,338339            85     01 FF FF FF FF FF FF FF        9579            
2592,388237            06     00 00 FF FF FF FF FF FF        9597            
2592,437726            47     01 00 FF FF FF FF FF FF        9579            
2592,487624            49     FF FF FF FF FF FF FF FF        9597            
2592,537522            D6     00 0F 6C 0B B6 0C 77 85        9597            
2592,588238            97            9597            Checksum Error
2592,637727            D8     FE FF FF FF FF FF FF FF        9597            
2592,687625            3C     FF FF FF FF FF FF FF FF        9597            
2592,737114            7D            9597            Checksum Error
2592,787830            03     72 0B FF FF FF FF FF FF        9597            
2592,837728            C4     AA 0A FF FF FF FF FF FF        9597            
2592,887217            85     01 FF FF FF FF FF FF FF        9579            
2592,937115            06     00 00 FF FF FF FF FF FF        9597            
2592,986604            47     01 00 FF FF FF FF FF FF        9579            
2593,036093            49     FF FF FF FF FF FF FF FF        9579            
2593,085991            D6     00 0F 6C 0B B6 0C 77 85        9597            
2593,136707            97            9597            Checksum Error
2593,186605            D8     FE FF FF FF FF FF FF FF        9597            
2593,236094            3C     01 04 B8 10 03 01 FF FF        9597            
2593,285992            7D     01 03 F8 02 02 FF FF FF        9597            
2593,336708            03     68 0B FF FF FF FF FF FF        9597            
2593,386197            C4     AA 0A FF FF FF FF FF FF        9597            
2593,436095            85     01 FF FF FF FF FF FF FF        9597            
2593,485584            06     00 00 FF FF FF FF FF FF        9579            
2593,535482            47     01 00 FF FF FF FF FF FF        9597            
2593,585380            49     FF FF FF FF FF FF FF FF        9597            
2593,634869            D6     00 0F 6C 0B B6 0C 77 85        9597            
2593,685585            97            9597            Checksum Error
2593,735483            D8     FE FF FF FF FF FF FF FF        9597            
2593,784972            3C     01 06 B2 23 17 46 10 03        9597            
2593,834870            7D     01 06 F2 01 00 00 00 FF        9597            
2593,885586            03     68 0B FF FF FF FF FF FF        9597            
2593,935075            C4     AA 0A FF FF FF FF FF FF        9579            
2593,984973            85     01 FF FF FF FF FF FF FF        9597            
2594,034462            06     00 00 FF FF FF FF FF FF        9579            
2594,084360            47     01 00 FF FF FF FF FF FF        9597            
2594,133849            49     FF FF FF FF FF FF FF FF        9597            
2594,183747            D6     00 0F 6C 0B B6 0C 77 85        9597            
2594,234463            97            9579            Checksum Error
2594,283952            D8     FE FF FF FF FF FF FF FF        9579            
2594,333850            3C     FF FF FF FF FF FF FF FF        9597            
2594,383748            7D            9579            Checksum Error
2594,434464            03     68 0B FF FF FF FF FF FF        9579            
2594,483953            C4     AA 0A FF FF FF FF FF FF        9579            
2594,533851            85     01 FF FF FF FF FF FF FF        9597            
2594,583340            06     00 00 FF FF FF FF FF FF        9597            
2594,633238            47     01 00 FF FF FF FF FF FF        9597            
2594,682727            49     FF FF FF FF FF FF FF FF        9597            
2594,732216            D6     00 0F 6C 0B B6 0C 77 85        9597            
2594,782932            97            9597            Checksum Error
2594,832830            D8     FE FF FF FF FF FF FF FF        9597            
2594,882319            3C     03 05 B9 00 1F 00 00 FF        9579            
2594,932217            7D     03 02 F9 00 FF FF FF FF        9597            
2594,981706            3C     03 10 29 BB 00 1F 00 1E        9597            
2595,031604            3C     03 21 00 00 22 FF FF FF        9597            
2595,081502            3C     03 22 54 01 14 33 00 91        9579            
2595,130991            3C     03 23 68 0B 01 00 00 00        9597            
2595,180889            3C     03 24 00 00 00 00 01 01        9597            
2595,230378            3C     03 25 D0 0C 6C 0B 07 00        9579            
2595,280276            3C     03 26 00 00 00 00 00 00        9597            
2595,329765            7D     03 01 FB FF FF FF FF FF        9597            
2595,379663            3C     03 05 B9 00 1F 00 01 FF        9597            
2595,429152            7D     03 02 F9 00 FF FF FF FF        9597            
2595,479868            03     68 0B FF FF FF FF FF FF        9597            
2595,529766            C4     AA 0A FF FF FF FF FF FF        9597            
2595,579255            85     01 FF FF FF FF FF FF FF        9597            
2595,629153            06     00 00 FF FF FF FF FF FF        9615            
2595,678642            47     01 00 FF FF FF FF FF FF        9597            
2595,728540            49     FF FF FF FF FF FF FF FF        9597            
2595,778029            D6     00 0F 6C 0B B6 0C 77 85        9597            
2595,828745            97            9597            Checksum Error
2595,878643            D8     FE FF FF FF FF FF FF FF        9597            
2595,928132            3C     FF FF FF FF FF FF FF FF        9597            
2595,978030            7D            9597            Checksum Error
2596,028746            03     68 0B FF FF FF FF FF FF        9597            
2596,078235            C4     AA 0A FF FF FF FF FF FF        9597            
2596,128133            85     01 FF FF FF FF FF FF FF        9597            
2596,177622            06     00 00 FF FF FF FF FF FF        9615            
2596,227520            47     01 00 FF FF FF FF FF FF        9597            
2596,277009            49     FF FF FF FF FF FF FF FF        9597            
2596,326907            D6     00 0F 6C 0B B6 0C 77 85        9579            
2596,377623            97            9597            Checksum Error
2596,427112            D8     FE FF FF FF FF FF FF FF        9597            
2596,477010            3C     01 04 B8 10 03 01 FF FF        9597            
2596,526499            7D     01 03 F8 02 02 FF FF FF        9597            
2596,577215            03     68 0B FF FF FF FF FF FF        9597            
2596,627113            C4     AA 0A FF FF FF FF FF FF        9597            
2596,676602            85     01 FF FF FF FF FF FF FF        9579            
2596,726500            06     00 00 FF FF FF FF FF FF        9597            
2596,775989            47     01 00 FF FF FF FF FF FF        9597            
2596,825887            49     FF FF FF FF FF FF FF FF        9597            
2596,875376            D6     00 0F 6C 0B B6 0C 77 85        9597            
2596,926501            97            9597            Checksum Error
2596,975990            D8     FE FF FF FF FF FF FF FF        9597            
2597,025888            3C     01 06 B2 23 17 46 10 03        9597            
2597,075377            7D     01 06 F2 01 00 00 00 FF        9597            
2597,126093            03     68 0B FF FF FF FF FF FF        9597            
2597,175991            C4     AA 0A FF FF FF FF FF FF        9597            
2597,225480            85     01 FF FF FF FF FF FF FF        9597            
2597,275378            06     00 00 FF FF FF FF FF FF        9579            
2597,324867            47     01 00 FF FF FF FF FF FF        9597            
2597,374356            49     FF FF FF FF FF FF FF FF        9597            
2597,424254            D6     00 0F 6C 0B B6 0C 77 85        9597            
2597,474970            97            9597            Checksum Error
2597,524459            D8     FE FF FF FF FF FF FF FF        9579            
2597,574357            3C     FF FF FF FF FF FF FF FF        9597            
2597,623846            7D            9615            Checksum Error
2597,674562            03     68 0B FF FF FF FF FF FF        9597            
2597,724460            C4     AA 0A FF FF FF FF FF FF        9597            
2597,773949            85     01 FF FF FF FF FF FF FF        9597            
2597,823847            06     00 00 FF FF FF FF FF FF        9579            
2597,873336            47     01 00 FF FF FF FF FF FF        9579            
2597,923234            49     FF FF FF FF FF FF FF FF        9579            
2597,973132            D6     00 0F 6C 0B B6 0C 77 85        9597            
2598,023439            97            9597            Checksum Error
2598,072928            D8     FE FF FF FF FF FF FF FF        9597            
2598,122417            3C     FF FF FF FF FF FF FF FF        9615            
2598,172315            7D            9597            Checksum Error
2598,223031            03     68 0B FF FF FF FF FF FF        9597            
2598,272520            C4     AA 0A FF FF FF FF FF FF        9597            
2598,322009            85     01 FF FF FF FF FF FF FF        9597            
2598,371907            06     00 00 FF FF FF FF FF FF        9597            
2598,421396            47     01 00 FF FF FF FF FF FF        9597            
2598,471294            49     FF FF FF FF FF FF FF FF        9597            
2598,520783            D6     00 0F 6C 0B B6 0C 77 85        9597            
2598,571499            97            9597            Checksum Error
2598,621397            D8     FE FF FF FF FF FF FF FF        9597            
2598,670886            3C     01 04 B8 10 03 01 FF FF        9597            
2598,720784            7D     01 03 F8 02 02 FF FF FF        9597            
2598,771500            03     72 0B FF FF FF FF FF FF        9597            
2598,820989            C4     AA 0A FF FF FF FF FF FF        9579            
2598,870887            85     01 FF FF FF FF FF FF FF        9597            
2598,920376            06     00 00 FF FF FF FF FF FF        9597            
2598,969865            47     01 00 FF FF FF FF FF FF        9597            
2599,019354            49     FF FF FF FF FF FF FF FF        9597            
2599,068843            D6     00 0F 6C 0B B6 0C 77 85        9597            
2599,119559            97            9597            Checksum Error
2599,169048            D8     FE FF FF FF FF FF FF FF        9597            
2599,218946            3C     01 06 B2 23 17 46 10 03        9597            
2599,268844            7D     01 06 F2 01 00 00 00 FF        9597            
2599,319151            03     72 0B FF FF FF FF FF FF        9597            
2599,369049            C4     AA 0A FF FF FF FF FF FF        9597            
2599,418538            85     01 FF FF FF FF FF FF FF        9597            
2599,468027            06     00 00 FF FF FF FF FF FF        9579            
2599,517925            47     01 00 FF FF FF FF FF FF        9579            
2599,567414            49     FF FF FF FF FF FF FF FF        9597            
2599,613088            D6     00 0F 6C 0B B6 0C 77 85        9597            
2599,663395            97            9597            Checksum Error
2599,712884            D8     FE FF FF FF FF FF FF FF        9597            
2599,762782            3C     FF FF FF FF FF FF FF FF        9597            
2599,812271            7D            9597            Checksum Error
2599,862987            03     72 0B FF FF FF FF FF FF        9597            
2599,912885            C4     AA 0A FF FF FF FF FF FF        9579            
2599,962374            85     01 FF FF FF FF FF FF FF        9597            
2600,012272            06     00 00 FF FF FF FF FF FF        9597            
2600,061761            47     01 00 FF FF FF FF FF FF        9597            
2600,111659            49     FF FF FF FF FF FF FF FF        9579            
2600,161148            D6     00 0F 6C 0B B6 0C 77 85        9597            
2600,211455            97            9597            Checksum Error
2600,261353            D8     FE FF FF FF FF FF FF FF        9597            
2600,310842            3C     03 05 B9 00 1F 00 00 FF        9597            
2600,360331            7D     03 02 F9 00 FF FF FF FF        9597            
2600,410229            3C     03 10 29 BB 00 1F 00 1E        9597            
2600,459718            3C     03 21 00 00 22 FF FF FF        9597            
2600,509616            3C     03 22 54 01 14 33 00 87        9597            
2600,559105            3C     03 23 72 0B 01 00 00 00        9597            
2600,609003            3C     03 24 00 00 00 00 01 01        9597            
2600,658492            3C     03 25 D0 0C 6C 0B 07 00        9579            
2600,708390            3C     03 26 00 00 00 00 00 00        9597            
2600,757879            7D     03 01 FB FF FF FF FF FF        9597            
2600,807368            3C     03 05 B9 00 1F 00 01 FF        9597            
2600,856857            7D     03 02 F9 00 FF FF FF FF        9597            
2600,907164            03     72 0B FF FF FF FF FF FF        9597            
2600,957062            C4     AA 0A FF FF FF FF FF FF        9615            
2601,006551            85     01 FF FF FF FF FF FF FF        9597            
2601,056040            06     00 00 FF FF FF FF FF FF        9597            
2601,105938            47     01 00 FF FF FF FF FF FF        9597            
2601,155427            49     FF FF FF FF FF FF FF FF        9579            
2601,205325            D6     00 0F 6C 0B B6 0C 77 85        9597            
2601,256041            97            9597            Checksum Error
2601,305530            D8     FE FF FF FF FF FF FF FF        9597            
2601,355428            3C     FF FF FF FF FF FF FF FF        9597            
2601,404917            7D            9597            Checksum Error
2601,455633            03     72 0B FF FF FF FF FF FF        9597            
2601,505531            C4     AA 0A FF FF FF FF FF FF        9597            
2601,555020            85     01 FF FF FF FF FF FF FF        9597            
2601,604918            06     00 00 FF FF FF FF FF FF        9597            
2601,654407            47     01 00 FF FF FF FF FF FF        9597            
2601,704305            49     FF FF FF FF FF FF FF FF        9597            
2601,754203            D6     00 0F 6C 0B B6 0C 77 85        9597            
2601,804919            97            9615            Checksum Error
2601,854408            D8     FE FF FF FF FF FF FF FF        9597            
2601,904306            3C     01 04 B8 10 03 01 FF FF        9579            
2601,953795            7D     01 03 F8 02 02 FF FF FF        9597            
2602,004511            03     72 0B FF FF FF FF FF FF        9597            
2602,054409            C4     AA 0A FF FF FF FF FF FF        9579            
2602,103898            85     01 FF FF FF FF FF FF FF        9597            
2602,153796            06     00 00 FF FF FF FF FF FF        9597            
2602,203285            47     01 00 FF FF FF FF FF FF        9597            
2602,253183            49     FF FF FF FF FF FF FF FF        9597            
2602,302672            D6     00 0F 6C 0B B6 0C 77 85        9597            
2602,352979            97            9597            Checksum Error
2602,402877            D8     FE FF FF FF FF FF FF FF        9597            
2602,452775            3C     01 06 B2 23 17 46 10 03        9597            
2602,502264            7D     01 06 F2 01 00 00 00 FF        9597            
2602,552980            03     72 0B FF FF FF FF FF FF        9597            
2602,602878            C4     AA 0A FF FF FF FF FF FF        9597            
2602,652367            85     01 FF FF FF FF FF FF FF        9597            
2602,702265            06     00 00 FF FF FF FF FF FF        9597            
2602,751754            47     01 00 FF FF FF FF FF FF        9597            
2602,801652            49     FF FF FF FF FF FF FF FF        9597            
2602,851141            D6     00 0F 6C 0B B6 0C 77 85        9597            
2602,901857            97            9597            Checksum Error
2602,951755            D8     FE FF FF FF FF FF FF FF        9597            
2603,001244            3C     FF FF FF FF FF FF FF FF        9579            
2603,050733            7D            9597            Checksum Error
2603,101449            03     72 0B FF FF FF FF FF FF        9597            
2603,150938            C4     AA 0A FF FF FF FF FF FF        9597            
2603,200836            85     01 FF FF FF FF FF FF FF        9615            
2603,250325            06     00 00 FF FF FF FF FF FF        9597            
2603,300223            47     01 00 FF FF FF FF FF FF        9597            
2603,349712            49     FF FF FF FF FF FF FF FF        9597            
2603,399610            D6     00 0F 6C 0B B6 0C 77 85        9597            
2603,450326            97            9597            Checksum Error
2603,499815            D8     FE FF FF FF FF FF FF FF        9597            
2603,549713            3C     03 05 B9 00 1F 00 00 FF        9579            
2603,599202            7D     03 02 F9 00 FF FF FF FF        9597            
2603,649100            3C     03 10 29 BB 00 1F 00 1E        9615            
2603,698589            3C     03 21 00 00 22 FF FF FF        9579            
2603,748078            3C     03 22 54 01 14 33 00 91        9597            
2603,797976            3C     03 23 68 0B 01 00 00 00        9579            
2603,847465            3C     03 24 00 00 00 00 01 01        9579            
2603,897363            3C     03 25 D0 0C 6C 0B 07 00        9597            
2603,947261            3C     03 26 00 00 00 00 00 00        9597            
2603,996750            7D     03 01 FB FF FF FF FF FF        9597            
2604,046648            3C     03 05 B9 00 1F 00 01 FF        9579            
2604,096137            7D     03 02 F9 00 FF FF FF FF        9597            
2604,146853            03     68 0B FF FF FF FF FF FF        9597            
2604,196751            C4     AA 0A FF FF FF FF FF FF        9597            
2604,246240            85     01 FF FF FF FF FF FF FF        9597            
2604,296138            06     00 00 FF FF FF FF FF FF        9615            
2604,345627            47     01 00 FF FF FF FF FF FF        9615            
2604,395525            49     FF FF FF FF FF FF FF FF        9597            
2604,445014            D6     00 0F 6C 0B B6 0C 77 85        9615            
2604,495730            97            9597            Checksum Error
2604,545628            D8     FE FF FF FF FF FF FF FF        9597            
2604,595117            3C     FF FF FF FF FF FF FF FF        9597            
2604,645015            7D            9597            Checksum Error
2604,695731            03     68 0B FF FF FF FF FF FF        9597            
2604,745220            C4     AA 0A FF FF FF FF FF FF        9597            
2604,795118            85     01 FF FF FF FF FF FF FF        9597            
2604,844607            06     00 00 FF FF FF FF FF FF        9597            
2604,894505            47     01 00 FF FF FF FF FF FF        9597            
2604,943994            49     FF FF FF FF FF FF FF FF        9597            
2604,993483            D6     00 0F 6C 0B B6 0C 77 85        9597            
2605,044199            97            9597            Checksum Error
2605,094097            D8     FE FF FF FF FF FF FF FF        9597            
2605,143586            3C     01 04 B8 10 03 01 FF FF        9597            
2605,193484            7D     01 03 F8 02 02 FF FF FF        9597            
2605,244200            03     68 0B FF FF FF FF FF FF        9597            
2605,293689            C4     AA 0A FF FF FF FF FF FF        9597            
2605,343587            85     01 FF FF FF FF FF FF FF        9597            
2605,393076            06     00 00 FF FF FF FF FF FF        9597            
2605,442974            47     01 00 FF FF FF FF FF FF        9597            
2605,492463            49     FF FF FF FF FF FF FF FF        9579            
2605,542361            D6     00 0F 6C 0B B6 0C 77 85        9597            
2605,593077            97            9597            Checksum Error
2605,642566            D8     FE FF FF FF FF FF FF FF        9597            
2605,692464            3C     01 06 B2 23 17 46 10 03        9597            
2605,741953            7D     01 06 F2 01 00 00 00 FF        9597            
2605,792669            03     68 0B FF FF FF FF FF FF        9597            
2605,842567            C4     AA 0A FF FF FF FF FF FF        9597            
2605,892056            85     01 FF FF FF FF FF FF FF        9597            
2605,941954            06     00 00 FF FF FF FF FF FF        9597            
2605,991443            47     01 00 FF FF FF FF FF FF        9597            
2606,040932            49     FF FF FF FF FF FF FF FF        9597            
2606,090830            D6     00 0F 6C 0B B6 0C 77 85        9597            
2606,141546            97            9597            Checksum Error
2606,191035            D8     FE FF FF FF FF FF FF FF        9597            
2606,240933            3C     FF FF FF FF FF FF FF FF        9597            
2606,290422            7D            9597            Checksum Error
2606,341138            03     68 0B FF FF FF FF FF FF        9597            
2606,391036            C4     AA 0A FF FF FF FF FF FF        9597            
2606,440525            85     01 FF FF FF FF FF FF FF        9597            
2606,490014            06     00 00 FF FF FF FF FF FF        9615            
2606,539503            47     01 00 FF FF FF FF FF FF        9597            
2606,589401            49     FF FF FF FF FF FF FF FF        9597            
2606,638890            D6     00 0F 6C 0B B7 0C 77 85        9597            
2606,689606            97            9597            Checksum Error
2606,739095            D8     FE FF FF FF FF FF FF FF        9597            
2606,788584            3C     FF FF FF FF FF FF FF FF        9597            
2606,838073            7D            9597            Checksum Error
2606,888789            03     68 0B FF FF FF FF FF FF        9615            
2606,938278            C4     AA 0A FF FF FF FF FF FF        9615            
2606,988176            85     01 FF FF FF FF FF FF FF        9597            
2607,037665            06     00 00 FF FF FF FF FF FF        9597            
2607,087563            47     01 00 FF FF FF FF FF FF        9597            
2607,137052            49     FF FF FF FF FF FF FF FF        9597            
2607,186950            D6     00 0F 6C 0B B7 0C 77 85        9597            
2607,237666            97            9597            Checksum Error
2607,287155            D8     FE FF FF FF FF FF FF FF        9597            
2607,337053            3C     01 04 B8 10 03 01 FF FF        9597            
2607,386542            7D     01 03 F8 02 02 FF FF FF        9615            
2607,437258            03     68 0B FF FF FF FF FF FF        9597            
2607,487156            C4     AA 0A FF FF FF FF FF FF        9597            
2607,536645            85     01 FF FF FF FF FF FF FF        9597            
2607,586543            06     00 00 FF FF FF FF FF FF        9597            
2607,636032            47     01 00 FF FF FF FF FF FF        9597            
2607,685930            49     FF FF FF FF FF FF FF FF        9615            
2607,735419            D6     00 0F 6C 0B B7 0C 77 85        9597            
2607,786135            97            9597            Checksum Error
2607,835624            D8     FE FF FF FF FF FF FF FF        9597            
2607,885522            3C     01 06 B2 23 17 46 10 03        9615            
2607,935011            7D     01 06 F2 01 00 00 00 FF        9615            
2607,985727            03     72 0B FF FF FF FF FF FF        9597            
2608,035216            C4     AA 0A FF FF FF FF FF FF        9597            
2608,084705            85     01 FF FF FF FF FF FF FF        9597            
2608,134194            06     00 00 FF FF FF FF FF FF        9597            
2608,183683            47     01 00 FF FF FF FF FF FF        9597            
2608,233172            49     FF FF FF FF FF FF FF FF        9597            
2608,283070            D6     00 0F 6C 0B B7 0C 77 85        9597            
2608,333786            97            9597            Checksum Error
2608,383275            D8     FE FF FF FF FF FF FF FF        9597            
2608,433173            3C     FF FF FF FF FF FF FF FF        9597            
2608,482662            7D            9579            Checksum Error
2608,533378            03     72 0B FF FF FF FF FF FF        9597            
2608,583276            C4     AA 0A FF FF FF FF FF FF        9597            
2608,632765            85     01 FF FF FF FF FF FF FF        9597            
2608,682663            06     00 00 FF FF FF FF FF FF        9579            
2608,732561            47     01 00 FF FF FF FF FF FF        9597            
2608,782050            49     FF FF FF FF FF FF FF FF        9597            
2608,831948            D6     00 0F 6C 0B B7 0C 77 85        9597            
2608,882664            97            9597            Checksum Error
2608,932153            D8     FE FF FF FF FF FF FF FF        9597            
2608,982051            3C     03 05 B9 00 1F 00 00 FF        9579            
2609,031540            7D     03 02 F9 00 FF FF FF FF        9597            
2609,081029            3C     03 10 29 BB 00 1F 00 1E        9597            
2609,130927            3C     03 21 00 00 22 FF FF FF        9597            
2609,180416            3C     03 22 54 01 14 33 00 87        9597            
2609,230314            3C     03 23 72 0B 01 00 00 00        9597            
2609,279803            3C     03 24 00 00 00 00 01 01        9597            
2609,329701            3C     03 25 D0 0C 6C 0B 07 00        9597            
2609,379190            3C     03 26 00 00 00 00 00 00        9597            
2609,429088            7D     03 01 FB FF FF FF FF FF        9597            
2609,478577            3C     03 05 B9 00 1F 00 01 FF        9597            
2609,528475            7D     03 02 F9 00 FF FF FF FF        9597            
2609,579191            03     72 0B FF FF FF FF FF FF        9597            
2609,628680            C4     AA 0A FF FF FF FF FF FF        9597            
2609,678578            85     01 FF FF FF FF FF FF FF        9597            
2609,728067            06     00 00 FF FF FF FF FF FF        9597            
2609,777965            47     01 00 FF FF FF FF FF FF        9597            
2609,827454            49     FF FF FF FF FF FF FF FF        9597            
2609,877352            D6     00 0F 6C 0B B7 0C 77 85        9597            
2609,928068            97            9597            Checksum Error
2609,977557            D8     FE FF FF FF FF FF FF FF        9597            
2610,027455            3C     FF FF FF FF FF FF FF FF        9597            
2610,076944            7D            9597            Checksum Error
2610,127660            03     72 0B FF FF FF FF FF FF        9597            
2610,177558            C4     AA 0A FF FF FF FF FF FF        9597            
2610,227047            85     01 FF FF FF FF FF FF FF        9597            
2610,276945            06     00 00 FF FF FF FF FF FF        9597            
2610,326434            47     01 00 FF FF FF FF FF FF        9597            
2610,376332            49     FF FF FF FF FF FF FF FF        9597            
2610,425821            D6     00 0F 6C 0B B7 0C 77 85        9597            
2610,476537            97            9597            Checksum Error
2610,526435            D8     FE FF FF FF FF FF FF FF        9597            
2610,575924            3C     01 04 B8 10 03 01 FF FF        9597            
2610,625822            7D     01 03 F8 02 02 FF FF FF        9579            
2610,676538            03     72 0B FF FF FF FF FF FF        9597            
2610,726027            C4     AA 0A FF FF FF FF FF FF        9597            
2610,775925            85     01 FF FF FF FF FF FF FF        9579            
2610,825414            06     00 00 FF FF FF FF FF FF        9597            
2610,874903            47     01 00 FF FF FF FF FF FF        9597            
2610,924801            49     FF FF FF FF FF FF FF FF        9597            
2610,974699            D6     00 0F 6C 0B B7 0C 77 85        9597            
2611,025006            97            9597            Checksum Error
2611,074495            D8     FE FF FF FF FF FF FF FF        9597            
2611,124393            3C     01 06 B2 23 17 46 10 03        9597            
2611,173882            7D     01 06 F2 01 00 00 00 FF        9597            
2611,224598            03     72 0B FF FF FF FF FF FF        9597            
2611,274496            C4     AA 0A FF FF FF FF FF FF        9597            
2611,323985            85     01 FF FF FF FF FF FF FF        9597            
2611,373883            06     00 00 FF FF FF FF FF FF        9597            
2611,423372            47     01 00 FF FF FF FF FF FF        9597            
2611,473270            49     FF FF FF FF FF FF FF FF        9597            
2611,522759            D6     00 0F 6C 0B B7 0C 77 85        9597            
2611,573475            97            9597            Checksum Error
2611,623373            D8     FE FF FF FF FF FF FF FF        9597            
2611,672862            3C     FF FF FF FF FF FF FF FF        9597            
2611,722760            7D            9597            Checksum Error
2611,773476            03     72 0B FF FF FF FF FF FF        9597            
2611,823374            C4     AA 0A FF FF FF FF FF FF        9597            
2611,872863            85     01 FF FF FF FF FF FF FF        9597            
2611,922761            06     00 00 FF FF FF FF FF FF        9597            
2611,972250            47     01 00 FF FF FF FF FF FF        9597            
2612,022148            49     FF FF FF FF FF FF FF FF        9597            
2612,071637            D6     00 0F 6C 0B B7 0C 77 85        9579            
2612,122353            97            9597            Checksum Error
2612,172251            D8     FE FF FF FF FF FF FF FF        9579            
2612,221740            3C     FF FF FF FF FF FF FF FF        9597            
2612,271638            7D            9597            Checksum Error
2612,321945            03     68 0B FF FF FF FF FF FF        9597            
2612,371843            C4     AA 0A FF FF FF FF FF FF        9597            
2612,421332            85     01 FF FF FF FF FF FF FF        9597            
2612,471230            06     00 00 FF FF FF FF FF FF        9597            
2612,520719            47     01 00 FF FF FF FF FF FF        9597            
2612,570617            49     FF FF FF FF FF FF FF FF        9597            
2612,620106            D6     00 0F 6C 0B B7 0C 77 85        9597            
2612,671231            97            9615            Checksum Error
2612,720720            D8     FE FF FF FF FF FF FF FF        9597            
2612,770618            3C     01 04 B8 10 03 01 FF FF        9597            
2612,820107            7D     01 03 F8 02 02 FF FF FF        9597            
2612,870823            03     68 0B FF FF FF FF FF FF        9579            
2612,920721            C4     AA 0A FF FF FF FF FF FF        9597            
2612,970210            85     01 FF FF FF FF FF FF FF        9597            
2613,020108            06     00 00 FF FF FF FF FF FF        9597            
2613,069597            47     01 00 FF FF FF FF FF FF        9597            
2613,119495            49     FF FF FF FF FF FF FF FF        9597            
2613,168984            D6     00 0F 6C 0B B7 0C 77 85        9597            
2613,219700            97            9597            Checksum Error
2613,269598            D8     FE FF FF FF FF FF FF FF        9597            
2613,319496            3C     01 06 B2 23 17 46 10 03        9597            
2613,368985            7D     01 06 F2 01 00 00 00 FF        9597            
2613,419701            03     68 0B FF FF FF FF FF FF        9579            
2613,469599            C4     AA 0A FF FF FF FF FF FF        9597            
2613,519088            85     01 FF FF FF FF FF FF FF        9597            
2613,568577            06     00 00 FF FF FF FF FF FF        9579            
2613,618475            47     01 00 FF FF FF FF FF FF        9579            
2613,667964            49     FF FF FF FF FF FF FF FF        9597            
2613,717862            D6     00 0F 6C 0B B7 0C 77 85        9597            
2613,768578            97            9579            Checksum Error
2613,818067            D8     FE FF FF FF FF FF FF FF        9597            
2613,867965            3C     FF FF FF FF FF FF FF FF        9597            
2613,917863            7D            9597            Checksum Error
2613,968579            03     68 0B FF FF FF FF FF FF        9579            
2614,018068            C4     AA 0A FF FF FF FF FF FF        9597            
2614,067966            85     01 FF FF FF FF FF FF FF        9597            
2614,117455            06     00 00 FF FF FF FF FF FF        9597            
2614,167353            47     01 00 FF FF FF FF FF FF        9579            
2614,217251            49     FF FF FF FF FF FF FF FF        9579            
2614,266740            D6     00 0F 6C 0B B7 0C 77 85        9579            
2614,317456            97            9597            Checksum Error
2614,367354            D8     FE FF FF FF FF FF FF FF        9579            
2614,416843            3C     03 05 B9 00 1F 00 00 FF        9579            
2614,466332            7D     03 02 F9 00 FF FF FF FF        9597            
2614,516230            3C     03 10 29 BB 00 1F 00 1E        9597            
2614,565719            3C     03 21 00 00 22 FF FF FF        9597            
2614,615617            3C     03 22 54 01 14 33 00 91        9597            
2614,665106            3C     03 23 68 0B 01 00 00 00        9597            
2614,715004            3C     03 24 00 00 00 00 01 01        9579            
2614,764493            3C     03 25 D0 0C 6C 0B 07 00        9579            
2614,814391            3C     03 26 00 00 00 00 00 00        9597            
2614,864289            7D     03 01 FB FF FF FF FF FF        9597            
2614,913778            3C     03 05 B9 00 1F 00 01 FF        9597            
2614,963676            7D     03 02 F9 00 FF FF FF FF        9597            
2615,014392            03     68 0B FF FF FF FF FF FF        9597            
2615,063881            C4     AA 0A FF FF FF FF FF FF        9597            
2615,113779            85     01 FF FF FF FF FF FF FF        9597            
2615,163677            06     00 00 FF FF FF FF FF FF        9597            
2615,213575            47     01 00 FF FF FF FF FF FF        9597            
2615,263064            49     FF FF FF FF FF FF FF FF        9597            
2615,312962            D6     00 0F 6C 0B B7 0C 77 85        9597            
2615,363678            97            9597            Checksum Error
2615,413167            D8     FE FF FF FF FF FF FF FF        9597            
2615,462656            3C     FF FF FF FF FF FF FF FF        9597            
2615,512554            7D            9597            Checksum Error
2615,563270            03     68 0B FF FF FF FF FF FF        9597            
2615,612759            C4     AA 0A FF FF FF FF FF FF        9597            
2615,662657            85     01 FF FF FF FF FF FF FF        9597            
2615,712146            06     00 00 FF FF FF FF FF FF        9597            
2615,762044            47     01 00 FF FF FF FF FF FF        9597            
2615,811942            49     FF FF FF FF FF FF FF FF        9597            
2615,861431            D6     00 0F 6C 0B B7 0C 77 85        9579            
2615,912147            97            9597            Checksum Error
2615,962045            D8     FE FF FF FF FF FF FF FF        9597            
2616,011534            3C     01 04 B8 10 03 01 FF FF        9579            
2616,061432            7D     01 03 F8 02 02 FF FF FF        9597            
2616,112148            03     68 0B FF FF FF FF FF FF        9597            
2616,161637            C4     AA 0A FF FF FF FF FF FF        9597            
2616,211535            85     01 FF FF FF FF FF FF FF        9597            
2616,261024            06     00 00 FF FF FF FF FF FF        9597            
2616,310922            47     01 00 FF FF FF FF FF FF        9597            
2616,360411            49     FF FF FF FF FF FF FF FF        9597            
2616,410309            D6     00 0F 6C 0B B7 0C 77 85        9597            
2616,461025            97            9597            Checksum Error
2616,510514            D8     FE FF FF FF FF FF FF FF        9597            
2616,560412            3C     01 06 B2 23 17 46 10 03        9597            
2616,609901            7D     01 06 F2 01 00 00 00 FF        9597            
2616,660617            03     72 0B FF FF FF FF FF FF        9579            
2616,710515            C4     AA 0A FF FF FF FF FF FF        9597            
2616,760004            85     01 FF FF FF FF FF FF FF        9597            
2616,809902            06     00 00 FF FF FF FF FF FF        9597            
2616,859391            47     01 00 FF FF FF FF FF FF        9597            
2616,909289            49     FF FF FF FF FF FF FF FF        9597            
2616,959187            D6     00 0F 6C 0B B7 0C 77 85        9597            
2617,009903            97            9597            Checksum Error
2617,059392            D8     FE FF FF FF FF FF FF FF        9597            
2617,109290            3C     FF FF FF FF FF FF FF FF        9597            
2617,158779            7D            9597            Checksum Error
2617,209495            03     72 0B FF FF FF FF FF FF        9597            
2617,259393            C4     AA 0A FF FF FF FF FF FF        9579            
2617,308882            85     01 FF FF FF FF FF FF FF        9597            
2617,358780            06     00 00 FF FF FF FF FF FF        9597            
2617,408269            47     01 00 FF FF FF FF FF FF        9579            
2617,458167            49     FF FF FF FF FF FF FF FF        9597            
2617,507656            D6     00 0F 6C 0B B7 0C 77 85        9597            
2617,558372            97            9597            Checksum Error
2617,608270            D8     FE FF FF FF FF FF FF FF        9597            
2617,658168            3C     03 05 B9 00 1F 00 00 FF        9597            
2617,707657            7D     03 02 F9 00 FF FF FF FF        9615            
2617,757555            3C     03 10 29 BB 00 1F 00 1E        9597            
2617,807044            3C     03 21 00 00 22 FF FF FF        9597            
2617,856942            3C     03 22 54 01 14 33 00 87        9579            
2617,906431            3C     03 23 72 0B 01 00 00 00        9597            
2617,955920            3C     03 24 00 00 00 00 01 01        9597            
2618,005818            3C     03 25 D0 0C 6C 0B 07 00        9597            
2618,055307            3C     03 26 00 00 00 00 00 00        9597            
2618,105205            7D     03 01 FB FF FF FF FF FF        9597            
2618,154694            3C     03 05 B9 00 1F 00 01 FF        9597            
2618,204592            7D     03 02 F9 00 FF FF FF FF        9597            
2618,255308            03     72 0B FF FF FF FF FF FF        9597            
2618,304797            C4     AA 0A FF FF FF FF FF FF        9579            
2618,354695            85     01 FF FF FF FF FF FF FF        9597            
2618,404593            06     00 00 FF FF FF FF FF FF        9597            
2618,454082            47     01 00 FF FF FF FF FF FF        9597            
2618,503980            49     FF FF FF FF FF FF FF FF        9597            
2618,553469            D6     00 0F 6C 0B B7 0C 77 85        9597            
2618,604185            97            9597            Checksum Error
2618,654083            D8     FE FF FF FF FF FF FF FF        9597            
2618,703572            3C     FF FF FF FF FF FF FF FF        9597            
2618,753470            7D            9597            Checksum Error
2618,804186            03     72 0B FF FF FF FF FF FF        9597            
2618,854084            C4     AA 0A FF FF FF FF FF FF        9597            
2618,903573            85     01 FF FF FF FF FF FF FF        9597            
2618,953471            06     00 00 FF FF FF FF FF FF        9597            
2619,002960            47     01 00 FF FF FF FF FF FF        9597            
2619,052858            49     FF FF FF FF FF FF FF FF        9597            
2619,102756            D6     00 0F 6C 0B B7 0C 77 85        9597            
2619,153472            97            9597            Checksum Error
2619,202961            D8     FE FF FF FF FF FF FF FF        9597            
2619,252859            3C     01 04 B8 10 03 01 FF FF        9579            
2619,302348            7D     01 03 F8 02 02 FF FF FF        9597            
2619,353064            03     72 0B FF FF FF FF FF FF        9579            
2619,402962            C4     AA 0A FF FF FF FF FF FF        9597            
2619,452451            85     01 FF FF FF FF FF FF FF        9597            
2619,502758            06     00 00 FF FF FF FF FF FF        9579            
2619,552247            47     01 00 FF FF FF FF FF FF        9597            
2619,602145            49     FF FF FF FF FF FF FF FF        9597            
2619,651634            D6     00 0F 6C 0B B7 0C 77 85        9579            
2619,702759            97            9597            Checksum Error
2619,752248            D8     FE FF FF FF FF FF FF FF        9579            
2619,802146            3C     01 06 B2 23 17 46 10 03        9597            
2619,851635            7D     01 06 F2 01 00 00 00 FF        9597            
2619,902351            03     72 0B FF FF FF FF FF FF        9597            
2619,952249            C4     AA 0A FF FF FF FF FF FF        9597            
2620,001738            85     01 FF FF FF FF FF FF FF        9597            
2620,051636            06     00 00 FF FF FF FF FF FF        9597            
2620,101534            47     01 00 FF FF FF FF FF FF        9597            
2620,151023            49     FF FF FF FF FF FF FF FF        9579            
2620,200921            D6     00 0F 6C 0B B7 0C 77 85        9579            
2620,251637            97            9579            Checksum Error
2620,301126            D8     FE FF FF FF FF FF FF FF        9597            
2620,351024            3C     FF FF FF FF FF FF FF FF        9597            
2620,400922            7D            9597            Checksum Error
2620,451638            03     72 0B FF FF FF FF FF FF        9597            
2620,501127            C4     AA 0A FF FF FF FF FF FF        9597            
2620,551025            85     01 FF FF FF FF FF FF FF        9597            
2620,600514            06     00 00 FF FF FF FF FF FF        9597            
2620,650412            47     01 00 FF FF FF FF FF FF        9579            
2620,699901            49     FF FF FF FF FF FF FF FF        9597            
2620,749799            D6     00 0F 6C 0B B7 0C 77 85        9597            
2620,800515            97            9597            Checksum Error
2620,850413            D8     FE FF FF FF FF FF FF FF        9597            
2620,899902            3C     03 05 B9 00 1F 00 00 FF        9597            
2620,949391            7D     03 02 F9 00 FF FF FF FF        9597            
2620,999289            3C     03 10 29 BB 00 1F 00 1E        9597            
2621,048778            3C     03 21 00 00 22 FF FF FF        9597            
2621,098676            3C     03 22 54 01 14 33 00 91        9597            
2621,148165            3C     03 23 68 0B 01 00 00 00        9579            
2621,198063            3C     03 24 00 00 00 00 01 01        9597            
2621,247552            3C     03 25 D0 0C 6C 0B 07 00        9597            
2621,297041            3C     03 26 00 00 00 00 00 00        9579            
2621,346530            7D     03 01 FB FF FF FF FF FF        9615            
2621,396019            3C     03 05 B9 00 1F 00 01 FF        9615            
2621,445508            7D     03 02 F9 00 FF FF FF FF        9615            
2621,496224            03     68 0B FF FF FF FF FF FF        9615            
2621,546122            C4     AA 0A FF FF FF FF FF FF        9597            
2621,595611            85     01 FF FF FF FF FF FF FF        9597            
2621,645509            06     00 00 FF FF FF FF FF FF        9597            
2621,694998            47     01 00 FF FF FF FF FF FF        9597            
2621,744896            49     FF FF FF FF FF FF FF FF        9579            
2621,794385            D6     00 0F 6C 0B B7 0C 77 85        9597            
2621,845101            97            9615            Checksum Error
2621,894999            D8     FE FF FF FF FF FF FF FF        9597            
2621,944488            3C     FF FF FF FF FF FF FF FF        9597            
2621,993977            7D            9597            Checksum Error
2622,044693            03     68 0B FF FF FF FF FF FF        9597            
2622,094182            C4     AA 0A FF FF FF FF FF FF        9597            
2622,144080            85     01 FF FF FF FF FF FF FF        9597            
2622,193569            06     00 00 FF FF FF FF FF FF        9597            
2622,243058            47     01 00 FF FF FF FF FF FF        9597            
2622,292547            49     FF FF FF FF FF FF FF FF        9597            
2622,342036            D6     00 0F 6C 0B B7 0C 77 85        9597            
2622,392752            97            9597            Checksum Error
2622,442241            D8     FE FF FF FF FF FF FF FF        9597            
2622,491730            3C     01 04 B8 10 03 01 FF FF        9597            
2622,541628            7D     01 03 F8 02 02 FF FF FF        9579            
2622,591935            03     68 0B FF FF FF FF FF FF        9597            
2622,641424            C4     AA 0A FF FF FF FF FF FF        9597            
2622,690913            85     01 FF FF FF FF FF FF FF        9597            
2622,740402            06     00 00 FF FF FF FF FF FF        9597            
2622,789891            47     01 00 FF FF FF FF FF FF        9597            
2622,839380            49     FF FF FF FF FF FF FF FF        9597            
2622,889278            D6     00 0F 6C 0B B7 0C 77 85        9597            
2622,939585            97            9597            Checksum Error
2622,989074            D8     FE FF FF FF FF FF FF FF        9597            
2623,038972            3C     01 06 B2 23 17 46 10 03        9597            
2623,088461            7D     01 06 F2 01 00 00 00 FF        9597            
2623,139586            03     68 0B FF FF FF FF FF FF        9597            
2623,189075            C4     AA 0A FF FF FF FF FF FF        9597            
2623,238973            85     01 FF FF FF FF FF FF FF        9597            
2623,288462            06     00 00 FF FF FF FF FF FF        9597            
2623,338360            47     01 00 FF FF FF FF FF FF        9597            
2623,387849            49     FF FF FF FF FF FF FF FF        9597            
2623,437747            D6     00 0F 6C 0B B7 0C 77 85        9597            
2623,488463            97            9597            Checksum Error
2623,537952            D8     FE FF FF FF FF FF FF FF        9597            
2623,587850            3C     FF FF FF FF FF FF FF FF        9597            
2623,637339            7D            9597            Checksum Error
2623,688055            03     68 0B FF FF FF FF FF FF        9597            
2623,737953            C4     AA 0A FF FF FF FF FF FF        9597            
2623,787442            85     01 FF FF FF FF FF FF FF        9597            
2623,837340            06     00 00 FF FF FF FF FF FF        9597            
2623,886829            47     01 00 FF FF FF FF FF FF        9597            
2623,936727            49     FF FF FF FF FF FF FF FF        9615            
2623,986216            D6     00 0F 6C 0B B7 0C 77 85        9597            
2624,036932            97            9597            Checksum Error
2624,086830            D8     FE FF FF FF FF FF FF FF        9597            
2624,136319            3C     FF FF FF FF FF FF FF FF        9597            
2624,186217            7D            9597            Checksum Error
2624,236524            03     68 0B FF FF FF FF FF FF        9597            
2624,286013            C4     AA 0A FF FF FF FF FF FF        9597            
2624,335502            85     01 FF FF FF FF FF FF FF        9597            
2624,385400            06     00 00 FF FF FF FF FF FF        9597            
2624,434889            47     01 00 FF FF FF FF FF FF        9597            
2624,484787            49     FF FF FF FF FF FF FF FF        9597            
2624,534276            D6     00 0F 6C 0B B7 0C 77 85        9597            
2624,584992            97            9597            Checksum Error
2624,634481            D8     FE FF FF FF FF FF FF FF        9597            
2624,683970            3C     01 04 B8 10 03 01 FF FF        9597            
2624,733868            7D     01 03 F8 02 02 FF FF FF        9597            
2624,784175            03     72 0B FF FF FF FF FF FF        9597            
2624,834073            C4     AA 0A FF FF FF FF FF FF        9597            
2624,883562            85     01 FF FF FF FF FF FF FF        9597            
2624,933460            06     00 00 FF FF FF FF FF FF        9597            
2624,982949            47     01 00 FF FF FF FF FF FF        9597            
2625,032847            49     FF FF FF FF FF FF FF FF        9597            
2625,082336            D6     00 0F 6C 0B B7 0C 77 85        9597            
2625,132643            97            9597            Checksum Error
2625,182541            D8     FE FF FF FF FF FF FF FF        9597            
2625,232030            3C     01 06 B2 23 17 46 10 03        9597            
2625,281928            7D     01 06 F2 01 00 00 00 FF        9597            
2625,332644            03     72 0B FF FF FF FF FF FF        9597            
2625,382133            C4     AA 0A FF FF FF FF FF FF        9597            
2625,432031            85     01 FF FF FF FF FF FF FF        9597            
2625,481520            06     00 00 FF FF FF FF FF FF        9579            
2625,531418            47     01 00 FF FF FF FF FF FF        9597            
2625,580907            49     FF FF FF FF FF FF FF FF        9597            
2625,630805            D6     00 0F 6C 0B B7 0C 77 85        9597            
2625,681521            97            9597            Checksum Error
2625,731010            D8     FE FF FF FF FF FF FF FF        9615            
2625,780908            3C     FF FF FF FF FF FF FF FF        9597            
2625,830397            7D            9597            Checksum Error
2625,881113            03     72 0B FF FF FF FF FF FF        9597            
2625,931011            C4     AA 0A FF FF FF FF FF FF        9597            
2625,980500            85     01 FF FF FF FF FF FF FF        9597            
2626,030398            06     00 00 FF FF FF FF FF FF        9597            
2626,080296            47     01 00 FF FF FF FF FF FF        9597            
2626,129785            49     FF FF FF FF FF FF FF FF        9597            
2626,179683            D6     00 0F 6C 0B B7 0C 77 85        9597            
2626,230399            97            9597            Checksum Error
2626,279888            D8     FE FF FF FF FF FF FF FF        9597            
2626,329786            3C     03 05 B9 00 1F 00 00 FF        9597            
2626,379275            7D     03 02 F9 00 FF FF FF FF        9597            
2626,424540            3C     03 10 29 BB 00 1F 00 1E        9597            
2626,474029            3C     03 21 00 00 22 FF FF FF        9597            
2626,523518            3C     03 22 54 01 14 33 00 87        9597            
2626,573007            3C     03 23 72 0B 01 00 00 00        9597            
2626,622905            3C     03 24 00 00 00 00 01 01        9597            
2626,672394            3C     03 25 D0 0C 6C 0B 07 00        9597            
2626,722292            3C     03 26 00 00 00 00 00 00        9597            
2626,771781            7D     03 01 FB FF FF FF FF FF        9597            
2626,821270            3C     03 05 B9 00 1F 00 01 FF        9597            
2626,871168            7D     03 02 F9 00 FF FF FF FF        9615            
2626,921884            03     72 0B FF FF FF FF FF FF        9597            
2626,971373            C4     AA 0A FF FF FF FF FF FF        9615            
2627,021271            85     01 FF FF FF FF FF FF FF        9597            
2627,070760            06     00 00 FF FF FF FF FF FF        9597            
2627,120658            47     01 00 FF FF FF FF FF FF        9597            
2627,170147            49     FF FF FF FF FF FF FF FF        9597            
2627,219636            D6     00 0F 6C 0B B7 0C 77 85        9615            
2627,269943            97            9615            Checksum Error
2627,319432            D8     FE FF FF FF FF FF FF FF        9597            
2627,369330            3C     FF FF FF FF FF FF FF FF        9597            
2627,418819            7D            9597            Checksum Error
2627,469535            03     68 0B FF FF FF FF FF FF        9597            
2627,519433            C4     AA 0A FF FF FF FF FF FF        9597            
2627,568922            85     01 FF FF FF FF FF FF FF        9597            
2627,618411            06     00 00 FF FF FF FF FF FF        9597            
2627,667900            47     01 00 FF FF FF FF FF FF        9597            
2627,717389            49     FF FF FF FF FF FF FF FF        9597            
2627,767287            D6     00 0F 6C 0B B7 0C 77 85        9615            
2627,818003            97            9597            Checksum Error
2627,867492            D8     FE FF FF FF FF FF FF FF        9597            
2627,917390            3C     01 04 B8 10 03 01 FF FF        9597            
2627,966879            7D     01 03 F8 02 02 FF FF FF        9597            
2628,017595            03     68 0B FF FF FF FF FF FF        9597            
2628,067493            C4     AA 0A FF FF FF FF FF FF        9597            
2628,116982            85     01 FF FF FF FF FF FF FF        9597            
2628,166880            06     00 00 FF FF FF FF FF FF        9597            
2628,216369            47     01 00 FF FF FF FF FF FF        9597            
2628,266267            49     FF FF FF FF FF FF FF FF        9597            
2628,315756            D6     00 0F 6C 0B B7 0C 77 85        9597            
2628,366472            97            9597            Checksum Error
2628,415961            D8     FE FF FF FF FF FF FF FF        9597            
2628,465859            3C     01 06 B2 23 17 46 10 03        9597            
2628,515348            7D     01 06 F2 01 00 00 00 FF        9597            
2628,566064            03     68 0B FF FF FF FF FF FF        9615            
2628,615962            C4     AA 0A FF FF FF FF FF FF        9615            
2628,665451            85     01 FF FF FF FF FF FF FF        9597            
2628,715349            06     00 00 FF FF FF FF FF FF        9597            
2628,764838            47     01 00 FF FF FF FF FF FF        9597            
2628,814736            49     FF FF FF FF FF FF FF FF        9597            
2628,864225            D6     00 0F 6C 0B B7 0C 77 85        9597            
2628,914941            97            9597            Checksum Error
2628,964430            D8     FE FF FF FF FF FF FF FF        9597            
2629,013919            3C     FF FF FF FF FF FF FF FF        9597            
2629,063817            7D            9597            Checksum Error
2629,114124            03     68 0B FF FF FF FF FF FF        9597            
2629,163613            C4     AA 0A FF FF FF FF FF FF        9597            
2629,213511            85     01 FF FF FF FF FF FF FF        9597            
2629,263000            06     00 00 FF FF FF FF FF FF        9597            
2629,312898            47     01 00 FF FF FF FF FF FF        9579            
2629,362387            49     FF FF FF FF FF FF FF FF        9597            
2629,412285            D6     00 0F 6C 0B B7 0C 77 85        9615            
2629,462592            97            9597            Checksum Error
2629,512081            D8     FE FF FF FF FF FF FF FF        9615            
2629,561570            3C     03 05 B9 00 1F 00 00 FF        9597            
2629,611059            7D     03 02 F9 00 FF FF FF FF        9597            
2629,660548            3C     03 10 29 BB 00 1F 00 1E        9597            
2629,710037            3C     03 21 00 00 22 FF FF FF        9615            
2629,759526            3C     03 22 54 01 14 33 00 91        9597            
2629,809424            3C     03 23 68 0B 01 00 00 00        9597            
2629,858913            3C     03 24 00 00 00 00 01 01        9597            
2629,908402            3C     03 25 D0 0C 6C 0B 07 00        9597            
2629,957891            3C     03 26 00 00 00 00 00 00        9615            
2630,007380            7D     03 01 FB FF FF FF FF FF        9597            
2630,056869            3C     03 05 B9 00 1F 00 01 FF        9615            
2630,106767            7D     03 02 F9 00 FF FF FF FF        9597            
2630,157483            03     68 0B FF FF FF FF FF FF        9597            
2630,206972            C4     AA 0A FF FF FF FF FF FF        9597            
2630,256870            85     01 FF FF FF FF FF FF FF        9597            
2630,306359            06     00 00 FF FF FF FF FF FF        9597            
2630,356257            47     01 00 FF FF FF FF FF FF        9615            
2630,405746            49     FF FF FF FF FF FF FF FF        9597            
2630,455644            D6     00 0F 6C 0B B7 0C 77 85        9597            
2630,506360            97            9597            Checksum Error
2630,555849            D8     FE FF FF FF FF FF FF FF        9597            
2630,605747            3C     FF FF FF FF FF FF FF FF        9597            
2630,655236            7D            9597            Checksum Error
2630,705952            03     68 0B FF FF FF FF FF FF        9597            
2630,755850            C4     AA 0A FF FF FF FF FF FF        9597            
2630,805339            85     01 FF FF FF FF FF FF FF        9597            
2630,855237            06     00 00 FF FF FF FF FF FF        9597            
2630,904726            47     01 00 FF FF FF FF FF FF        9597            
2630,954624            49     FF FF FF FF FF FF FF FF        9597            
2631,004113            D6     00 0F 6C 0B B7 0C 77 85        9597            
2631,054829            97            9597            Checksum Error
2631,104727            D8     FE FF FF FF FF FF FF FF        9597            
2631,154216            3C     01 04 B8 10 03 01 FF FF        9597            
2631,204114            7D     01 03 F8 02 02 FF FF FF        9597            
2631,254830            03     68 0B FF FF FF FF FF FF        9597            
2631,304319            C4     AA 0A FF FF FF FF FF FF        9597            
2631,353808            85     01 FF FF FF FF FF FF FF        9597            
2631,403297            06     00 00 FF FF FF FF FF FF        9597            
