Time Stamp(sec)   Frame ID          Frame Data        Baud Rate(bits/sec)     Error Condition
2018,498611            49     FF FF FF FF FF FF FF FF        9597            
2018,548509            D6     00 0F 68 0B 88 0C 63 85        9597            
2018,599225            97            9597            Checksum Error
2018,648714            D8     FE FF FF FF FF FF FF FF        9579            
2018,698612            3C     FF FF FF FF FF FF FF FF        9597            
2018,748101            7D            9597            Checksum Error
2018,798817            03     68 0B FF FF FF FF FF FF        9597            
2018,848715            C4     AA 0A FF FF FF FF FF FF        9597            
2018,898204            85     01 FF FF FF FF FF FF FF        9597            
2018,948102            06     00 00 FF FF FF FF FF FF        9597            
2018,997591            47     02 00 FF FF FF FF FF FF        9597            
2019,047489            49     FF FF FF FF FF FF FF FF        9615            
2019,096978            D6     00 0F 68 0B 88 0C 6D 85        9597            
2019,147694            97            9597            Checksum Error
2019,197592            D8     FE FF FF FF FF FF FF FF        9597            
2019,247081            3C     01 04 B8 10 03 01 FF FF        9597            
2019,296979            7D     01 03 F8 02 02 FF FF FF        9597            
2019,347695            03     68 0B FF FF FF FF FF FF        9597            
2019,397184            C4     AA 0A FF FF FF FF FF FF        9597            
2019,447082            85     01 FF FF FF FF FF FF FF        9597            
2019,496571            06     00 00 FF FF FF FF FF FF        9597            
2019,546469            47     02 00 FF FF FF FF FF FF        9597            
2019,595958            49     FF FF FF FF FF FF FF FF        9597            
2019,645856            D6     00 0F 68 0B 88 0C 6D 85        9597            
2019,696572            97            9597            Checksum Error
2019,746061            D8     FE FF FF FF FF FF FF FF        9597            
2019,795550            3C     01 06 B2 23 17 46 10 03        9597            
2019,845039            7D     01 06 F2 01 00 00 00 FF        9597            
2019,895755            03     68 0B FF FF FF FF FF FF        9597            
2019,945244            C4     AA 0A FF FF FF FF FF FF        9597            
2019,995142            85     01 FF FF FF FF FF FF FF        9597            
2020,044631            06     00 00 FF FF FF FF FF FF        9597            
2020,094529            47     01 00 FF FF FF FF FF FF        9597            
2020,144018            49     FF FF FF FF FF FF FF FF        9597            
2020,193916            D6     00 0F 68 0B 87 0C 77 85        9597            
2020,244632            97            9597            Checksum Error
2020,294121            D8     FE FF FF FF FF FF FF FF        9597            
2020,344019            3C     FF FF FF FF FF FF FF FF        9597            
2020,393508            7D            9615            Checksum Error
2020,444224            03     68 0B FF FF FF FF FF FF        9597            
2020,494122            C4     AA 0A FF FF FF FF FF FF        9597            
2020,543611            85     01 FF FF FF FF FF FF FF        9597            
2020,593509            06     00 00 FF FF FF FF FF FF        9597            
2020,642998            47     01 00 FF FF FF FF FF FF        9597            
2020,692896            49     FF FF FF FF FF FF FF FF        9597            
2020,742385            D6     00 0F 68 0B 87 0C 6D 85        9597            
2020,793101            97            9597            Checksum Error
2020,842999            D8     FE FF FF FF FF FF FF FF        9615            
