Time Stamp(sec)   Frame ID          Frame Data        Baud Rate(bits/sec)     Error Condition
1838,354272            7D            9615            Checksum Error
1838,404579            03     86 0B FF FF FF FF FF FF        9597            
1838,454477            C4     AA 0A FF FF FF FF FF FF        9597            
1838,503966            85     01 FF FF FF FF FF FF FF        9597            
1838,553864            06     00 00 FF FF FF FF FF FF        9597            
1838,603353            47     01 00 FF FF FF FF FF FF        9597            
1838,653251            49     FF FF FF FF FF FF FF FF        9597            
1838,702740            D6     00 0F 66 0B 9E 0C 77 85        9597            
1838,753456            97            9597            Checksum Error
1838,802945            D8     FE FF FF FF FF FF FF FF        9597            
1838,852434            3C     01 04 B8 10 03 01 FF FF        9615            
1838,902332            7D     01 03 F8 02 02 FF FF FF        9597            
1838,953048            03     86 0B FF FF FF FF FF FF        9597            
1839,002537            C4     AA 0A FF FF FF FF FF FF        9597            
1839,052435            85     01 FF FF FF FF FF FF FF        9597            
1839,101924            06     00 00 FF FF FF FF FF FF        9597            
1839,151822            47     01 00 FF FF FF FF FF FF        9615            
1839,201311            49     FF FF FF FF FF FF FF FF        9597            
1839,251209            D6     00 0F 66 0B 9E 0C 77 85        9597            
1839,301516            97            9597            Checksum Error
1839,351414            D8     FE FF FF FF FF FF FF FF        9597            
1839,400903            3C     01 06 B2 23 17 46 10 03        9615            
1839,450801            7D     01 06 F2 01 00 00 00 FF        9597            
1839,501517            03     86 0B FF FF FF FF FF FF        9615            
1839,551006            C4     AA 0A FF FF FF FF FF FF        9597            
1839,600904            85     01 FF FF FF FF FF FF FF        9597            
1839,650393            06     00 00 FF FF FF FF FF FF        9597            
1839,700291            47     01 00 FF FF FF FF FF FF        9597            
1839,749780            49     FF FF FF FF FF FF FF FF        9597            
1839,799678            D6     00 0F 66 0B 9E 0C 6D 85        9597            
1839,850394            97            9597            Checksum Error
1839,899883            D8     FE FF FF FF FF FF FF FF        9597            
1839,949372            3C     FF FF FF FF FF FF FF FF        9597            
1839,999270            7D            9597            Checksum Error
1840,049986            03     7C 0B FF FF FF FF FF FF        9597            
1840,099475            C4     AA 0A FF FF FF FF FF FF        9597            
1840,149373            85     01 FF FF FF FF FF FF FF        9597            
1840,198862            06     00 00 FF FF FF FF FF FF        9597            
1840,248760            47     01 00 FF FF FF FF FF FF        9597            
1840,298249            49     FF FF FF FF FF FF FF FF        9597            
1840,348147            D6     00 0F 66 0B 9E 0C 77 85        9597            
1840,398863            97            9597            Checksum Error
1840,448352            D8     FE FF FF FF FF FF FF FF        9597            
1840,498250            3C     03 05 B9 00 1F 00 00 FF        9597            
1840,547739            7D     03 02 F9 00 FF FF FF FF        9597            
1840,597637            3C     03 10 29 BB 00 1F 00 1E        9597            
1840,647126            3C     03 21 00 00 22 FF FF FF        9597            
1840,697024            3C     03 22 54 01 14 33 00 B5        9597            
1840,746513            3C     03 23 7C 0B 01 00 00 00        9597            
1840,796411            3C     03 24 00 00 00 00 01 01        9615            
1840,845900            3C     03 25 9E 0C 66 0B 07 00        9597            
1840,895798            3C     03 26 00 00 00 00 00 00        9597            
1840,945287            7D     03 01 FB FF FF FF FF FF        9597            
1840,995185            3C     03 05 B9 00 1F 00 01 FF        9597            
1841,044674            7D     03 02 F9 00 FF FF FF FF        9597            
1841,095390            03     7C 0B FF FF FF FF FF FF        9597            
1841,145288            C4     AA 0A FF FF FF FF FF FF        9597            
1841,194777            85     01 FF FF FF FF FF FF FF        9597            
1841,244675            06     00 00 FF FF FF FF FF FF        9597            
1841,294164            47     01 00 FF FF FF FF FF FF        9597            
1841,344062            49     FF FF FF FF FF FF FF FF        9597            
1841,393551            D6     00 0F 66 0B 9E 0C 77 85        9597            
1841,444267            97            9597            Checksum Error
1841,494165            D8     FE FF FF FF FF FF FF FF        9597            
1841,543654            3C     FF FF FF FF FF FF FF FF        9597            
1841,593552            7D            9597            Checksum Error
1841,644268            03     7C 0B FF FF FF FF FF FF        9597            
1841,693757            C4     AA 0A FF FF FF FF FF FF        9597            
1841,743655            85     01 FF FF FF FF FF FF FF        9597            
1841,793144            06     00 00 FF FF FF FF FF FF        9597            
1841,843042            47     01 00 FF FF FF FF FF FF        9597            
1841,892531            49     FF FF FF FF FF FF FF FF        9597            
1841,942429            D6     00 0F 66 0B 9E 0C 77 85        9597            
1841,993145            97            9597            Checksum Error
1842,042634            D8     FE FF FF FF FF FF FF FF        9615            
1842,092123            3C     01 04 B8 10 03 01 FF FF        9597            
1842,142021            7D     01 03 F8 02 02 FF FF FF        9597            
1842,192737            03     7C 0B FF FF FF FF FF FF        9597            
1842,242226            C4     AA 0A FF FF FF FF FF FF        9597            
1842,292124            85     01 FF FF FF FF FF FF FF        9597            
1842,341613            06     00 00 FF FF FF FF FF FF        9615            
1842,391102            47     01 00 FF FF FF FF FF FF        9615            
1842,441000            49     FF FF FF FF FF FF FF FF        9597            
1842,490489            D6     00 0F 66 0B 9E 0C 6D 85        9597            
1842,541205            97            9597            Checksum Error
1842,590694            D8     FE FF FF FF FF FF FF FF        9597            
1842,640592            3C     01 06 B2 23 17 46 10 03        9597            
1842,690081            7D     01 06 F2 01 00 00 00 FF        9597            
1842,740797            03     7C 0B FF FF FF FF FF FF        9597            
1842,790695            C4     AA 0A FF FF FF FF FF FF        9597            
1842,840593            85     01 FF FF FF FF FF FF FF        9597            
1842,890082            06     00 00 FF FF FF FF FF FF        9597            
1842,939980            47     01 00 FF FF FF FF FF FF        9597            
1842,989469            49     FF FF FF FF FF FF FF FF        9597            
1843,038958            D6     00 0F 66 0B 9E 0C 77 85        9597            
1843,089265            97            9597            Checksum Error
1843,139163            D8     FE FF FF FF FF FF FF FF        9615            
1843,188652            3C     FF FF FF FF FF FF FF FF        9615            
1843,238550            7D            9597            Checksum Error
1843,288857            03     7C 0B FF FF FF FF FF FF        9615            
1843,338346            C4     AA 0A FF FF FF FF FF FF        9597            
1843,387835            85     01 FF FF FF FF FF FF FF        9615            
1843,437733            06     00 00 FF FF FF FF FF FF        9597            
1843,487222            47     01 00 FF FF FF FF FF FF        9597            
1843,537120            49     FF FF FF FF FF FF FF FF        9597            
1843,586609            D6     00 0F 66 0B 9E 0C 6D 85        9615            
1843,637325            97            9597            Checksum Error
1843,687223            D8     FE FF FF FF FF FF FF FF        9597            
1843,736712            3C     FF FF FF FF FF FF FF FF        9597            
1843,786610            7D            9615            Checksum Error
1843,837326            03     7C 0B FF FF FF FF FF FF        9597            
1843,886815            C4     AA 0A FF FF FF FF FF FF        9597            
1843,936304            85     01 FF FF FF FF FF FF FF        9597            
1843,985793            06     00 00 FF FF FF FF FF FF        9597            
1844,035282            47     01 00 FF FF FF FF FF FF        9615            
1844,085180            49     FF FF FF FF FF FF FF FF        9615            
1844,134669            D6     00 0F 66 0B 9E 0C 77 85        9597            
1844,185385            97            9615            Checksum Error
1844,235283            D8     FE FF FF FF FF FF FF FF        9615            
1844,284772            3C     01 04 B8 10 03 01 FF FF        9615            
1844,334670            7D     01 03 F8 02 02 FF FF FF        9597            
1844,384977            03     7C 0B FF FF FF FF FF FF        9597            
1844,434875            C4     AA 0A FF FF FF FF FF FF        9615            
1844,484364            85     01 FF FF FF FF FF FF FF        9597            
1844,534262            06     00 00 FF FF FF FF FF FF        9597            
1844,583751            47     01 00 FF FF FF FF FF FF        9597            
1844,633649            49     FF FF FF FF FF FF FF FF        9615            
1844,683138            D6     00 0F 66 0B 9E 0C 77 85        9597            
1844,733854            97            9597            Checksum Error
1844,783343            D8     FE FF FF FF FF FF FF FF        9597            
1844,833241            3C     01 06 B2 23 17 46 10 03        9615            
1844,882730            7D     01 06 F2 01 00 00 00 FF        9597            
1844,933446            03     7C 0B FF FF FF FF FF FF        9615            
1844,982935            C4     AA 0A FF FF FF FF FF FF        9597            
1845,032424            85     01 FF FF FF FF FF FF FF        9597            
1845,081913            06     00 00 FF FF FF FF FF FF        9597            
1845,131811            47     01 00 FF FF FF FF FF FF        9597            
1845,181300            49     FF FF FF FF FF FF FF FF        9615            
1845,230789            D6     00 0F 66 0B 9E 0C 77 85        9615            
1845,281505            97            9615            Checksum Error
1845,331403            D8     FE FF FF FF FF FF FF FF        9615            
1845,380892            3C     FF FF FF FF FF FF FF FF        9597            
1845,430381            7D            9597            Checksum Error
1845,480688            03     7C 0B FF FF FF FF FF FF        9615            
1845,530586            C4     AA 0A FF FF FF FF FF FF        9615            
1845,580075            85     01 FF FF FF FF FF FF FF        9597            
1845,629973            06     00 00 FF FF FF FF FF FF        9597            
1845,679462            47     01 00 FF FF FF FF FF FF        9597            
1845,729360            49     FF FF FF FF FF FF FF FF        9597            
1845,778849            D6     00 0F 66 0B 9E 0C 77 85        9597            
1845,829565            97            9597            Checksum Error
1845,879463            D8     FE FF FF FF FF FF FF FF        9597            
1845,929361            3C     FF FF FF FF FF FF FF FF        9615            
1845,978850            7D            9597            Checksum Error
1846,029566            03     7C 0B FF FF FF FF FF FF        9597            
1846,079464            C4     AA 0A FF FF FF FF FF FF        9597            
1846,128953            85     01 FF FF FF FF FF FF FF        9597            
1846,178442            06     00 00 FF FF FF FF FF FF        9597            
1846,227931            47     01 00 FF FF FF FF FF FF        9615            
1846,277420            49     FF FF FF FF FF FF FF FF        9597            
1846,327318            D6     00 0F 66 0B 9E 0C 77 85        9597            
1846,378034            97            9615            Checksum Error
1846,427523            D8     FE FF FF FF FF FF FF FF        9597            
1846,477421            3C     01 04 B8 10 03 01 FF FF        9597            
1846,526910            7D     01 03 F8 02 02 FF FF FF        9597            
1846,577626            03     7C 0B FF FF FF FF FF FF        9597            
1846,627115            C4     AA 0A FF FF FF FF FF FF        9597            
1846,677013            85     01 FF FF FF FF FF FF FF        9597            
1846,726502            06     00 00 FF FF FF FF FF FF        9597            
1846,776400            47     01 00 FF FF FF FF FF FF        9597            
1846,825889            49     FF FF FF FF FF FF FF FF        9615            
1846,875787            D6     00 0F 66 0B 9E 0C 77 85        9615            
1846,926503            97            9615            Checksum Error
1846,975992            D8     FE FF FF FF FF FF FF FF        9597            
1847,025890            3C     01 06 B2 23 17 46 10 03        9597            
1847,075379            7D     01 06 F2 01 00 00 00 FF        9597            
1847,126095            03     7C 0B FF FF FF FF FF FF        9597            
1847,175993            C4     AA 0A FF FF FF FF FF FF        9597            
1847,225482            85     01 FF FF FF FF FF FF FF        9597            
1847,275380            06     00 00 FF FF FF FF FF FF        9597            
1847,324869            47     01 00 FF FF FF FF FF FF        9597            
1847,374767            49     FF FF FF FF FF FF FF FF        9597            
1847,424256            D6     00 0F 66 0B 9E 0C 77 85        9597            
1847,474972            97            9597            Checksum Error
1847,524870            D8     FE FF FF FF FF FF FF FF        9615            
1847,574359            3C     FF FF FF FF FF FF FF FF        9597            
1847,624257            7D            9597            Checksum Error
1847,674564            03     7C 0B FF FF FF FF FF FF        9597            
1847,724053            C4     AA 0A FF FF FF FF FF FF        9597            
1847,773542            85     01 FF FF FF FF FF FF FF        9615            
1847,823440            06     00 00 FF FF FF FF FF FF        9597            
1847,872929            47     01 00 FF FF FF FF FF FF        9597            
1847,922827            49     FF FF FF FF FF FF FF FF        9597            
1847,972316            D6     00 0F 66 0B 9E 0C 77 85        9597            
1848,023032            97            9615            Checksum Error
1848,072930            D8     FE FF FF FF FF FF FF FF        9597            
1848,122419            3C     FF FF FF FF FF FF FF FF        9597            
1848,172317            7D            9597            Checksum Error
1848,223033            03     7C 0B FF FF FF FF FF FF        9597            
1848,272522            C4     AA 0A FF FF FF FF FF FF        9597            
1848,322420            85     01 FF FF FF FF FF FF FF        9597            
1848,371909            06     00 00 FF FF FF FF FF FF        9597            
1848,421807            47     01 00 FF FF FF FF FF FF        9615            
1848,471296            49     FF FF FF FF FF FF FF FF        9597            
1848,521194            D6     00 0F 66 0B 9F 0C 77 85        9597            
1848,571910            97            9597            Checksum Error
1848,621399            D8     FE FF FF FF FF FF FF FF        9597            
1848,671297            3C     01 04 B8 10 03 01 FF FF        9597            
1848,720786            7D     01 03 F8 02 02 FF FF FF        9597            
1848,771502            03     7C 0B FF FF FF FF FF FF        9597            
1848,821400            C4     AA 0A FF FF FF FF FF FF        9597            
1848,870889            85     01 FF FF FF FF FF FF FF        9597            
1848,920787            06     00 00 FF FF FF FF FF FF        9597            
1848,970276            47     01 00 FF FF FF FF FF FF        9597            
1849,020174            49     FF FF FF FF FF FF FF FF        9597            
1849,069663            D6     00 0F 66 0B 9E 0C 77 85        9597            
1849,120379            97            9597            Checksum Error
1849,170277            D8     FE FF FF FF FF FF FF FF        9597            
1849,215542            3C     01 06 B2 23 17 46 10 03        9597            
1849,265440            7D     01 06 F2 01 00 00 00 FF        9597            
1849,315747            03     7C 0B FF FF FF FF FF FF        9597            
1849,365236            C4     AA 0A FF FF FF FF FF FF        9597            
1849,415134            85     01 FF FF FF FF FF FF FF        9597            
1849,464623            06     00 00 FF FF FF FF FF FF        9579            
1849,514521            47     01 00 FF FF FF FF FF FF        9597            
1849,564010            49     FF FF FF FF FF FF FF FF        9597            
1849,613908            D6     00 0F 66 0B 9E 0C 6D 85        9597            
1849,664215            97            9597            Checksum Error
1849,714113            D8     FE FF FF FF FF FF FF FF        9597            
1849,763602            3C     FF FF FF FF FF FF FF FF        9597            
