Time Stamp(sec)   Frame ID          Frame Data        Baud Rate(bits/sec)     Error Condition
1181,422915            85     01 FF FF FF FF FF FF FF        9579            
1181,472813            06     00 00 FF FF FF FF FF FF        9597            
1181,522302            47     01 00 FF FF FF FF FF FF        9597            
1181,572200            49     FF FF FF FF FF FF FF FF        9597            
1181,621689            D6     00 07 63 0B B7 0C 77 85        9597            
1181,672405            97            9597            Checksum Error
1181,722303            D8     FE FF FF FF FF FF FF FF        9597            
1181,771792            3C     FF FF FF FF FF FF FF FF        9597            
1181,821690            7D            9597            Checksum Error
1181,871997            03     40 0B FF FF FF FF FF FF        9615            
1181,921895            C4     AA 0A FF FF FF FF FF FF        9597            
1181,971793            85     01 FF FF FF FF FF FF FF        9597            
1182,021282            06     00 00 FF FF FF FF FF FF        9597            
1182,071180            47     01 00 FF FF FF FF FF FF        9597            
1182,120669            49     FF FF FF FF FF FF FF FF        9597            
1182,170567            D6     00 07 63 0B B7 0C 77 85        9597            
1182,221283            97            9597            Checksum Error
1182,270772            D8     FE FF FF FF FF FF FF FF        9597            
1182,320670            3C     FF FF FF FF FF FF FF FF        9597            
1182,370159            7D            9597            Checksum Error
1182,420875            03     40 0B FF FF FF FF FF FF        9597            
1182,470773            C4     AA 0A FF FF FF FF FF FF        9579            
1182,520262            85     01 FF FF FF FF FF FF FF        9597            
1182,570160            06     00 00 FF FF FF FF FF FF        9597            
1182,619649            47     01 00 FF FF FF FF FF FF        9597            
1182,669138            49     FF FF FF FF FF FF FF FF        9597            
1182,719036            D6     00 07 63 0B B7 0C 77 85        9579            
1182,769752            97            9597            Checksum Error
1182,819241            D8     FE FF FF FF FF FF FF FF        9597            
1182,869139            3C     01 04 B8 10 03 01 FF FF        9597            
1182,918628            7D     01 03 F8 02 02 FF FF FF        9597            
1182,969344            03     40 0B FF FF FF FF FF FF        9597            
1183,019242            C4     AA 0A FF FF FF FF FF FF        9597            
1183,068731            85     01 FF FF FF FF FF FF FF        9597            
1183,118629            06     00 00 FF FF FF FF FF FF        9597            
1183,168118            47     01 00 FF FF FF FF FF FF        9597            
1183,218016            49     FF FF FF FF FF FF FF FF        9597            
1183,267505            D6     00 07 63 0B B7 0C 77 85        9597            
1183,318221            97            9579            Checksum Error
1183,368119            D8     FF FF FF FF FF FF FF FF        9579            
1183,417608            3C     01 06 B2 23 17 46 10 03        9597            
1183,467097            7D     01 06 F2 01 00 00 00 FF        9597            
1183,517813            03     40 0B FF FF FF FF FF FF        9597            
1183,567302            C4     AA 0A FF FF FF FF FF FF        9597            
1183,616791            85     01 FF FF FF FF FF FF FF        9597            
1183,666280            06     00 00 FF FF FF FF FF FF        9597            
1183,716178            47     01 00 FF FF FF FF FF FF        9597            
1183,765667            49     FF FF FF FF FF FF FF FF        9597            
1183,815565            D6     00 07 63 0B B7 0C 77 85        9597            
1183,865872            97            9615            Checksum Error
1183,915770            D8     FF FF FF FF FF FF FF FF        9615            
1183,965259            3C     FF FF FF FF FF FF FF FF        9597            
1184,015157            7D            9597            Checksum Error
1184,065873            03     40 0B FF FF FF FF FF FF        9615            
1184,115362            C4     AA 0A FF FF FF FF FF FF        9597            
1184,164851            85     01 FF FF FF FF FF FF FF        9597            
1184,214340            06     00 00 FF FF FF FF FF FF        9597            
1184,263829            47     01 00 FF FF FF FF FF FF        9615            
1184,313727            49     FF FF FF FF FF FF FF FF        9597            
1184,363216            D6     00 07 63 0B B7 0C 77 85        9597            
1184,413932            97            9597            Checksum Error
1184,463830            D8     FF FF FF FF FF FF FF FF        9597            
1184,513319            3C     03 05 B9 00 1F 00 00 FF        9597            
1184,563217            7D     03 02 F9 00 FF FF FF FF        9597            
1184,612706            3C     03 10 0B BA 00 1F 00 1E        9597            
1184,662604            3C     03 21 00 00 22 FF FF FF        9597            
1184,712093            7D     03 10 29 FA 00 1F 00 1E        9597            
1184,761991            7D     03 21 00 00 22 FF FF FF        9597            
1184,811480            7D     03 22 54 01 0C 32 1C 0C        9597            
1184,860969            7D     03 23 36 0B 01 00 00 00        9597            
1184,910867            7D     03 24 00 00 00 00 01 01        9597            
1184,960356            7D     03 25 00 00 00 00 00 00        9597            
1185,010254            7D     03 26 00 00 00 00 00 00        9597            
1185,060970            03     40 0B FF FF FF FF FF FF        9615            
1185,110459            C4     AA 0A FF FF FF FF FF FF        9597            
1185,160357            85     01 FF FF FF FF FF FF FF        9597            
1185,209846            06     00 00 FF FF FF FF FF FF        9597            
1185,259744            47     01 00 FF FF FF FF FF FF        9597            
1185,309233            49     FF FF FF FF FF FF FF FF        9597            
1185,359131            D6     00 07 63 0B B7 0C 77 85        9597            
1185,409847            97            9615            Checksum Error
1185,459336            D8     FE FF FF FF FF FF FF FF        9597            
1185,509234            3C     01 04 B8 10 03 01 FF FF        9597            
1185,558723            7D     01 03 F8 02 02 FF FF FF        9597            
1185,609439            03     36 0B FF FF FF FF FF FF        9597            
1185,659337            C4     AA 0A FF FF FF FF FF FF        9597            
1185,708826            85     01 FF FF FF FF FF FF FF        9597            
1185,758724            06     00 00 FF FF FF FF FF FF        9597            
1185,808213            47     01 00 FF FF FF FF FF FF        9597            
1185,858111            49     FF FF FF FF FF FF FF FF        9597            
1185,907600            D6     00 07 63 0B B7 0C 77 85        9597            
1185,957498            08     86 0B 71 00 00 00 00 FF        9597            
1186,006987            97            9597            Checksum Error
1186,056885            D8     FE FF FF FF FF FF FF FF        9597            
1186,106374            3C     01 06 B2 23 17 46 10 03        9597            
1186,156272            7D     01 06 F2 01 00 00 00 FF        9615            
1186,206988            03     36 0B FF FF FF FF FF FF        9597            
1186,256477            C4     AA 0A FF FF FF FF FF FF        9597            
1186,306375            85     01 FF FF FF FF FF FF FF        9597            
1186,355864            06     00 00 FF FF FF FF FF FF        9597            
1186,405762            47     01 00 FF FF FF FF FF FF        9597            
1186,455251            49     FF FF FF FF FF FF FF FF        9597            
1186,505149            D6     00 07 63 0B B7 0C 77 85        9597            
1186,554638            08     86 0B 71 00 00 00 00 FF        9597            
1186,604536            97            9597            Checksum Error
1186,654025            D8     FE FF FF FF FF FF FF FF        9597            
1186,703923            3C     FF FF FF FF FF FF FF FF        9597            
1186,753412            7D            9597            Checksum Error
1186,803719            03     36 0B FF FF FF FF FF FF        9597            
1186,853617            C4     AA 0A FF FF FF FF FF FF        9597            
1186,903106            85     01 FF FF FF FF FF FF FF        9597            
1186,952595            06     00 00 FF FF FF FF FF FF        9597            
1187,002493            47     01 00 FF FF FF FF FF FF        9597            
1187,051982            49     FF FF FF FF FF FF FF FF        9597            
1187,101880            D6     00 07 63 0B B7 0C 77 85        9597            
1187,151369            08     86 0B 71 00 00 00 00 FF        9597            
1187,201267            97            9597            Checksum Error
1187,250756            D8     FE FF FF FF FF FF FF FF        9597            
1187,300654            3C     03 05 B9 00 1F 00 00 FF        9597            
1187,350143            7D     03 02 F9 00 FF FF FF FF        9597            
1187,400041            3C     03 10 29 BB 00 1F 00 1E        9597            
1187,449530            3C     03 21 00 00 22 FF FF FF        9597            
1187,499428            3C     03 22 54 01 02 0D 1C 7F        9597            
1187,548917            3C     03 23 00 00 00 00 00 00        9597            
1187,598815            3C     03 24 00 00 00 00 00 00        9597            
1187,648713            3C     03 25 00 00 00 00 00 00        9597            
1187,698202            3C     03 26 00 00 00 00 00 00        9597            
1187,748100            7D     03 01 FB FF FF FF FF FF        9597            
1187,797589            3C     03 05 B9 00 1F 00 01 FF        9597            
1187,847487            7D     03 02 F9 00 FF FF FF FF        9597            
1187,898203            03     36 0B FF FF FF FF FF FF        9597            
1187,947692            C4     AA 0A FF FF FF FF FF FF        9597            
