Time Stamp(sec)   Frame ID          Frame Data        Baud Rate(bits/sec)     Error Condition
1629,236507            97            9597            Checksum Error
1629,285996            D8     FE FF FF FF FF FF FF FF        9597            
1629,335485            3C     FF FF FF FF FF FF FF FF        9597            
1629,385383            7D            9597            Checksum Error
1629,436099            03     86 0B FF FF FF FF FF FF        9597            
1629,485588            C4     AA 0A FF FF FF FF FF FF        9597            
1629,535486            85     03 FF FF FF FF FF FF FF        9597            
1629,584975            06     08 07 FF FF FF FF FF FF        9597            
1629,634873            47     01 00 FF FF FF FF FF FF        9597            
1629,684362            49     FF FF FF FF FF FF FF FF        9597            
1629,734260            D6     00 0F 64 0B 9E 0C 77 85        9597            
1629,784976            97            9597            Checksum Error
1629,834465            D8     FE FF FF FF FF FF FF FF        9597            
1629,884363            3C     FF FF FF FF FF FF FF FF        9597            
1629,933852            7D            9597            Checksum Error
1629,984568            03     86 0B FF FF FF FF FF FF        9597            
1630,034466            C4     AA 0A FF FF FF FF FF FF        9597            
1630,083955            85     03 FF FF FF FF FF FF FF        9597            
1630,133853            06     08 07 FF FF FF FF FF FF        9597            
1630,183342            47     01 00 FF FF FF FF FF FF        9597            
1630,233240            49     FF FF FF FF FF FF FF FF        9597            
1630,282729            D6     00 0F 65 0B 9E 0C 77 85        9597            
1630,333445            97            9579            Checksum Error
1630,383343            D8     FE FF FF FF FF FF FF FF        9597            
1630,432832            3C     01 04 B8 10 03 01 FF FF        9597            
1630,482730            7D     01 03 F8 02 02 FF FF FF        9597            
1630,533446            03     86 0B FF FF FF FF FF FF        9579            
1630,582935            C4     AA 0A FF FF FF FF FF FF        9597            
1630,632833            85     03 FF FF FF FF FF FF FF        9597            
1630,682731            06     08 07 FF FF FF FF FF FF        9597            
1630,732220            47     01 00 FF FF FF FF FF FF        9597            
1630,782118            49     FF FF FF FF FF FF FF FF        9597            
1630,831607            D6     00 0F 64 0B 9F 0C 77 85        9579            
1630,882323            97            9597            Checksum Error
1630,932221            D8     FE FF FF FF FF FF FF FF        9597            
1630,981710            3C     01 06 B2 23 17 46 10 03        9597            
1631,031608            7D     01 06 F2 01 00 00 00 FF        9597            
1631,082324            03     86 0B FF FF FF FF FF FF        9597            
1631,131813            C4     AA 0A FF FF FF FF FF FF        9597            
1631,181711            85     03 FF FF FF FF FF FF FF        9597            
1631,231200            06     08 07 FF FF FF FF FF FF        9579            
1631,281098            47     01 00 FF FF FF FF FF FF        9597            
1631,330587            49     FF FF FF FF FF FF FF FF        9597            
1631,380485            D6     00 0F 64 0B 9E 0C 77 85        9597            
1631,431201            97            9597            Checksum Error
1631,480690            D8     FF FF FF FF FF FF FF FF        9597            
1631,530588            3C     FF FF FF FF FF FF FF FF        9597            
1631,580077            7D            9597            Checksum Error
1631,630793            03     86 0B FF FF FF FF FF FF        9597            
1631,680691            C4     AA 0A FF FF FF FF FF FF        9597            
1631,730180            85     03 FF FF FF FF FF FF FF        9597            
1631,780078            06     08 07 FF FF FF FF FF FF        9597            
1631,829567            47     01 00 FF FF FF FF FF FF        9597            
1631,879465            49     FF FF FF FF FF FF FF FF        9597            
1631,928954            D6     00 0F 64 0B 9F 0C 77 85        9597            
1631,979670            97            9597            Checksum Error
1632,029568            D8     FF FF FF FF FF FF FF FF        9597            
1632,079057            3C     03 05 B9 00 1F 00 00 FF        9597            
1632,128955            7D     03 02 F9 00 FF FF FF FF        9597            
1632,178444            3C     03 10 0B BA 00 1F 00 1E        9597            
1632,228342            3C     03 21 00 00 22 FF FF FF        9597            
1632,277831            7D     03 10 29 FA 00 1F 00 1E        9597            
1632,327729            7D     03 21 00 00 22 FF FF FF        9597            
1632,377218            7D     03 22 54 01 0C 32 27 B0        9579            
1632,427116            7D     03 23 86 0B 01 00 00 00        9597            
1632,476605            7D     03 24 00 00 00 00 01 01        9597            
1632,526503            7D     03 25 00 00 00 00 00 00        9597            
1632,575992            7D     03 26 00 00 00 00 00 00        9597            
1632,626708            03     86 0B FF FF FF FF FF FF        9597            
1632,676606            C4     AA 0A FF FF FF FF FF FF        9579            
1632,726095            85     03 FF FF FF FF FF FF FF        9597            
1632,775993            06     08 07 FF FF FF FF FF FF        9615            
1632,825482            47     01 00 FF FF FF FF FF FF        9597            
1632,875380            49     FF FF FF FF FF FF FF FF        9597            
1632,924869            D6     00 0F 64 0B 9F 0C 77 85        9615            
1632,975585            97            9597            Checksum Error
1633,025483            D8     FE FF FF FF FF FF FF FF        9597            
1633,074972            3C     01 04 B8 10 03 01 FF FF        9597            
1633,124461            7D     01 03 F8 02 02 FF FF FF        9597            
1633,174768            03     86 0B FF FF FF FF FF FF        9597            
1633,224666            C4     AA 0A FF FF FF FF FF FF        9615            
1633,274155            85     01 FF FF FF FF FF FF FF        9597            
1633,324053            06     00 00 FF FF FF FF FF FF        9597            
1633,373542            47     01 00 FF FF FF FF FF FF        9597            
1633,423440            49     FF FF FF FF FF FF FF FF        9615            
1633,472929            D6     00 0F 64 0B 9F 0C 77 85        9597            
1633,522827            08     86 0B 71 00 00 00 00 FF        9597            
1633,572316            97            9597            Checksum Error
1633,622214            D8     FE FF FF FF FF FF FF FF        9597            
1633,671703            3C     01 06 B2 23 17 46 10 03        9597            
1633,721601            7D     01 06 F2 01 00 00 00 FF        9597            
1633,772317            03     86 0B FF FF FF FF FF FF        9597            
1633,821806            C4     AA 0A FF FF FF FF FF FF        9597            
1633,871704            85     01 FF FF FF FF FF FF FF        9597            
1633,921193            06     00 00 FF FF FF FF FF FF        9597            
1633,970682            47     01 00 FF FF FF FF FF FF        9597            
1634,020171            49     FF FF FF FF FF FF FF FF        9597            
1634,069660            D6     00 0F 64 0B 9E 0C 77 85        9597            
1634,119149            08     86 0B 71 00 00 00 00 FF        9597            
1634,169047            97            9597            Checksum Error
1634,218536            D8     FE FF FF FF FF FF FF FF        9615            
1634,268434            3C     FF FF FF FF FF FF FF FF        9597            
1634,317923            7D            9597            Checksum Error
1634,368639            03     86 0B FF FF FF FF FF FF        9615            
1634,418128            C4     AA 0A FF FF FF FF FF FF        9597            
1634,468026            85     01 FF FF FF FF FF FF FF        9615            
1634,517515            06     00 00 FF FF FF FF FF FF        9579            
1634,567413            47     01 00 FF FF FF FF FF FF        9597            
1634,616902            49     FF FF FF FF FF FF FF FF        9615            
1634,666800            D6     00 0F 64 0B 9F 0C 77 85        9597            
1634,716289            08     86 0B 71 00 00 00 00 FF        9597            
1634,766187            97            9597            Checksum Error
1634,811452            D8     FE FF FF FF FF FF FF FF        9597            
1634,861350            3C     03 05 B9 00 1F 00 00 FF        9597            
1634,910839            7D     03 02 F9 00 FF FF FF FF        9597            
1634,960737            3C     03 10 29 BB 00 1F 00 1E        9615            
1635,010226            3C     03 21 00 00 22 FF FF FF        9597            
1635,060124            3C     03 22 54 01 02 0D 27 74        9597            
1635,109613            3C     03 23 00 00 00 00 00 00        9597            
1635,159511            3C     03 24 00 00 00 00 00 00        9597            
1635,209000            3C     03 25 00 00 00 00 00 00        9597            
1635,258898            3C     03 26 00 00 00 00 00 00        9597            
1635,308387            7D     03 01 FB FF FF FF FF FF        9615            
1635,358285            3C     03 05 B9 00 1F 00 01 FF        9597            
1635,407774            7D     03 02 F9 00 FF FF FF FF        9597            
1635,458490            03     86 0B FF FF FF FF FF FF        9597            
1635,508388            C4     AA 0A FF FF FF FF FF FF        9615            
1635,557877            85     01 FF FF FF FF FF FF FF        9597            
1635,607366            06     00 00 FF FF FF FF FF FF        9597            
1635,656855            47     01 00 FF FF FF FF FF FF        9597            
1635,706753            49     FF FF FF FF FF FF FF FF        9597            
1635,756242            D6     00 0F 64 0B 9F 0C 6D 85        9597            
1635,806140            08     86 0B 71 00 00 00 00 FF        9597            
1635,855629            97            9597            Checksum Error
1635,905527            D8     FE FF FF FF FF FF FF FF        9597            
1635,955016            3C     FF FF FF FF FF FF FF FF        9597            
1636,004914            7D            9597            Checksum Error
1636,055630            03     86 0B FF FF FF FF FF FF        9597            
1636,105119            C4     AA 0A FF FF FF FF FF FF        9597            
1636,155017            85     01 FF FF FF FF FF FF FF        9615            
1636,204506            06     00 00 FF FF FF FF FF FF        9597            
1636,254404            47     01 00 FF FF FF FF FF FF        9597            
1636,303893            49     FF FF FF FF FF FF FF FF        9597            
1636,353791            D6     00 0F 64 0B 9F 0C FF 84        9597            
1636,404098            97            9597            Checksum Error
1636,453996            D8     FE FF FF FF FF FF FF FF        9597            
1636,503485            3C     01 04 B8 10 03 01 FF FF        9597            
1636,553383            7D     01 03 F8 02 02 FF FF FF        9597            
1636,604099            03     86 0B FF FF FF FF FF FF        9597            
1636,653588            C4     AA 0A FF FF FF FF FF FF        9597            
1636,703077            85     01 FF FF FF FF FF FF FF        9615            
1636,752566            06     00 00 FF FF FF FF FF FF        9597            
1636,802055            47     01 00 FF FF FF FF FF FF        9597            
1636,851953            49     FF FF FF FF FF FF FF FF        9597            
1636,901442            D6     00 0F 64 0B 9F 0C 6D 85        9615            
1636,952158            97            9597            Checksum Error
1637,002056            D8     FE FF FF FF FF FF FF FF        9615            
1637,051545            3C     01 06 B2 23 17 46 10 03        9615            
1637,101443            7D     01 06 F2 01 00 00 00 FF        9597            
1637,152159            03     86 0B FF FF FF FF FF FF        9597            
1637,201648            C4     AA 0A FF FF FF FF FF FF        9597            
1637,251137            85     01 FF FF FF FF FF FF FF        9615            
1637,301035            06     00 00 FF FF FF FF FF FF        9597            
1637,350524            47     01 00 FF FF FF FF FF FF        9597            
1637,400422            49     FF FF FF FF FF FF FF FF        9597            
1637,449911            D6     00 0F 64 0B 9F 0C 09 85        9615            
1637,500627            97            9615            Checksum Error
1637,550116            D8     FE FF FF FF FF FF FF FF        9615            
1637,600014            3C     FF FF FF FF FF FF FF FF        9615            
1637,649503            7D            9615            Checksum Error
1637,700219            03     86 0B FF FF FF FF FF FF        9615            
1637,749708            C4     AA 0A FF FF FF FF FF FF        9615            
1637,799606            85     01 FF FF FF FF FF FF FF        9597            
1637,849095            06     00 00 FF FF FF FF FF FF        9615            
1637,898993            47     01 00 FF FF FF FF FF FF        9615            
1637,948482            49     FF FF FF FF FF FF FF FF        9597            
1637,997971            D6     00 0F 65 0B 9F 0C 6D 85        9597            
1638,048687            97            9597            Checksum Error
1638,098585            D8     FE FF FF FF FF FF FF FF        9597            
1638,148074            3C     03 05 B9 00 1F 00 00 FF        9597            
1638,197972            7D     03 02 F9 00 FF FF FF FF        9597            
1638,247461            3C     03 10 29 BB 00 1F 00 1E        9597            
1638,296950            3C     03 21 00 00 22 FF FF FF        9597            
1638,346848            3C     03 22 54 01 14 33 00 AD        9597            
1638,396337            3C     03 23 86 0B 01 00 00 00        9597            
1638,446235            3C     03 24 00 00 00 00 01 01        9597            
1638,495724            3C     03 25 9E 0C 64 0B 07 00        9597            
1638,545622            3C     03 26 00 00 00 00 00 00        9597            
1638,595111            7D     03 01 FB FF FF FF FF FF        9597            
1638,645009            3C     03 05 B9 00 1F 00 01 FF        9597            
1638,694498            7D     03 02 F9 00 FF FF FF FF        9615            
1638,745214            03     86 0B FF FF FF FF FF FF        9597            
1638,794703            C4     AA 0A FF FF FF FF FF FF        9597            
1638,844601            85     01 FF FF FF FF FF FF FF        9615            
1638,894090            06     00 00 FF FF FF FF FF FF        9615            
1638,943988            47     01 00 FF FF FF FF FF FF        9615            
1638,993477            49     FF FF FF FF FF FF FF FF        9597            
1639,043375            D6     00 0F 64 0B 9F 0C 77 85        9597            
1639,094091            97            9597            Checksum Error
1639,143580            D8     FE FF FF FF FF FF FF FF        9615            
1639,193478            3C     FF FF FF FF FF FF FF FF        9597            
1639,242967            7D            9597            Checksum Error
1639,293683            03     86 0B FF FF FF FF FF FF        9597            
1639,343172            C4     AA 0A FF FF FF FF FF FF        9597            
1639,392661            85     01 FF FF FF FF FF FF FF        9597            
1639,442150            06     00 00 FF FF FF FF FF FF        9615            
1639,491639            47     01 00 FF FF FF FF FF FF        9597            
1639,541537            49     FF FF FF FF FF FF FF FF        9615            
1639,591026            D6     00 0F 64 0B 9F 0C 13 85        9615            
1639,641742            97            9597            Checksum Error
1639,691231            D8     FE FF FF FF FF FF FF FF        9597            
1639,740720            3C     01 04 B8 10 03 01 FF FF        9597            
1639,790209            7D     01 03 F8 02 02 FF FF FF        9597            
1639,840925            03     86 0B FF FF FF FF FF FF        9597            
1639,890823            C4     AA 0A FF FF FF FF FF FF        9597            
1639,940312            85     01 FF FF FF FF FF FF FF        9597            
1639,990210            06     00 00 FF FF FF FF FF FF        9615            
1640,039699            47     01 00 FF FF FF FF FF FF        9597            
1640,089188            49     FF FF FF FF FF FF FF FF        9615            
1640,139086            D6     00 0F 64 0B 9F 0C 77 85        9597            
1640,189802            97            9597            Checksum Error
1640,239291            D8     FE FF FF FF FF FF FF FF        9597            
1640,288780            3C     01 06 B2 23 17 46 10 03        9597            
1640,338678            7D     01 06 F2 01 00 00 00 FF        9597            
1640,389394            03     86 0B FF FF FF FF FF FF        9615            
1640,438883            C4     AA 0A FF FF FF FF FF FF        9597            
1640,488781            85     01 FF FF FF FF FF FF FF        9597            
1640,538270            06     00 00 FF FF FF FF FF FF        9597            
1640,588168            47     01 00 FF FF FF FF FF FF        9597            
1640,637657            49     FF FF FF FF FF FF FF FF        9615            
1640,687146            D6     00 0F 64 0B 9F 0C 1D 85        9597            
