Time Stamp(sec)   Frame ID          Frame Data        Baud Rate(bits/sec)     Error Condition
1218,905177            D6     00 07 63 0B B9 0C 77 85        9597            
1218,955893            97            9597            Checksum Error
1219,005791            D8     FE FF FF FF FF FF FF FF        9597            
1219,055280            3C     01 06 B2 23 17 46 10 03        9597            
1219,105178            7D     01 06 F2 01 00 00 00 FF        9579            
1219,155894            03     36 0B FF FF FF FF FF FF        9597            
1219,205383            C4     AA 0A FF FF FF FF FF FF        9597            
1219,255281            85     01 FF FF FF FF FF FF FF        9597            
1219,304770            06     00 00 FF FF FF FF FF FF        9597            
1219,354668            47     01 00 FF FF FF FF FF FF        9597            
1219,404157            49     FF FF FF FF FF FF FF FF        9579            
1219,454055            D6     00 07 63 0B B9 0C 77 85        9597            
1219,504771            97            9579            Checksum Error
1219,554260            D8     FE FF FF FF FF FF FF FF        9597            
1219,604158            3C     FF FF FF FF FF FF FF FF        9597            
1219,653647            7D            9597            Checksum Error
1219,704363            03     36 0B FF FF FF FF FF FF        9579            
1219,754261            C4     AA 0A FF FF FF FF FF FF        9597            
1219,804159            85     01 FF FF FF FF FF FF FF        9597            
1219,853648            06     00 00 FF FF FF FF FF FF        9597            
1219,903546            47     01 00 FF FF FF FF FF FF        9597            
1219,953035            49     FF FF FF FF FF FF FF FF        9597            
1220,002933            D6     00 07 63 0B B9 0C 77 85        9597            
1220,053649            97            9597            Checksum Error
1220,103138            D8     FE FF FF FF FF FF FF FF        9579            
1220,153036            3C     FF FF FF FF FF FF FF FF        9597            
1220,202525            7D            9597            Checksum Error
1220,253241            03     36 0B FF FF FF FF FF FF        9597            
1220,303139            C4     AA 0A FF FF FF FF FF FF        9597            
1220,352628            85     01 FF FF FF FF FF FF FF        9597            
1220,402526            06     00 00 FF FF FF FF FF FF        9597            
1220,452015            47     01 00 FF FF FF FF FF FF        9597            
1220,501913            49     FF FF FF FF FF FF FF FF        9597            
1220,551402            D6     00 07 63 0B B9 0C 77 85        9597            
1220,602118            97            9597            Checksum Error
1220,652016            D8     FE FF FF FF FF FF FF FF        9597            
1220,701505            3C     01 04 B8 10 03 01 FF FF        9579            
1220,751403            7D     01 03 F8 02 02 FF FF FF        9597            
1220,802119            03     36 0B FF FF FF FF FF FF        9597            
1220,851608            C4     AA 0A FF FF FF FF FF FF        9597            
1220,901506            85     01 FF FF FF FF FF FF FF        9597            
1220,950995            06     00 00 FF FF FF FF FF FF        9597            
1221,000893            47     01 00 FF FF FF FF FF FF        9597            
1221,050382            49     FF FF FF FF FF FF FF FF        9597            
1221,100280            D6     00 07 63 0B B9 0C 77 85        9597            
1221,150996            97            9597            Checksum Error
1221,200485            D8     FE FF FF FF FF FF FF FF        9597            
1221,250383            3C     01 06 B2 23 17 46 10 03        9597            
1221,299872            7D     01 06 F2 01 00 00 00 FF        9597            
1221,350588            03     36 0B FF FF FF FF FF FF        9597            
1221,400486            C4     AA 0A FF FF FF FF FF FF        9597            
1221,449975            85     01 FF FF FF FF FF FF FF        9597            
1221,499873            06     00 00 FF FF FF FF FF FF        9597            
1221,549362            47     01 00 FF FF FF FF FF FF        9597            
1221,599260            49     FF FF FF FF FF FF FF FF        9597            
1221,648749            D6     00 07 63 0B B9 0C 77 85        9597            
1221,699465            97            9597            Checksum Error
1221,749363            D8     FF FF FF FF FF FF FF FF        9597            
1221,798852            3C     FF FF FF FF FF FF FF FF        9597            
1221,848750            7D            9597            Checksum Error
1221,899466            03     36 0B FF FF FF FF FF FF        9597            
1221,948955            C4     AA 0A FF FF FF FF FF FF        9579            
1221,998853            85     01 FF FF FF FF FF FF FF        9579            
1222,048342            06     00 00 FF FF FF FF FF FF        9597            
1222,098240            47     01 00 FF FF FF FF FF FF        9597            
1222,147729            49     FF FF FF FF FF FF FF FF        9597            
1222,197627            D6     00 07 63 0B B9 0C 77 85        9597            
1222,248343            97            9597            Checksum Error
1222,297832            D8     FF FF FF FF FF FF FF FF        9597            
1222,347730            3C     03 05 B9 00 1F 00 00 FF        9597            
1222,397219            7D     03 02 F9 00 FF FF FF FF        9597            
1222,447117            3C     03 10 0B BA 00 1F 00 1E        9597            
1222,496606            3C     03 21 00 00 22 FF FF FF        9597            
1222,546504            7D     03 10 29 FA 00 1F 00 1E        9597            
1222,595993            7D     03 21 00 00 22 FF FF FF        9597            
1222,645891            7D     03 22 54 01 0C 32 1D 15        9597            
1222,695380            7D     03 23 2C 0B 01 00 00 00        9597            
1222,745278            7D     03 24 00 00 00 00 01 01        9597            
1222,794767            7D     03 25 00 00 00 00 00 00        9597            
1222,844665            7D     03 26 00 00 00 00 00 00        9597            
1222,895381            03     36 0B FF FF FF FF FF FF        9597            
1222,944870            C4     AA 0A FF FF FF FF FF FF        9597            
1222,994768            85     01 FF FF FF FF FF FF FF        9615            
1223,044257            06     00 00 FF FF FF FF FF FF        9615            
1223,094155            47     01 00 FF FF FF FF FF FF        9597            
1223,143644            49     FF FF FF FF FF FF FF FF        9597            
1223,193542            D6     00 07 63 0B B9 0C 77 85        9597            
1223,244258            97            9597            Checksum Error
1223,293747            D8     FE FF FF FF FF FF FF FF        9597            
1223,343645            3C     01 04 B8 10 03 01 FF FF        9615            
1223,393134            7D     01 03 F8 02 02 FF FF FF        9597            
1223,443850            03     2C 0B FF FF FF FF FF FF        9597            
1223,493748            C4     AA 0A FF FF FF FF FF FF        9597            
1223,543237            85     01 FF FF FF FF FF FF FF        9615            
1223,593135            06     00 00 FF FF FF FF FF FF        9597            
1223,642624            47     01 00 FF FF FF FF FF FF        9597            
1223,692522            49     FF FF FF FF FF FF FF FF        9597            
1223,742011            D6     00 07 63 0B B9 0C 77 85        9597            
1223,791909            08     86 0B 71 00 00 00 00 FF        9597            
1223,841398            97            9597            Checksum Error
1223,891296            D8     FE FF FF FF FF FF FF FF        9597            
1223,940785            3C     01 06 B2 23 17 46 10 03        9597            
1223,990683            7D     01 06 F2 01 00 00 00 FF        9597            
1224,040990            03     2C 0B FF FF FF FF FF FF        9597            
1224,090479            C4     AA 0A FF FF FF FF FF FF        9597            
1224,139968            85     01 FF FF FF FF FF FF FF        9615            
1224,189866            06     00 00 FF FF FF FF FF FF        9597            
1224,239355            47     01 00 FF FF FF FF FF FF        9597            
1224,289253            49     FF FF FF FF FF FF FF FF        9597            
1224,338742            D6     00 07 63 0B B9 0C 77 85        9597            
1224,388640            08     86 0B 71 00 00 00 00 FF        9597            
1224,438129            97            9597            Checksum Error
1224,488027            D8     FE FF FF FF FF FF FF FF        9597            
1224,537516            3C     FF FF FF FF FF FF FF FF        9597            
1224,587414            7D            9597            Checksum Error
1224,638130            03     2C 0B FF FF FF FF FF FF        9597            
1224,687619            C4     AA 0A FF FF FF FF FF FF        9597            
1224,737517            85     01 FF FF FF FF FF FF FF        9597            
1224,787006            06     00 00 FF FF FF FF FF FF        9597            
1224,836904            47     01 00 FF FF FF FF FF FF        9597            
1224,886393            49     FF FF FF FF FF FF FF FF        9615            
1224,936291            D6     00 07 63 0B B9 0C 77 85        9597            
1224,985780            08     86 0B 71 00 00 00 00 FF        9597            
1225,035678            97            9597            Checksum Error
1225,085167            D8     FE FF FF FF FF FF FF FF        9597            
1225,135065            3C     03 05 B9 00 1F 00 00 FF        9597            
1225,184554            7D     03 02 F9 00 FF FF FF FF        9597            
1225,234452            3C     03 10 29 BB 00 1F 00 1E        9597            
1225,283941            3C     03 21 00 00 22 FF FF FF        9597            
1225,333839            3C     03 22 54 01 02 0D 1D 7E        9597            
1225,383328            3C     03 23 00 00 00 00 00 00        9615            
1225,433226            3C     03 24 00 00 00 00 00 00        9597            
1225,482715            3C     03 25 00 00 00 00 00 00        9597            
1225,532204            3C     03 26 00 00 00 00 00 00        9597            
1225,581693            7D     03 01 FB FF FF FF FF FF        9615            
1225,631182            3C     03 05 B9 00 1F 00 01 FF        9597            
1225,681080            7D     03 02 F9 00 FF FF FF FF        9615            
1225,731796            03     2C 0B FF FF FF FF FF FF        9615            
1225,781285            C4     AA 0A FF FF FF FF FF FF        9597            
1225,830774            85     01 FF FF FF FF FF FF FF        9597            
1225,880263            06     00 00 FF FF FF FF FF FF        9597            
1225,930161            47     01 00 FF FF FF FF FF FF        9615            
1225,979650            49     FF FF FF FF FF FF FF FF        9615            
1226,029548            D6     00 07 63 0B B9 0C 77 85        9597            
1226,079037            08     86 0B 71 00 00 00 00 FF        9597            
1226,128526            97            9597            Checksum Error
1226,178424            D8     FE FF FF FF FF FF FF FF        9597            
1226,227913            3C     FF FF FF FF FF FF FF FF        9615            
1226,277811            7D            9597            Checksum Error
1226,328118            03     2C 0B FF FF FF FF FF FF        9597            
1226,378016            C4     AA 0A FF FF FF FF FF FF        9597            
1226,427914            85     01 FF FF FF FF FF FF FF        9615            
1226,477403            06     00 00 FF FF FF FF FF FF        9597            
1226,526892            47     01 00 FF FF FF FF FF FF        9597            
1226,576381            49     FF FF FF FF FF FF FF FF        9597            
1226,625870            D6     00 07 63 0B B9 0C 77 85        9597            
1226,676586            97            9597            Checksum Error
1226,726484            D8     FE FF FF FF FF FF FF FF        9615            
1226,775973            3C     01 04 B8 10 03 01 FF FF        9597            
1226,825871            7D     01 03 F8 02 02 FF FF FF        9597            
1226,876587            03     2C 0B FF FF FF FF FF FF        9597            
1226,926076            C4     AA 0A FF FF FF FF FF FF        9597            
1226,975974            85     01 FF FF FF FF FF FF FF        9597            
1227,025463            06     00 00 FF FF FF FF FF FF        9615            
1227,075361            47     01 00 FF FF FF FF FF FF        9597            
1227,124850            49     FF FF FF FF FF FF FF FF        9615            
1227,174339            D6     00 07 63 0B B9 0C 77 85        9597            
1227,224646            97            9597            Checksum Error
1227,274544            D8     FE FF FF FF FF FF FF FF        9597            
1227,324033            3C     01 06 B2 23 17 46 10 03        9597            
1227,373931            7D     01 06 F2 01 00 00 00 FF        9597            
1227,424647            03     2C 0B FF FF FF FF FF FF        9597            
1227,474136            C4     AA 0A FF FF FF FF FF FF        9615            
1227,524034            85     01 FF FF FF FF FF FF FF        9597            
1227,573523            06     00 00 FF FF FF FF FF FF        9615            
1227,623012            47     01 00 FF FF FF FF FF FF        9597            
1227,672501            49     FF FF FF FF FF FF FF FF        9597            
1227,721990            D6     00 07 63 0B B9 0C 77 85        9615            
1227,772706            97            9615            Checksum Error
1227,822604            D8     FE FF FF FF FF FF FF FF        9597            
1227,872093            3C     FF FF FF FF FF FF FF FF        9615            
1227,921991            7D            9597            Checksum Error
1227,972707            03     2C 0B FF FF FF FF FF FF        9597            
1228,022196            C4     AA 0A FF FF FF FF FF FF        9597            
1228,072094            85     01 FF FF FF FF FF FF FF        9597            
1228,121583            06     00 00 FF FF FF FF FF FF        9597            
