Time Stamp(sec)   Frame ID          Frame Data        Baud Rate(bits/sec)     Error Condition
795,045897            47     01 00 FF FF FF FF FF FF        9597            
795,095386            49     FF FF FF FF FF FF FF FF        9597            
795,145284            D6     00 0F 61 0B EA 0C 27 85        9597            
795,196000            97            9579            Checksum Error
795,245489            D8     FE FF FF FF FF FF FF FF        9579            
795,295387            3C     FF FF FF FF FF FF FF FF        9597            
795,344876            7D            9597            Checksum Error
795,395592            03     7C 0B FF FF FF FF FF FF        9597            
795,445490            C4     AA 0A FF FF FF FF FF FF        9597            
795,494979            85     01 FF FF FF FF FF FF FF        9597            
795,544877            06     00 00 FF FF FF FF FF FF        9597            
795,594366            47     01 00 FF FF FF FF FF FF        9597            
795,644264            49     FF FF FF FF FF FF FF FF        9597            
795,693753            D6     00 0F 61 0B EA 0C 77 85        9597            
795,744469            97            9597            Checksum Error
795,794367            D8     FE FF FF FF FF FF FF FF        9615            
795,843856            3C     03 05 B9 00 1F 00 00 FF        9597            
795,893754            7D     03 02 F9 00 FF FF FF FF        9597            
795,943243            3C     03 10 29 BB 00 1F 00 1E        9597            
795,993141            3C     03 21 00 00 22 FF FF FF        9615            
796,042630            3C     03 22 54 01 14 33 00 56        9597            
796,092528            3C     03 23 7C 0B 01 00 00 00        9597            
796,142017            3C     03 24 00 00 00 00 01 01        9597            
796,191915            3C     03 25 02 0D 61 0B 07 00        9597            
796,241404            3C     03 26 00 00 00 00 00 00        9597            
796,290893            7D     03 01 FB FF FF FF FF FF        9597            
796,340791            3C     03 05 B9 00 1F 00 01 FF        9597            
796,390280            7D     03 02 F9 00 FF FF FF FF        9579            
796,440587            03     7C 0B FF FF FF FF FF FF        9579            
796,490076            C4     AA 0A FF FF FF FF FF FF        9597            
796,539974            85     01 FF FF FF FF FF FF FF        9597            
796,589463            06     00 00 FF FF FF FF FF FF        9597            
796,639361            47     01 00 FF FF FF FF FF FF        9597            
796,688850            49     FF FF FF FF FF FF FF FF        9597            
796,738748            D6     00 0F 61 0B EA 0C 27 85        9579            
796,789464            97            9597            Checksum Error
796,838953            D8     FE FF FF FF FF FF FF FF        9597            
796,888851            3C     FF FF FF FF FF FF FF FF        9597            
796,938749            7D            9579            Checksum Error
796,989465            03     7C 0B FF FF FF FF FF FF        9597            
797,038954            C4     AA 0A FF FF FF FF FF FF        9579            
797,088852            85     01 FF FF FF FF FF FF FF        9597            
797,138341            06     00 00 FF FF FF FF FF FF        9597            
797,188239            47     01 00 FF FF FF FF FF FF        9597            
797,237728            49     FF FF FF FF FF FF FF FF        9597            
797,287626            D6     00 0F 61 0B EA 0C 27 85        9597            
797,338342            97            9597            Checksum Error
797,387831            D8     FF FF FF FF FF FF FF FF        9597            
797,437729            3C     01 04 B8 10 03 01 FF FF        9597            
797,487218            7D     01 03 F8 02 02 FF FF FF        9597            
797,538343            03     7C 0B FF FF FF FF FF FF        9597            
797,587832            C4     AA 0A FF FF FF FF FF FF        9597            
797,637730            85     01 FF FF FF FF FF FF FF        9597            
797,687219            06     00 00 FF FF FF FF FF FF        9597            
797,737117            47     01 00 FF FF FF FF FF FF        9597            
797,786606            49     FF FF FF FF FF FF FF FF        9597            
797,836504            D6     00 0F 61 0B EA 0C 77 85        9597            
797,887220            97            9597            Checksum Error
797,936709            D8     FF FF FF FF FF FF FF FF        9597            
797,986607            3C     01 06 B2 23 17 46 10 03        9597            
798,036505            7D     01 06 F2 01 00 00 00 FF        9579            
798,087221            03     7C 0B FF FF FF FF FF FF        9597            
798,136710            C4     AA 0A FF FF FF FF FF FF        9579            
798,186608            85     01 FF FF FF FF FF FF FF        9597            
798,236097            06     00 00 FF FF FF FF FF FF        9597            
798,285995            47     01 00 FF FF FF FF FF FF        9597            
798,335484            49     FF FF FF FF FF FF FF FF        9597            
798,384973            D6     00 0F 61 0B EA 0C 27 85        9579            
798,435689            97            9597            Checksum Error
798,485587            D8     FF FF FF FF FF FF FF FF        9597            
798,535076            3C     FF FF FF FF FF FF FF FF        9597            
798,584974            7D            9597            Checksum Error
798,635690            03     7C 0B FF FF FF FF FF FF        9597            
798,685179            C4     AA 0A FF FF FF FF FF FF        9597            
798,734668            85     01 FF FF FF FF FF FF FF        9597            
798,784566            06     00 00 FF FF FF FF FF FF        9615            
798,834055            47     01 00 FF FF FF FF FF FF        9597            
798,883953            49     FF FF FF FF FF FF FF FF        9615            
798,933442            D6     00 0F 61 0B EA 0C 27 85        9597            
798,984158            97            9597            Checksum Error
799,033647            D8     FF FF FF FF FF FF FF FF        9597            
799,083545            3C     03 05 B9 00 1F 00 00 FF        9615            
799,133034            7D     03 02 F9 00 FF FF FF FF        9597            
799,182523            3C     03 10 0B BA 00 1F 00 1E        9615            
799,232421            3C     03 21 00 00 22 FF FF FF        9597            
799,281910            7D     03 10 29 FA 00 1F 00 1E        9597            
799,331808            7D     03 21 00 00 22 FF FF FF        9597            
799,381297            7D     03 22 54 01 0C 32 16 D5        9615            
799,431195            7D     03 23 72 0B 01 00 00 00        9597            
799,480684            7D     03 24 00 00 00 00 01 01        9597            
799,530582            7D     03 25 00 00 00 00 00 00        9597            
799,580071            7D     03 26 00 00 00 00 00 00        9597            
799,630787            03     7C 0B FF FF FF FF FF FF        9597            
799,680685            C4     AA 0A FF FF FF FF FF FF        9597            
799,730174            85     01 FF FF FF FF FF FF FF        9597            
799,780072            06     00 00 FF FF FF FF FF FF        9597            
799,829561            47     01 00 FF FF FF FF FF FF        9597            
799,879459            49     FF FF FF FF FF FF FF FF        9615            
799,928948            D6     00 0F 61 0B EA 0C 27 85        9597            
799,979664            97            9597            Checksum Error
800,029562            D8     FE FF FF FF FF FF FF FF        9597            
800,079051            3C     01 04 B8 10 03 01 FF FF        9615            
800,128540            7D     01 03 F8 02 02 FF FF FF        9615            
800,178847            03     72 0B FF FF FF FF FF FF        9597            
800,228745            C4     AA 0A FF FF FF FF FF FF        9615            
800,278234            85     01 FF FF FF FF FF FF FF        9597            
800,327723            06     00 00 FF FF FF FF FF FF        9615            
800,377621            47     01 00 FF FF FF FF FF FF        9615            
800,427110            49     FF FF FF FF FF FF FF FF        9579            
800,477008            D6     00 0F 61 0B EA 0C 77 85        9597            
800,526497            08     86 0B 71 00 00 00 00 FF        9597            
800,576395            97            9597            Checksum Error
800,625884            D8     FE FF FF FF FF FF FF FF        9597            
800,675782            3C     01 06 B2 23 17 46 10 03        9597            
800,725271            7D     01 06 F2 01 00 00 00 FF        9597            
800,775578            03     72 0B FF FF FF FF FF FF        9597            
800,825476            C4     AA 0A FF FF FF FF FF FF        9597            
800,874965            85     01 FF FF FF FF FF FF FF        9597            
800,924863            06     00 00 FF FF FF FF FF FF        9597            
800,974761            47     01 00 FF FF FF FF FF FF        9597            
801,024250            49     FF FF FF FF FF FF FF FF        9597            
801,074148            D6     00 0F 61 0B EA 0C 27 85        9597            
801,123637            08     86 0B 71 00 00 00 00 FF        9597            
801,173535            97            9597            Checksum Error
801,223024            D8     FE FF FF FF FF FF FF FF        9597            
801,272922            3C     FF FF FF FF FF FF FF FF        9597            
801,322411            7D            9597            Checksum Error
801,372718            03     72 0B FF FF FF FF FF FF        9597            
801,422616            C4     AA 0A FF FF FF FF FF FF        9597            
801,472514            85     01 FF FF FF FF FF FF FF        9597            
801,522003            06     00 00 FF FF FF FF FF FF        9597            
801,571901            47     01 00 FF FF FF FF FF FF        9579            
801,621390            49     FF FF FF FF FF FF FF FF        9597            
801,671288            D6     00 0F 61 0B EA 0C 27 85        9597            
801,720777            08     86 0B 71 00 00 00 00 FF        9579            
801,770675            97            9597            Checksum Error
801,820164            D8     FE FF FF FF FF FF FF FF        9597            
801,869653            3C     03 05 B9 00 1F 00 00 FF        9597            
801,919551            7D     03 02 F9 00 FF FF FF FF        9597            
801,969040            3C     03 10 29 BB 00 1F 00 1E        9597            
802,018938            3C     03 21 00 00 22 FF FF FF        9597            
802,068427            3C     03 22 54 01 02 0D 16 85        9597            
802,118325            3C     03 23 00 00 00 00 00 00        9597            
802,167814            3C     03 24 00 00 00 00 00 00        9597            
802,217712            3C     03 25 00 00 00 00 00 00        9597            
802,267201            3C     03 26 00 00 00 00 00 00        9579            
802,317099            7D     03 01 FB FF FF FF FF FF        9597            
802,366997            3C     03 05 B9 00 1F 00 01 FF        9597            
802,416486            7D     03 02 F9 00 FF FF FF FF        9597            
802,467202            03     72 0B FF FF FF FF FF FF        9597            
802,517100            C4     AA 0A FF FF FF FF FF FF        9597            
802,566998            85     01 FF FF FF FF FF FF FF        9597            
802,616487            06     00 00 FF FF FF FF FF FF        9597            
802,666385            47     01 00 FF FF FF FF FF FF        9597            
802,715874            49     FF FF FF FF FF FF FF FF        9597            
802,765772            D6     00 0F 61 0B EA 0C 27 85        9597            
802,815670            08     86 0B 71 00 00 00 00 FF        9597            
802,865159            97            9597            Checksum Error
802,914648            D8     FE FF FF FF FF FF FF FF        9597            
802,964137            3C     FF FF FF FF FF FF FF FF        9597            
803,014035            7D            9597            Checksum Error
803,064751            03     72 0B FF FF FF FF FF FF        9597            
803,114240            C4     AA 0A FF FF FF FF FF FF        9597            
803,164138            85     01 FF FF FF FF FF FF FF        9579            
803,213627            06     00 00 FF FF FF FF FF FF        9597            
803,263525            47     01 00 FF FF FF FF FF FF        9597            
803,313423            49     FF FF FF FF FF FF FF FF        9597            
803,362912            D6     00 0F 61 0B EA 0C 27 85        9597            
803,413628            97            9597            Checksum Error
803,463526            D8     FE FF FF FF FF FF FF FF        9597            
803,513015            3C     01 04 B8 10 03 01 FF FF        9579            
803,562504            7D     01 03 F8 02 02 FF FF FF        9597            
803,613220            03     72 0B FF FF FF FF FF FF        9597            
803,663118            C4     AA 0A FF FF FF FF FF FF        9579            
803,712607            85     01 FF FF FF FF FF FF FF        9579            
803,762505            06     00 00 FF FF FF FF FF FF        9579            
803,811994            47     01 00 FF FF FF FF FF FF        9579            
803,861892            49     FF FF FF FF FF FF FF FF        9597            
803,911790            D6     00 0F 61 0B E8 0C 27 85        9579            
803,962506            97            9597            Checksum Error
804,007771            D8     FE FF FF FF FF FF FF FF        9579            
804,057669            3C     01 06 B2 23 17 46 10 03        9597            
804,107158            7D     01 06 F2 01 00 00 00 FF        9597            
804,157874            03     72 0B FF FF FF FF FF FF        9597            
804,207772            C4     AA 0A FF FF FF FF FF FF        9597            
804,257261            85     01 FF FF FF FF FF FF FF        9597            
804,306750            06     00 00 FF FF FF FF FF FF        9597            
804,356239            47     01 00 FF FF FF FF FF FF        9597            
804,406137            49     FF FF FF FF FF FF FF FF        9615            
