Time Stamp(sec)   Frame ID          Frame Data        Baud Rate(bits/sec)     Error Condition
1377,747703            3C     03 25 D0 0C 62 0B 07 00        9597            
1377,797601            3C     03 26 00 00 00 00 00 00        9597            
1377,847090            7D     03 01 FB FF FF FF FF FF        9615            
1377,896579            3C     03 05 B9 00 1F 00 01 FF        9597            
1377,946477            7D     03 02 F9 00 FF FF FF FF        9597            
1377,997193            03     86 0B FF FF FF FF FF FF        9597            
1378,046682            C4     AA 0A FF FF FF FF FF FF        9597            
1378,096580            85     01 FF FF FF FF FF FF FF        9597            
1378,146069            06     00 00 FF FF FF FF FF FF        9597            
1378,195558            47     02 00 FF FF FF FF FF FF        9597            
1378,245047            49     FF FF FF FF FF FF FF FF        9615            
1378,294536            D6     00 0F 62 0B AA 0C 77 85        9597            
1378,345252            97            9597            Checksum Error
1378,395150            D8     FE FF FF FF FF FF FF FF        9597            
1378,444639            3C     FF FF FF FF FF FF FF FF        9597            
1378,494537            7D            9597            Checksum Error
1378,545253            03     86 0B FF FF FF FF FF FF        9597            
1378,594742            C4     AA 0A FF FF FF FF FF FF        9597            
1378,644640            85     01 FF FF FF FF FF FF FF        9597            
1378,694129            06     00 00 FF FF FF FF FF FF        9615            
1378,743618            47     02 00 FF FF FF FF FF FF        9597            
1378,793516            49     FF FF FF FF FF FF FF FF        9615            
1378,843005            D6     00 0F 62 0B A8 0C 77 85        9615            
1378,893721            97            9597            Checksum Error
1378,943619            D8     FE FF FF FF FF FF FF FF        9597            
1378,993108            3C     01 04 B8 10 03 01 FF FF        9615            
1379,043006            7D     01 03 F8 02 02 FF FF FF        9615            
1379,093722            03     86 0B FF FF FF FF FF FF        9597            
1379,143211            C4     AA 0A FF FF FF FF FF FF        9615            
1379,192700            85     01 FF FF FF FF FF FF FF        9597            
1379,242189            06     00 00 FF FF FF FF FF FF        9597            
1379,291678            47     02 00 FF FF FF FF FF FF        9597            
1379,341576            49     FF FF FF FF FF FF FF FF        9615            
1379,391065            D6     00 0F 62 0B A8 0C 6D 85        9597            
1379,441781            97            9597            Checksum Error
1379,491679            D8     FE FF FF FF FF FF FF FF        9597            
1379,541168            3C     01 06 B2 23 17 46 10 03        9597            
1379,591066            7D     01 06 F2 01 00 00 00 FF        9615            
1379,641782            03     86 0B FF FF FF FF FF FF        9597            
1379,691271            C4     AA 0A FF FF FF FF FF FF        9597            
1379,741169            85     01 FF FF FF FF FF FF FF        9597            
1379,790658            06     00 00 FF FF FF FF FF FF        9597            
1379,840556            47     02 00 FF FF FF FF FF FF        9597            
1379,890045            49     FF FF FF FF FF FF FF FF        9597            
1379,939943            D6     00 0F 62 0B A8 0C 6D 85        9597            
1379,990659            97            9597            Checksum Error
1380,040148            D8     FE FF FF FF FF FF FF FF        9597            
1380,089637            3C     FF FF FF FF FF FF FF FF        9597            
1380,139535            7D            9597            Checksum Error
1380,190251            03     86 0B FF FF FF FF FF FF        9597            
1380,239740            C4     AA 0A FF FF FF FF FF FF        9615            
1380,289638            85     01 FF FF FF FF FF FF FF        9597            
1380,339127            06     00 00 FF FF FF FF FF FF        9597            
1380,389025            47     02 00 FF FF FF FF FF FF        9615            
1380,438514            49     FF FF FF FF FF FF FF FF        9597            
1380,488412            D6     00 0F 62 0B A8 0C 6D 85        9615            
1380,538719            97            9597            Checksum Error
1380,588617            D8     FE FF FF FF FF FF FF FF        9597            
1380,638106            3C     FF FF FF FF FF FF FF FF        9597            
1380,688004            7D            9597            Checksum Error
1380,738720            03     86 0B FF FF FF FF FF FF        9615            
1380,788209            C4     AA 0A FF FF FF FF FF FF        9597            
1380,837698            85     01 FF FF FF FF FF FF FF        9615            
1380,887187            06     00 00 FF FF FF FF FF FF        9597            
1380,937085            47     02 00 FF FF FF FF FF FF        9597            
1380,986574            49     FF FF FF FF FF FF FF FF        9597            
1381,036472            D6     00 0F 62 0B A8 0C 77 85        9597            
1381,087188            97            9597            Checksum Error
1381,136677            D8     FF FF FF FF FF FF FF FF        9597            
1381,186575            3C     01 04 B8 10 03 01 FF FF        9597            
1381,236064            7D     01 03 F8 02 02 FF FF FF        9579            
1381,286780            03     86 0B FF FF FF FF FF FF        9597            
1381,336678            C4     AA 0A FF FF FF FF FF FF        9597            
1381,386167            85     01 FF FF FF FF FF FF FF        9597            
1381,436065            06     00 00 FF FF FF FF FF FF        9597            
1381,485554            47     02 00 FF FF FF FF FF FF        9597            
1381,535452            49     FF FF FF FF FF FF FF FF        9615            
1381,584941            D6     00 0F 62 0B A8 0C 6D 85        9597            
1381,635657            97            9597            Checksum Error
1381,685555            D8     FF FF FF FF FF FF FF FF        9597            
1381,735044            3C     01 06 B2 23 17 46 10 03        9597            
1381,784942            7D     01 06 F2 01 00 00 00 FF        9615            
1381,835249            03     86 0B FF FF FF FF FF FF        9597            
1381,885147            C4     AA 0A FF FF FF FF FF FF        9597            
1381,934636            85     01 FF FF FF FF FF FF FF        9597            
1381,984534            06     00 00 FF FF FF FF FF FF        9597            
1382,034023            47     02 00 FF FF FF FF FF FF        9597            
1382,083921            49     FF FF FF FF FF FF FF FF        9597            
1382,133410            D6     00 0F 62 0B A8 0C 6D 85        9615            
1382,184126            97            9597            Checksum Error
1382,234024            D8     FF FF FF FF FF FF FF FF        9615            
1382,283513            3C     FF FF FF FF FF FF FF FF        9597            
1382,333411            7D            9615            Checksum Error
1382,383718            03     86 0B FF FF FF FF FF FF        9597            
1382,433207            C4     AA 0A FF FF FF FF FF FF        9615            
1382,482696            85     01 FF FF FF FF FF FF FF        9597            
1382,532594            06     00 00 FF FF FF FF FF FF        9597            
1382,582083            47     02 00 FF FF FF FF FF FF        9615            
1382,631981            49     FF FF FF FF FF FF FF FF        9615            
1382,681470            D6     00 0F 62 0B A7 0C 77 85        9597            
1382,732186            97            9597            Checksum Error
1382,782084            D8     FF FF FF FF FF FF FF FF        9597            
1382,831573            3C     03 05 B9 00 1F 00 00 FF        9597            
1382,881471            7D     03 02 F9 00 FF FF FF FF        9597            
1382,930960            3C     03 10 0B BA 00 1F 00 1E        9597            
1382,980858            3C     03 21 00 00 22 FF FF FF        9597            
1383,030347            7D     03 10 29 FA 00 1F 00 1E        9597            
1383,080245            7D     03 21 00 00 22 FF FF FF        9597            
1383,129734            7D     03 22 54 01 0C 32 22 B5        9597            
1383,179632            7D     03 23 86 0B 01 00 00 00        9597            
1383,229121            7D     03 24 00 00 00 00 01 01        9597            
1383,279019            7D     03 25 00 00 00 00 00 00        9615            
1383,328508            7D     03 26 00 00 00 00 00 00        9597            
1383,379224            03     86 0B FF FF FF FF FF FF        9597            
1383,429122            C4     AA 0A FF FF FF FF FF FF        9597            
1383,478611            85     01 FF FF FF FF FF FF FF        9597            
1383,528509            06     00 00 FF FF FF FF FF FF        9615            
1383,577998            47     02 00 FF FF FF FF FF FF        9597            
1383,627896            49     FF FF FF FF FF FF FF FF        9597            
1383,677385            D6     00 0F 62 0B A7 0C 77 85        9615            
1383,728101            97            9597            Checksum Error
1383,777590            D8     FE FF FF FF FF FF FF FF        9615            
1383,827079            3C     01 04 B8 10 03 01 FF FF        9597            
1383,876568            7D     01 03 F8 02 02 FF FF FF        9597            
1383,927284            03     86 0B FF FF FF FF FF FF        9597            
1383,977182            C4     AA 0A FF FF FF FF FF FF        9597            
1384,026671            85     01 FF FF FF FF FF FF FF        9615            
1384,076569            06     00 00 FF FF FF FF FF FF        9615            
1384,126058            47     01 00 FF FF FF FF FF FF        9597            
1384,175956            49     FF FF FF FF FF FF FF FF        9597            
1384,225445            D6     00 0F 62 0B A7 0C 77 85        9597            
1384,275343            08     86 0B 71 00 00 00 00 FF        9597            
1384,324832            97            9597            Checksum Error
1384,374730            D8     FE FF FF FF FF FF FF FF        9597            
1384,424219            3C     01 06 B2 23 17 46 10 03        9597            
1384,474117            7D     01 06 F2 01 00 00 00 FF        9597            
1384,524833            03     86 0B FF FF FF FF FF FF        9597            
1384,574322            C4     AA 0A FF FF FF FF FF FF        9597            
1384,624220            85     01 FF FF FF FF FF FF FF        9597            
1384,673709            06     00 00 FF FF FF FF FF FF        9597            
1384,723607            47     01 00 FF FF FF FF FF FF        9597            
1384,773096            49     FF FF FF FF FF FF FF FF        9597            
1384,822994            D6     00 0F 62 0B A7 0C 77 85        9597            
1384,872483            08     86 0B 71 00 00 00 00 FF        9597            
1384,922381            97            9597            Checksum Error
1384,971870            D8     FE FF FF FF FF FF FF FF        9597            
1385,021768            3C     FF FF FF FF FF FF FF FF        9597            
1385,071257            7D            9597            Checksum Error
1385,121973            03     86 0B FF FF FF FF FF FF        9597            
1385,171462            C4     AA 0A FF FF FF FF FF FF        9597            
1385,220951            85     01 FF FF FF FF FF FF FF        9597            
1385,270440            06     00 00 FF FF FF FF FF FF        9597            
1385,319929            47     01 00 FF FF FF FF FF FF        9615            
1385,369418            49     FF FF FF FF FF FF FF FF        9615            
1385,419316            D6     00 0F 62 0B A7 0C 77 85        9597            
1385,468805            08     86 0B 71 00 00 00 00 FF        9597            
1385,518703            97            9597            Checksum Error
1385,568192            D8     FE FF FF FF FF FF FF FF        9597            
1385,618090            3C     03 05 B9 00 1F 00 00 FF        9597            
1385,667579            7D     03 02 F9 00 FF FF FF FF        9597            
1385,717477            3C     03 10 29 BB 00 1F 00 1E        9597            
1385,766966            3C     03 21 00 00 22 FF FF FF        9579            
1385,816864            3C     03 22 54 01 02 0D 22 79        9597            
1385,866353            3C     03 23 00 00 00 00 00 00        9597            
1385,916251            3C     03 24 00 00 00 00 00 00        9597            
1385,965740            3C     03 25 00 00 00 00 00 00        9615            
1386,015638            3C     03 26 00 00 00 00 00 00        9597            
1386,065127            7D     03 01 FB FF FF FF FF FF        9597            
1386,115025            3C     03 05 B9 00 1F 00 01 FF        9615            
1386,164514            7D     03 02 F9 00 FF FF FF FF        9597            
1386,215230            03     86 0B FF FF FF FF FF FF        9597            
1386,265128            C4     AA 0A FF FF FF FF FF FF        9615            
1386,314617            85     01 FF FF FF FF FF FF FF        9615            
1386,364106            06     00 00 FF FF FF FF FF FF        9615            
1386,414004            47     01 00 FF FF FF FF FF FF        9597            
1386,463493            49     FF FF FF FF FF FF FF FF        9597            
1386,513391            D6     00 0F 62 0B A6 0C 77 85        9597            
1386,562880            08     86 0B 71 00 00 00 00 FF        9597            
1402,055666            7D     01 06 F2 01 00 00 00 FF        9615            
1402,106382            03     86 0B FF FF FF FF FF FF        9597            
1402,155871            C4     AA 0A FF FF FF FF FF FF        9597            
1402,205769            85     01 FF FF FF FF FF FF FF        9597            
1402,255258            06     00 00 FF FF FF FF FF FF        9615            
1402,305156            47     01 00 FF FF FF FF FF FF        9597            
1402,354645            49     FF FF FF FF FF FF FF FF        9597            
1402,404543            D6     00 0F 62 0B A3 0C 77 85        9597            
1402,455259            97            9597            Checksum Error
1402,504748            D8     FE FF FF FF FF FF FF FF        9597            
1402,554646            3C     FF FF FF FF FF FF FF FF        9597            
1402,604135            7D            9597            Checksum Error
1402,654851            03     86 0B FF FF FF FF FF FF        9597            
1402,704340            C4     AA 0A FF FF FF FF FF FF        9597            
1402,753829            85     01 FF FF FF FF FF FF FF        9597            
