Time Stamp(sec)   Frame ID          Frame Data        Baud Rate(bits/sec)     Error Condition
836,211888            97            9597            Checksum Error
836,261786            D8     FE FF FF FF FF FF FF FF        9615            
836,311275            3C     01 04 B8 10 03 01 FF FF        9597            
836,361173            7D     01 03 F8 02 02 FF FF FF        9597            
836,411889            03     72 0B FF FF FF FF FF FF        9597            
836,461378            C4     AA 0A FF FF FF FF FF FF        9597            
836,511276            85     01 FF FF FF FF FF FF FF        9579            
836,560765            06     00 00 FF FF FF FF FF FF        9597            
836,610663            47     01 00 FF FF FF FF FF FF        9597            
836,660152            49     FF FF FF FF FF FF FF FF        9597            
836,710050            D6     00 0F 61 0B E4 0C 77 85        9597            
836,760766            97            9597            Checksum Error
836,810255            D8     FE FF FF FF FF FF FF FF        9597            
836,860153            3C     01 06 B2 23 17 46 10 03        9597            
836,909642            7D     01 06 F2 01 00 00 00 FF        9597            
836,960358            03     72 0B FF FF FF FF FF FF        9597            
837,010256            C4     AA 0A FF FF FF FF FF FF        9615            
837,059745            85     01 FF FF FF FF FF FF FF        9579            
837,109643            06     00 00 FF FF FF FF FF FF        9597            
837,159132            47     01 00 FF FF FF FF FF FF        9597            
837,209030            49     FF FF FF FF FF FF FF FF        9597            
837,258519            D6     00 0F 62 0B E4 0C 27 85        9597            
837,309235            97            9597            Checksum Error
837,359133            D8     FE FF FF FF FF FF FF FF        9597            
837,408622            3C     FF FF FF FF FF FF FF FF        9597            
837,458520            7D            9597            Checksum Error
837,509236            03     72 0B FF FF FF FF FF FF        9597            
837,558725            C4     AA 0A FF FF FF FF FF FF        9597            
837,608623            85     01 FF FF FF FF FF FF FF        9597            
837,658112            06     00 00 FF FF FF FF FF FF        9597            
837,708010            47     01 00 FF FF FF FF FF FF        9597            
837,757499            49     FF FF FF FF FF FF FF FF        9597            
837,807397            D6     00 0F 61 0B E4 0C 77 85        9579            
837,858113            97            9597            Checksum Error
837,907602            D8     FE FF FF FF FF FF FF FF        9597            
837,957500            3C     FF FF FF FF FF FF FF FF        9597            
838,006989            7D            9597            Checksum Error
838,057705            03     72 0B FF FF FF FF FF FF        9615            
838,107603            C4     AA 0A FF FF FF FF FF FF        9597            
838,157092            85     01 FF FF FF FF FF FF FF        9597            
838,206581            06     00 00 FF FF FF FF FF FF        9597            
838,256479            47     01 00 FF FF FF FF FF FF        9597            
838,305968            49     FF FF FF FF FF FF FF FF        9597            
838,355866            D6     00 0F 61 0B E4 0C 27 85        9597            
838,406582            97            9615            Checksum Error
838,456071            D8     FE FF FF FF FF FF FF FF        9597            
838,505969            3C     01 04 B8 10 03 01 FF FF        9597            
838,555458            7D     01 03 F8 02 02 FF FF FF        9597            
838,606174            03     72 0B FF FF FF FF FF FF        9597            
838,656072            C4     AA 0A FF FF FF FF FF FF        9597            
838,705561            85     01 FF FF FF FF FF FF FF        9597            
838,755459            06     00 00 FF FF FF FF FF FF        9597            
838,804948            47     01 00 FF FF FF FF FF FF        9597            
838,854846            49     FF FF FF FF FF FF FF FF        9597            
838,904335            D6     00 0F 61 0B E4 0C 27 85        9597            
838,955051            97            9597            Checksum Error
839,004540            D8     FE FF FF FF FF FF FF FF        9597            
839,054029            3C     01 06 B2 23 17 46 10 03        9597            
839,103518            7D     01 06 F2 01 00 00 00 FF        9597            
839,153825            03     72 0B FF FF FF FF FF FF        9597            
839,203723            C4     AA 0A FF FF FF FF FF FF        9597            
839,253212            85     01 FF FF FF FF FF FF FF        9597            
839,302701            06     00 00 FF FF FF FF FF FF        9597            
839,352599            47     01 00 FF FF FF FF FF FF        9597            
839,402088            49     FF FF FF FF FF FF FF FF        9597            
839,451986            D6     00 0F 61 0B E4 0C 77 85        9597            
839,502293            97            9597            Checksum Error
839,552191            D8     FF FF FF FF FF FF FF FF        9597            
839,601680            3C     FF FF FF FF FF FF FF FF        9597            
839,651578            7D            9597            Checksum Error
839,702294            03     72 0B FF FF FF FF FF FF        9615            
839,751783            C4     AA 0A FF FF FF FF FF FF        9597            
839,801681            85     01 FF FF FF FF FF FF FF        9597            
839,851170            06     00 00 FF FF FF FF FF FF        9597            
839,901068            47     01 00 FF FF FF FF FF FF        9597            
839,950557            49     FF FF FF FF FF FF FF FF        9597            
840,000455            D6     00 0F 61 0B E4 0C 27 85        9597            
840,051171            97            9615            Checksum Error
840,100660            D8     FF FF FF FF FF FF FF FF        9597            
840,150558            3C     03 05 B9 00 1F 00 00 FF        9597            
840,200047            7D     03 02 F9 00 FF FF FF FF        9615            
840,249945            3C     03 10 0B BA 00 1F 00 1E        9615            
840,299434            3C     03 21 00 00 22 FF FF FF        9597            
840,349332            7D     03 10 29 FA 00 1F 00 1E        9597            
840,398821            7D     03 21 00 00 22 FF FF FF        9597            
840,448719            7D     03 22 54 01 0C 32 17 DE        9615            
840,498208            7D     03 23 68 0B 01 00 00 00        9597            
840,548106            7D     03 24 00 00 00 00 01 01        9615            
840,597595            7D     03 25 00 00 00 00 00 00        9597            
840,647493            7D     03 26 00 00 00 00 00 00        9597            
840,698209            03     72 0B FF FF FF FF FF FF        9597            
840,747698            C4     AA 0A FF FF FF FF FF FF        9615            
840,797596            85     01 FF FF FF FF FF FF FF        9597            
840,847085            06     00 00 FF FF FF FF FF FF        9597            
840,896574            47     01 00 FF FF FF FF FF FF        9597            
840,946472            49     FF FF FF FF FF FF FF FF        9597            
840,995961            D6     00 0F 62 0B E4 0C 3B 85        9597            
841,047086            97            9597            Checksum Error
841,096575            D8     FE FF FF FF FF FF FF FF        9597            
841,146473            3C     01 04 B8 10 03 01 FF FF        9615            
841,195962            7D     01 03 F8 02 02 FF FF FF        9597            
841,246678            03     68 0B FF FF FF FF FF FF        9615            
841,296167            C4     AA 0A FF FF FF FF FF FF        9597            
841,346065            85     01 FF FF FF FF FF FF FF        9597            
841,395554            06     00 00 FF FF FF FF FF FF        9597            
841,445452            47     01 00 FF FF FF FF FF FF        9597            
841,494941            49     FF FF FF FF FF FF FF FF        9597            
841,544839            D6     00 0F 62 0B E2 0C 27 85        9597            
841,594328            08     86 0B 71 00 00 00 00 FF        9615            
841,644226            97            9597            Checksum Error
841,693715            D8     FE FF FF FF FF FF FF FF        9597            
841,743613            3C     01 06 B2 23 17 46 10 03        9597            
841,793102            7D     01 06 F2 01 00 00 00 FF        9597            
841,843818            03     68 0B FF FF FF FF FF FF        9597            
841,893716            C4     AA 0A FF FF FF FF FF FF        9597            
841,943205            85     01 FF FF FF FF FF FF FF        9597            
841,993103            06     00 00 FF FF FF FF FF FF        9597            
842,042592            47     01 00 FF FF FF FF FF FF        9615            
842,092081            49     FF FF FF FF FF FF FF FF        9597            
842,141570            D6     00 0F 62 0B E2 0C 27 85        9597            
842,191468            08     86 0B 71 00 00 00 00 FF        9615            
842,240957            97            9597            Checksum Error
842,290446            D8     FE FF FF FF FF FF FF FF        9615            
842,339935            3C     FF FF FF FF FF FF FF FF        9597            
842,389424            7D            9597            Checksum Error
842,439731            03     68 0B FF FF FF FF FF FF        9597            
842,489629            C4     AA 0A FF FF FF FF FF FF        9597            
842,539118            85     01 FF FF FF FF FF FF FF        9597            
842,589016            06     00 00 FF FF FF FF FF FF        9597            
842,638505            47     01 00 FF FF FF FF FF FF        9597            
842,688403            49     FF FF FF FF FF FF FF FF        9597            
842,737892            D6     00 0F 62 0B E2 0C 27 85        9597            
842,787790            08     86 0B 71 00 00 00 00 FF        9597            
842,837279            97            9597            Checksum Error
842,887177            D8     FE FF FF FF FF FF FF FF        9597            
842,936666            3C     03 05 B9 00 1F 00 00 FF        9597            
842,986564            7D     03 02 F9 00 FF FF FF FF        9597            
843,036053            3C     03 10 29 BB 00 1F 00 1E        9597            
843,085951            3C     03 21 00 00 22 FF FF FF        9597            
843,135440            3C     03 22 54 01 02 0D 17 84        9597            
843,185338            3C     03 23 00 00 00 00 00 00        9615            
843,234827            3C     03 24 00 00 00 00 00 00        9597            
843,284725            3C     03 25 00 00 00 00 00 00        9597            
843,334214            3C     03 26 00 00 00 00 00 00        9615            
843,384112            7D     03 01 FB FF FF FF FF FF        9597            
843,433601            3C     03 05 B9 00 1F 00 01 FF        9597            
843,483499            7D     03 02 F9 00 FF FF FF FF        9597            
843,534215            03     68 0B FF FF FF FF FF FF        9597            
843,583704            C4     AA 0A FF FF FF FF FF FF        9597            
843,633602            85     01 FF FF FF FF FF FF FF        9597            
843,683091            06     00 00 FF FF FF FF FF FF        9597            
843,732989            47     01 00 FF FF FF FF FF FF        9615            
843,782478            49     FF FF FF FF FF FF FF FF        9597            
843,831967            D6     00 0F 62 0B E2 0C 77 85        9597            
843,881865            08     86 0B 71 00 00 00 00 FF        9597            
843,931354            97            9597            Checksum Error
843,981252            D8     FE FF FF FF FF FF FF FF        9597            
844,030741            3C     FF FF FF FF FF FF FF FF        9597            
844,080639            7D            9597            Checksum Error
844,131355            03     68 0B FF FF FF FF FF FF        9597            
844,180844            C4     AA 0A FF FF FF FF FF FF        9597            
844,230742            85     01 FF FF FF FF FF FF FF        9597            
844,280231            06     00 00 FF FF FF FF FF FF        9597            
844,330129            47     01 00 FF FF FF FF FF FF        9597            
844,379618            49     FF FF FF FF FF FF FF FF        9597            
844,429107            D6     00 0F 62 0B E2 0C 77 85        9597            
844,479414            97            9597            Checksum Error
844,529312            D8     FE FF FF FF FF FF FF FF        9615            
844,578801            3C     01 04 B8 10 03 01 FF FF        9597            
844,628699            7D     01 03 F8 02 02 FF FF FF        9615            
844,679415            03     68 0B FF FF FF FF FF FF        9597            
844,728904            C4     AA 0A FF FF FF FF FF FF        9597            
844,778393            85     01 FF FF FF FF FF FF FF        9597            
844,828291            06     00 00 FF FF FF FF FF FF        9597            
844,877780            47     01 00 FF FF FF FF FF FF        9597            
844,927269            49     FF FF FF FF FF FF FF FF        9615            
844,976758            D6     00 0F 62 0B E2 0C 27 85        9597            
845,027474            97            9597            Checksum Error
845,076963            D8     FE FF FF FF FF FF FF FF        9597            
845,126861            3C     01 06 B2 23 17 46 10 03        9597            
845,176350            7D     01 06 F2 01 00 00 00 FF        9597            
845,227066            03     68 0B FF FF FF FF FF FF        9597            
845,276964            C4     AA 0A FF FF FF FF FF FF        9597            
845,326453            85     01 FF FF FF FF FF FF FF        9615            
845,376351            06     00 00 FF FF FF FF FF FF        9597            
845,425840            47     01 00 FF FF FF FF FF FF        9597            
845,475738            49     FF FF FF FF FF FF FF FF        9597            
845,525227            D6     00 0F 62 0B E2 0C 27 85        9597            
845,575943            97            9597            Checksum Error
845,625841            D8     FE FF FF FF FF FF FF FF        9597            
845,675330            3C     FF FF FF FF FF FF FF FF        9597            
845,725228            7D            9597            Checksum Error
845,775944            03     68 0B FF FF FF FF FF FF        9615            
845,825433            C4     AA 0A FF FF FF FF FF FF        9597            
845,875331            85     01 FF FF FF FF FF FF FF        9597            
845,924820            06     00 00 FF FF FF FF FF FF        9597            
845,974718            47     01 00 FF FF FF FF FF FF        9597            
846,024207            49     FF FF FF FF FF FF FF FF        9597            
846,074105            D6     00 0F 62 0B E2 0C 77 85        9597            
846,124412            97            9597            Checksum Error
846,174310            D8     FE FF FF FF FF FF FF FF        9597            
846,223799            3C     FF FF FF FF FF FF FF FF        9597            
846,273697            7D            9615            Checksum Error
846,324413            03     68 0B FF FF FF FF FF FF        9597            
846,373902            C4     AA 0A FF FF FF FF FF FF        9615            
846,423800            85     01 FF FF FF FF FF FF FF        9597            
846,473289            06     00 00 FF FF FF FF FF FF        9597            
846,523187            47     01 00 FF FF FF FF FF FF        9597            
846,572676            49     FF FF FF FF FF FF FF FF        9597            
846,622574            D6     00 0F 62 0B E2 0C 27 85        9597            
846,673290            97            9597            Checksum Error
846,722779            D8     FE FF FF FF FF FF FF FF        9615            
846,772677            3C     01 04 B8 10 03 01 FF FF        9597            
846,822166            7D     01 03 F8 02 02 FF FF FF        9597            
846,872882            03     68 0B FF FF FF FF FF FF        9597            
846,922780            C4     AA 0A FF FF FF FF FF FF        9597            
846,972269            85     01 FF FF FF FF FF FF FF        9597            
847,022167            06     00 00 FF FF FF FF FF FF        9597            
847,071656            47     01 00 FF FF FF FF FF FF        9615            
847,121145            49     FF FF FF FF FF FF FF FF        9597            
847,170634            D6     00 0F 62 0B E2 0C 31 85        9597            
847,221350            97            9597            Checksum Error
847,270839            D8     FE FF FF FF FF FF FF FF        9597            
847,320737            3C     01 06 B2 23 17 46 10 03        9597            
