Time Stamp(sec)   Frame ID          Frame Data        Baud Rate(bits/sec)     Error Condition
1146,940393            47     01 00 FF FF FF FF FF FF        9597            
1146,990291            49     FF FF FF FF FF FF FF FF        9597            
1147,039780            D6     00 07 63 0B B7 0C 77 85        9597            
1147,090496            97            9597            Checksum Error
1147,140394            D8     FE FF FF FF FF FF FF FF        9597            
1147,189883            3C     FF FF FF FF FF FF FF FF        9615            
1147,239781            7D            9597            Checksum Error
1147,290088            03     4A 0B FF FF FF FF FF FF        9597            
1147,339986            C4     AA 0A FF FF FF FF FF FF        9615            
1147,389475            85     01 FF FF FF FF FF FF FF        9597            
1147,439373            06     00 00 FF FF FF FF FF FF        9615            
1147,488862            47     01 00 FF FF FF FF FF FF        9597            
1147,538351            49     FF FF FF FF FF FF FF FF        9597            
1147,588249            D6     00 07 63 0B B7 0C 77 85        9597            
1147,638965            97            9597            Checksum Error
1147,688454            D8     FE FF FF FF FF FF FF FF        9597            
1147,738352            3C     FF FF FF FF FF FF FF FF        9615            
1147,787841            7D            9615            Checksum Error
1147,838557            03     4A 0B FF FF FF FF FF FF        9597            
1147,888046            C4     AA 0A FF FF FF FF FF FF        9597            
1147,937944            85     01 FF FF FF FF FF FF FF        9597            
1147,987433            06     00 00 FF FF FF FF FF FF        9615            
1148,037331            47     01 00 FF FF FF FF FF FF        9615            
1148,086820            49     FF FF FF FF FF FF FF FF        9615            
1148,136309            D6     00 07 63 0B B7 0C 77 85        9615            
1148,187025            97            9615            Checksum Error
1148,236514            D8     FE FF FF FF FF FF FF FF        9597            
1148,286412            3C     01 04 B8 10 03 01 FF FF        9615            
1148,335901            7D     01 03 F8 02 02 FF FF FF        9597            
1148,386617            03     4A 0B FF FF FF FF FF FF        9597            
1148,436106            C4     AA 0A FF FF FF FF FF FF        9597            
1148,486004            85     01 FF FF FF FF FF FF FF        9615            
1148,535493            06     00 00 FF FF FF FF FF FF        9615            
1148,584982            47     01 00 FF FF FF FF FF FF        9597            
1148,634880            49     FF FF FF FF FF FF FF FF        9597            
1148,684369            D6     00 07 63 0B B7 0C 77 85        9597            
1148,735085            97            9597            Checksum Error
1148,784983            D8     FE FF FF FF FF FF FF FF        9597            
1148,834472            3C     01 06 B2 23 17 46 10 03        9615            
1148,883961            7D     01 06 F2 01 00 00 00 FF        9597            
1148,934677            03     4A 0B FF FF FF FF FF FF        9597            
1148,984575            C4     AA 0A FF FF FF FF FF FF        9597            
1149,034064            85     01 FF FF FF FF FF FF FF        9597            
1149,083962            06     00 00 FF FF FF FF FF FF        9615            
1149,133451            47     01 00 FF FF FF FF FF FF        9615            
1149,182940            49     FF FF FF FF FF FF FF FF        9597            
1149,232838            D6     00 07 63 0B B7 0C 77 85        9597            
1149,283145            97            9597            Checksum Error
1149,333043            D8     FF FF FF FF FF FF FF FF        9597            
1149,382532            3C     FF FF FF FF FF FF FF FF        9597            
1149,432430            7D            9615            Checksum Error
1149,483146            03     4A 0B FF FF FF FF FF FF        9597            
1149,532635            C4     AA 0A FF FF FF FF FF FF        9597            
1149,582124            85     01 FF FF FF FF FF FF FF        9597            
1149,631613            06     00 00 FF FF FF FF FF FF        9597            
1149,681102            47     01 00 FF FF FF FF FF FF        9597            
1149,731000            49     FF FF FF FF FF FF FF FF        9597            
1149,780489            D6     00 07 63 0B B7 0C 77 85        9615            
1149,831205            97            9597            Checksum Error
1149,881103            D8     FF FF FF FF FF FF FF FF        9615            
1149,930592            3C     03 05 B9 00 1F 00 00 FF        9615            
1149,980081            7D     03 02 F9 00 FF FF FF FF        9597            
1150,029979            3C     03 10 0B BA 00 1F 00 1E        9597            
1150,079468            3C     03 21 00 00 22 FF FF FF        9597            
1150,129366            7D     03 10 29 FA 00 1F 00 1E        9597            
1150,178855            7D     03 21 00 00 22 FF FF FF        9597            
1150,228344            7D     03 22 54 01 0C 32 1B 03        9597            
1150,278242            7D     03 23 40 0B 01 00 00 00        9597            
1150,327731            7D     03 24 00 00 00 00 01 01        9597            
1150,377629            7D     03 25 00 00 00 00 00 00        9615            
1150,427118            7D     03 26 00 00 00 00 00 00        9597            
1150,477834            03     4A 0B FF FF FF FF FF FF        9597            
1150,527732            C4     AA 0A FF FF FF FF FF FF        9615            
1150,577221            85     01 FF FF FF FF FF FF FF        9597            
1150,627119            06     00 00 FF FF FF FF FF FF        9597            
1150,676608            47     01 00 FF FF FF FF FF FF        9597            
1150,726097            49     FF FF FF FF FF FF FF FF        9597            
1150,775586            D6     00 07 63 0B B7 0C 77 85        9597            
1150,826302            97            9597            Checksum Error
1150,875791            D8     FE FF FF FF FF FF FF FF        9597            
1150,925689            3C     01 04 B8 10 03 01 FF FF        9597            
1150,975178            7D     01 03 F8 02 02 FF FF FF        9615            
1151,025894            03     40 0B FF FF FF FF FF FF        9597            
1151,075383            C4     AA 0A FF FF FF FF FF FF        9597            
1151,125281            85     01 FF FF FF FF FF FF FF        9597            
1151,174770            06     00 00 FF FF FF FF FF FF        9597            
1151,224668            47     01 00 FF FF FF FF FF FF        9597            
1151,274157            49     FF FF FF FF FF FF FF FF        9597            
1151,324055            D6     00 07 63 0B B7 0C 77 85        9597            
1151,373544            08     86 0B 71 00 00 00 00 FF        9597            
1151,423442            97            9597            Checksum Error
1151,472931            D8     FE FF FF FF FF FF FF FF        9597            
1151,522420            3C     01 06 B2 23 17 46 10 03        9597            
1151,571909            7D     01 06 F2 01 00 00 00 FF        9597            
1151,622216            03     40 0B FF FF FF FF FF FF        9615            
1151,672114            C4     AA 0A FF FF FF FF FF FF        9597            
1151,721603            85     01 FF FF FF FF FF FF FF        9597            
1151,771092            06     00 00 FF FF FF FF FF FF        9597            
1151,820990            47     01 00 FF FF FF FF FF FF        9597            
1151,870479            49     FF FF FF FF FF FF FF FF        9597            
1151,920377            D6     00 07 63 0B B7 0C 77 85        9597            
1151,969866            08     86 0B 71 00 00 00 00 FF        9597            
1152,019764            97            9597            Checksum Error
1152,069253            D8     FE FF FF FF FF FF FF FF        9597            
1152,119151            3C     FF FF FF FF FF FF FF FF        9597            
1152,168640            7D            9597            Checksum Error
1152,219356            03     40 0B FF FF FF FF FF FF        9597            
1152,269254            C4     AA 0A FF FF FF FF FF FF        9597            
1152,318743            85     01 FF FF FF FF FF FF FF        9597            
1152,368641            06     00 00 FF FF FF FF FF FF        9597            
1152,413906            47     01 00 FF FF FF FF FF FF        9597            
1152,463804            49     FF FF FF FF FF FF FF FF        9597            
1152,513293            D6     00 07 63 0B B7 0C 77 85        9597            
1152,563191            08     86 0B 71 00 00 00 00 FF        9597            
1152,612680            97            9597            Checksum Error
1152,662578            D8     FE FF FF FF FF FF FF FF        9597            
1152,712067            3C     03 05 B9 00 1F 00 00 FF        9597            
1152,761965            7D     03 02 F9 00 FF FF FF FF        9597            
1152,811454            3C     03 10 29 BB 00 1F 00 1E        9597            
1152,861352            3C     03 21 00 00 22 FF FF FF        9615            
1152,910841            3C     03 22 54 01 02 0D 1B 80        9597            
1152,960739            3C     03 23 00 00 00 00 00 00        9597            
1153,010228            3C     03 24 00 00 00 00 00 00        9597            
1153,060126            3C     03 25 00 00 00 00 00 00        9597            
1153,109615            3C     03 26 00 00 00 00 00 00        9597            
1153,159513            7D     03 01 FB FF FF FF FF FF        9597            
1153,209411            3C     03 05 B9 00 1F 00 01 FF        9597            
1153,258900            7D     03 02 F9 00 FF FF FF FF        9597            
