Time Stamp(sec)   Frame ID          Frame Data        Baud Rate(bits/sec)     Error Condition
2662,806592            97            9615            Checksum Error
2662,856081            D8     FE FF FF FF FF FF FF FF        9615            
2662,905570            3C     01 04 B8 10 03 01 FF FF        9615            
2662,955059            7D     01 03 F8 02 02 FF FF FF        9597            
2663,005775            03     68 0B FF FF FF FF FF FF        9597            
2663,055264            C4     AA 0A FF FF FF FF FF FF        9597            
2663,105162            85     01 FF FF FF FF FF FF FF        9597            
2663,154651            06     00 00 FF FF FF FF FF FF        9597            
2663,204549            47     01 00 FF FF FF FF FF FF        9597            
2663,254038            49     FF FF FF FF FF FF FF FF        9597            
2663,303936            D6     00 0F 6D 0B BA 0C 77 85        9597            
2663,354652            97            9615            Checksum Error
2663,404141            D8     FE FF FF FF FF FF FF FF        9597            
2663,454039            3C     01 06 B2 23 17 46 10 03        9597            
2663,503528            7D     01 06 F2 01 00 00 00 FF        9597            
2663,554244            03     68 0B FF FF FF FF FF FF        9597            
2663,604142            C4     AA 0A FF FF FF FF FF FF        9597            
2663,653631            85     01 FF FF FF FF FF FF FF        9597            
2663,703120            06     00 00 FF FF FF FF FF FF        9597            
2663,752609            47     01 00 FF FF FF FF FF FF        9597            
2663,802098            49     FF FF FF FF FF FF FF FF        9615            
2663,851996            D6     00 0F 6D 0B BA 0C 77 85        9597            
2663,902712            97            9597            Checksum Error
2663,952201            D8     FE FF FF FF FF FF FF FF        9615            
2664,002099            3C     FF FF FF FF FF FF FF FF        9597            
2664,051588            7D            9597            Checksum Error
2664,102304            03     68 0B FF FF FF FF FF FF        9597            
2664,152202            C4     AA 0A FF FF FF FF FF FF        9597            
2664,201691            85     01 FF FF FF FF FF FF FF        9615            
2664,251589            06     00 00 FF FF FF FF FF FF        9597            
2664,301078            47     01 00 FF FF FF FF FF FF        9597            
2664,350976            49     FF FF FF FF FF FF FF FF        9597            
2664,400465            D6     00 0F 6D 0B BA 0C 77 85        9597            
2664,451181            97            9597            Checksum Error
2664,501079            D8     FE FF FF FF FF FF FF FF        9597            
2664,550568            3C     FF FF FF FF FF FF FF FF        9597            
2664,600466            7D            9597            Checksum Error
2664,651182            03     68 0B FF FF FF FF FF FF        9615            
2664,700671            C4     AA 0A FF FF FF FF FF FF        9597            
2664,750160            85     01 FF FF FF FF FF FF FF        9597            
2664,799649            06     00 00 FF FF FF FF FF FF        9597            
2664,849138            47     01 00 FF FF FF FF FF FF        9597            
2664,898627            49     FF FF FF FF FF FF FF FF        9597            
2664,948116            D6     00 0F 6D 0B BA 0C 77 85        9597            
2664,998423            97            9597            Checksum Error
2665,048321            D8     FE FF FF FF FF FF FF FF        9597            
2665,097810            3C     01 04 B8 10 03 01 FF FF        9597            
2665,147708            7D     01 03 F8 02 02 FF FF FF        9597            
2665,198424            03     68 0B FF FF FF FF FF FF        9597            
2665,247913            C4     AA 0A FF FF FF FF FF FF        9597            
2665,297811            85     01 FF FF FF FF FF FF FF        9615            
2665,347300            06     00 00 FF FF FF FF FF FF        9597            
2665,397198            47     02 00 FF FF FF FF FF FF        9597            
2665,446687            49     FF FF FF FF FF FF FF FF        9597            
2665,496585            D6     00 0F 6D 0B BA 0C 77 85        9597            
2665,546892            97            9597            Checksum Error
2665,596790            D8     FE FF FF FF FF FF FF FF        9597            
2665,646279            3C     01 06 B2 23 17 46 10 03        9615            
2665,696177            7D     01 06 F2 01 00 00 00 FF        9615            
2665,746893            03     68 0B FF FF FF FF FF FF        9597            
2665,796382            C4     AA 0A FF FF FF FF FF FF        9597            
2665,846280            85     01 FF FF FF FF FF FF FF        9597            
2665,895769            06     00 00 FF FF FF FF FF FF        9597            
2665,945667            47     02 00 FF FF FF FF FF FF        9597            
2665,995156            49     FF FF FF FF FF FF FF FF        9597            
2666,045054            D6     00 0F 6D 0B BA 0C 77 85        9597            
2666,095770            97            9597            Checksum Error
2666,145259            D8     FE FF FF FF FF FF FF FF        9597            
2666,195157            3C     FF FF FF FF FF FF FF FF        9597            
2666,244646            7D            9579            Checksum Error
2666,295362            03     68 0B FF FF FF FF FF FF        9579            
2666,345260            C4     AA 0A FF FF FF FF FF FF        9579            
2666,395158            85     01 FF FF FF FF FF FF FF        9597            
2666,444647            06     00 00 FF FF FF FF FF FF        9579            
2666,494545            47     02 00 FF FF FF FF FF FF        9597            
2666,544034            49     FF FF FF FF FF FF FF FF        9597            
2666,593932            D6     00 0F 6D 0B BA 0C 77 85        9597            
2666,644648            97            9597            Checksum Error
2666,694546            D8     FE FF FF FF FF FF FF FF        9597            
2666,744035            3C     03 05 B9 00 1F 00 00 FF        9579            
2666,793933            7D     03 02 F9 00 FF FF FF FF        9597            
2666,843422            3C     03 10 29 BB 00 1F 00 1E        9579            
2666,893320            3C     03 21 00 00 22 FF FF FF        9579            
2666,942809            3C     03 22 54 01 14 33 00 87        9597            
2666,992707            3C     03 23 68 0B 0A 00 00 00        9597            
2667,042196            3C     03 24 00 00 00 00 01 01        9597            
2667,092094            3C     03 25 D0 0C 6D 0B 07 00        9597            
2667,141583            3C     03 26 00 00 00 00 00 00        9597            
2667,191481            7D     03 01 FB FF FF FF FF FF        9597            
2667,240970            3C     03 05 B9 00 1F 00 01 FF        9597            
2667,290868            7D     03 02 F9 00 FF FF FF FF        9597            
2667,341584            03     68 0B FF FF FF FF FF FF        9597            
2667,391073            C4     AA 0A FF FF FF FF FF FF        9597            
2667,440971            85     01 FF FF FF FF FF FF FF        9597            
2667,490869            06     00 00 FF FF FF FF FF FF        9597            
2667,540358            47     02 00 FF FF FF FF FF FF        9597            
2667,590256            49     FF FF FF FF FF FF FF FF        9597            
2667,639745            D6     00 0F 6D 0B BA 0C 77 85        9597            
2667,690461            97            9597            Checksum Error
2667,740359            D8     FE FF FF FF FF FF FF FF        9597            
2667,789848            3C     FF FF FF FF FF FF FF FF        9597            
2667,839337            7D            9597            Checksum Error
2667,890053            03     68 0B FF FF FF FF FF FF        9597            
2667,939951            C4     AA 0A FF FF FF FF FF FF        9597            
2667,989440            85     01 FF FF FF FF FF FF FF        9597            
2668,039338            06     00 00 FF FF FF FF FF FF        9597            
2668,088827            47     02 00 FF FF FF FF FF FF        9597            
2668,138725            49     FF FF FF FF FF FF FF FF        9597            
2668,188623            D6     00 0F 6D 0B BA 0C 6D 85        9597            
2668,238930            97            9597            Checksum Error
2668,288419            D8     FE FF FF FF FF FF FF FF        9597            
2668,338317            3C     01 04 B8 10 03 01 FF FF        9597            
2668,387806            7D     01 03 F8 02 02 FF FF FF        9597            
2668,438522            03     68 0B FF FF FF FF FF FF        9597            
2668,488420            C4     AA 0A FF FF FF FF FF FF        9597            
2668,537909            85     01 FF FF FF FF FF FF FF        9597            
2668,587807            06     00 00 FF FF FF FF FF FF        9597            
2668,637296            47     02 00 FF FF FF FF FF FF        9597            
2668,687194            49     FF FF FF FF FF FF FF FF        9597            
2668,737092            D6     00 0F 6D 0B BA 0C 6D 85        9597            
2668,787399            97            9579            Checksum Error
2668,836888            D8     FE FF FF FF FF FF FF FF        9597            
2668,886786            3C     01 06 B2 23 17 46 10 03        9597            
2668,936275            7D     01 06 F2 01 00 00 00 FF        9597            
2668,986991            03     68 0B FF FF FF FF FF FF        9597            
2669,036889            C4     AA 0A FF FF FF FF FF FF        9597            
2669,086378            85     01 FF FF FF FF FF FF FF        9615            
2669,136276            06     00 00 FF FF FF FF FF FF        9597            
2669,185765            47     02 00 FF FF FF FF FF FF        9597            
2669,235254            49     FF FF FF FF FF FF FF FF        9597            
2669,284743            D6     00 0F 6D 0B BA 0C 6D 85        9597            
2669,335459            97            9597            Checksum Error
2669,384948            D8     FE FF FF FF FF FF FF FF        9597            
2669,434437            3C     FF FF FF FF FF FF FF FF        9597            
2669,484335            7D            9579            Checksum Error
2669,534642            03     68 0B FF FF FF FF FF FF        9597            
2669,584131            C4     AA 0A FF FF FF FF FF FF        9579            
2669,634029            85     01 FF FF FF FF FF FF FF        9597            
2669,683518            06     00 00 FF FF FF FF FF FF        9597            
2669,733416            47     01 00 FF FF FF FF FF FF        9597            
2669,782905            49     FF FF FF FF FF FF FF FF        9579            
2669,832803            D6     00 0F 6D 0B BA 0C 63 85        9597            
2669,883519            97            9597            Checksum Error
2669,933008            D8     FE FF FF FF FF FF FF FF        9597            
2669,982906            3C     03 05 B9 00 1F 00 00 FF        9597            
2670,032395            7D     03 02 F9 00 FF FF FF FF        9597            
2670,081884            3C     03 10 29 BB 00 1F 00 1E        9597            
2670,131782            3C     03 21 00 00 22 FF FF FF        9597            
2670,181271            3C     03 22 54 01 14 33 00 90        9597            
2670,231169            3C     03 23 68 0B 01 00 00 00        9597            
2670,280658            3C     03 24 00 00 00 00 01 01        9597            
2670,330556            3C     03 25 D0 0C 6D 0B 07 00        9579            
2670,380045            3C     03 26 00 00 00 00 00 00        9579            
2670,429943            7D     03 01 FB FF FF FF FF FF        9579            
2670,479432            3C     03 05 B9 00 1F 00 01 FF        9597            
2670,529330            7D     03 02 F9 00 FF FF FF FF        9597            
2670,580046            03     68 0B FF FF FF FF FF FF        9579            
2670,629535            C4     AA 0A FF FF FF FF FF FF        9597            
2670,679433            85     01 FF FF FF FF FF FF FF        9597            
2670,728922            06     00 00 FF FF FF FF FF FF        9597            
2670,778820            47     01 00 FF FF FF FF FF FF        9597            
2670,828309            49     FF FF FF FF FF FF FF FF        9597            
2670,878207            D6     00 0F 6D 0B BA 0C 77 85        9597            
2670,928923            97            9597            Checksum Error
2670,978821            D8     FE FF FF FF FF FF FF FF        9597            
2671,028310            3C     FF FF FF FF FF FF FF FF        9597            
2671,078208            7D            9597            Checksum Error
2671,128924            03     68 0B FF FF FF FF FF FF        9597            
2671,178413            C4     AA 0A FF FF FF FF FF FF        9597            
2671,228311            85     01 FF FF FF FF FF FF FF        9597            
2671,277800            06     00 00 FF FF FF FF FF FF        9597            
2671,327698            47     01 00 FF FF FF FF FF FF        9597            
2671,377187            49     FF FF FF FF FF FF FF FF        9597            
2671,427085            D6     00 0F 6D 0B BA 0C 77 85        9597            
2671,477801            97            9597            Checksum Error
2671,527290            D8     FE FF FF FF FF FF FF FF        9597            
2671,577188            3C     01 04 B8 10 03 01 FF FF        9597            
2671,626677            7D     01 03 F8 02 02 FF FF FF        9597            
2671,676984            03     68 0B FF FF FF FF FF FF        9597            
2671,726882            C4     AA 0A FF FF FF FF FF FF        9597            
2671,776371            85     01 FF FF FF FF FF FF FF        9597            
2671,825860            06     00 00 FF FF FF FF FF FF        9579            
2671,875758            47     01 00 FF FF FF FF FF FF        9597            
2671,925247            49     FF FF FF FF FF FF FF FF        9579            
2671,974736            D6     00 0F 6D 0B BA 0C 77 85        9597            
2672,025452            97            9597            Checksum Error
2672,075350            D8     FE FF FF FF FF FF FF FF        9615            
2672,124839            3C     01 06 B2 23 17 46 10 03        9597            
2672,174737            7D     01 06 F2 01 00 00 00 FF        9597            
2672,225453            03     68 0B FF FF FF FF FF FF        9597            
2672,274942            C4     AA 0A FF FF FF FF FF FF        9597            
2672,324840            85     01 FF FF FF FF FF FF FF        9597            
2672,374329            06     00 00 FF FF FF FF FF FF        9597            
2672,424227            47     02 00 FF FF FF FF FF FF        9597            
2672,473716            49     FF FF FF FF FF FF FF FF        9597            
2672,523614            D6     00 0F 6D 0B BA 0C 77 85        9597            
2672,574330            97            9597            Checksum Error
2672,623819            D8     FE FF FF FF FF FF FF FF        9597            
2672,673717            3C     FF FF FF FF FF FF FF FF        9597            
2672,723206            7D            9615            Checksum Error
2672,773922            03     68 0B FF FF FF FF FF FF        9597            
2672,823820            C4     AA 0A FF FF FF FF FF FF        9597            
2672,873309            85     01 FF FF FF FF FF FF FF        9597            
2672,923207            06     00 00 FF FF FF FF FF FF        9615            
2672,972696            47     02 00 FF FF FF FF FF FF        9597            
2673,022594            49     FF FF FF FF FF FF FF FF        9597            
2673,072083            D6     00 0F 6D 0B BA 0C 77 85        9597            
2673,122799            97            9615            Checksum Error
2673,172288            D8     FE FF FF FF FF FF FF FF        9597            
2673,222186            3C     03 05 B9 00 1F 00 00 FF        9597            
2673,271675            7D     03 02 F9 00 FF FF FF FF        9597            
2673,321573            3C     03 10 29 BB 00 1F 00 1E        9597            
2673,371062            3C     03 21 00 00 22 FF FF FF        9615            
2673,420960            3C     03 22 54 01 14 33 00 87        9597            
2673,470449            3C     03 23 68 0B 0A 00 00 00        9597            
2673,520347            3C     03 24 00 00 00 00 01 01        9615            
2673,569836            3C     03 25 D0 0C 6D 0B 07 00        9597            
2673,619734            3C     03 26 00 00 00 00 00 00        9597            
2673,669223            7D     03 01 FB FF FF FF FF FF        9597            
2673,719121            3C     03 05 B9 00 1F 00 01 FF        9597            
2673,768610            7D     03 02 F9 00 FF FF FF FF        9597            
2673,819326            03     68 0B FF FF FF FF FF FF        9597            
2673,869224            C4     AA 0A FF FF FF FF FF FF        9597            
2673,918713            85     01 FF FF FF FF FF FF FF        9597            
2673,968611            06     00 00 FF FF FF FF FF FF        9597            
2674,018100            47     02 00 FF FF FF FF FF FF        9597            
2674,067998            49     FF FF FF FF FF FF FF FF        9597            
2674,117487            D6     00 0F 6D 0B BA 0C 77 85        9597            
2674,168203            97            9615            Checksum Error
2674,217692            D8     FE FF FF FF FF FF FF FF        9597            
2674,267590            3C     FF FF FF FF FF FF FF FF        9597            
2674,317079            7D            9597            Checksum Error
2674,367795            03     68 0B FF FF FF FF FF FF        9597            
2674,417693            C4     AA 0A FF FF FF FF FF FF        9597            
2674,467182            85     01 FF FF FF FF FF FF FF        9597            
2674,517080            06     00 00 FF FF FF FF FF FF        9597            
2674,566569            47     02 00 FF FF FF FF FF FF        9597            
2674,616467            49     FF FF FF FF FF FF FF FF        9597            
2674,665956            D6     00 0F 6D 0B BA 0C 77 85        9597            
2674,716672            97            9597            Checksum Error
2674,766570            D8     FE FF FF FF FF FF FF FF        9597            
2674,816059            3C     01 04 B8 10 03 01 FF FF        9597            
2674,865957            7D     01 03 F8 02 02 FF FF FF        9579            
2674,916673            03     68 0B FF FF FF FF FF FF        9597            
2674,966162            C4     AA 0A FF FF FF FF FF FF        9597            
2675,016060            85     01 FF FF FF FF FF FF FF        9597            
2675,065549            06     00 00 FF FF FF FF FF FF        9597            
2675,115447            47     02 00 FF FF FF FF FF FF        9597            
2675,164936            49     FF FF FF FF FF FF FF FF        9597            
2675,214834            D6     00 0F 6D 0B BA 0C 77 85        9597            
2675,265550            97            9597            Checksum Error
2675,315039            D8     FE FF FF FF FF FF FF FF        9597            
2675,364937            3C     01 06 B2 23 17 46 10 03        9597            
2675,414426            7D     01 06 F2 01 00 00 00 FF        9597            
2675,465142            03     68 0B FF FF FF FF FF FF        9597            
2675,514631            C4     AA 0A FF FF FF FF FF FF        9597            
2675,564529            85     01 FF FF FF FF FF FF FF        9597            
2675,614018            06     00 00 FF FF FF FF FF FF        9597            
2675,663916            47     02 00 FF FF FF FF FF FF        9597            
2675,713405            49     FF FF FF FF FF FF FF FF        9597            
2675,763303            D6     00 0F 6D 0B BA 0C 6D 85        9597            
2675,814019            97            9597            Checksum Error
2675,863508            D8     FE FF FF FF FF FF FF FF        9579            
2675,913406            3C     FF FF FF FF FF FF FF FF        9597            
2675,962895            7D            9597            Checksum Error
2676,013611            03     68 0B FF FF FF FF FF FF        9597            
2676,063509            C4     AA 0A FF FF FF FF FF FF        9597            
2676,113407            85     01 FF FF FF FF FF FF FF        9597            
2676,162896            06     00 00 FF FF FF FF FF FF        9597            
2676,212794            47     02 00 FF FF FF FF FF FF        9597            
2676,262283            49     FF FF FF FF FF FF FF FF        9597            
2676,312181            D6     00 0F 6D 0B BA 0C 6D 85        9579            
2676,362897            97            9597            Checksum Error
2676,412386            D8     FE FF FF FF FF FF FF FF        9615            
2676,462284            3C     FF FF FF FF FF FF FF FF        9597            
2676,511773            7D            9597            Checksum Error
2676,562489            03     68 0B FF FF FF FF FF FF        9597            
2676,612387            C4     AA 0A FF FF FF FF FF FF        9597            
2676,661876            85     01 FF FF FF FF FF FF FF        9597            
2676,711774            06     00 00 FF FF FF FF FF FF        9597            
2676,761263            47     02 00 FF FF FF FF FF FF        9597            
2676,811161            49     FF FF FF FF FF FF FF FF        9597            
2676,860650            D6     00 0F 6D 0B BA 0C 6D 85        9597            
2676,911366            97            9597            Checksum Error
2676,961264            D8     FE FF FF FF FF FF FF FF        9597            
2677,010753            3C     01 04 B8 10 03 01 FF FF        9597            
2677,060242            7D     01 03 F8 02 02 FF FF FF        9597            
2677,110958            03     68 0B FF FF FF FF FF FF        9597            
2677,160856            C4     AA 0A FF FF FF FF FF FF        9597            
2677,210345            85     01 FF FF FF FF FF FF FF        9597            
2677,259834            06     00 00 FF FF FF FF FF FF        9597            
2677,309323            47     01 00 FF FF FF FF FF FF        9579            
2677,359221            49     FF FF FF FF FF FF FF FF        9597            
2677,408710            D6     00 0F 6D 0B B9 0C 77 85        9597            
2677,459426            97            9597            Checksum Error
2677,509324            D8     FE FF FF FF FF FF FF FF        9597            
2677,558813            3C     01 06 B2 23 17 46 10 03        9597            
2677,608711            7D     01 06 F2 01 00 00 00 FF        9597            
2677,659427            03     68 0B FF FF FF FF FF FF        9597            
2677,708916            C4     AA 0A FF FF FF FF FF FF        9597            
2677,758814            85     01 FF FF FF FF FF FF FF        9597            
2677,808712            06     00 00 FF FF FF FF FF FF        9597            
2677,858201            47     01 00 FF FF FF FF FF FF        9579            
2677,908099            49     FF FF FF FF FF FF FF FF        9597            
2677,957588            D6     00 0F 6D 0B B9 0C 81 85        9597            
2678,008304            97            9597            Checksum Error
2678,058202            D8     FE FF FF FF FF FF FF FF        9597            
2678,107691            3C     FF FF FF FF FF FF FF FF        9597            
2678,157589            7D            9597            Checksum Error
2678,208305            03     68 0B FF FF FF FF FF FF        9597            
2678,257794            C4     AA 0A FF FF FF FF FF FF        9579            
2678,307692            85     01 FF FF FF FF FF FF FF        9579            
2678,357590            06     00 00 FF FF FF FF FF FF        9579            
2678,407079            47     01 00 FF FF FF FF FF FF        9597            
2678,456977            49     FF FF FF FF FF FF FF FF        9597            
2678,506466            D6     00 0F 6D 0B B9 0C 77 85        9597            
2678,557182            97            9579            Checksum Error
2678,607080            D8     FE FF FF FF FF FF FF FF        9597            
2678,656569            3C     03 05 B9 00 1F 00 00 FF        9597            
2678,706467            7D     03 02 F9 00 FF FF FF FF        9597            
2678,756365            3C     03 10 29 BB 00 1F 00 1E        9597            
2678,805854            3C     03 21 00 00 22 FF FF FF        9597            
2678,855752            3C     03 22 54 01 14 33 00 90        9597            
2678,905241            3C     03 23 68 0B 01 00 00 00        9597            
2678,954730            3C     03 24 00 00 00 00 01 01        9597            
2679,004219            3C     03 25 D0 0C 6D 0B 07 00        9597            
2679,054117            3C     03 26 00 00 00 00 00 00        9597            
2679,103606            7D     03 01 FB FF FF FF FF FF        9597            
2679,153504            3C     03 05 B9 00 1F 00 01 FF        9597            
2679,202993            7D     03 02 F9 00 FF FF FF FF        9597            
2679,253709            03     68 0B FF FF FF FF FF FF        9597            
2679,303607            C4     AA 0A FF FF FF FF FF FF        9597            
2679,353096            85     01 FF FF FF FF FF FF FF        9615            
2679,402994            06     00 00 FF FF FF FF FF FF        9597            
2679,452483            47     01 00 FF FF FF FF FF FF        9597            
2679,502381            49     FF FF FF FF FF FF FF FF        9597            
2679,551870            D6     00 0F 6D 0B B9 0C 77 85        9597            
2679,602586            97            9597            Checksum Error
2679,652484            D8     FE FF FF FF FF FF FF FF        9579            
2679,701973            3C     FF FF FF FF FF FF FF FF        9597            
2679,751871            7D            9597            Checksum Error
2679,802587            03     68 0B FF FF FF FF FF FF        9597            
2679,852485            C4     AA 0A FF FF FF FF FF FF        9597            
2679,901974            85     01 FF FF FF FF FF FF FF        9597            
2679,951872            06     00 00 FF FF FF FF FF FF        9597            
2680,001361            47     01 00 FF FF FF FF FF FF        9597            
2680,047035            49     FF FF FF FF FF FF FF FF        9597            
2680,096524            D6     00 0F 6D 0B B9 0C 77 85        9597            
2680,147240            97            9597            Checksum Error
2680,197138            D8     FE FF FF FF FF FF FF FF        9597            
2680,246627            3C     01 04 B8 10 03 01 FF FF        9597            
2680,296525            7D     01 03 F8 02 02 FF FF FF        9579            
2680,347241            03     68 0B FF FF FF FF FF FF        9597            
2680,396730            C4     AA 0A FF FF FF FF FF FF        9597            
2680,446628            85     01 FF FF FF FF FF FF FF        9597            
2680,496117            06     00 00 FF FF FF FF FF FF        9597            
2680,546015            47     02 00 FF FF FF FF FF FF        9597            
2680,595504            49     FF FF FF FF FF FF FF FF        9597            
2680,645402            D6     00 0F 6D 0B B9 0C 77 85        9597            
2680,696118            97            9597            Checksum Error
2680,745607            D8     FE FF FF FF FF FF FF FF        9597            
2680,795505            3C     01 06 B2 23 17 46 10 03        9615            
2680,844994            7D     01 06 F2 01 00 00 00 FF        9615            
2680,895710            03     68 0B FF FF FF FF FF FF        9597            
2680,945608            C4     AA 0A FF FF FF FF FF FF        9615            
2680,995097            85     01 FF FF FF FF FF FF FF        9597            
2681,044995            06     00 00 FF FF FF FF FF FF        9597            
2681,094484            47     02 00 FF FF FF FF FF FF        9597            
2681,144382            49     FF FF FF FF FF FF FF FF        9597            
2681,193871            D6     00 0F 6D 0B BA 0C 77 85        9597            
2681,244587            97            9597            Checksum Error
2681,294485            D8     FE FF FF FF FF FF FF FF        9597            
2681,343974            3C     FF FF FF FF FF FF FF FF        9597            
2681,393872            7D            9597            Checksum Error
2681,444588            03     68 0B FF FF FF FF FF FF        9597            
2681,494077            C4     AA 0A FF FF FF FF FF FF        9597            
2681,543975            85     01 FF FF FF FF FF FF FF        9597            
2681,593464            06     00 00 FF FF FF FF FF FF        9579            
2681,643362            47     02 00 FF FF FF FF FF FF        9597            
2681,692851            49     FF FF FF FF FF FF FF FF        9597            
2681,742340            D6     00 0F 6D 0B B9 0C 77 85        9597            
2681,793056            97            9597            Checksum Error
2681,842954            D8     FE FF FF FF FF FF FF FF        9597            
2681,892443            3C     03 05 B9 00 1F 00 00 FF        9579            
2681,942341            7D     03 02 F9 00 FF FF FF FF        9597            
2681,991830            3C     03 10 29 BB 00 1F 00 1E        9597            
2682,041728            3C     03 21 00 00 22 FF FF FF        9597            
2682,091217            3C     03 22 54 01 14 33 00 87        9597            
2682,141115            3C     03 23 68 0B 0A 00 00 00        9597            
2682,191013            3C     03 24 00 00 00 00 01 01        9579            
2682,240502            3C     03 25 D0 0C 6D 0B 07 00        9597            
2682,290400            3C     03 26 00 00 00 00 00 00        9597            
2682,339889            7D     03 01 FB FF FF FF FF FF        9597            
2682,389787            3C     03 05 B9 00 1F 00 01 FF        9597            
2682,439276            7D     03 02 F9 00 FF FF FF FF        9597            
2682,489992            03     68 0B FF FF FF FF FF FF        9579            
2682,539890            C4     AA 0A FF FF FF FF FF FF        9597            
2682,589379            85     01 FF FF FF FF FF FF FF        9579            
2682,639277            06     00 00 FF FF FF FF FF FF        9579            
2682,689175            47     02 00 FF FF FF FF FF FF        9579            
2682,738664            49     FF FF FF FF FF FF FF FF        9579            
2682,788562            D6     00 0F 6D 0B B9 0C 77 85        9597            
2682,839278            97            9597            Checksum Error
2682,889176            D8     FE FF FF FF FF FF FF FF        9597            
2682,938665            3C     FF FF FF FF FF FF FF FF        9597            
2682,988563            7D            9579            Checksum Error
2683,039279            03     68 0B FF FF FF FF FF FF        9597            
2683,088768            C4     AA 0A FF FF FF FF FF FF        9597            
2683,138257            85     01 FF FF FF FF FF FF FF        9597            
2683,188155            06     00 00 FF FF FF FF FF FF        9597            
2683,237644            47     02 00 FF FF FF FF FF FF        9597            
2683,287542            49     FF FF FF FF FF FF FF FF        9579            
2683,337031            D6     00 0F 6D 0B B9 0C 6D 85        9597            
2683,387747            97            9579            Checksum Error
2683,437645            D8     FE FF FF FF FF FF FF FF        9597            
2683,487543            3C     01 04 B8 10 03 01 FF FF        9579            
2683,537032            7D     01 03 F8 02 02 FF FF FF        9597            
2683,587748            03     68 0B FF FF FF FF FF FF        9597            
2683,637646            C4     AA 0A FF FF FF FF FF FF        9597            
2683,687135            85     01 FF FF FF FF FF FF FF        9597            
2683,736624            06     00 00 FF FF FF FF FF FF        9597            
2683,786522            47     02 00 FF FF FF FF FF FF        9579            
2683,836011            49     FF FF FF FF FF FF FF FF        9597            
2683,885909            D6     00 0F 6D 0B B9 0C 6D 85        9597            
2683,936625            97            9597            Checksum Error
2683,986523            D8     FE FF FF FF FF FF FF FF        9597            
2684,036012            3C     01 06 B2 23 17 46 10 03        9597            
2684,085910            7D     01 06 F2 01 00 00 00 FF        9597            
2684,136626            03     68 0B FF FF FF FF FF FF        9597            
2684,186524            C4     AA 0A FF FF FF FF FF FF        9597            
2684,236013            85     01 FF FF FF FF FF FF FF        9579            
2684,285911            06     00 00 FF FF FF FF FF FF        9597            
2684,335400            47     02 00 FF FF FF FF FF FF        9579            
2684,385298            49     FF FF FF FF FF FF FF FF        9597            
2684,434787            D6     00 0F 6D 0B B9 0C 6D 85        9597            
2684,485503            97            9597            Checksum Error
2684,535401            D8     FE FF FF FF FF FF FF FF        9597            
2684,584890            3C     FF FF FF FF FF FF FF FF        9615            
2684,634788            7D            9597            Checksum Error
2684,685504            03     68 0B FF FF FF FF FF FF        9597            
2684,734993            C4     AA 0A FF FF FF FF FF FF        9597            
2684,784891            85     01 FF FF FF FF FF FF FF        9597            
2684,834380            06     00 00 FF FF FF FF FF FF        9597            
2684,884278            47     02 00 FF FF FF FF FF FF        9597            
2684,933767            49     FF FF FF FF FF FF FF FF        9579            
2684,983665            D6     00 0F 6D 0B B9 0C 63 85        9597            
2685,034381            97            9579            Checksum Error
2685,083870            D8     FE FF FF FF FF FF FF FF        9597            
2685,133768            3C     03 05 B9 00 1F 00 00 FF        9579            
2685,183666            7D     03 02 F9 00 FF FF FF FF        9579            
2685,233155            3C     03 10 29 BB 00 1F 00 1E        9597            
2685,283053            3C     03 21 00 00 22 FF FF FF        9597            
2685,332542            3C     03 22 54 01 14 33 00 90        9579            
2685,382440            3C     03 23 68 0B 01 00 00 00        9597            
2685,431929            3C     03 24 00 00 00 00 01 01        9579            
2685,481418            3C     03 25 D0 0C 6D 0B 07 00        9597            
2685,531316            3C     03 26 00 00 00 00 00 00        9597            
2685,580805            7D     03 01 FB FF FF FF FF FF        9597            
2685,630703            3C     03 05 B9 00 1F 00 01 FF        9597            
2685,680192            7D     03 02 F9 00 FF FF FF FF        9597            
2685,730908            03     68 0B FF FF FF FF FF FF        9597            
2685,780806            C4     AA 0A FF FF FF FF FF FF        9597            
2685,830295            85     01 FF FF FF FF FF FF FF        9597            
2685,880193            06     00 00 FF FF FF FF FF FF        9597            
2685,929682            47     01 00 FF FF FF FF FF FF        9597            
2685,979580            49     FF FF FF FF FF FF FF FF        9597            
2686,029069            D6     00 0F 6D 0B B9 0C 77 85        9597            
2686,079785            97            9597            Checksum Error
2686,129683            D8     FE FF FF FF FF FF FF FF        9597            
2686,179172            3C     FF FF FF FF FF FF FF FF        9597            
2686,229070            7D            9597            Checksum Error
2686,279786            03     68 0B FF FF FF FF FF FF        9597            
2686,329275            C4     AA 0A FF FF FF FF FF FF        9597            
2686,379173            85     01 FF FF FF FF FF FF FF        9597            
2686,429071            06     00 00 FF FF FF FF FF FF        9597            
2686,478560            47     01 00 FF FF FF FF FF FF        9579            
2686,528458            49     FF FF FF FF FF FF FF FF        9597            
2686,577947            D6     00 0F 6D 0B B9 0C 77 85        9597            
2686,628663            97            9597            Checksum Error
2686,678561            D8     FE FF FF FF FF FF FF FF        9597            
2686,728050            3C     01 04 B8 10 03 01 FF FF        9597            
2686,777948            7D     01 03 F8 02 02 FF FF FF        9597            
2686,828664            03     68 0B FF FF FF FF FF FF        9597            
2686,878153            C4     AA 0A FF FF FF FF FF FF        9597            
2686,928051            85     01 FF FF FF FF FF FF FF        9597            
2686,977540            06     00 00 FF FF FF FF FF FF        9597            
2687,027029            47     01 00 FF FF FF FF FF FF        9597            
2687,076518            49     FF FF FF FF FF FF FF FF        9597            
2687,126007            D6     00 0F 6D 0B B9 0C 77 85        9597            
2687,176723            97            9597            Checksum Error
2687,226212            D8     FE FF FF FF FF FF FF FF        9597            
2687,276110            3C     01 06 B2 23 17 46 10 03        9597            
2687,325599            7D     01 06 F2 01 00 00 00 FF        9597            
2687,376315            03     68 0B FF FF FF FF FF FF        9597            
2687,425804            C4     AA 0A FF FF FF FF FF FF        9597            
2687,475702            85     01 FF FF FF FF FF FF FF        9615            
2687,525191            06     00 00 FF FF FF FF FF FF        9597            
2687,575089            47     02 00 FF FF FF FF FF FF        9579            
2687,624578            49     FF FF FF FF FF FF FF FF        9597            
2687,674476            D6     00 0F 6D 0B B9 0C 77 85        9597            
2687,725192            97            9597            Checksum Error
2687,774681            D8     FE FF FF FF FF FF FF FF        9597            
2687,824170            3C     FF FF FF FF FF FF FF FF        9597            
2687,873659            7D            9597            Checksum Error
2687,923966            03     68 0B FF FF FF FF FF FF        9597            
2687,973864            C4     AA 0A FF FF FF FF FF FF        9597            
2688,023353            85     01 FF FF FF FF FF FF FF        9597            
2688,072842            06     00 00 FF FF FF FF FF FF        9597            
2688,122331            47     02 00 FF FF FF FF FF FF        9615            
2688,171820            49     FF FF FF FF FF FF FF FF        9597            
2688,221309            D6     00 0F 6D 0B B9 0C 77 85        9597            
2688,271616            97            9597            Checksum Error
2688,321514            D8     FE FF FF FF FF FF FF FF        9597            
2688,371003            3C     03 05 B9 00 1F 00 00 FF        9597            
2688,420901            7D     03 02 F9 00 FF FF FF FF        9597            
2688,470390            3C     03 10 29 BB 00 1F 00 1E        9597            
2688,520288            3C     03 21 00 00 22 FF FF FF        9597            
2688,569777            3C     03 22 54 01 14 33 00 87        9597            
2688,619675            3C     03 23 68 0B 0A 00 00 00        9597            
2688,669164            3C     03 24 00 00 00 00 01 01        9597            
2688,719062            3C     03 25 D0 0C 6D 0B 07 00        9597            
2688,768551            3C     03 26 00 00 00 00 00 00        9597            
2688,818449            7D     03 01 FB FF FF FF FF FF        9597            
2688,867938            3C     03 05 B9 00 1F 00 01 FF        9597            
2688,917836            7D     03 02 F9 00 FF FF FF FF        9615            
2688,968552            03     68 0B FF FF FF FF FF FF        9615            
2689,018041            C4     AA 0A FF FF FF FF FF FF        9615            
2689,067939            85     01 FF FF FF FF FF FF FF        9597            
2689,117428            06     00 00 FF FF FF FF FF FF        9597            
2689,167326            47     02 00 FF FF FF FF FF FF        9597            
2689,217224            49     FF FF FF FF FF FF FF FF        9579            
2689,266713            D6     00 0F 6D 0B B9 0C 77 85        9597            
2689,317429            97            9579            Checksum Error
2689,367327            D8     FE FF FF FF FF FF FF FF        9579            
2689,416816            3C     FF FF FF FF FF FF FF FF        9597            
2689,466305            7D            9597            Checksum Error
2689,517021            03     68 0B FF FF FF FF FF FF        9597            
2689,566919            C4     AA 0A FF FF FF FF FF FF        9597            
2689,616408            85     01 FF FF FF FF FF FF FF        9597            
2689,666306            06     00 00 FF FF FF FF FF FF        9597            
2689,715795            47     02 00 FF FF FF FF FF FF        9597            
2689,765693            49     FF FF FF FF FF FF FF FF        9597            
2689,815182            D6     00 0F 6D 0B B9 0C 77 85        9597            
2689,865898            97            9597            Checksum Error
2689,915796            D8     FE FF FF FF FF FF FF FF        9579            
2689,965285            3C     01 04 B8 10 03 01 FF FF        9579            
2690,015183            7D     01 03 F8 02 02 FF FF FF        9579            
2690,065899            03     68 0B FF FF FF FF FF FF        9579            
2690,115388            C4     AA 0A FF FF FF FF FF FF        9597            
2690,165286            85     01 FF FF FF FF FF FF FF        9597            
2690,214775            06     00 00 FF FF FF FF FF FF        9597            
2690,264673            47     01 00 FF FF FF FF FF FF        9615            
2690,314162            49     FF FF FF FF FF FF FF FF        9597            
2690,364060            D6     00 0F 6D 0B B9 0C 77 85        9597            
2690,414367            97            9597            Checksum Error
2690,464265            D8     FE FF FF FF FF FF FF FF        9597            
2690,513754            3C     01 06 B2 23 17 46 10 03        9597            
2690,563243            7D     01 06 F2 01 00 00 00 FF        9597            
2690,613959            03     68 0B FF FF FF FF FF FF        9597            
2690,663448            C4     AA 0A FF FF FF FF FF FF        9597            
2690,713346            85     01 FF FF FF FF FF FF FF        9579            
2690,762835            06     00 00 FF FF FF FF FF FF        9597            
2690,812733            47     01 00 FF FF FF FF FF FF        9597            
2690,862222            49     FF FF FF FF FF FF FF FF        9597            
2690,912120            D6     00 0F 6D 0B B9 0C 77 85        9597            
2690,962836            97            9597            Checksum Error
2691,012325            D8     FE FF FF FF FF FF FF FF        9597            
2691,062223            3C     FF FF FF FF FF FF FF FF        9597            
2691,112121            7D            9597            Checksum Error
2691,162837            03     68 0B FF FF FF FF FF FF        9597            
2691,212326            C4     AA 0A FF FF FF FF FF FF        9597            
2691,262224            85     01 FF FF FF FF FF FF FF        9597            
2691,311713            06     00 00 FF FF FF FF FF FF        9597            
2691,361202            47     01 00 FF FF FF FF FF FF        9579            
2691,411100            49     FF FF FF FF FF FF FF FF        9597            
2691,460589            D6     00 0F 6D 0B B9 0C 77 85        9579            
2691,511305            97            9597            Checksum Error
2691,561203            D8     FE FF FF FF FF FF FF FF        9597            
2691,610692            3C     03 05 B9 00 1F 00 00 FF        9597            
2691,660590            7D     03 02 F9 00 FF FF FF FF        9597            
2691,710079            3C     03 10 29 BB 00 1F 00 1E        9597            
2691,759977            3C     03 21 00 00 22 FF FF FF        9579            
2691,809875            3C     03 22 54 01 14 33 00 90        9597            
2691,859364            3C     03 23 68 0B 01 00 00 00        9597            
2691,909262            3C     03 24 00 00 00 00 01 01        9597            
2691,958751            3C     03 25 D0 0C 6D 0B 07 00        9597            
2692,008240            3C     03 26 00 00 00 00 00 00        9597            
2692,058138            7D     03 01 FB FF FF FF FF FF        9597            
2692,108036            3C     03 05 B9 00 1F 00 01 FF        9597            
2692,157525            7D     03 02 F9 00 FF FF FF FF        9597            
2692,208241            03     68 0B FF FF FF FF FF FF        9597            
2692,258139            C4     AA 0A FF FF FF FF FF FF        9597            
2692,307628            85     01 FF FF FF FF FF FF FF        9597            
2692,357526            06     00 00 FF FF FF FF FF FF        9597            
2692,407015            47     02 00 FF FF FF FF FF FF        9579            
2692,456913            49     FF FF FF FF FF FF FF FF        9597            
2692,506402            D6     00 0F 6D 0B B9 0C 77 85        9597            
2692,557118            97            9597            Checksum Error
2692,607016            D8     FE FF FF FF FF FF FF FF        9597            
2692,656505            3C     FF FF FF FF FF FF FF FF        9597            
2692,706403            7D            9579            Checksum Error
2692,757119            03     68 0B FF FF FF FF FF FF        9597            
2692,807017            C4     AA 0A FF FF FF FF FF FF        9597            
2692,856506            85     01 FF FF FF FF FF FF FF        9597            
2692,906404            06     00 00 FF FF FF FF FF FF        9597            
2692,955893            47     02 00 FF FF FF FF FF FF        9597            
2693,005791            49     FF FF FF FF FF FF FF FF        9597            
2693,055280            D6     00 0F 6D 0B B9 0C 77 85        9597            
2693,105996            97            9597            Checksum Error
2693,155894            D8     FE FF FF FF FF FF FF FF        9597            
2693,205383            3C     01 04 B8 10 03 01 FF FF        9597            
2693,255281            7D     01 03 F8 02 02 FF FF FF        9597            
2693,305997            03     68 0B FF FF FF FF FF FF        9597            
2693,355486            C4     AA 0A FF FF FF FF FF FF        9597            
2693,405384            85     01 FF FF FF FF FF FF FF        9597            
2693,454873            06     00 00 FF FF FF FF FF FF        9597            
2693,504771            47     02 00 FF FF FF FF FF FF        9597            
2693,554260            49     FF FF FF FF FF FF FF FF        9597            
2693,604158            D6     00 0F 6D 0B B7 0C 77 85        9597            
2693,654874            97            9597            Checksum Error
2693,704363            D8     FE FF FF FF FF FF FF FF        9597            
2693,754261            3C     01 06 B2 23 17 46 10 03        9597            
2693,804159            7D     01 06 F2 01 00 00 00 FF        9597            
2693,854875            03     68 0B FF FF FF FF FF FF        9597            
2693,904364            C4     AA 0A FF FF FF FF FF FF        9597            
2693,954262            85     01 FF FF FF FF FF FF FF        9597            
2694,003751            06     00 00 FF FF FF FF FF FF        9579            
2694,053240            47     02 00 FF FF FF FF FF FF        9597            
2694,103138            49     FF FF FF FF FF FF FF FF        9597            
2694,152627            D6     00 0F 6D 0B B7 0C 77 85        9597            
2694,203343            97            9597            Checksum Error
2694,253241            D8     FE FF FF FF FF FF FF FF        9597            
2694,302730            3C     FF FF FF FF FF FF FF FF        9597            
2694,352628            7D            9597            Checksum Error
2694,403344            03     68 0B FF FF FF FF FF FF        9597            
2694,452833            C4     AA 0A FF FF FF FF FF FF        9597            
2694,502731            85     01 FF FF FF FF FF FF FF        9597            
2694,552220            06     00 00 FF FF FF FF FF FF        9597            
2694,602118            47     02 00 FF FF FF FF FF FF        9597            
2694,651607            49     FF FF FF FF FF FF FF FF        9597            
2694,701096            D6     00 0F 6D 0B B7 0C 77 85        9597            
2694,751812            97            9579            Checksum Error
2694,801710            D8     FE FF FF FF FF FF FF FF        9597            
2694,851199            3C     03 05 B9 00 1F 00 00 FF        9597            
2694,901097            7D     03 02 F9 00 FF FF FF FF        9597            
2694,950586            3C     03 10 29 BB 00 1F 00 1E        9597            
2695,000484            3C     03 21 00 00 22 FF FF FF        9597            
2695,049973            3C     03 22 54 01 14 33 00 87        9597            
2695,099871            3C     03 23 68 0B 0A 00 00 00        9597            
2695,149360            3C     03 24 00 00 00 00 01 01        9597            
2695,199258            3C     03 25 D0 0C 6D 0B 07 00        9597            
2695,248747            3C     03 26 00 00 00 00 00 00        9597            
2695,298645            7D     03 01 FB FF FF FF FF FF        9579            
2695,348134            3C     03 05 B9 00 1F 00 01 FF        9597            
2695,398032            7D     03 02 F9 00 FF FF FF FF        9597            
2695,448748            03     68 0B FF FF FF FF FF FF        9597            
2695,498237            C4     AA 0A FF FF FF FF FF FF        9579            
2695,548135            85     01 FF FF FF FF FF FF FF        9597            
2695,597624            06     00 00 FF FF FF FF FF FF        9597            
2695,647522            47     01 00 FF FF FF FF FF FF        9579            
2695,697011            49     FF FF FF FF FF FF FF FF        9597            
2695,746909            D6     00 0F 6D 0B B7 0C 77 85        9597            
2695,797625            97            9597            Checksum Error
2695,847523            D8     FE FF FF FF FF FF FF FF        9597            
2695,897012            3C     FF FF FF FF FF FF FF FF        9597            
2695,946910            7D            9597            Checksum Error
2695,997626            03     68 0B FF FF FF FF FF FF        9597            
2696,047115            C4     AA 0A FF FF FF FF FF FF        9597            
2696,097013            85     01 FF FF FF FF FF FF FF        9597            
2696,146502            06     00 00 FF FF FF FF FF FF        9597            
2696,196400            47     01 00 FF FF FF FF FF FF        9597            
2696,245889            49     FF FF FF FF FF FF FF FF        9597            
2696,295787            D6     00 0F 6D 0B B7 0C 77 85        9579            
2696,346503            97            9597            Checksum Error
2696,396401            D8     FE FF FF FF FF FF FF FF        9597            
2696,445890            3C     01 04 B8 10 03 01 FF FF        9597            
2696,495788            7D     01 03 F8 02 02 FF FF FF        9597            
2696,546504            03     68 0B FF FF FF FF FF FF        9579            
2696,595993            C4     AA 0A FF FF FF FF FF FF        9597            
2696,645891            85     01 FF FF FF FF FF FF FF        9597            
2696,695789            06     00 00 FF FF FF FF FF FF        9597            
2696,745278            47     01 00 FF FF FF FF FF FF        9597            
2696,795176            49     FF FF FF FF FF FF FF FF        9597            
2696,844665            D6     00 0F 6D 0B B7 0C 77 85        9579            
2696,895381            97            9597            Checksum Error
2696,945279            D8     FE FF FF FF FF FF FF FF        9597            
2696,994768            3C     01 06 B2 23 17 46 10 03        9579            
2697,044666            7D     01 06 F2 01 00 00 00 FF        9597            
2697,095382            03     68 0B FF FF FF FF FF FF        9597            
2697,144871            C4     AA 0A FF FF FF FF FF FF        9579            
2697,194360            85     01 FF FF FF FF FF FF FF        9597            
2697,244258            06     00 00 FF FF FF FF FF FF        9597            
2697,293747            47     01 00 FF FF FF FF FF FF        9597            
2697,343645            49     FF FF FF FF FF FF FF FF        9597            
2697,393134            D6     00 0F 6D 0B B7 0C 77 85        9597            
2697,443850            97            9579            Checksum Error
2697,493748            D8     FE FF FF FF FF FF FF FF        9597            
2697,543237            3C     FF FF FF FF FF FF FF FF        9597            
2697,593135            7D            9597            Checksum Error
2697,643851            03     68 0B FF FF FF FF FF FF        9597            
2697,693340            C4     AA 0A FF FF FF FF FF FF        9597            
2697,743238            85     01 FF FF FF FF FF FF FF        9597            
2697,792727            06     00 00 FF FF FF FF FF FF        9597            
2697,842625            47     01 00 FF FF FF FF FF FF        9597            
2697,892114            49     FF FF FF FF FF FF FF FF        9597            
2697,942012            D6     00 0F 6D 0B B7 0C 77 85        9597            
2697,992728            97            9597            Checksum Error
2698,042217            D8     FE FF FF FF FF FF FF FF        9597            
2698,092115            3C     03 05 B9 00 1F 00 00 FF        9597            
2698,141604            7D     03 02 F9 00 FF FF FF FF        9597            
2698,191502            3C     03 10 29 BB 00 1F 00 1E        9597            
2698,240991            3C     03 21 00 00 22 FF FF FF        9597            
2698,290889            3C     03 22 54 01 14 33 00 90        9597            
2698,340378            3C     03 23 68 0B 01 00 00 00        9597            
2698,389867            3C     03 24 00 00 00 00 01 01        9597            
2698,439765            3C     03 25 D0 0C 6D 0B 07 00        9597            
2698,489663            3C     03 26 00 00 00 00 00 00        9597            
2698,539152            7D     03 01 FB FF FF FF FF FF        9597            
2698,588641            3C     03 05 B9 00 1F 00 01 FF        9615            
2698,638539            7D     03 02 F9 00 FF FF FF FF        9597            
2698,689255            03     68 0B FF FF FF FF FF FF        9597            
2698,739153            C4     AA 0A FF FF FF FF FF FF        9597            
2698,788642            85     01 FF FF FF FF FF FF FF        9597            
2698,838540            06     00 00 FF FF FF FF FF FF        9597            
2698,888029            47     01 00 FF FF FF FF FF FF        9597            
2698,937927            49     FF FF FF FF FF FF FF FF        9597            
2698,987416            D6     00 0F 6D 0B B7 0C 77 85        9597            
2699,038132            97            9597            Checksum Error
2699,088030            D8     FE FF FF FF FF FF FF FF        9597            
2699,137519            3C     FF FF FF FF FF FF FF FF        9597            
2699,187417            7D            9579            Checksum Error
2699,238133            03     68 0B FF FF FF FF FF FF        9597            
2699,287622            C4     AA 0A FF FF FF FF FF FF        9597            
2699,337520            85     01 FF FF FF FF FF FF FF        9597            
2699,387009            06     00 00 FF FF FF FF FF FF        9597            
2699,436907            47     01 00 FF FF FF FF FF FF        9597            
2699,486396            49     FF FF FF FF FF FF FF FF        9597            
2699,536294            D6     00 0F 6D 0B B7 0C 77 85        9597            
2699,587010            97            9597            Checksum Error
2699,636499            D8     FE FF FF FF FF FF FF FF        9597            
2699,686397            3C     01 04 B8 10 03 01 FF FF        9597            
2699,735886            7D     01 03 F8 02 02 FF FF FF        9597            
2699,786602            03     68 0B FF FF FF FF FF FF        9597            
2699,836091            C4     AA 0A FF FF FF FF FF FF        9615            
2699,885989            85     01 FF FF FF FF FF FF FF        9597            
2699,935478            06     00 00 FF FF FF FF FF FF        9597            
2699,984967            47     02 00 FF FF FF FF FF FF        9615            
2700,034865            49     FF FF FF FF FF FF FF FF        9597            
2700,084354            D6     00 0F 6D 0B B7 0C 77 85        9597            
2700,135070            97            9597            Checksum Error
2700,184968            D8     FE FF FF FF FF FF FF FF        9597            
2700,234457            3C     01 06 B2 23 17 46 10 03        9597            
2700,284355            7D     01 06 F2 01 00 00 00 FF        9597            
2700,335071            03     68 0B FF FF FF FF FF FF        9597            
2700,384560            C4     AA 0A FF FF FF FF FF FF        9597            
2700,434458            85     01 FF FF FF FF FF FF FF        9597            
2700,483947            06     00 00 FF FF FF FF FF FF        9597            
2700,533436            47     02 00 FF FF FF FF FF FF        9597            
2700,583334            49     FF FF FF FF FF FF FF FF        9597            
2700,632823            D6     00 0F 6D 0B B7 0C 77 85        9615            
2700,683539            97            9615            Checksum Error
2700,733028            D8     FE FF FF FF FF FF FF FF        9615            
2700,782926            3C     FF FF FF FF FF FF FF FF        9597            
2700,832415            7D            9597            Checksum Error
2700,883131            03     68 0B FF FF FF FF FF FF        9597            
2700,933029            C4     AA 0A FF FF FF FF FF FF        9597            
2700,982518            85     01 FF FF FF FF FF FF FF        9597            
2701,032416            06     00 00 FF FF FF FF FF FF        9597            
2701,081905            47     02 00 FF FF FF FF FF FF        9615            
2701,131803            49     FF FF FF FF FF FF FF FF        9597            
2701,181292            D6     00 0F 6D 0B B7 0C 77 85        9597            
2701,232008            97            9615            Checksum Error
2701,281497            D8     FE FF FF FF FF FF FF FF        9597            
2701,331395            3C     03 05 B9 00 1F 00 00 FF        9615            
2701,380884            7D     03 02 F9 00 FF FF FF FF        9615            
2701,430782            3C     03 10 29 BB 00 1F 00 1E        9615            
2701,480271            3C     03 21 00 00 22 FF FF FF        9615            
2701,530169            3C     03 22 54 01 14 33 00 87        9597            
2701,579658            3C     03 23 68 0B 0A 00 00 00        9615            
2701,629556            3C     03 24 00 00 00 00 01 01        9597            
2701,679045            3C     03 25 D0 0C 6D 0B 07 00        9597            
2701,728534            3C     03 26 00 00 00 00 00 00        9597            
2701,778023            7D     03 01 FB FF FF FF FF FF        9597            
2701,827512            3C     03 05 B9 00 1F 00 01 FF        9597            
2701,877410            7D     03 02 F9 00 FF FF FF FF        9597            
2701,928126            03     68 0B FF FF FF FF FF FF        9597            
2701,977615            C4     AA 0A FF FF FF FF FF FF        9597            
2702,027513            85     01 FF FF FF FF FF FF FF        9597            
2702,077002            06     00 00 FF FF FF FF FF FF        9615            
2702,126900            47     02 00 FF FF FF FF FF FF        9597            
2702,176389            49     FF FF FF FF FF FF FF FF        9615            
2702,225878            D6     00 0F 6D 0B B7 0C 77 85        9597            
2702,276594            97            9615            Checksum Error
2702,326083            D8     FE FF FF FF FF FF FF FF        9597            
2702,375981            3C     FF FF FF FF FF FF FF FF        9597            
2702,425470            7D            9615            Checksum Error
2702,476186            03     68 0B FF FF FF FF FF FF        9615            
2702,526084            C4     AA 0A FF FF FF FF FF FF        9597            
2702,575573            85     01 FF FF FF FF FF FF FF        9597            
2702,625062            06     00 00 FF FF FF FF FF FF        9597            
2702,674551            47     02 00 FF FF FF FF FF FF        9597            
2702,724040            49     FF FF FF FF FF FF FF FF        9597            
2702,773938            D6     00 0F 6D 0B B7 0C 6D 85        9597            
2702,824654            97            9597            Checksum Error
2702,874143            D8     FE FF FF FF FF FF FF FF        9597            
2702,923632            3C     01 04 B8 10 03 01 FF FF        9597            
2702,973121            7D     01 03 F8 02 02 FF FF FF        9597            
2703,023837            03     68 0B FF FF FF FF FF FF        9597            
2703,073326            C4     AA 0A FF FF FF FF FF FF        9615            
2703,123224            85     01 FF FF FF FF FF FF FF        9597            
2703,172713            06     00 00 FF FF FF FF FF FF        9597            
2703,222611            47     02 00 FF FF FF FF FF FF        9597            
2703,272100            49     FF FF FF FF FF FF FF FF        9597            
2703,321998            D6     00 0F 6D 0B B7 0C 6D 85        9597            
2703,372305            97            9597            Checksum Error
2703,422203            D8     FE FF FF FF FF FF FF FF        9597            
2703,471692            3C     01 06 B2 23 17 46 10 03        9597            
2703,521590            7D     01 06 F2 01 00 00 00 FF        9597            
2703,571897            03     68 0B FF FF FF FF FF FF        9597            
2703,621386            C4     AA 0A FF FF FF FF FF FF        9597            
2703,670875            85     01 FF FF FF FF FF FF FF        9597            
2703,720773            06     00 00 FF FF FF FF FF FF        9597            
2703,770262            47     01 00 FF FF FF FF FF FF        9597            
2703,820160            49     FF FF FF FF FF FF FF FF        9597            
2703,869649            D6     00 0F 6D 0B B7 0C 77 85        9615            
2703,920365            97            9597            Checksum Error
2703,970263            D8     FE FF FF FF FF FF FF FF        9597            
2704,019752            3C     FF FF FF FF FF FF FF FF        9615            
2704,069650            7D            9597            Checksum Error
2704,120366            03     68 0B FF FF FF FF FF FF        9597            
2704,169855            C4     AA 0A FF FF FF FF FF FF        9597            
2704,219753            85     01 FF FF FF FF FF FF FF        9597            
2704,269242            06     00 00 FF FF FF FF FF FF        9597            
2704,318731            47     01 00 FF FF FF FF FF FF        9597            
2704,368220            49     FF FF FF FF FF FF FF FF        9597            
2704,418118            D6     00 0F 6D 0B B7 0C 77 85        9597            
2704,468834            97            9597            Checksum Error
2704,518323            D8     FE FF FF FF FF FF FF FF        9597            
2704,568221            3C     03 05 B9 00 1F 00 00 FF        9615            
2704,617710            7D     03 02 F9 00 FF FF FF FF        9597            
2704,667608            3C     03 10 29 BB 00 1F 00 1E        9597            
2704,717097            3C     03 21 00 00 22 FF FF FF        9615            
2704,766586            3C     03 22 54 01 14 33 00 90        9597            
2704,816075            3C     03 23 68 0B 01 00 00 00        9597            
2704,865973            3C     03 24 00 00 00 00 01 01        9597            
2704,915462            3C     03 25 D0 0C 6D 0B 07 00        9615            
2704,965360            3C     03 26 00 00 00 00 00 00        9597            
2705,014849            7D     03 01 FB FF FF FF FF FF        9597            
2705,064747            3C     03 05 B9 00 1F 00 01 FF        9597            
2705,114236            7D     03 02 F9 00 FF FF FF FF        9597            
2705,164952            03     68 0B FF FF FF FF FF FF        9597            
2705,214850            C4     AA 0A FF FF FF FF FF FF        9597            
2705,264339            85     01 FF FF FF FF FF FF FF        9597            
2705,314237            06     00 00 FF FF FF FF FF FF        9597            
2705,363726            47     01 00 FF FF FF FF FF FF        9597            
2705,413624            49     FF FF FF FF FF FF FF FF        9615            
2705,463113            D6     00 0F 6D 0B B7 0C 77 85        9597            
2705,513829            97            9597            Checksum Error
2705,563318            D8     FE FF FF FF FF FF FF FF        9597            
2705,612807            3C     FF FF FF FF FF FF FF FF        9597            
2705,662296            7D            9597            Checksum Error
2705,713012            03     68 0B FF FF FF FF FF FF        9597            
2705,762501            C4     AA 0A FF FF FF FF FF FF        9597            
2705,812399            85     01 FF FF FF FF FF FF FF        9597            
2705,861888            06     00 00 FF FF FF FF FF FF        9597            
2705,911786            47     02 00 FF FF FF FF FF FF        9597            
2705,961275            49     FF FF FF FF FF FF FF FF        9597            
2706,010764            D6     00 0F 6D 0B B7 0C 77 85        9597            
2706,061480            97            9597            Checksum Error
2706,110969            D8     FE FF FF FF FF FF FF FF        9597            
2706,160867            3C     01 04 B8 10 03 01 FF FF        9597            
2706,210356            7D     01 03 F8 02 02 FF FF FF        9615            
2706,261072            03     68 0B FF FF FF FF FF FF        9597            
2706,310970            C4     AA 0A FF FF FF FF FF FF        9597            
2706,360459            85     01 FF FF FF FF FF FF FF        9597            
2706,410357            06     00 00 FF FF FF FF FF FF        9597            
2706,459846            47     02 00 FF FF FF FF FF FF        9597            
2706,509744            49     FF FF FF FF FF FF FF FF        9597            
2706,559233            D6     00 0F 6D 0B B7 0C 77 85        9597            
2706,609949            97            9597            Checksum Error
2706,659847            D8     FE FF FF FF FF FF FF FF        9597            
2706,709336            3C     01 06 B2 23 17 46 10 03        9597            
2706,758825            7D     01 06 F2 01 00 00 00 FF        9597            
2706,805317            03     68 0B FF FF FF FF FF FF        9597            
2706,855215            C4     AA 0A FF FF FF FF FF FF        9597            
2706,904704            85     01 FF FF FF FF FF FF FF        9597            
2706,954602            06     00 00 FF FF FF FF FF FF        9597            
2707,004091            47     02 00 FF FF FF FF FF FF        9615            
2707,053989            49     FF FF FF FF FF FF FF FF        9597            
2707,103478            D6     00 0F 6D 0B B7 0C 77 85        9615            
2707,154194            97            9597            Checksum Error
2707,204092            D8     FE FF FF FF FF FF FF FF        9597            
2707,253581            3C     FF FF FF FF FF FF FF FF        9597            
2707,303479            7D            9597            Checksum Error
2707,353786            03     68 0B FF FF FF FF FF FF        9597            
2707,403684            C4     AA 0A FF FF FF FF FF FF        9597            
2707,453173            85     01 FF FF FF FF FF FF FF        9597            
2707,503071            06     00 00 FF FF FF FF FF FF        9615            
2707,552560            47     02 00 FF FF FF FF FF FF        9597            
2707,602049            49     FF FF FF FF FF FF FF FF        9597            
2707,651538            D6     00 0F 6D 0B B7 0C 77 85        9615            
2707,702254            97            9615            Checksum Error
2707,751743            D8     FE FF FF FF FF FF FF FF        9615            
2707,801641            3C     03 05 B9 00 1F 00 00 FF        9597            
2707,851130            7D     03 02 F9 00 FF FF FF FF        9597            
2707,900619            3C     03 10 29 BB 00 1F 00 1E        9597            
2707,950517            3C     03 21 00 00 22 FF FF FF        9597            
2708,000006            3C     03 22 54 01 14 33 00 87        9615            
2708,049904            3C     03 23 68 0B 0A 00 00 00        9597            
2708,099393            3C     03 24 00 00 00 00 01 01        9597            
2708,148882            3C     03 25 D0 0C 6D 0B 07 00        9597            
2708,198371            3C     03 26 00 00 00 00 00 00        9615            
2708,248269            7D     03 01 FB FF FF FF FF FF        9597            
2708,297758            3C     03 05 B9 00 1F 00 01 FF        9597            
2708,347656            7D     03 02 F9 00 FF FF FF FF        9597            
2708,398372            03     68 0B FF FF FF FF FF FF        9597            
2708,447861            C4     AA 0A FF FF FF FF FF FF        9597            
2708,497759            85     01 FF FF FF FF FF FF FF        9615            
2708,547248            06     00 00 FF FF FF FF FF FF        9597            
2708,597146            47     02 00 FF FF FF FF FF FF        9597            
2708,646635            49     FF FF FF FF FF FF FF FF        9597            
2708,696533            D6     00 0F 6D 0B B7 0C 6D 85        9597            
2708,746840            97            9615            Checksum Error
2708,796738            D8     FE FF FF FF FF FF FF FF        9615            
2708,846227            3C     FF FF FF FF FF FF FF FF        9615            
2708,896125            7D            9597            Checksum Error
2708,946841            03     68 0B FF FF FF FF FF FF        9615            
2708,996330            C4     AA 0A FF FF FF FF FF FF        9597            
2709,045819            85     01 FF FF FF FF FF FF FF        9597            
2709,095308            06     00 00 FF FF FF FF FF FF        9597            
2709,144797            47     02 00 FF FF FF FF FF FF        9597            
2709,194695            49     FF FF FF FF FF FF FF FF        9597            
2709,244184            D6     00 0F 6D 0B B7 0C 6D 85        9597            
2709,294900            97            9615            Checksum Error
2709,344798            D8     FE FF FF FF FF FF FF FF        9597            
2709,394696            3C     01 04 B8 10 03 01 FF FF        9615            
2709,444185            7D     01 03 F8 02 02 FF FF FF        9597            
2709,494901            03     68 0B FF FF FF FF FF FF        9597            
2709,544390            C4     AA 0A FF FF FF FF FF FF        9615            
2709,594288            85     01 FF FF FF FF FF FF FF        9597            
2709,643777            06     00 00 FF FF FF FF FF FF        9597            
2709,693675            47     02 00 FF FF FF FF FF FF        9597            
2709,743164            49     FF FF FF FF FF FF FF FF        9597            
2709,792653            D6     00 0F 6D 0B B7 0C 6D 85        9615            
2709,843369            97            9597            Checksum Error
2709,893267            D8     FE FF FF FF FF FF FF FF        9597            
2709,942756            3C     01 06 B2 23 17 46 10 03        9597            
2709,992654            7D     01 06 F2 01 00 00 00 FF        9597            
2710,043370            03     68 0B FF FF FF FF FF FF        9597            
2710,092859            C4     AA 0A FF FF FF FF FF FF        9597            
2710,142757            85     01 FF FF FF FF FF FF FF        9597            
2710,192246            06     00 00 FF FF FF FF FF FF        9597            
2710,242144            47     01 00 FF FF FF FF FF FF        9597            
2710,291633            49     FF FF FF FF FF FF FF FF        9597            
2710,341122            D6     00 0F 6D 0B B7 0C 77 85        9597            
2710,391429            97            9597            Checksum Error
2710,441327            D8     FE FF FF FF FF FF FF FF        9615            
2710,490816            3C     FF FF FF FF FF FF FF FF        9597            
2710,540305            7D            9615            Checksum Error
2710,591021            03     68 0B FF FF FF FF FF FF        9597            
2710,640919            C4     AA 0A FF FF FF FF FF FF        9597            
2710,690408            85     01 FF FF FF FF FF FF FF        9615            
2710,740306            06     00 00 FF FF FF FF FF FF        9597            
2710,789795            47     01 00 FF FF FF FF FF FF        9597            
2710,839284            49     FF FF FF FF FF FF FF FF        9597            
2710,889182            D6     00 0F 6D 0B B7 0C 77 85        9597            
2710,939898            97            9615            Checksum Error
2710,989387            D8     FE FF FF FF FF FF FF FF        9615            
2711,038876            3C     03 05 B9 00 1F 00 00 FF        9597            
2711,088774            7D     03 02 F9 00 FF FF FF FF        9597            
2711,138263            3C     03 10 29 BB 00 1F 00 1E        9597            
2711,188161            3C     03 21 00 00 22 FF FF FF        9615            
2711,237650            3C     03 22 54 01 14 33 00 90        9615            
2711,287548            3C     03 23 68 0B 01 00 00 00        9597            
2711,337037            3C     03 24 00 00 00 00 01 01        9615            
2711,386526            3C     03 25 D0 0C 6D 0B 07 00        9615            
2711,436424            3C     03 26 00 00 00 00 00 00        9615            
2711,485913            7D     03 01 FB FF FF FF FF FF        9615            
2711,535811            3C     03 05 B9 00 1F 00 01 FF        9615            
2711,585300            7D     03 02 F9 00 FF FF FF FF        9597            
2711,636016            03     68 0B FF FF FF FF FF FF        9597            
2711,685505            C4     AA 0A FF FF FF FF FF FF        9597            
2711,734994            85     01 FF FF FF FF FF FF FF        9597            
2711,784892            06     00 00 FF FF FF FF FF FF        9597            
2711,834381            47     01 00 FF FF FF FF FF FF        9597            
2711,884279            49     FF FF FF FF FF FF FF FF        9615            
2711,933768            D6     00 0F 6D 0B B7 0C 77 85        9597            
2711,984484            97            9597            Checksum Error
2712,034382            D8     FE FF FF FF FF FF FF FF        9597            
2712,083871            3C     FF FF FF FF FF FF FF FF        9597            
2712,133360            7D            9597            Checksum Error
2712,184076            03     68 0B FF FF FF FF FF FF        9615            
2712,233565            C4     AA 0A FF FF FF FF FF FF        9597            
2712,283463            85     01 FF FF FF FF FF FF FF        9597            
2712,332952            06     00 00 FF FF FF FF FF FF        9597            
2712,382850            47     01 00 FF FF FF FF FF FF        9615            
2712,432339            49     FF FF FF FF FF FF FF FF        9597            
2712,482237            D6     00 0F 6D 0B B7 0C 77 85        9615            
2712,532953            97            9615            Checksum Error
2712,582442            D8     FE FF FF FF FF FF FF FF        9597            
2712,632340            3C     01 04 B8 10 03 01 FF FF        9597            
2712,681829            7D     01 03 F8 02 02 FF FF FF        9597            
2712,732545            03     68 0B FF FF FF FF FF FF        9615            
2712,782034            C4     AA 0A FF FF FF FF FF FF        9597            
2712,831932            85     01 FF FF FF FF FF FF FF        9597            
2712,881421            06     00 00 FF FF FF FF FF FF        9597            
