Time Stamp(sec)   Frame ID          Frame Data        Baud Rate(bits/sec)     Error Condition
1953,198482            03     72 0B FF FF FF FF FF FF        9597            
1953,247971            C4     AA 0A FF FF FF FF FF FF        9597            
1953,297869            85     01 FF FF FF FF FF FF FF        9597            
1953,347358            06     00 00 FF FF FF FF FF FF        9597            
1953,397256            47     01 00 FF FF FF FF FF FF        9597            
1953,446745            49     FF FF FF FF FF FF FF FF        9597            
1953,496643            D6     00 0F 67 0B 99 0C 77 85        9597            
1953,547359            97            9597            Checksum Error
1953,596848            D8     FE FF FF FF FF FF FF FF        9597            
1953,646337            3C     01 04 B8 10 03 01 FF FF        9579            
1953,696235            7D     01 03 F8 02 02 FF FF FF        9597            
1953,746951            03     72 0B FF FF FF FF FF FF        9597            
1953,796440            C4     AA 0A FF FF FF FF FF FF        9597            
1953,846338            85     01 FF FF FF FF FF FF FF        9597            
1953,895827            06     00 00 FF FF FF FF FF FF        9597            
1953,945725            47     01 00 FF FF FF FF FF FF        9597            
1953,995214            49     FF FF FF FF FF FF FF FF        9597            
1954,045112            D6     00 0F 67 0B 99 0C 77 85        9597            
1954,095828            97            9597            Checksum Error
1954,145317            D8     FE FF FF FF FF FF FF FF        9597            
1954,195215            3C     01 06 B2 23 17 46 10 03        9597            
1954,245113            7D     01 06 F2 01 00 00 00 FF        9597            
1954,295829            03     72 0B FF FF FF FF FF FF        9597            
1954,345318            C4     AA 0A FF FF FF FF FF FF        9597            
1954,395216            85     01 FF FF FF FF FF FF FF        9597            
1954,444705            06     00 00 FF FF FF FF FF FF        9579            
1954,494603            47     01 00 FF FF FF FF FF FF        9579            
1954,544092            49     FF FF FF FF FF FF FF FF        9597            
1954,593172            D6     00 0F 67 0B 99 0C 77 85        9597            
1954,643888            97            9597            Checksum Error
1954,693786            D8     FE FF FF FF FF FF FF FF        9597            
1954,743275            3C     FF FF FF FF FF FF FF FF        9597            
1954,793173            7D            9597            Checksum Error
1954,843889            03     68 0B FF FF FF FF FF FF        9597            
1954,893378            C4     AA 0A FF FF FF FF FF FF        9597            
1954,942867            85     01 FF FF FF FF FF FF FF        9597            
1954,992765            06     00 00 FF FF FF FF FF FF        9597            
1955,042254            47     01 00 FF FF FF FF FF FF        9597            
1955,092152            49     FF FF FF FF FF FF FF FF        9579            
1955,141641            D6     00 0F 67 0B 99 0C 77 85        9597            
1955,192357            97            9597            Checksum Error
1955,242255            D8     FE FF FF FF FF FF FF FF        9579            
1955,292153            3C     03 05 B9 00 1F 00 00 FF        9579            
1955,341642            7D     03 02 F9 00 FF FF FF FF        9597            
1955,391540            3C     03 10 29 BB 00 1F 00 1E        9597            
1955,441029            3C     03 21 00 00 22 FF FF FF        9579            
1955,490927            3C     03 22 54 01 14 33 00 C8        9597            
1955,540416            3C     03 23 68 0B 01 00 00 00        9579            
1955,590314            3C     03 24 00 00 00 00 01 01        9597            
1955,639803            3C     03 25 9E 0C 67 0B 07 00        9597            
1955,689701            3C     03 26 00 00 00 00 00 00        9597            
1955,739599            7D     03 01 FB FF FF FF FF FF        9597            
1955,789088            3C     03 05 B9 00 1F 00 01 FF        9597            
1955,838986            7D     03 02 F9 00 FF FF FF FF        9597            
1955,889702            03     68 0B FF FF FF FF FF FF        9597            
1955,939600            C4     AA 0A FF FF FF FF FF FF        9579            
1955,989089            85     01 FF FF FF FF FF FF FF        9579            
1956,038987            06     00 00 FF FF FF FF FF FF        9597            
1956,088476            47     01 00 FF FF FF FF FF FF        9597            
1956,137965            49     FF FF FF FF FF FF FF FF        9597            
1956,187863            D6     00 0F 67 0B 99 0C 77 85        9597            
1956,238579            97            9597            Checksum Error
1956,288068            D8     FE FF FF FF FF FF FF FF        9597            
1956,337966            3C     FF FF FF FF FF FF FF FF        9597            
1956,387455            7D            9597            Checksum Error
1956,433947            03     68 0B FF FF FF FF FF FF        9579            
1956,483845            C4     AA 0A FF FF FF FF FF FF        9579            
1956,533334            85     01 FF FF FF FF FF FF FF        9597            
1956,583232            06     00 00 FF FF FF FF FF FF        9597            
1956,632721            47     01 00 FF FF FF FF FF FF        9615            
1956,682619            49     FF FF FF FF FF FF FF FF        9615            
1956,732108            D6     00 0F 67 0B 99 0C 77 85        9597            
1956,782824            97            9597            Checksum Error
1956,832722            D8     FE FF FF FF FF FF FF FF        9579            
1956,882211            3C     01 04 B8 10 03 01 FF FF        9597            
1956,932109            7D     01 03 F8 02 02 FF FF FF        9579            
1956,982825            03     68 0B FF FF FF FF FF FF        9597            
1957,032314            C4     AA 0A FF FF FF FF FF FF        9597            
1957,082212            85     01 FF FF FF FF FF FF FF        9597            
1957,131701            06     00 00 FF FF FF FF FF FF        9597            
1957,181599            47     01 00 FF FF FF FF FF FF        9597            
1957,231088            49     FF FF FF FF FF FF FF FF        9597            
1957,280986            D6     00 0F 67 0B 99 0C 77 85        9597            
1957,331702            97            9597            Checksum Error
1957,381600            D8     FE FF FF FF FF FF FF FF        9579            
1957,431089            3C     01 06 B2 23 17 46 10 03        9597            
1957,480987            7D     01 06 F2 01 00 00 00 FF        9597            
1957,531703            03     68 0B FF FF FF FF FF FF        9597            
1957,581192            C4     AA 0A FF FF FF FF FF FF        9597            
1957,631090            85     01 FF FF FF FF FF FF FF        9597            
