Time Stamp(sec)   Frame ID          Frame Data        Baud Rate(bits/sec)     Error Condition
Time Stamp(sec)   Frame ID          Frame Data        Baud Rate(bits/sec)     Error Condition
Time Stamp(sec)   Frame ID          Frame Data        Baud Rate(bits/sec)     Error Condition
68,685147            00            9597            Checksum Error
70,261842            03     AA 0A FF FF FF FF FF FF        9634            
70,311331            C4     AA 0A FF FF FF FF FF FF        9634            
70,360820            85     01 FF FF FF FF FF FF FF        9634            
70,410309            06     00 00 FF FF FF FF FF FF        9634            
70,460207            47     00 00 FF FF FF FF FF FF        9634            
70,509696            49     FF FF FF FF FF FF FF FF        9634            
70,559185            D6            9634            Checksum Error
70,609492            97            9634            Checksum Error
70,658981            D8            9634            Checksum Error
70,708470            3C     01 04 B8 10 03 00 FF FF        9634            
70,757959            7D            9634            Checksum Error
70,808675            03     AA 0A FF FF FF FF FF FF        9634            
70,858164            C4     AA 0A FF FF FF FF FF FF        9653            
70,907653            85     01 FF FF FF FF FF FF FF        9634            
70,957142            06     00 00 FF FF FF FF FF FF        9634            
71,006631            47     00 00 FF FF FF FF FF FF        9634            
71,056120            49     FF FF FF FF FF FF FF FF        9634            
71,105609            D6            9634            Checksum Error
71,155916            97            9634            Checksum Error
71,205814            D8            9634            Checksum Error
71,254894            3C     01 06 B2 23 17 46 10 03        9634            
71,304792            7D            9653            Checksum Error
71,355099            03     AA 0A FF FF FF FF FF FF        9634            
71,404588            C4     AA 0A FF FF FF FF FF FF        9634            
71,454077            85     01 FF FF FF FF FF FF FF        9634            
71,503566            06     00 00 FF FF FF FF FF FF        9634            
71,553055            47     00 00 FF FF FF FF FF FF        9634            
71,602544            49     FF FF FF FF FF FF FF FF        9634            
71,652033            D6            9634            Checksum Error
71,702749            97            9634            Checksum Error
71,752238            D8            9634            Checksum Error
71,801727            3C     FF FF FF FF FF FF FF FF        9634            
71,851216            7D            9634            Checksum Error
71,901523            03     AA 0A FF FF FF FF FF FF        9634            
71,951012            C4     AA 0A FF FF FF FF FF FF        9634            
72,000501            85     01 FF FF FF FF FF FF FF        9615            
72,049990            06     00 00 FF FF FF FF FF FF        9634            
72,099479            47     00 00 FF FF FF FF FF FF        9634            
72,148968            49     FF FF FF FF FF FF FF FF        9653            
72,198457            D6            9653            Checksum Error
72,249173            97            9634            Checksum Error
72,298662            D8            9634            Checksum Error
72,348151            3C     FF FF FF FF FF FF FF FF        9634            
72,397640            7D            9634            Checksum Error
72,447947            03     AA 0A FF FF FF FF FF FF        9634            
72,497436            C4     AA 0A FF FF FF FF FF FF        9634            
72,547334            85     01 FF FF FF FF FF FF FF        9634            
72,596414            06     00 00 FF FF FF FF FF FF        9634            
72,645903            47     00 00 FF FF FF FF FF FF        9634            
72,695392            49     FF FF FF FF FF FF FF FF        9634            
72,744881            D6            9634            Checksum Error
72,795188            97            9634            Checksum Error
72,844677            D8            9653            Checksum Error
72,894166            3C     01 04 B8 10 03 00 FF FF        9653            
72,943655            7D            9653            Checksum Error
72,993962            03     AA 0A FF FF FF FF FF FF        9653            
73,043451            C4     AA 0A FF FF FF FF FF FF        9653            
73,092531            85     01 FF FF FF FF FF FF FF        9634            
73,142020            06     00 00 FF FF FF FF FF FF        9634            
73,191100            47     00 00 FF FF FF FF FF FF        9634            
73,240998            49     FF FF FF FF FF FF FF FF        9634            
73,290078            D6            9634            Checksum Error
73,340794            97            9634            Checksum Error
73,390283            D8            9634            Checksum Error
73,439772            3C     01 06 B2 23 17 46 10 03        9634            
73,489261            7D            9634            Checksum Error
73,539568            03     AA 0A FF FF FF FF FF FF        9634            
73,589057            C4     AA 0A FF FF FF FF FF FF        9634            
73,638137            85     01 FF FF FF FF FF FF FF        9634            
73,687626            06     00 00 FF FF FF FF FF FF        9634            
73,736706            47     00 00 FF FF FF FF FF FF        9634            
73,786604            49     FF FF FF FF FF FF FF FF        9634            
73,835684            D6            9634            Checksum Error
73,886400            97            9653            Checksum Error
73,935889            D8            9634            Checksum Error
73,985378            3C     FF FF FF FF FF FF FF FF        9634            
74,034867            7D            9634            Checksum Error
74,085174            03     AA 0A FF FF FF FF FF FF        9634            
74,134663            C4     AA 0A FF FF FF FF FF FF        9634            
74,184561            85     01 FF FF FF FF FF FF FF        9634            
74,233641            06     00 00 FF FF FF FF FF FF        9615            
74,283130            47     00 00 FF FF FF FF FF FF        9634            
74,332619            49     FF FF FF FF FF FF FF FF        9653            
74,382108            D6            9634            Checksum Error
74,432415            97            9634            Checksum Error
74,481904            D8            9634            Checksum Error
74,531393            3C     03 05 B9 00 1F 00 00 FF        9634            
74,580882            7D            9634            Checksum Error
74,630371            3C     03 10 29 BB 00 1F 00 1E        9634            
74,679860            3C     03 21 00 00 22 FF FF FF        9634            
74,729349            3C     03 22 54 01 0C 0B 00 E0        9634            
74,778838            3C     03 23 02 00 01 00 50 00        9634            
74,828327            3C     03 24 00 03 00 01 4F 0C        9634            
74,877816            3C     03 25 00 00 00 00 00 00        9634            
74,927714            3C     03 26 00 00 00 00 00 00        9634            
74,976794            7D            9615            Checksum Error
75,026283            3C     03 05 B9 00 1F 00 01 FF        9634            
75,075772            7D            9634            Checksum Error
75,126079            03     AA 0A FF FF FF FF FF FF        9615            
75,175568            C4     AA 0A FF FF FF FF FF FF        9634            
75,225057            85     01 FF FF FF FF FF FF FF        9634            
75,274546            06     00 00 FF FF FF FF FF FF        9634            
75,324035            47     00 00 FF FF FF FF FF FF        9634            
75,373115            49     FF FF FF FF FF FF FF FF        9634            
75,423013            D6            9634            Checksum Error
75,473320            97            9634            Checksum Error
75,522809            D8            9634            Checksum Error
75,572298            3C     FF FF FF FF FF FF FF FF        9634            
75,621787            7D            9634            Checksum Error
75,672503            03     AA 0A FF FF FF FF FF FF        9634            
75,721992            C4     AA 0A FF FF FF FF FF FF        9634            
75,771481            85     01 FF FF FF FF FF FF FF        9634            
75,820970            06     00 00 FF FF FF FF FF FF        9634            
75,870459            47     00 00 FF FF FF FF FF FF        9634            
75,919948            49     FF FF FF FF FF FF FF FF        9634            
75,969437            D6            9634            Checksum Error
76,019744            97            9653            Checksum Error
76,069233            D8            9653            Checksum Error
76,118313            3C     01 04 B8 10 03 00 FF FF        9634            
76,168211            7D            9634            Checksum Error
76,218518            03     AA 0A FF FF FF FF FF FF        9653            
76,268007            C4     AA 0A FF FF FF FF FF FF        9634            
76,317496            85     01 FF FF FF FF FF FF FF        9634            
76,366985            06     00 00 FF FF FF FF FF FF        9634            
76,416474            47     00 00 FF FF FF FF FF FF        9634            
76,465963            49     FF FF FF FF FF FF FF FF        9634            
76,515452            D6            9634            Checksum Error
76,565759            97            9653            Checksum Error
76,615657            D8            9653            Checksum Error
76,664737            3C     01 06 B2 23 17 46 10 03        9634            
76,714635            7D            9634            Checksum Error
76,764942            03     AA 0A FF FF FF FF FF FF        9634            
76,814431            C4     AA 0A FF FF FF FF FF FF        9634            
76,863920            85     01 FF FF FF FF FF FF FF        9634            
76,913409            06     00 00 FF FF FF FF FF FF        9653            
76,962898            47     00 00 FF FF FF FF FF FF        9634            
77,012387            49     FF FF FF FF FF FF FF FF        9634            
77,061876            D6            9634            Checksum Error
77,112183            97            9634            Checksum Error
77,161672            D8            9653            Checksum Error
77,211161            3C     FF FF FF FF FF FF FF FF        9634            
77,260650            7D            9615            Checksum Error
77,311366            03     AA 0A FF FF FF FF FF FF        9653            
77,360855            C4     AA 0A FF FF FF FF FF FF        9634            
77,410344            85     01 FF FF FF FF FF FF FF        9653            
77,459833            06     00 00 FF FF FF FF FF FF        9653            
77,509322            47     00 00 FF FF FF FF FF FF        9634            
77,558811            49     FF FF FF FF FF FF FF FF        9634            
77,608300            D6            9634            Checksum Error
77,658607            97            9653            Checksum Error
77,708096            D8            9634            Checksum Error
77,757585            3C     03 05 B9 00 1F 00 00 FF        9634            
77,807074            7D            9634            Checksum Error
77,856563            3C     03 10 29 BB 00 1F 00 1E        9634            
77,906052            3C     03 21 00 00 22 FF FF FF        9634            
77,955541            3C     03 22 54 01 0C 0B 00 72        9634            
78,005030            3C     03 23 02 01 01 00 10 03        9653            
78,054519            3C     03 24 02 06 00 02 00 00        9634            
78,104008            3C     03 25 00 00 00 00 00 00        9634            
78,153497            3C     03 26 00 00 00 00 00 00        9653            
78,202577            7D            9634            Checksum Error
78,252475            3C     03 05 B9 00 1F 00 01 FF        9634            
78,301555            7D            9653            Checksum Error
78,352271            03     AA 0A FF FF FF FF FF FF        9634            
78,401760            C4     AA 0A FF FF FF FF FF FF        9634            
78,451249            85     01 FF FF FF FF FF FF FF        9653            
78,500738            06     00 00 FF FF FF FF FF FF        9653            
78,550227            47     00 00 FF FF FF FF FF FF        9653            
78,599716            49     FF FF FF FF FF FF FF FF        9653            
78,649205            D6            9634            Checksum Error
78,699512            97            9634            Checksum Error
78,749001            D8            9634            Checksum Error
78,798490            3C     FF FF FF FF FF FF FF FF        9634            
78,847979            7D            9634            Checksum Error
78,898695            03     AA 0A FF FF FF FF FF FF        9653            
78,947775            C4     AA 0A FF FF FF FF FF FF        9615            
78,997264            85     01 FF FF FF FF FF FF FF        9634            
79,046753            06     00 00 FF FF FF FF FF FF        9615            
79,096242            47     00 00 FF FF FF FF FF FF        9634            
79,145731            49     FF FF FF FF FF FF FF FF        9634            
79,195220            D6            9634            Checksum Error
79,245527            97            9634            Checksum Error
79,295016            D8            9653            Checksum Error
79,344505            3C     01 04 B8 10 03 00 FF FF        9634            
79,394403            7D            9634            Checksum Error
79,444710            03     AA 0A FF FF FF FF FF FF        9634            
79,494199            C4     AA 0A FF FF FF FF FF FF        9634            
79,543688            85     01 FF FF FF FF FF FF FF        9634            
79,593177            06     00 00 FF FF FF FF FF FF        9634            
79,642666            47     00 00 FF FF FF FF FF FF        9634            
79,692155            49     FF FF FF FF FF FF FF FF        9634            
79,741644            D6            9634            Checksum Error
79,792360            97            9634            Checksum Error
79,841849            D8            9615            Checksum Error
79,891338            3C     01 06 B2 23 17 46 10 03        9634            
79,940827            7D            9653            Checksum Error
79,991134            03     AA 0A FF FF FF FF FF FF        9634            
80,040623            C4     AA 0A FF FF FF FF FF FF        9634            
80,090112            85     01 FF FF FF FF FF FF FF        9653            
80,139601            06     00 00 FF FF FF FF FF FF        9634            
80,188681            47     00 00 FF FF FF FF FF FF        9653            
80,238579            49     FF FF FF FF FF FF FF FF        9634            
80,287659            D6            9634            Checksum Error
80,337966            97            9634            Checksum Error
80,387455            D8            9634            Checksum Error
80,432720            3C     FF FF FF FF FF FF FF FF        9634            
80,482209            7D            9634            Checksum Error
80,532925            03     AA 0A FF FF FF FF FF FF        9615            
80,582414            C4     AA 0A FF FF FF FF FF FF        9634            
80,631903            85     01 FF FF FF FF FF FF FF        9653            
80,681392            06     00 00 FF FF FF FF FF FF        9634            
80,730881            47     00 00 FF FF FF FF FF FF        9634            
80,780370            49     FF FF FF FF FF FF FF FF        9634            
80,829859            D6            9634            Checksum Error
80,880166            97            9634            Checksum Error
80,929655            D8            9634            Checksum Error
80,978735            3C     03 05 B9 00 1F 00 00 FF        9634            
81,028633            7D            9634            Checksum Error
81,077713            3C     03 10 29 BB 00 1F 00 1E        9634            
81,127202            3C     03 21 00 00 22 FF FF FF        9634            
81,176691            3C     03 22 54 01 14 33 00 61        9634            
81,226180            3C     03 23 00 00 00 00 00 00        9634            
81,275669            3C     03 24 00 00 00 00 01 01        9615            
81,325158            3C     03 25 00 00 00 00 00 00        9634            
81,374647            3C     03 26 00 00 00 00 00 00        9634            
81,424136            7D            9634            Checksum Error
81,473625            3C     03 05 B9 00 1F 00 01 FF        9634            
81,523114            7D            9634            Checksum Error
81,573830            03     AA 0A FF FF FF FF FF FF        9615            
81,623319            C4     AA 0A FF FF FF FF FF FF        9634            
81,672808            85     01 FF FF FF FF FF FF FF        9634            
81,722297            06     00 00 FF FF FF FF FF FF        9653            
81,771786            47     00 00 FF FF FF FF FF FF        9634            
81,821275            49     FF FF FF FF FF FF FF FF        9634            
81,870764            D6            9634            Checksum Error
81,921071            97            9634            Checksum Error
81,970560            D8            9634            Checksum Error
82,020049            3C     FF FF FF FF FF FF FF FF        9634            
82,069538            7D            9634            Checksum Error
82,120254            03     AA 0A FF FF FF FF FF FF        9634            
82,169743            C4     AA 0A FF FF FF FF FF FF        9634            
82,219232            85     01 FF FF FF FF FF FF FF        9634            
82,268721            06     00 00 FF FF FF FF FF FF        9653            
82,318210            47     00 00 FF FF FF FF FF FF        9653            
82,367699            49     FF FF FF FF FF FF FF FF        9634            
82,417188            D6            9634            Checksum Error
82,467904            97            9634            Checksum Error
82,517393            D8            9634            Checksum Error
82,566882            3C     01 04 B8 10 03 00 FF FF        9634            
82,616371            7D            9634            Checksum Error
82,666678            03     AA 0A FF FF FF FF FF FF        9634            
82,716167            C4     AA 0A FF FF FF FF FF FF        9634            
82,765656            85     01 FF FF FF FF FF FF FF        9634            
82,815145            06     00 00 FF FF FF FF FF FF        9615            
82,864634            47     00 00 FF FF FF FF FF FF        9634            
82,914123            49     FF FF FF FF FF FF FF FF        9653            
82,963612            D6            9634            Checksum Error
83,014328            97            9634            Checksum Error
83,063817            D8            9634            Checksum Error
83,113306            3C     01 06 B2 23 17 46 10 03        9634            
83,162795            7D            9634            Checksum Error
83,213511            03     AA 0A FF FF FF FF FF FF        9634            
83,263000            C4     AA 0A FF FF FF FF FF FF        9634            
83,312489            85     01 FF FF FF FF FF FF FF        9653            
83,361978            06     00 00 FF FF FF FF FF FF        9634            
83,411467            47     00 00 FF FF FF FF FF FF        9634            
83,460956            49     FF FF FF FF FF FF FF FF        9615            
83,510445            D6            9634            Checksum Error
83,560752            97            9653            Checksum Error
83,610241            D8            9634            Checksum Error
83,659730            3C     FF FF FF FF FF FF FF FF        9634            
83,709219            7D            9634            Checksum Error
83,759935            03     AA 0A FF FF FF FF FF FF        9634            
83,809424            C4     AA 0A FF FF FF FF FF FF        9634            
83,858913            85     01 FF FF FF FF FF FF FF        9634            
83,908402            06     00 00 FF FF FF FF FF FF        9634            
83,957891            47     00 00 FF FF FF FF FF FF        9634            
84,007380            49     FF FF FF FF FF FF FF FF        9634            
84,056869            D6            9634            Checksum Error
84,107585            97            9634            Checksum Error
84,157074            D8            9634            Checksum Error
84,206563            3C     03 05 B9 00 1F 00 00 FF        9634            
84,256052            7D            9634            Checksum Error
84,305541            3C     03 10 29 BB 00 1F 00 1E        9634            
84,355030            3C     03 21 00 00 22 FF FF FF        9634            
84,404519            3C     03 22 54 01 18 3D 00 53        9634            
84,454008            3C     03 23 00 00 00 00 00 00        9634            
84,503497            3C     03 24 00 00 00 00 01 01        9634            
84,552986            3C     03 25 00 00 00 00 00 00        9634            
84,602475            3C     03 26 00 00 00 00 00 00        9634            
84,651964            7D            9634            Checksum Error
84,701453            3C     03 05 B9 00 1F 00 01 FF        9634            
84,750942            7D            9634            Checksum Error
84,801249            03     AA 0A FF FF FF FF FF FF        9634            
84,850738            C4     AA 0A FF FF FF FF FF FF        9634            
84,900227            85     01 FF FF FF FF FF FF FF        9634            
84,949716            06     00 00 FF FF FF FF FF FF        9634            
84,999205            47     00 00 FF FF FF FF FF FF        9615            
85,049103            49     FF FF FF FF FF FF FF FF        9634            
85,098183            D6            9634            Checksum Error
85,148899            97            9634            Checksum Error
85,198388            D8            9634            Checksum Error
85,247877            3C     FF FF FF FF FF FF FF FF        9615            
85,297366            7D            9634            Checksum Error
85,348082            03     AA 0A FF FF FF FF FF FF        9634            
85,397571            C4     AA 0A FF FF FF FF FF FF        9634            
85,447060            85     01 FF FF FF FF FF FF FF        9634            
85,496549            06     00 00 FF FF FF FF FF FF        9634            
85,546038            47     00 00 FF FF FF FF FF FF        9634            
85,595527            49     FF FF FF FF FF FF FF FF        9634            
85,645016            D6            9634            Checksum Error
85,695323            97            9634            Checksum Error
85,744812            D8            9634            Checksum Error
85,794301            3C     01 04 B8 10 03 00 FF FF        9634            
85,843790            7D            9634            Checksum Error
85,894506            03     AA 0A FF FF FF FF FF FF        9615            
85,943995            C4     AA 0A FF FF FF FF FF FF        9634            
85,993484            85     01 FF FF FF FF FF FF FF        9634            
86,042973            06     00 00 FF FF FF FF FF FF        9634            
86,092462            47     00 00 FF FF FF FF FF FF        9634            
86,141951            49     FF FF FF FF FF FF FF FF        9634            
86,191440            D6            9653            Checksum Error
86,242156            97            9634            Checksum Error
86,291645            D8            9634            Checksum Error
86,341134            3C     01 06 B2 23 17 46 10 03        9634            
86,390623            7D            9634            Checksum Error
86,440930            03     AA 0A FF FF FF FF FF FF        9615            
86,490419            C4     AA 0A FF FF FF FF FF FF        9634            
86,540317            85     01 FF FF FF FF FF FF FF        9634            
86,589806            06     00 00 FF FF FF FF FF FF        9634            
86,639295            47     00 00 FF FF FF FF FF FF        9634            
86,688784            49     FF FF FF FF FF FF FF FF        9634            
86,738273            D6            9634            Checksum Error
86,788580            97            9634            Checksum Error
86,838069            D8            9634            Checksum Error
86,887558            3C     FF FF FF FF FF FF FF FF        9615            
86,937047            7D            9634            Checksum Error
86,987763            03     AA 0A FF FF FF FF FF FF        9634            
87,037252            C4     AA 0A FF FF FF FF FF FF        9634            
87,086741            85     01 FF FF FF FF FF FF FF        9634            
87,136230            06     00 00 FF FF FF FF FF FF        9634            
87,185719            47     00 00 FF FF FF FF FF FF        9634            
87,235208            49     FF FF FF FF FF FF FF FF        9634            
87,284697            D6            9634            Checksum Error
87,335413            97            9634            Checksum Error
87,384902            D8            9634            Checksum Error
87,434391            3C     03 05 B9 00 1F 00 00 FF        9634            
87,483880            7D            9634            Checksum Error
87,533369            3C     03 10 29 BB 00 1F 00 1E        9634            
87,582858            3C     03 21 00 00 22 FF FF FF        9634            
87,632347            3C     03 22 54 01 14 33 00 61        9634            
87,681836            3C     03 23 00 00 00 00 00 00        9634            
87,731325            3C     03 24 00 00 00 00 01 01        9634            
87,780814            3C     03 25 00 00 00 00 00 FF        9615            
87,830303            3C     03 26 00 00 00 00 00 00        9615            
87,879792            7D            9634            Checksum Error
87,928872            3C     03 05 B9 00 1F 00 01 FF        9634            
87,978770            7D            9634            Checksum Error
88,029077            03     AA 0A FF FF FF FF FF FF        9634            
88,078566            C4     AA 0A FF FF FF FF FF FF        9634            
88,128055            85     01 FF FF FF FF FF FF FF        9634            
88,177544            06     00 00 FF FF FF FF FF FF        9634            
88,227033            47     00 00 FF FF FF FF FF FF        9634            
88,276931            49     FF FF FF FF FF FF FF FF        9634            
88,326420            D6            9634            Checksum Error
88,376727            97            9634            Checksum Error
88,426216            D8            9634            Checksum Error
88,475705            3C     FF FF FF FF FF FF FF FF        9634            
88,525194            7D            9653            Checksum Error
88,575910            03     AA 0A FF FF FF FF FF FF        9634            
88,625399            C4     AA 0A FF FF FF FF FF FF        9634            
88,674888            85     01 FF FF FF FF FF FF FF        9634            
88,724377            06     00 00 FF FF FF FF FF FF        9634            
88,773866            47     00 00 FF FF FF FF FF FF        9634            
88,823355            49     FF FF FF FF FF FF FF FF        9634            
88,872844            D6            9634            Checksum Error
88,923560            97            9634            Checksum Error
88,972640            D8            9634            Checksum Error
89,022129            3C     01 04 B8 10 03 00 FF FF        9634            
89,071209            7D            9653            Checksum Error
89,121516            03     AA 0A FF FF FF FF FF FF        9634            
89,171005            C4     AA 0A FF FF FF FF FF FF        9634            
89,220494            85     01 FF FF FF FF FF FF FF        9653            
89,269983            06     00 00 FF FF FF FF FF FF        9634            
89,319472            47     00 00 FF FF FF FF FF FF        9634            
89,368961            49     FF FF FF FF FF FF FF FF        9634            
89,418450            D6            9634            Checksum Error
89,469166            97            9634            Checksum Error
89,518655            D8            9634            Checksum Error
89,568144            3C     01 06 B2 23 17 46 10 03        9634            
89,617633            7D            9634            Checksum Error
89,667940            03     AA 0A FF FF FF FF FF FF        9634            
89,717838            C4     AA 0A FF FF FF FF FF FF        9634            
89,767327            85     01 FF FF FF FF FF FF FF        9634            
89,816816            06     00 00 FF FF FF FF FF FF        9615            
89,866305            47     00 00 FF FF FF FF FF FF        9634            
89,915794            49     FF FF FF FF FF FF FF FF        9634            
89,965283            D6            9634            Checksum Error
90,015590            97            9634            Checksum Error
90,065488            D8            9615            Checksum Error
90,114977            3C     FF FF FF FF FF FF FF FF        9634            
90,164466            7D            9634            Checksum Error
90,214773            03     AA 0A FF FF FF FF FF FF        9634            
90,264262            C4     AA 0A FF FF FF FF FF FF        9634            
90,313751            85     01 FF FF FF FF FF FF FF        9634            
90,363240            06     00 00 FF FF FF FF FF FF        9634            
90,413138            47     00 00 FF FF FF FF FF FF        9615            
90,462627            49     FF FF FF FF FF FF FF FF        9634            
90,512116            D6            9615            Checksum Error
90,562423            97            9615            Checksum Error
90,611912            D8            9634            Checksum Error
90,660992            3C     FF FF FF FF FF FF FF FF        9615            
90,710481            7D            9634            Checksum Error
90,760788            03     AA 0A FF FF FF FF FF FF        9634            
90,810277            C4     AA 0A FF FF FF FF FF FF        9634            
90,859766            85     01 FF FF FF FF FF FF FF        9615            
90,909255            06     00 00 FF FF FF FF FF FF        9634            
90,959153            47     00 00 FF FF FF FF FF FF        9615            
91,008642            49     FF FF FF FF FF FF FF FF        9634            
91,058131            D6            9634            Checksum Error
91,108438            97            9634            Checksum Error
91,157927            D8            9634            Checksum Error
91,207825            3C     01 04 B8 10 03 00 FF FF        9634            
91,257314            7D            9634            Checksum Error
91,307621            03     AA 0A FF FF FF FF FF FF        9634            
91,357110            C4     AA 0A FF FF FF FF FF FF        9634            
91,406599            85     01 FF FF FF FF FF FF FF        9615            
91,456497            06     00 00 FF FF FF FF FF FF        9634            
91,505986            47     00 00 FF FF FF FF FF FF        9615            
91,555475            49     FF FF FF FF FF FF FF FF        9634            
91,604964            D6            9615            Checksum Error
91,655271            97            9634            Checksum Error
91,705169            D8            9615            Checksum Error
91,754658            3C     01 06 B2 23 17 46 10 03        9615            
91,804147            7D            9634            Checksum Error
91,854454            03     AA 0A FF FF FF FF FF FF        9634            
91,904352            C4     AA 0A FF FF FF FF FF FF        9615            
91,953841            85     01 FF FF FF FF FF FF FF        9634            
92,003330            06     00 00 FF FF FF FF FF FF        9634            
92,052819            47     00 00 FF FF FF FF FF FF        9634            
92,102308            49     FF FF FF FF FF FF FF FF        9634            
92,151797            D6            9634            Checksum Error
92,202104            97            9634            Checksum Error
92,252002            D8            9634            Checksum Error
92,301491            3C     FF FF FF FF FF FF FF FF        9634            
92,350980            7D            9634            Checksum Error
92,401287            03     AA 0A FF FF FF FF FF FF        9634            
92,450776            C4     AA 0A FF FF FF FF FF FF        9634            
92,500674            85     01 FF FF FF FF FF FF FF        9634            
92,550163            06     00 00 FF FF FF FF FF FF        9634            
92,599652            47     00 00 FF FF FF FF FF FF        9634            
92,649141            49     FF FF FF FF FF FF FF FF        9634            
92,698630            D6            9634            Checksum Error
92,749346            97            9634            Checksum Error
92,798835            D8            9634            Checksum Error
92,848324            3C     FF FF FF FF FF FF FF FF        9615            
92,897813            7D            9634            Checksum Error
92,948529            03     AA 0A FF FF FF FF FF FF        9634            
92,998018            C4     AA 0A FF FF FF FF FF FF        9634            
93,047507            85     01 FF FF FF FF FF FF FF        9634            
93,096996            06     00 00 FF FF FF FF FF FF        9634            
93,146485            47     00 00 FF FF FF FF FF FF        9615            
93,195974            49     FF FF FF FF FF FF FF FF        9634            
93,245463            D6            9615            Checksum Error
93,296179            97            9634            Checksum Error
93,345668            D8            9634            Checksum Error
93,395157            3C     01 04 B8 10 03 00 FF FF        9634            
93,444646            7D            9615            Checksum Error
93,495362            03     AA 0A FF FF FF FF FF FF        9615            
93,544851            C4     AA 0A FF FF FF FF FF FF        9634            
93,594340            85     01 FF FF FF FF FF FF FF        9634            
93,643829            06     00 00 FF FF FF FF FF FF        9634            
93,693318            47     00 00 FF FF FF FF FF FF        9634            
93,742807            49     FF FF FF FF FF FF FF FF        9615            
93,792296            D6            9634            Checksum Error
93,843012            97            9615            Checksum Error
93,892501            D8            9634            Checksum Error
93,941990            3C     01 06 B2 23 17 46 10 03        9615            
93,991479            7D            9634            Checksum Error
94,042195            03     AA 0A FF FF FF FF FF FF        9634            
94,091684            C4     AA 0A FF FF FF FF FF FF        9634            
94,141173            85     01 FF FF FF FF FF FF FF        9615            
94,190662            06     00 00 FF FF FF FF FF FF        9634            
94,240151            47     00 00 FF FF FF FF FF FF        9634            
94,289640            49     FF FF FF FF FF FF FF FF        9634            
94,339129            D6            9634            Checksum Error
94,389436            97            9634            Checksum Error
94,438925            D8            9634            Checksum Error
94,488414            3C     FF FF FF FF FF FF FF FF        9634            
94,538312            7D            9615            Checksum Error
94,588619            03     AA 0A FF FF FF FF FF FF        9634            
94,638108            C4     AA 0A FF FF FF FF FF FF        9634            
94,688006            85     01 FF FF FF FF FF FF FF        9634            
94,737495            06     00 00 FF FF FF FF FF FF        9634            
94,786984            47     00 00 FF FF FF FF FF FF        9615            
94,836473            49     FF FF FF FF FF FF FF FF        9634            
94,885962            D6            9615            Checksum Error
94,936678            97            9634            Checksum Error
94,986167            D8            9634            Checksum Error
95,035656            3C     FF FF FF FF FF FF FF FF        9634            
95,085145            7D            9615            Checksum Error
95,135452            03     AA 0A FF FF FF FF FF FF        9634            
95,185350            C4     AA 0A FF FF FF FF FF FF        9634            
95,234839            85     01 FF FF FF FF FF FF FF        9634            
95,284328            06     00 00 FF FF FF FF FF FF        9634            
95,333817            47     00 00 FF FF FF FF FF FF        9634            
95,383306            49     FF FF FF FF FF FF FF FF        9634            
95,432795            D6            9634            Checksum Error
95,483511            97            9634            Checksum Error
95,533000            D8            9634            Checksum Error
95,582489            3C     01 04 B8 10 03 00 FF FF        9634            
95,631978            7D            9634            Checksum Error
95,682285            03     AA 0A FF FF FF FF FF FF        9634            
95,731774            C4     AA 0A FF FF FF FF FF FF        9634            
95,781263            85     01 FF FF FF FF FF FF FF        9634            
95,830752            06     00 00 FF FF FF FF FF FF        9615            
95,880241            47     00 00 FF FF FF FF FF FF        9634            
95,929730            49     FF FF FF FF FF FF FF FF        9634            
95,979219            D6            9615            Checksum Error
96,029935            97            9634            Checksum Error
96,079424            D8            9634            Checksum Error
96,128913            3C     01 06 B2 23 17 46 10 03        9634            
96,178402            7D            9634            Checksum Error
96,229118            03     AA 0A FF FF FF FF FF FF        9634            
96,278607            C4     AA 0A FF FF FF FF FF FF        9634            
96,328096            85     01 FF FF FF FF FF FF FF        9634            
96,377585            06     00 00 FF FF FF FF FF FF        9634            
96,427074            47     00 00 FF FF FF FF FF FF        9615            
96,476563            49     FF FF FF FF FF FF FF FF        9634            
96,526052            D6            9634            Checksum Error
96,576768            97            9634            Checksum Error
96,626257            D8            9634            Checksum Error
96,675746            3C     FF FF FF FF FF FF FF FF        9634            
96,725235            7D            9634            Checksum Error
96,775951            03     AA 0A FF FF FF FF FF FF        9634            
96,825031            C4     AA 0A FF FF FF FF FF FF        9653            
96,874520            85     01 FF FF FF FF FF FF FF        9634            
96,923600            06     00 00 FF FF FF FF FF FF        9634            
96,973498            47     00 00 FF FF FF FF FF FF        9653            
97,022578            49     FF FF FF FF FF FF FF FF        9634            
97,072067            D6            9653            Checksum Error
97,122783            97            9634            Checksum Error
97,172272            D8            9634            Checksum Error
97,221761            3C     FF FF FF FF FF FF FF FF        9634            
97,271250            7D            9634            Checksum Error
97,321557            03     AA 0A FF FF FF FF FF FF        9634            
97,371046            C4     AA 0A FF FF FF FF FF FF        9634            
97,420535            85     01 FF FF FF FF FF FF FF        9634            
97,470024            06     00 00 FF FF FF FF FF FF        9634            
97,519513            47     00 00 FF FF FF FF FF FF        9634            
97,569002            49     FF FF FF FF FF FF FF FF        9634            
97,618491            D6            9634            Checksum Error
97,669207            97            9634            Checksum Error
97,718696            D8            9634            Checksum Error
97,768185            3C     01 04 B8 10 03 00 FF FF        9634            
97,817674            7D            9615            Checksum Error
97,868390            03     AA 0A FF FF FF FF FF FF        9634            
97,917879            C4     AA 0A FF FF FF FF FF FF        9634            
97,967368            85     01 FF FF FF FF FF FF FF        9634            
98,016857            06     00 00 FF FF FF FF FF FF        9634            
98,066346            47     00 00 FF FF FF FF FF FF        9634            
98,115835            49     FF FF FF FF FF FF FF FF        9634            
98,165324            D6            9615            Checksum Error
98,216040            97            9634            Checksum Error
98,265529            D8            9634            Checksum Error
98,315018            3C     01 06 B2 23 17 46 10 03        9634            
98,364507            7D            9634            Checksum Error
98,415223            03     AA 0A FF FF FF FF FF FF        9615            
98,464712            C4     AA 0A FF FF FF FF FF FF        9634            
98,514201            85     01 FF FF FF FF FF FF FF        9634            
98,563690            06     00 00 FF FF FF FF FF FF        9634            
98,613179            47     00 00 FF FF FF FF FF FF        9634            
98,662668            49     FF FF FF FF FF FF FF FF        9615            
98,712566            D6            9634            Checksum Error
98,762873            97            9634            Checksum Error
98,812362            D8            9634            Checksum Error
98,861851            3C     FF FF FF FF FF FF FF FF        9615            
98,911340            7D            9634            Checksum Error
98,962056            03     AA 0A FF FF FF FF FF FF        9634            
99,011545            C4     AA 0A FF FF FF FF FF FF        9615            
99,061034            85     01 FF FF FF FF FF FF FF        9634            
99,110523            06     00 00 FF FF FF FF FF FF        9634            
99,160012            47     00 00 FF FF FF FF FF FF        9615            
99,209501            49     FF FF FF FF FF FF FF FF        9634            
99,258990            D6            9634            Checksum Error
99,309706            97            9634            Checksum Error
99,359195            D8            9634            Checksum Error
99,408684            3C     FF FF FF FF FF FF FF FF        9634            
99,458173            7D            9634            Checksum Error
99,508889            03     AA 0A FF FF FF FF FF FF        9634            
99,558378            C4     AA 0A FF FF FF FF FF FF        9634            
99,607867            85     01 FF FF FF FF FF FF FF        9634            
99,657356            06     00 00 FF FF FF FF FF FF        9634            
99,706845            47     00 00 FF FF FF FF FF FF        9634            
99,756334            49     FF FF FF FF FF FF FF FF        9615            
99,805823            D6            9634            Checksum Error
99,856539            97            9634            Checksum Error
99,906028            D8            9634            Checksum Error
99,955517            3C     01 04 B8 10 03 00 FF FF        9634            
100,005006            7D            9634            Checksum Error
100,055722            03     AA 0A FF FF FF FF FF FF        9634            
100,105211            C4     AA 0A FF FF FF FF FF FF        9634            
100,154700            85     01 FF FF FF FF FF FF FF        9634            
100,204189            06     00 00 FF FF FF FF FF FF        9615            
100,253678            47     00 00 FF FF FF FF FF FF        9615            
100,303167            49     FF FF FF FF FF FF FF FF        9634            
100,352656            D6            9634            Checksum Error
100,403372            97            9634            Checksum Error
100,452861            D8            9634            Checksum Error
100,502350            3C     01 06 B2 23 17 46 10 03        9634            
100,551839            7D            9634            Checksum Error
100,602555            03     AA 0A FF FF FF FF FF FF        9615            
100,652044            C4     AA 0A FF FF FF FF FF FF        9615            
100,701533            85     01 FF FF FF FF FF FF FF        9634            
100,751022            06     00 00 FF FF FF FF FF FF        9634            
100,800511            47     00 00 FF FF FF FF FF FF        9634            
100,850000            49     FF FF FF FF FF FF FF FF        9634            
100,899489            D6            9634            Checksum Error
100,950205            97            9634            Checksum Error
100,999694            D8            9615            Checksum Error
101,049183            3C     FF FF FF FF FF FF FF FF        9634            
101,098672            7D            9634            Checksum Error
111,095316            00            9597            Checksum Error
112,672011            03     AA 0A FF FF FF FF FF FF        9634            
112,721500            C4     AA 0A FF FF FF FF FF FF        9653            
112,770989            85     01 FF FF FF FF FF FF FF        9634            
112,820478            06     00 00 FF FF FF FF FF FF        9615            
112,869967            47     00 00 FF FF FF FF FF FF        9634            
112,919456            49     FF FF FF FF FF FF FF FF        9634            
112,968945            D6            9634            Checksum Error
113,019661            97            9634            Checksum Error
113,069150            D8            9634            Checksum Error
113,118639            3C     01 04 B8 10 03 00 FF FF        9634            
113,168128            7D            9634            Checksum Error
113,218435            03     AA 0A FF FF FF FF FF FF        9634            
113,267924            C4     AA 0A FF FF FF FF FF FF        9634            
113,317413            85     01 FF FF FF FF FF FF FF        9634            
113,366902            06     00 00 FF FF FF FF FF FF        9634            
113,416391            47     00 00 FF FF FF FF FF FF        9634            
113,465880            49     FF FF FF FF FF FF FF FF        9634            
113,515369            D6            9634            Checksum Error
113,565676            97            9634            Checksum Error
113,615165            D8            9634            Checksum Error
113,664654            3C     01 06 B2 23 17 46 10 03        9634            
113,714143            7D            9634            Checksum Error
113,764450            03     AA 0A FF FF FF FF FF FF        9634            
113,814348            C4     AA 0A FF FF FF FF FF FF        9634            
113,863837            85     01 FF FF FF FF FF FF FF        9634            
113,913326            06     00 00 FF FF FF FF FF FF        9634            
113,962815            47     00 00 FF FF FF FF FF FF        9615            
114,012304            49     FF FF FF FF FF FF FF FF        9634            
114,061793            D6            9634            Checksum Error
114,112100            97            9653            Checksum Error
114,161589            D8            9634            Checksum Error
114,211078            3C     FF FF FF FF FF FF FF FF        9634            
114,260567            7D            9634            Checksum Error
114,311283            03     AA 0A FF FF FF FF FF FF        9634            
114,360772            C4     AA 0A FF FF FF FF FF FF        9634            
114,410261            85     01 FF FF FF FF FF FF FF        9634            
114,459750            06     00 00 FF FF FF FF FF FF        9634            
114,509239            47     00 00 FF FF FF FF FF FF        9634            
114,558728            49     FF FF FF FF FF FF FF FF        9634            
114,608217            D6            9615            Checksum Error
114,658524            97            9634            Checksum Error
114,708422            D8            9634            Checksum Error
114,757911            3C     FF FF FF FF FF FF FF FF        9634            
114,807400            7D            9634            Checksum Error
114,857707            03     AA 0A FF FF FF FF FF FF        9634            
114,907196            C4     AA 0A FF FF FF FF FF FF        9634            
114,956685            85     01 FF FF FF FF FF FF FF        9634            
115,006174            06     00 00 FF FF FF FF FF FF        9653            
115,055663            47     00 00 FF FF FF FF FF FF        9634            
115,105152            49     FF FF FF FF FF FF FF FF        9634            
115,154641            D6            9634            Checksum Error
115,205357            97            9634            Checksum Error
115,254846            D8            9634            Checksum Error
115,304335            3C     01 04 B8 10 03 00 FF FF        9634            
115,353824            7D            9634            Checksum Error
115,404540            03     AA 0A FF FF FF FF FF FF        9634            
