Time Stamp(sec)   Frame ID          Frame Data        Baud Rate(bits/sec)     Error Condition
236,217287            00            9597            Checksum Error
237,794800            03     AA 0A FF FF FF FF FF FF        9634            
237,844289            C4     AA 0A FF FF FF FF FF FF        9634            
237,893778            85     01 FF FF FF FF FF FF FF        9634            
237,943267            06     00 00 FF FF FF FF FF FF        9634            
237,992756            47     00 00 FF FF FF FF FF FF        9615            
238,042245            49     FF FF FF FF FF FF FF FF        9634            
238,091734            D6     00 06 63 0B BE 0C 77 85        9634            
238,142450            97            9634            Checksum Error
238,191939            D8     FE FF FF FF FF FF FF FF        9634            
238,241428            3C     01 04 B8 10 03 00 FF FF        9634            
238,290917            7D     01 03 F8 03 03 FF FF FF        9634            
238,341633            03     AA 0A FF FF FF FF FF FF        9634            
238,391122            C4     AA 0A FF FF FF FF FF FF        9634            
238,440611            85     01 FF FF FF FF FF FF FF        9634            
238,490100            06     00 00 FF FF FF FF FF FF        9653            
238,539589            47     00 00 FF FF FF FF FF FF        9634            
238,589078            49     FF FF FF FF FF FF FF FF        9634            
238,638567            D6     00 06 63 0B BE 0C 77 85        9634            
238,688874            97            9634            Checksum Error
238,738363            D8     FE FF FF FF FF FF FF FF        9615            
238,787852            3C     01 06 B2 23 17 46 10 03        9634            
238,837341            7D     01 06 F2 01 00 00 00 FF        9653            
238,888057            03     AA 0A FF FF FF FF FF FF        9634            
238,937546            C4     AA 0A FF FF FF FF FF FF        9634            
238,987035            85     01 FF FF FF FF FF FF FF        9634            
239,036524            06     00 00 FF FF FF FF FF FF        9634            
239,086013            47     00 00 FF FF FF FF FF FF        9615            
239,135502            49     FF FF FF FF FF FF FF FF        9615            
239,184991            D6     00 06 63 0B BE 0C 77 85        9634            
239,235707            97            9634            Checksum Error
239,285196            D8     FE FF FF FF FF FF FF FF        9634            
239,334685            3C     FF FF FF FF FF FF FF FF        9634            
239,384174            7D            9634            Checksum Error
239,434890            03     AA 0A FF FF FF FF FF FF        9634            
239,483970            C4     AA 0A FF FF FF FF FF FF        9634            
239,533459            85     01 FF FF FF FF FF FF FF        9634            
239,582948            06     00 00 FF FF FF FF FF FF        9634            
239,632437            47     00 00 FF FF FF FF FF FF        9634            
239,681926            49     FF FF FF FF FF FF FF FF        9615            
239,731415            D6     00 06 63 0B BE 0C 77 85        9634            
239,781722            97            9634            Checksum Error
239,831211            D8     FE FF FF FF FF FF FF FF        9634            
239,880700            3C     FF FF FF FF FF FF FF FF        9634            
239,930189            7D            9634            Checksum Error
239,980905            03     AA 0A FF FF FF FF FF FF        9634            
240,030394            C4     AA 0A FF FF FF FF FF FF        9634            
240,079883            85     01 FF FF FF FF FF FF FF        9634            
240,129372            06     00 00 FF FF FF FF FF FF        9634            
240,178861            47     00 00 FF FF FF FF FF FF        9634            
240,228350            49     FF FF FF FF FF FF FF FF        9634            
240,277839            D6     00 06 63 0B BE 0C 77 85        9634            
240,328555            97            9615            Checksum Error
240,378044            D8     FE FF FF FF FF FF FF FF        9634            
240,427533            3C     01 04 B8 10 03 00 FF FF        9634            
240,477022            7D     01 03 F8 03 03 FF FF FF        9634            
240,527329            03     AA 0A FF FF FF FF FF FF        9634            
240,577227            C4     AA 0A FF FF FF FF FF FF        9634            
240,626716            85     01 FF FF FF FF FF FF FF        9615            
240,676205            06     00 00 FF FF FF FF FF FF        9653            
240,725694            47     00 00 FF FF FF FF FF FF        9615            
240,775183            49     FF FF FF FF FF FF FF FF        9634            
240,824672            D6     00 06 63 0B BE 0C 77 85        9634            
240,874979            97            9634            Checksum Error
240,924877            D8     FE FF FF FF FF FF FF FF        9634            
240,974366            3C     01 06 B2 23 17 46 10 03        9634            
241,023855            7D     01 06 F2 01 00 00 00 FF        9653            
241,074162            03     AA 0A FF FF FF FF FF FF        9634            
241,123651            C4     AA 0A FF FF FF FF FF FF        9634            
241,173140            85     01 FF FF FF FF FF FF FF        9634            
241,218405            06     00 00 FF FF FF FF FF FF        9634            
241,267894            47     00 00 FF FF FF FF FF FF        9634            
241,317792            49     FF FF FF FF FF FF FF FF        9634            
241,366872            D6     00 06 63 0B BE 0C 77 85        9634            
241,417179            97            9634            Checksum Error
241,466668            D8     FE FF FF FF FF FF FF FF        9634            
241,516157            3C     FF FF FF FF FF FF FF FF        9634            
241,565646            7D            9634            Checksum Error
241,616362            03     AA 0A FF FF FF FF FF FF        9634            
241,665851            C4     AA 0A FF FF FF FF FF FF        9634            
241,715340            85     01 FF FF FF FF FF FF FF        9634            
241,764829            06     00 00 FF FF FF FF FF FF        9615            
241,814318            47     00 00 FF FF FF FF FF FF        9615            
241,863807            49     FF FF FF FF FF FF FF FF        9634            
241,913296            D6     00 06 63 0B BE 0C 77 85        9615            
241,963603            97            9634            Checksum Error
242,013092            D8     FE FF FF FF FF FF FF FF        9615            
242,062581            3C     03 05 B9 00 1F 00 00 FF        9634            
242,112070            7D     03 02 F9 00 FF FF FF FF        9615            
242,161968            3C     03 10 29 BB 00 1F 00 1E        9634            
242,211457            3C     03 21 00 00 22 FF FF FF        9615            
242,260946            3C     03 22 54 01 0C 0B 00 E0        9634            
242,310435            3C     03 23 02 00 01 00 50 00        9634            
242,359924            3C     03 24 00 03 00 01 4F 0C        9615            
242,409413            3C     03 25 00 00 00 00 00 00        9634            
242,458902            3C     03 26 00 00 00 00 00 00        9634            
242,508391            7D     03 01 FB FF FF FF FF FF        9634            
242,558289            3C     03 05 B9 00 1F 00 01 FF        9634            
242,607778            7D     03 02 F9 00 FF FF FF FF        9615            
242,658085            03     AA 0A FF FF FF FF FF FF        9634            
242,707574            C4     AA 0A FF FF FF FF FF FF        9634            
242,757472            85     01 FF FF FF FF FF FF FF        9634            
242,806961            06     00 00 FF FF FF FF FF FF        9615            
242,856450            47     00 00 FF FF FF FF FF FF        9634            
242,905939            49     FF FF FF FF FF FF FF FF        9615            
242,955428            D6     00 06 63 0B C0 0C 77 85        9634            
243,006144            97            9634            Checksum Error
243,055633            D8     FE FF FF FF FF FF FF FF        9634            
243,105122            3C     FF FF FF FF FF FF FF FF        9615            
243,154611            7D            9634            Checksum Error
243,204918            03     AA 0A FF FF FF FF FF FF        9634            
243,254407            C4     AA 0A FF FF FF FF FF FF        9634            
243,303896            85     01 FF FF FF FF FF FF FF        9634            
243,353794            06     00 00 FF FF FF FF FF FF        9615            
243,403283            47     00 00 FF FF FF FF FF FF        9634            
243,452772            49     FF FF FF FF FF FF FF FF        9634            
243,502261            D6     00 06 63 0B C0 0C 77 85        9634            
243,552568            97            9634            Checksum Error
243,602466            D8     FE FF FF FF FF FF FF FF        9634            
243,651546            3C     01 04 B8 10 03 00 FF FF        9634            
243,701444            7D     01 03 F8 03 03 FF FF FF        9653            
243,751751            03     AA 0A FF FF FF FF FF FF        9634            
243,801240            C4     AA 0A FF FF FF FF FF FF        9634            
243,850729            85     01 FF FF FF FF FF FF FF        9634            
243,900218            06     00 00 FF FF FF FF FF FF        9634            
243,949707            47     00 00 FF FF FF FF FF FF        9634            
243,999196            49     FF FF FF FF FF FF FF FF        9615            
244,048685            D6     00 06 63 0B C0 0C 77 85        9634            
244,099401            97            9634            Checksum Error
244,148890            D8     FE FF FF FF FF FF FF FF        9634            
244,198379            3C     01 06 B2 23 17 46 10 03        9634            
244,247868            7D     01 06 F2 01 00 00 00 FF        9634            
244,298584            03     AA 0A FF FF FF FF FF FF        9634            
244,348073            C4     AA 0A FF FF FF FF FF FF        9615            
244,397562            85     01 FF FF FF FF FF FF FF        9634            
244,447051            06     00 00 FF FF FF FF FF FF        9634            
244,496540            47     00 00 FF FF FF FF FF FF        9634            
244,546029            49     FF FF FF FF FF FF FF FF        9634            
244,595927            D6     00 06 63 0B C0 0C 77 85        9634            
244,646234            97            9634            Checksum Error
244,695723            D8     FE FF FF FF FF FF FF FF        9634            
244,745212            3C     FF FF FF FF FF FF FF FF        9615            
244,794701            7D            9634            Checksum Error
244,845417            03     AA 0A FF FF FF FF FF FF        9634            
244,894906            C4     AA 0A FF FF FF FF FF FF        9615            
244,944395            85     01 FF FF FF FF FF FF FF        9634            
244,993884            06     00 00 FF FF FF FF FF FF        9634            
245,043373            47     00 00 FF FF FF FF FF FF        9615            
245,092862            49     FF FF FF FF FF FF FF FF        9634            
245,142351            D6     00 06 63 0B C0 0C 77 85        9634            
245,193067            97            9615            Checksum Error
245,242556            D8     FE FF FF FF FF FF FF FF        9634            
245,292045            3C     03 05 B9 00 1F 00 00 FF        9615            
245,341534            7D     03 02 F9 00 FF FF FF FF        9615            
245,391023            3C     03 10 29 BB 00 1F 00 1E        9634            
245,440512            3C     03 21 00 00 22 FF FF FF        9634            
245,490001            3C     03 22 54 01 0C 0B 00 72        9634            
245,539081            3C     03 23 02 01 01 00 10 03        9634            
245,588979            3C     03 24 02 06 00 02 00 00        9634            
245,638468            3C     03 25 00 00 00 00 00 00        9634            
245,687957            3C     03 26 00 00 00 00 00 00        9634            
245,737446            7D     03 01 FB FF FF FF FF FF        9634            
245,786935            3C     03 05 B9 00 1F 00 01 FF        9634            
245,836424            7D     03 02 F9 00 FF FF FF FF        9653            
245,886731            03     AA 0A FF FF FF FF FF FF        9634            
245,936629            C4     AA 0A FF FF FF FF FF FF        9634            
245,985709            85     01 FF FF FF FF FF FF FF        9634            
246,035607            06     00 00 FF FF FF FF FF FF        9634            
246,085096            47     00 00 FF FF FF FF FF FF        9653            
246,134585            49     FF FF FF FF FF FF FF FF        9634            
246,184074            D6     00 06 63 0B C0 0C 77 85        9634            
246,234381            97            9634            Checksum Error
246,283870            D8     FE FF FF FF FF FF FF FF        9634            
246,333359            3C     FF FF FF FF FF FF FF FF        9634            
246,383257            7D            9634            Checksum Error
246,433564            03     AA 0A FF FF FF FF FF FF        9634            
246,483053            C4     AA 0A FF FF FF FF FF FF        9634            
246,532542            85     01 FF FF FF FF FF FF FF        9634            
246,582031            06     00 00 FF FF FF FF FF FF        9634            
246,631520            47     00 00 FF FF FF FF FF FF        9634            
246,681009            49     FF FF FF FF FF FF FF FF        9634            
246,730498            D6     00 06 63 0B C0 0C 77 85        9634            
246,781214            97            9634            Checksum Error
246,830703            D8     FE FF FF FF FF FF FF FF        9634            
246,880192            3C     01 04 B8 10 03 00 FF FF        9634            
246,929681            7D     01 03 F8 03 03 FF FF FF        9634            
246,980397            03     AA 0A FF FF FF FF FF FF        9634            
247,029886            C4     AA 0A FF FF FF FF FF FF        9634            
247,079375            85     01 FF FF FF FF FF FF FF        9634            
247,128864            06     00 00 FF FF FF FF FF FF        9634            
247,178353            47     00 00 FF FF FF FF FF FF        9634            
247,227842            49     FF FF FF FF FF FF FF FF        9615            
247,277331            D6     00 06 63 0B C0 0C 77 85        9634            
247,328047            97            9634            Checksum Error
247,377536            D8     FE FF FF FF FF FF FF FF        9615            
247,427025            3C     01 06 B2 23 17 46 10 03        9634            
247,476514            7D     01 06 F2 01 00 00 00 FF        9615            
247,526821            03     AA 0A FF FF FF FF FF FF        9634            
247,576310            C4     AA 0A FF FF FF FF FF FF        9634            
247,625799            85     01 FF FF FF FF FF FF FF        9634            
247,675288            06     00 00 FF FF FF FF FF FF        9653            
247,724777            47     00 00 FF FF FF FF FF FF        9634            
247,774266            49     FF FF FF FF FF FF FF FF        9634            
247,823755            D6     00 06 63 0B C0 0C 77 85        9634            
247,874062            97            9634            Checksum Error
247,923960            D8     FE FF FF FF FF FF FF FF        9634            
247,973449            3C     FF FF FF FF FF FF FF FF        9634            
248,022938            7D            9615            Checksum Error
248,073245            03     AA 0A FF FF FF FF FF FF        9634            
248,122734            C4     AA 0A FF FF FF FF FF FF        9634            
248,172223            85     01 FF FF FF FF FF FF FF        9634            
248,221712            06     00 00 FF FF FF FF FF FF        9634            
248,271201            47     00 00 FF FF FF FF FF FF        9634            
248,321099            49     FF FF FF FF FF FF FF FF        9634            
248,370588            D6     00 06 63 0B C0 0C 77 85        9634            
248,420895            97            9634            Checksum Error
248,470384            D8     FE FF FF FF FF FF FF FF        9653            
248,519873            3C     03 05 B9 00 1F 00 00 FF        9634            
248,569362            7D     03 02 F9 00 FF FF FF FF        9615            
248,618851            3C     03 10 29 BB 00 1F 00 1E        9634            
248,668749            3C     03 21 00 00 22 FF FF FF        9634            
248,717829            3C     03 22 54 01 14 33 00 61        9634            
248,767727            3C     03 23 00 00 00 00 00 00        9634            
248,817216            3C     03 24 00 00 00 00 01 01        9653            
248,866705            3C     03 25 00 00 00 00 00 00        9653            
248,916194            3C     03 26 00 00 00 00 00 00        9634            
248,965683            7D     03 01 FB FF FF FF FF FF        9634            
249,015172            3C     03 05 B9 00 1F 00 01 FF        9634            
249,064661            7D     03 02 F9 00 FF FF FF FF        9634            
249,114968            03     AA 0A FF FF FF FF FF FF        9634            
249,164457            C4     AA 0A FF FF FF FF FF FF        9634            
249,214355            85     01 FF FF FF FF FF FF FF        9634            
249,263844            06     00 00 FF FF FF FF FF FF        9634            
249,313333            47     00 00 FF FF FF FF FF FF        9634            
249,362822            49     FF FF FF FF FF FF FF FF        9634            
249,412311            D6     00 06 63 0B C0 0C 77 85        9634            
249,462618            97            9634            Checksum Error
249,512107            D8     FE FF FF FF FF FF FF FF        9634            
249,561596            3C     FF FF FF FF FF FF FF FF        9634            
249,611085            7D            9634            Checksum Error
249,661801            03     AA 0A FF FF FF FF FF FF        9634            
249,711290            C4     AA 0A FF FF FF FF FF FF        9634            
249,760779            85     01 FF FF FF FF FF FF FF        9653            
249,810268            06     00 00 FF FF FF FF FF FF        9634            
249,859757            47     00 00 FF FF FF FF FF FF        9634            
249,909246            49     FF FF FF FF FF FF FF FF        9634            
249,958735            D6     00 06 63 0B C0 0C 77 85        9634            
250,009451            97            9634            Checksum Error
250,058940            D8     FE FF FF FF FF FF FF FF        9634            
250,108429            3C     01 04 B8 10 03 00 FF FF        9634            
250,157918            7D     01 03 F8 03 03 FF FF FF        9634            
250,208225            03     AA 0A FF FF FF FF FF FF        9634            
250,258123            C4     AA 0A FF FF FF FF FF FF        9634            
250,307203            85     01 FF FF FF FF FF FF FF        9634            
250,357101            06     00 00 FF FF FF FF FF FF        9634            
250,406590            47     00 00 FF FF FF FF FF FF        9634            
250,456079            49     FF FF FF FF FF FF FF FF        9634            
250,505568            D6     00 06 63 0B C0 0C 77 85        9634            
250,555875            97            9634            Checksum Error
250,605364            D8     FE FF FF FF FF FF FF FF        9634            
250,654853            3C     01 06 B2 23 17 46 10 03        9653            
250,704751            7D     01 06 F2 01 00 00 00 FF        9634            
250,755058            03     AA 0A FF FF FF FF FF FF        9634            
250,804547            C4     AA 0A FF FF FF FF FF FF        9634            
250,854036            85     01 FF FF FF FF FF FF FF        9634            
250,903525            06     00 00 FF FF FF FF FF FF        9634            
250,953014            47     00 00 FF FF FF FF FF FF        9634            
251,002503            49     FF FF FF FF FF FF FF FF        9634            
251,052401            D6     00 06 63 0B C0 0C 77 85        9634            
251,102708            97            9634            Checksum Error
251,152197            D8     FE FF FF FF FF FF FF FF        9615            
251,201686            3C     FF FF FF FF FF FF FF FF        9615            
251,251175            7D            9634            Checksum Error
251,301482            03     AA 0A FF FF FF FF FF FF        9615            
251,350971            C4     AA 0A FF FF FF FF FF FF        9634            
251,400460            85     01 FF FF FF FF FF FF FF        9653            
251,449949            06     00 00 FF FF FF FF FF FF        9634            
251,499438            47     00 00 FF FF FF FF FF FF        9634            
251,548927            49     FF FF FF FF FF FF FF FF        9634            
251,598416            D6     00 06 63 0B C0 0C 77 85        9634            
251,649132            97            9634            Checksum Error
251,698621            D8     FE FF FF FF FF FF FF FF        9634            
251,748110            3C     03 05 B9 00 1F 00 00 FF        9634            
251,797599            7D     03 02 F9 00 FF FF FF FF        9634            
251,847088            3C     03 10 29 BB 00 1F 00 1E        9634            
251,896577            3C     03 21 00 00 22 FF FF FF        9634            
251,946066            3C     03 22 54 01 18 3D 00 53        9634            
251,995555            3C     03 23 00 00 00 00 00 00        9634            
252,045044            3C     03 24 00 00 00 00 01 01        9634            
252,094533            3C     03 25 00 00 00 00 00 00        9634            
252,144022            3C     03 26 00 00 00 00 00 00        9634            
252,193511            7D     03 01 FB FF FF FF FF FF        9615            
252,243000            3C     03 05 B9 00 1F 00 01 FF        9634            
252,292489            7D     03 02 F9 00 FF FF FF FF        9653            
252,343205            03     AA 0A FF FF FF FF FF FF        9634            
252,392694            C4     AA 0A FF FF FF FF FF FF        9653            
252,442183            85     01 FF FF FF FF FF FF FF        9634            
252,491672            06     00 00 FF FF FF FF FF FF        9634            
252,541161            47     00 00 FF FF FF FF FF FF        9634            
252,590650            49     FF FF FF FF FF FF FF FF        9634            
252,640139            D6     00 06 63 0B C0 0C 77 85        9634            
252,690855            97            9634            Checksum Error
252,740344            D8     FE FF FF FF FF FF FF FF        9615            
252,789833            3C     FF FF FF FF FF FF FF FF        9634            
252,839322            7D            9634            Checksum Error
252,889629            03     AA 0A FF FF FF FF FF FF        9634            
252,939118            C4     AA 0A FF FF FF FF FF FF        9634            
252,988607            85     01 FF FF FF FF FF FF FF        9634            
253,038096            06     00 00 FF FF FF FF FF FF        9634            
253,087585            47     00 00 FF FF FF FF FF FF        9634            
253,137074            49     FF FF FF FF FF FF FF FF        9634            
253,186563            D6     00 06 63 0B C0 0C 77 85        9634            
253,237279            97            9634            Checksum Error
253,286768            D8     FE FF FF FF FF FF FF FF        9634            
253,336257            3C     01 04 B8 10 03 00 FF FF        9634            
253,385746            7D     01 03 F8 03 03 FF FF FF        9634            
253,436053            03     AA 0A FF FF FF FF FF FF        9653            
253,485542            C4     AA 0A FF FF FF FF FF FF        9634            
253,535031            85     01 FF FF FF FF FF FF FF        9634            
253,584520            06     00 00 FF FF FF FF FF FF        9634            
253,634009            47     00 00 FF FF FF FF FF FF        9634            
253,683498            49     FF FF FF FF FF FF FF FF        9634            
253,732987            D6     00 06 63 0B C0 0C 77 85        9634            
253,783294            97            9634            Checksum Error
253,832783            D8     FE FF FF FF FF FF FF FF        9634            
253,882272            3C     01 06 B2 23 17 46 10 03        9634            
253,931761            7D     01 06 F2 01 00 00 00 FF        9634            
253,982477            03     AA 0A FF FF FF FF FF FF        9634            
254,031966            C4     AA 0A FF FF FF FF FF FF        9634            
254,081455            85     01 FF FF FF FF FF FF FF        9634            
254,130944            06     00 00 FF FF FF FF FF FF        9634            
254,180433            47     00 00 FF FF FF FF FF FF        9634            
254,229922            49     FF FF FF FF FF FF FF FF        9634            
254,279411            D6     00 06 63 0B C0 0C 77 85        9634            
254,329718            97            9634            Checksum Error
254,379207            D8     FE FF FF FF FF FF FF FF        9634            
254,428696            3C     FF FF FF FF FF FF FF FF        9634            
254,478185            7D            9634            Checksum Error
254,528901            03     AA 0A FF FF FF FF FF FF        9634            
254,578390            C4     AA 0A FF FF FF FF FF FF        9634            
254,627879            85     01 FF FF FF FF FF FF FF        9634            
254,677368            06     00 00 FF FF FF FF FF FF        9634            
254,726857            47     00 00 FF FF FF FF FF FF        9634            
254,776346            49     FF FF FF FF FF FF FF FF        9634            
254,825835            D6     00 06 63 0B C0 0C 77 85        9634            
254,876142            97            9634            Checksum Error
254,925631            D8     FE FF FF FF FF FF FF FF        9634            
254,975120            3C     03 05 B9 00 1F 00 00 FF        9615            
255,024609            7D     03 02 F9 00 FF FF FF FF        9634            
255,073689            3C     03 10 29 BB 00 1F 00 1E        9634            
255,123587            3C     03 21 00 00 22 FF FF FF        9634            
255,173076            3C     03 22 54 01 14 33 00 10        9634            
255,222565            3C     03 23 00 00 00 00 00 00        9634            
255,272054            3C     03 24 00 00 00 00 01 01        9634            
255,321543            3C     03 25 D0 0C 63 0B 06 00        9615            
255,371032            3C     03 26 00 00 00 00 00 00        9634            
255,420521            7D     03 01 FB FF FF FF FF FF        9634            
255,470010            3C     03 05 B9 00 1F 00 01 FF        9634            
255,519499            7D     03 02 F9 00 FF FF FF FF        9653            
255,569806            03     AA 0A FF FF FF FF FF FF        9653            
255,619295            C4     AA 0A FF FF FF FF FF FF        9634            
255,668375            85     01 FF FF FF FF FF FF FF        9634            
255,718273            06     00 00 FF FF FF FF FF FF        9634            
255,767353            47     00 00 FF FF FF FF FF FF        9634            
255,816842            49     FF FF FF FF FF FF FF FF        9634            
255,866331            D6     00 06 63 0B C0 0C 77 85        9634            
255,916638            97            9634            Checksum Error
255,966127            D8     FE FF FF FF FF FF FF FF        9634            
256,015616            3C     FF FF FF FF FF FF FF FF        9634            
256,065105            7D            9634            Checksum Error
256,115821            03     AA 0A FF FF FF FF FF FF        9653            
256,165310            C4     AA 0A FF FF FF FF FF FF        9634            
256,214799            85     01 FF FF FF FF FF FF FF        9634            
256,264288            06     00 00 FF FF FF FF FF FF        9634            
256,313777            47     00 00 FF FF FF FF FF FF        9634            
256,363266            49     FF FF FF FF FF FF FF FF        9634            
256,412755            D6     00 06 63 0B C0 0C 77 85        9653            
256,463062            97            9653            Checksum Error
256,512551            D8     FE FF FF FF FF FF FF FF        9634            
256,562040            3C     01 04 B8 10 03 00 FF FF        9634            
256,611529            7D     01 03 F8 03 03 FF FF FF        9634            
256,662245            03     AA 0A FF FF FF FF FF FF        9634            
256,711734            C4     AA 0A FF FF FF FF FF FF        9634            
256,761223            85     01 FF FF FF FF FF FF FF        9653            
256,810712            06     00 00 FF FF FF FF FF FF        9634            
256,860201            47     00 00 FF FF FF FF FF FF        9634            
256,909690            49     FF FF FF FF FF FF FF FF        9634            
256,959179            D6     00 06 63 0B C0 0C 77 85        9634            
257,009486            97            9634            Checksum Error
257,058975            D8     FE FF FF FF FF FF FF FF        9634            
257,108464            3C     01 06 B2 23 17 46 10 03        9634            
257,157953            7D     01 06 F2 01 00 00 00 FF        9634            
257,208669            03     AA 0A FF FF FF FF FF FF        9634            
257,258158            C4     AA 0A FF FF FF FF FF FF        9634            
257,307647            85     01 FF FF FF FF FF FF FF        9634            
257,357136            06     00 00 FF FF FF FF FF FF        9634            
257,406625            47     00 00 FF FF FF FF FF FF        9634            
257,456114            49     FF FF FF FF FF FF FF FF        9634            
257,505603            D6     00 06 63 0B C0 0C 77 85        9634            
257,555910            97            9634            Checksum Error
257,605399            D8     FE FF FF FF FF FF FF FF        9634            
257,654888            3C     FF FF FF FF FF FF FF FF        9653            
257,704377            7D            9634            Checksum Error
257,754684            03     AA 0A FF FF FF FF FF FF        9634            
257,804173            C4     AA 0A FF FF FF FF FF FF        9634            
257,853662            85     01 FF FF FF FF FF FF FF        9634            
257,903151            06     00 00 FF FF FF FF FF FF        9653            
257,952640            47     00 00 FF FF FF FF FF FF        9634            
258,002129            49     FF FF FF FF FF FF FF FF        9634            
258,051618            D6     00 06 63 0B C0 0C 77 85        9634            
258,102334            97            9634            Checksum Error
258,151823            D8     FE FF FF FF FF FF FF FF        9634            
258,201312            3C     FF FF FF FF FF FF FF FF        9634            
258,250801            7D            9634            Checksum Error
258,301108            03     AA 0A FF FF FF FF FF FF        9634            
258,350597            C4     AA 0A FF FF FF FF FF FF        9634            
258,400495            85     01 FF FF FF FF FF FF FF        9634            
258,449575            06     00 00 FF FF FF FF FF FF        9634            
258,499473            47     00 00 FF FF FF FF FF FF        9634            
258,548553            49     FF FF FF FF FF FF FF FF        9634            
258,598042            D6     00 06 63 0B C0 0C 77 85        9634            
258,648349            97            9634            Checksum Error
258,697838            D8     FE FF FF FF FF FF FF FF        9634            
258,747327            3C     01 04 B8 10 03 00 FF FF        9634            
258,796816            7D     01 03 F8 03 03 FF FF FF        9634            
258,847532            03     AA 0A FF FF FF FF FF FF        9634            
258,897021            C4     AA 0A FF FF FF FF FF FF        9634            
258,946510            85     01 FF FF FF FF FF FF FF        9634            
258,995999            06     00 00 FF FF FF FF FF FF        9634            
259,045488            47     00 00 FF FF FF FF FF FF        9634            
259,094977            49     FF FF FF FF FF FF FF FF        9634            
259,144466            D6     00 06 63 0B C1 0C 77 85        9634            
259,193955            00            9597            Checksum Error
260,770241            03     AA 0A FF FF FF FF FF FF        9634            
260,819730            C4     AA 0A FF FF FF FF FF FF        9634            
260,869219            85     01 FF FF FF FF FF FF FF        9634            
260,918708            06     00 00 FF FF FF FF FF FF        9634            
260,968197            47     00 00 FF FF FF FF FF FF        9634            
261,017686            49     FF FF FF FF FF FF FF FF        9634            
261,066766            D6     00 06 63 0B C1 0C 77 85        9634            
261,117482            97            9634            Checksum Error
261,166971            D8     FE FF FF FF FF FF FF FF        9634            
261,216460            3C     01 04 B8 10 03 00 FF FF        9634            
261,265949            7D     01 03 F8 03 03 FF FF FF        9634            
261,316256            03     AA 0A FF FF FF FF FF FF        9634            
261,365745            C4     AA 0A FF FF FF FF FF FF        9634            
261,414825            85     01 FF FF FF FF FF FF FF        9634            
261,464314            06     00 00 FF FF FF FF FF FF        9634            
261,513394            47     00 00 FF FF FF FF FF FF        9634            
261,563292            49     FF FF FF FF FF FF FF FF        9634            
261,612372            D6     00 06 63 0B C1 0C 77 85        9634            
261,663088            97            9634            Checksum Error
261,712577            D8     FE FF FF FF FF FF FF FF        9634            
261,762066            3C     01 06 B2 23 17 46 10 03        9634            
261,811555            7D     01 06 F2 01 00 00 00 FF        9634            
261,861862            03     AA 0A FF FF FF FF FF FF        9634            
261,911351            C4     AA 0A FF FF FF FF FF FF        9634            
261,960840            85     01 FF FF FF FF FF FF FF        9634            
262,010329            06     00 00 FF FF FF FF FF FF        9634            
262,059818            47     00 00 FF FF FF FF FF FF        9634            
262,109307            49     FF FF FF FF FF FF FF FF        9653            
262,158796            D6     00 06 63 0B C1 0C 77 85        9634            
262,209512            97            9634            Checksum Error
262,259001            D8     FE FF FF FF FF FF FF FF        9653            
262,308490            3C     FF FF FF FF FF FF FF FF        9634            
262,357979            7D            9653            Checksum Error
262,408286            03     AA 0A FF FF FF FF FF FF        9653            
262,457775            C4     AA 0A FF FF FF FF FF FF        9634            
262,507264            85     01 FF FF FF FF FF FF FF        9634            
262,556753            06     00 00 FF FF FF FF FF FF        9653            
262,606242            47     00 00 FF FF FF FF FF FF        9634            
262,655731            49     FF FF FF FF FF FF FF FF        9634            
262,705220            D6     00 06 63 0B C1 0C 77 85        9653            
262,755936            97            9634            Checksum Error
262,805016            D8     FE FF FF FF FF FF FF FF        9634            
262,854914            3C     03 05 B9 00 1F 00 00 FF        9653            
262,903994            7D     03 02 F9 00 FF FF FF FF        9634            
262,953892            3C     03 10 29 BB 00 1F 00 1E        9653            
263,002972            3C     03 21 00 00 22 FF FF FF        9634            
263,052461            3C     03 22 54 01 14 33 00 10        9634            
263,101541            3C     03 23 00 00 00 00 00 00        9634            
263,151030            3C     03 24 00 00 00 00 01 01        9634            
263,200110            3C     03 25 D0 0C 63 0B 06 00        9634            
263,249599            3C     03 26 00 00 00 00 00 00        9653            
263,298679            7D     03 01 FB FF FF FF FF FF        9634            
263,348168            3C     03 05 B9 00 1F 00 01 FF        9653            
263,397657            7D     03 02 F9 00 FF FF FF FF        9634            
263,448373            03     AA 0A FF FF FF FF FF FF        9653            
263,497862            C4     AA 0A FF FF FF FF FF FF        9634            
263,547351            85     01 FF FF FF FF FF FF FF        9634            
263,596840            06     00 00 FF FF FF FF FF FF        9634            
263,646329            47     00 00 FF FF FF FF FF FF        9653            
263,695818            49     FF FF FF FF FF FF FF FF        9634            
263,745307            D6     00 06 63 0B C1 0C 77 85        9634            
263,795614            97            9634            Checksum Error
263,845103            D8     FE FF FF FF FF FF FF FF        9634            
263,894592            3C     FF FF FF FF FF FF FF FF        9634            
263,944081            7D            9653            Checksum Error
263,994797            03     AA 0A FF FF FF FF FF FF        9634            
264,044286            C4     AA 0A FF FF FF FF FF FF        9634            
264,093366            85     01 FF FF FF FF FF FF FF        9653            
264,142446            06     00 00 FF FF FF FF FF FF        9653            
264,191935            47     00 00 FF FF FF FF FF FF        9653            
264,241424            49     FF FF FF FF FF FF FF FF        9634            
264,290913            D6     00 06 63 0B C1 0C 77 85        9634            
264,341629            97            9634            Checksum Error
264,391118            D8     FE FF FF FF FF FF FF FF        9653            
264,440607            3C     01 04 B8 10 03 00 FF FF        9634            
264,490096            7D     01 03 F8 03 03 FF FF FF        9634            
264,540403            03     AA 0A FF FF FF FF FF FF        9653            
264,589892            C4     AA 0A FF FF FF FF FF FF        9653            
264,639381            85     01 FF FF FF FF FF FF FF        9634            
264,688870            06     00 00 FF FF FF FF FF FF        9653            
264,738359            47     00 00 FF FF FF FF FF FF        9634            
264,787848            49     FF FF FF FF FF FF FF FF        9653            
264,837337            D6     00 06 63 0B C1 0C 77 85        9634            
264,887644            97            9634            Checksum Error
264,937133            D8     FE FF FF FF FF FF FF FF        9634            
264,986622            3C     01 06 B2 23 17 46 10 03        9634            
265,036111            7D     01 06 F2 01 00 00 00 FF        9634            
265,086827            03     AA 0A FF FF FF FF FF FF        9634            
265,136316            C4     AA 0A FF FF FF FF FF FF        9634            
265,185805            85     01 FF FF FF FF FF FF FF        9653            
265,235294            06     00 00 FF FF FF FF FF FF        9634            
265,284374            47     00 00 FF FF FF FF FF FF        9653            
265,333863            49     FF FF FF FF FF FF FF FF        9634            
265,382943            D6     00 06 63 0B C1 0C 81 85        9634            
265,433659            97            9653            Checksum Error
265,483148            D8     FE FF FF FF FF FF FF FF        9634            
265,532637            3C     FF FF FF FF FF FF FF FF        9634            
265,582126            7D            9634            Checksum Error
265,632433            03     AA 0A FF FF FF FF FF FF        9653            
265,681922            C4     AA 0A FF FF FF FF FF FF        9653            
265,731411            85     01 FF FF FF FF FF FF FF        9634            
265,780900            06     00 00 FF FF FF FF FF FF        9634            
265,830389            47     00 00 FF FF FF FF FF FF        9634            
265,879878            49     FF FF FF FF FF FF FF FF        9634            
265,929367            D6     00 06 63 0B C1 0C 81 85        9634            
265,979674            97            9634            Checksum Error
266,029572            D8     FE FF FF FF FF FF FF FF        9653            
266,078652            3C     FF FF FF FF FF FF FF FF        9653            
266,128141            7D            9634            Checksum Error
266,178857            03     AA 0A FF FF FF FF FF FF        9653            
266,228346            C4     AA 0A FF FF FF FF FF FF        9653            
266,277835            85     01 FF FF FF FF FF FF FF        9634            
266,327324            06     00 00 FF FF FF FF FF FF        9634            
266,376813            47     00 00 FF FF FF FF FF FF        9653            
266,425893            49     FF FF FF FF FF FF FF FF        9634            
266,475791            D6     00 06 63 0B C1 0C 81 85        9653            
266,526098            97            9634            Checksum Error
266,575587            D8     FE FF FF FF FF FF FF FF        9634            
266,625076            3C     01 04 B8 10 03 00 FF FF        9634            
266,674565            7D     01 03 F8 03 03 FF FF FF        9653            
266,724872            03     AA 0A FF FF FF FF FF FF        9634            
266,774361            C4     AA 0A FF FF FF FF FF FF        9634            
266,823850            85     01 FF FF FF FF FF FF FF        9634            
266,873339            06     00 00 FF FF FF FF FF FF        9634            
266,922828            47     00 00 FF FF FF FF FF FF        9653            
266,972317            49     FF FF FF FF FF FF FF FF        9634            
267,021806            D6     00 06 63 0B C1 0C 81 85        9634            
267,072522            97            9653            Checksum Error
267,121602            D8     FE FF FF FF FF FF FF FF        9634            
267,171091            3C     01 06 B2 23 17 46 10 03        9653            
267,220171            7D     01 06 F2 01 00 00 00 FF        9653            
267,270887            03     AA 0A FF FF FF FF FF FF        9653            
267,320376            C4     AA 0A FF FF FF FF FF FF        9634            
267,369865            85     01 FF FF FF FF FF FF FF        9634            
267,419354            06     00 00 FF FF FF FF FF FF        9634            
267,468843            47     00 00 FF FF FF FF FF FF        9653            
267,518332            49     FF FF FF FF FF FF FF FF        9634            
267,567821            D6     00 06 63 0B C1 0C 81 85        9634            
267,618128            97            9634            Checksum Error
267,667617            D8     FE FF FF FF FF FF FF FF        9634            
267,717106            3C     FF FF FF FF FF FF FF FF        9634            
267,766595            7D            9634            Checksum Error
267,816902            03     AA 0A FF FF FF FF FF FF        9653            
267,866391            C4     AA 0A FF FF FF FF FF FF        9634            
267,915471            85     01 FF FF FF FF FF FF FF        9653            
267,965369            06     00 00 FF FF FF FF FF FF        9634            
268,010225            47     00 00 FF FF FF FF FF FF        9634            
268,060123            49     FF FF FF FF FF FF FF FF        9634            
268,109203            D6     00 06 63 0B C1 0C 81 85        9653            
268,159919            97            9634            Checksum Error
268,209408            D8     FE FF FF FF FF FF FF FF        9653            
268,258488            3C     FF FF FF FF FF FF FF FF        9653            
268,308386            7D            9634            Checksum Error
268,358693            03     AA 0A FF FF FF FF FF FF        9653            
268,408182            C4     AA 0A FF FF FF FF FF FF        9634            
268,457671            85     01 FF FF FF FF FF FF FF        9634            
268,507160            06     00 00 FF FF FF FF FF FF        9653            
268,556649            47     00 00 FF FF FF FF FF FF        9634            
268,606138            49     FF FF FF FF FF FF FF FF        9634            
268,655627            D6     00 06 63 0B C1 0C 81 85        9653            
268,705934            97            9653            Checksum Error
268,755423            D8     FE FF FF FF FF FF FF FF        9634            
268,804912            3C     01 04 B8 10 03 00 FF FF        9634            
268,854401            7D     01 03 F8 01 01 FF FF FF        9634            
268,905117            03     AA 0A FF FF FF FF FF FF        9653            
268,954197            C4     AA 0A FF FF FF FF FF FF        9634            
269,003686            85     01 FF FF FF FF FF FF FF        9653            
269,053175            06     00 00 FF FF FF FF FF FF        9634            
269,103073            47     00 00 FF FF FF FF FF FF        9634            
269,152562            49     FF FF FF FF FF FF FF FF        9634            
269,201642            D6     00 06 63 0B C1 0C 81 85        9615            
269,252358            97            9634            Checksum Error
269,301847            D8     FE FF FF FF FF FF FF FF        9634            
269,351336            3C     01 06 B2 23 17 46 10 03        9653            
269,400825            7D     01 06 F2 01 00 00 00 FF        9653            
269,451541            03     AA 0A FF FF FF FF FF FF        9634            
269,501030            C4     AA 0A FF FF FF FF FF FF        9653            
269,550519            85     01 FF FF FF FF FF FF FF        9634            
269,600008            06     00 00 FF FF FF FF FF FF        9634            
269,649497            47     00 00 FF FF FF FF FF FF        9634            
269,698986            49     FF FF FF FF FF FF FF FF        9634            
269,748475            D6     00 06 63 0B C1 0C 81 85        9653            
269,798782            97            9634            Checksum Error
269,848271            D8     FE FF FF FF FF FF FF FF        9634            
269,897760            3C     FF FF FF FF FF FF FF FF        9634            
269,947249            7D            9634            Checksum Error
269,997965            03     AA 0A FF FF FF FF FF FF        9634            
270,047454            C4     AA 0A FF FF FF FF FF FF        9634            
270,096943            85     01 FF FF FF FF FF FF FF        9615            
270,146432            06     00 00 FF FF FF FF FF FF        9634            
270,195921            47     00 00 FF FF FF FF FF FF        9634            
270,245410            49     FF FF FF FF FF FF FF FF        9634            
270,294899            D6     00 06 63 0B C1 0C 81 85        9634            
270,345206            97            9634            Checksum Error
270,394695            D8     FE FF FF FF FF FF FF FF        9634            
270,444184            3C     FF FF FF FF FF FF FF FF        9634            
270,493673            7D            9634            Checksum Error
270,544389            03     AA 0A FF FF FF FF FF FF        9634            
270,593878            C4     AA 0A FF FF FF FF FF FF        9634            
270,643367            85     01 FF FF FF FF FF FF FF        9634            
270,692856            06     00 00 FF FF FF FF FF FF        9634            
270,742345            47     00 00 FF FF FF FF FF FF        9634            
270,791834            49     FF FF FF FF FF FF FF FF        9615            
270,841323            D6     00 06 63 0B C1 0C 81 85        9634            
270,891630            97            9634            Checksum Error
270,941119            D8     FE FF FF FF FF FF FF FF        9634            
270,990608            3C     01 04 B8 10 03 00 FF FF        9634            
271,040097            7D     01 03 F8 01 01 FF FF FF        9634            
271,090813            03     AA 0A FF FF FF FF FF FF        9634            
271,140302            C4     AA 0A FF FF FF FF FF FF        9634            
271,189791            85     01 FF FF FF FF FF FF FF        9634            
271,239280            06     00 00 FF FF FF FF FF FF        9634            
271,288769            47     00 00 FF FF FF FF FF FF        9634            
271,338258            49     FF FF FF FF FF FF FF FF        9634            
271,387747            D6     00 06 63 0B C1 0C 81 85        9634            
271,438463            97            9634            Checksum Error
271,487543            D8     FE FF FF FF FF FF FF FF        9634            
271,537032            3C     01 06 B2 23 17 46 10 03        9634            
271,586521            7D     01 06 F2 01 00 00 00 FF        9634            
271,636828            03     AA 0A FF FF FF FF FF FF        9653            
271,686317            C4     AA 0A FF FF FF FF FF FF        9634            
271,735806            85     01 FF FF FF FF FF FF FF        9634            
271,785295            06     00 00 FF FF FF FF FF FF        9634            
271,834784            47     00 00 FF FF FF FF FF FF        9634            
271,884273            49     FF FF FF FF FF FF FF FF        9653            
271,933762            D6     00 06 63 0B C1 0C 81 85        9634            
271,984069            97            9634            Checksum Error
272,033967            D8     FE FF FF FF FF FF FF FF        9634            
272,083047            3C     FF FF FF FF FF FF FF FF        9634            
272,132536            7D            9634            Checksum Error
272,182843            03     AA 0A FF FF FF FF FF FF        9634            
272,232332            C4     AA 0A FF FF FF FF FF FF        9634            
272,281821            85     01 FF FF FF FF FF FF FF        9634            
272,331310            06     00 00 FF FF FF FF FF FF        9634            
272,380799            47     00 00 FF FF FF FF FF FF        9634            
272,430288            49     FF FF FF FF FF FF FF FF        9634            
272,480186            D6     00 06 63 0B C1 0C 81 85        9634            
272,530493            97            9634            Checksum Error
272,579982            D8     FE FF FF FF FF FF FF FF        9615            
272,629471            3C     FF FF FF FF FF FF FF FF        9634            
272,678960            7D            9634            Checksum Error
272,729676            03     AA 0A FF FF FF FF FF FF        9634            
272,779165            C4     AA 0A FF FF FF FF FF FF        9615            
272,828654            85     01 FF FF FF FF FF FF FF        9634            
272,878143            06     00 00 FF FF FF FF FF FF        9634            
272,927632            47     00 00 FF FF FF FF FF FF        9634            
272,977121            49     FF FF FF FF FF FF FF FF        9634            
273,026610            D6     00 06 63 0B C1 0C 81 85        9634            
273,077326            97            9634            Checksum Error
273,126815            D8     FE FF FF FF FF FF FF FF        9634            
273,176304            3C     01 04 B8 10 03 00 FF FF        9634            
273,225793            7D     01 03 F8 01 01 FF FF FF        9634            
273,276100            03     AA 0A FF FF FF FF FF FF        9634            
273,325998            C4     AA 0A FF FF FF FF FF FF        9634            
273,375487            85     01 FF FF FF FF FF FF FF        9634            
273,424976            06     00 00 FF FF FF FF FF FF        9634            
273,474465            47     00 00 FF FF FF FF FF FF        9634            
273,523954            49     FF FF FF FF FF FF FF FF        9634            
273,573443            D6     00 06 63 0B C1 0C 81 85        9634            
273,623750            97            9634            Checksum Error
273,673239            D8     FE FF FF FF FF FF FF FF        9634            
273,722728            3C     01 06 B2 23 17 46 10 03        9634            
273,772217            7D     01 06 F2 01 00 00 00 FF        9634            
273,822933            03     AA 0A FF FF FF FF FF FF        9634            
273,872013            C4     AA 0A FF FF FF FF FF FF        9634            
273,921911            85     01 FF FF FF FF FF FF FF        9634            
273,970991            06     00 00 FF FF FF FF FF FF        9653            
274,020480            47     00 00 FF FF FF FF FF FF        9653            
274,069969            49     FF FF FF FF FF FF FF FF        9634            
274,119458            D6     00 06 63 0B C1 0C 81 85        9634            
274,170174            97            9653            Checksum Error
274,219663            D8     FE FF FF FF FF FF FF FF        9653            
274,269152            3C     FF FF FF FF FF FF FF FF        9634            
274,318641            7D            9653            Checksum Error
274,368948            03     AA 0A FF FF FF FF FF FF        9634            
274,418437            C4     AA 0A FF FF FF FF FF FF        9634            
274,467926            85     01 FF FF FF FF FF FF FF        9634            
274,517415            06     00 00 FF FF FF FF FF FF        9634            
274,566904            47     00 00 FF FF FF FF FF FF        9653            
274,616393            49     FF FF FF FF FF FF FF FF        9634            
274,665882            D6     00 06 63 0B C1 0C 81 85        9653            
274,716189            97            9634            Checksum Error
274,765678            D8     FE FF FF FF FF FF FF FF        9634            
274,815167            3C     FF FF FF FF FF FF FF FF        9634            
274,864656            7D            9634            Checksum Error
274,914963            03     AA 0A FF FF FF FF FF FF        9634            
274,964861            C4     AA 0A FF FF FF FF FF FF        9634            
275,014350            85     01 FF FF FF FF FF FF FF        9615            
275,063839            06     00 00 FF FF FF FF FF FF        9634            
275,113328            47     00 00 FF FF FF FF FF FF        9634            
275,162817            49     FF FF FF FF FF FF FF FF        9634            
275,212306            D6     00 06 63 0B C1 0C 81 85        9634            
275,262613            97            9634            Checksum Error
275,312102            D8     FE FF FF FF FF FF FF FF        9634            
275,361591            3C     01 04 B8 10 03 00 FF FF        9634            
275,411080            7D     01 03 F8 01 01 FF FF FF        9634            
275,461796            03     AA 0A FF FF FF FF FF FF        9634            
275,511285            C4     AA 0A FF FF FF FF FF FF        9653            
275,560774            85     01 FF FF FF FF FF FF FF        9634            
275,610263            06     00 00 FF FF FF FF FF FF        9653            
275,659752            47     00 00 FF FF FF FF FF FF        9634            
275,709241            49     FF FF FF FF FF FF FF FF        9634            
275,758730            D6     00 06 63 0B C1 0C 81 85        9634            
275,809037            97            9653            Checksum Error
275,858526            D8     FE FF FF FF FF FF FF FF        9634            
275,907606            3C     01 06 B2 23 17 46 10 03        9634            
275,957504            7D     01 06 F2 01 00 00 00 FF        9653            
285,951419            00            9597            Checksum Error
287,527705            03     AA 0A FF FF FF FF FF FF        9653            
287,577194            C4     AA 0A FF FF FF FF FF FF        9634            
287,626683            85     01 FF FF FF FF FF FF FF        9634            
287,676172            06     00 00 FF FF FF FF FF FF        9634            
287,725661            47     00 00 FF FF FF FF FF FF        9634            
