Time Stamp(sec)   Frame ID          Frame Data        Baud Rate(bits/sec)     Error Condition
511,570155            D6     00 04 AA 0A AA 0A AF 84        9597            
511,620871            97            9597            Checksum Error
511,670769            D8     FE FF FF FF FF FF FF FF        9597            
511,720258            3C     01 04 B8 10 03 00 FF FF        9597            
511,770156            7D     01 03 F8 01 01 FF FF FF        9597            
511,820872            03     AA 0A FF FF FF FF FF FF        9597            
511,870361            C4     AA 0A FF FF FF FF FF FF        9597            
511,919850            85     01 FF FF FF FF FF FF FF        9597            
511,969748            06     00 00 FF FF FF FF FF FF        9597            
512,019237            47     00 00 FF FF FF FF FF FF        9597            
512,069135            49     FF FF FF FF FF FF FF FF        9579            
512,118624            D6     00 04 AA 0A AA 0A AF 84        9579            
512,169340            97            9597            Checksum Error
512,219238            D8     FE FF FF FF FF FF FF FF        9597            
512,268727            3C     01 06 B2 23 17 46 10 03        9597            
512,318625            7D     01 06 F2 01 00 00 00 FF        9597            
512,369341            03     AA 0A FF FF FF FF FF FF        9597            
512,418830            C4     AA 0A FF FF FF FF FF FF        9597            
512,468728            85     01 FF FF FF FF FF FF FF        9597            
512,518217            06     00 00 FF FF FF FF FF FF        9597            
512,568115            47     00 00 FF FF FF FF FF FF        9597            
512,617604            49     FF FF FF FF FF FF FF FF        9597            
512,667502            D6     00 04 AA 0A AA 0A AF 84        9597            
512,718218            97            9597            Checksum Error
512,767707            D8     FE FF FF FF FF FF FF FF        9597            
512,817605            3C     FF FF FF FF FF FF FF FF        9597            
512,867094            7D            9597            Checksum Error
512,917401            03     AA 0A FF FF FF FF FF FF        9597            
512,967299            C4     AA 0A FF FF FF FF FF FF        9597            
513,016788            85     01 FF FF FF FF FF FF FF        9597            
513,066686            06     00 00 FF FF FF FF FF FF        9597            
513,116175            47     00 00 FF FF FF FF FF FF        9597            
513,165664            49     FF FF FF FF FF FF FF FF        9597            
513,215562            D6     00 04 AA 0A AA 0A AF 84        9597            
513,266278            97            9597            Checksum Error
513,315767            D8     FE FF FF FF FF FF FF FF        9597            
513,365665            3C     FF FF FF FF FF FF FF FF        9597            
513,415154            7D            9597            Checksum Error
513,465870            03     AA 0A FF FF FF FF FF FF        9597            
513,515768            C4     AA 0A FF FF FF FF FF FF        9597            
513,565257            85     01 FF FF FF FF FF FF FF        9597            
513,615155            06     00 00 FF FF FF FF FF FF        9597            
513,664644            47     00 00 FF FF FF FF FF FF        9597            
513,714542            49     FF FF FF FF FF FF FF FF        9597            
513,764031            D6     00 04 AA 0A AA 0A AF 84        9597            
513,814747            97            9597            Checksum Error
513,864645            D8     FE FF FF FF FF FF FF FF        9597            
513,914134            3C     01 04 B8 10 03 00 FF FF        9597            
513,964032            7D     01 03 F8 01 01 FF FF FF        9597            
514,014748            03     AA 0A FF FF FF FF FF FF        9597            
514,064237            C4     AA 0A FF FF FF FF FF FF        9597            
514,114135            85     01 FF FF FF FF FF FF FF        9597            
514,163624            06     00 00 FF FF FF FF FF FF        9579            
514,213522            47     00 00 FF FF FF FF FF FF        9579            
514,263011            49     FF FF FF FF FF FF FF FF        9597            
514,312500            D6     00 04 AA 0A AA 0A AF 84        9597            
514,363216            97            9597            Checksum Error
514,413114            D8     FE FF FF FF FF FF FF FF        9597            
514,462603            3C     01 06 B2 23 17 46 10 03        9597            
514,512501            7D     01 06 F2 01 00 00 00 FF        9597            
524,543226            00            9597            Checksum Error
526,125238            03     AA 0A FF FF FF FF FF FF        9615            
526,174727            C4     AA 0A FF FF FF FF FF FF        9597            
526,224625            85     01 FF FF FF FF FF FF FF        9597            
526,274114            06     00 00 FF FF FF FF FF FF        9597            
526,324012            47     00 00 FF FF FF FF FF FF        9597            
526,373501            49     FF FF FF FF FF FF FF FF        9597            
526,423399            D6     00 04 AA 0A AA 0A AF 84        9597            
526,474115            97            9615            Checksum Error
526,523604            D8     FF FF FF FF FF FF FF FF        9597            
526,573502            3C     01 04 B8 10 03 00 FF FF        9597            
526,622991            7D     01 03 F8 01 01 FF FF FF        9597            
526,673707            03     AA 0A FF FF FF FF FF FF        9597            
526,723605            C4     AA 0A FF FF FF FF FF FF        9597            
526,773094            85     01 FF FF FF FF FF FF FF        9597            
526,822992            06     00 00 FF FF FF FF FF FF        9597            
526,872481            47     00 00 FF FF FF FF FF FF        9615            
526,922379            49     FF FF FF FF FF FF FF FF        9597            
526,971868            D6     00 04 AA 0A AA 0A AF 84        9597            
527,022584            97            9597            Checksum Error
527,072073            D8     FF FF FF FF FF FF FF FF        9597            
527,121971            3C     01 06 B2 23 17 46 10 03        9597            
527,171460            7D     01 06 F2 01 00 00 00 FF        9597            
527,222176            03     AA 0A FF FF FF FF FF FF        9597            
527,272074            C4     AA 0A FF FF FF FF FF FF        9597            
527,321563            85     01 FF FF FF FF FF FF FF        9597            
527,371461            06     00 00 FF FF FF FF FF FF        9597            
527,420950            47     00 00 FF FF FF FF FF FF        9597            
527,470439            49     FF FF FF FF FF FF FF FF        9615            
527,519928            D6     00 04 AA 0A AA 0A AF 84        9597            
527,570644            97            9615            Checksum Error
527,620133            D8     FF FF FF FF FF FF FF FF        9597            
527,670031            3C     FF FF FF FF FF FF FF FF        9597            
527,719520            7D            9597            Checksum Error
527,770236            03     AA 0A FF FF FF FF FF FF        9597            
527,820134            C4     AA 0A FF FF FF FF FF FF        9597            
527,869623            85     01 FF FF FF FF FF FF FF        9597            
527,919521            06     00 00 FF FF FF FF FF FF        9615            
527,969010            47     00 00 FF FF FF FF FF FF        9597            
528,018908            49     FF FF FF FF FF FF FF FF        9597            
528,068397            D6     00 04 AA 0A AA 0A AF 84        9597            
528,119113            97            9597            Checksum Error
528,169011            D8     FF FF FF FF FF FF FF FF        9597            
528,218500            3C     03 05 B9 00 1F 00 00 FF        9597            
528,268398            7D     03 02 F9 00 FF FF FF FF        9597            
528,317887            3C     03 10 0B BA 00 1F 00 1E        9615            
528,367785            3C     03 21 00 00 22 FF FF FF        9597            
528,417274            7D     03 10 29 FA 00 1F 00 1E        9597            
528,467172            7D     03 21 00 00 22 FF FF FF        9615            
528,516661            7D     03 22 54 01 0C 32 10 C7        9597            
528,566150            7D     03 23 86 0B 01 00 00 00        9597            
528,615639            7D     03 24 00 00 00 00 01 01        9615            
528,665128            7D     03 25 00 00 00 00 00 00        9597            
528,715026            7D     03 26 00 00 00 00 00 00        9597            
528,765742            03     AA 0A FF FF FF FF FF FF        9597            
528,815231            C4     AA 0A FF FF FF FF FF FF        9597            
528,865129            85     01 FF FF FF FF FF FF FF        9597            
528,914618            06     00 00 FF FF FF FF FF FF        9615            
528,964516            47     00 00 FF FF FF FF FF FF        9597            
529,014005            49     FF FF FF FF FF FF FF FF        9597            
529,063903            D6     00 04 AA 0A AA 0A AF 84        9597            
529,114210            97            9597            Checksum Error
529,164108            D8     FE FF FF FF FF FF FF FF        9597            
529,213597            3C     01 04 B8 10 03 00 FF FF        9597            
529,263495            00            9597            Checksum Error
530,845916            03     86 0B FF FF FF FF FF FF        9597            
530,895814            C4     AA 0A FF FF FF FF FF FF        9597            
530,945303            85     01 FF FF FF FF FF FF FF        9597            
530,995201            06     00 00 FF FF FF FF FF FF        9597            
531,044690            47     01 00 FF FF FF FF FF FF        9597            
531,094588            49     FF FF FF FF FF FF FF FF        9597            
531,144077            D6     00 04 AA 0A AA 0A AF 84        9597            
531,193975            08     86 0B 71 00 00 00 00 FF        9615            
531,243464            97            9597            Checksum Error
531,293362            D8     FE FF FF FF FF FF FF FF        9597            
531,342851            3C     01 04 B8 10 03 00 FF FF        9615            
531,392749            7D     01 03 F8 01 01 FF FF FF        9597            
541,419250            00            9597            Checksum Error
543,001262            00            9597            Checksum Error
544,583274            03     86 0B FF FF FF FF FF FF        9615            
544,632763            C4     AA 0A FF FF FF FF FF FF        9615            
544,682252            85     01 FF FF FF FF FF FF FF        9615            
544,732150            06     00 00 FF FF FF FF FF FF        9597            
544,781639            47     01 00 FF FF FF FF FF FF        9597            
544,831128            49     FF FF FF FF FF FF FF FF        9597            
544,880617            D6     00 04 AA 0A AA 0A AF 84        9597            
544,930515            08     86 0B 71 00 00 00 00 FF        9597            
544,980004            97            9597            Checksum Error
545,029902            D8     FE FF FF FF FF FF FF FF        9615            
545,079391            3C     01 04 B8 10 03 01 FF FF        9597            
545,129289            7D     01 03 F8 02 01 FF FF FF        9597            
545,180005            03     86 0B FF FF FF FF FF FF        9597            
545,229494            C4     AA 0A FF FF FF FF FF FF        9597            
545,279392            85     01 FF FF FF FF FF FF FF        9597            
545,328881            06     00 00 FF FF FF FF FF FF        9615            
545,378779            47     01 00 FF FF FF FF FF FF        9615            
545,428268            49     FF FF FF FF FF FF FF FF        9597            
545,478166            D6     00 0F 5E 0B E5 0C 81 85        9615            
545,527655            08     86 0B 71 00 00 00 00 FF        9615            
545,577144            97            9597            Checksum Error
545,626633            D8     FE FF FF FF FF FF FF FF        9597            
545,676122            3C     01 06 B2 23 17 46 10 03        9597            
545,726020            7D     01 06 F2 01 00 00 00 FF        9597            
545,776736            03     86 0B FF FF FF FF FF FF        9615            
545,826225            C4     AA 0A FF FF FF FF FF FF        9597            
545,875714            85     01 FF FF FF FF FF FF FF        9597            
545,925612            06     00 00 FF FF FF FF FF FF        9597            
545,975101            47     01 00 FF FF FF FF FF FF        9615            
546,024999            49     FF FF FF FF FF FF FF FF        9597            
546,074488            D6     00 0F 5E 0B E5 0C 81 85        9597            
546,124386            08     86 0B 71 00 00 00 00 FF        9597            
546,173875            97            9597            Checksum Error
546,223773            D8     FE FF FF FF FF FF FF FF        9597            
546,273262            3C     FF FF FF FF FF FF FF FF        9597            
