Time Stamp(sec)   Frame ID          Frame Data        Baud Rate(bits/sec)     Error Condition
1107,723971            3C     FF FF FF FF FF FF FF FF        9597            
1107,773460            7D            9597            Checksum Error
1107,824176            03     54 0B FF FF FF FF FF FF        9597            
1107,874074            C4     AA 0A FF FF FF FF FF FF        9597            
1107,923563            85     01 FF FF FF FF FF FF FF        9597            
1107,973461            06     00 00 FF FF FF FF FF FF        9597            
1108,022950            47     01 00 FF FF FF FF FF FF        9597            
1108,072439            49     FF FF FF FF FF FF FF FF        9597            
1108,121928            D6     00 07 63 0B B9 0C 77 85        9597            
1108,172644            97            9597            Checksum Error
1108,222133            D8     FE FF FF FF FF FF FF FF        9597            
1108,272031            3C     01 04 B8 10 03 01 FF FF        9597            
1108,321520            7D     01 03 F8 02 02 FF FF FF        9597            
1108,372236            03     54 0B FF FF FF FF FF FF        9597            
1108,421725            C4     AA 0A FF FF FF FF FF FF        9597            
1108,471214            85     01 FF FF FF FF FF FF FF        9597            
1108,520703            06     00 00 FF FF FF FF FF FF        9615            
1108,570601            47     01 00 FF FF FF FF FF FF        9597            
1108,620090            49     FF FF FF FF FF FF FF FF        9597            
1108,669988            D6     00 07 63 0B B7 0C 77 85        9597            
1108,720704            97            9597            Checksum Error
1108,770193            D8     FE FF FF FF FF FF FF FF        9597            
1108,820091            3C     01 06 B2 23 17 46 10 03        9597            
1108,869580            7D     01 06 F2 01 00 00 00 FF        9597            
1108,920296            03     54 0B FF FF FF FF FF FF        9597            
1108,970194            C4     AA 0A FF FF FF FF FF FF        9597            
1109,019683            85     01 FF FF FF FF FF FF FF        9597            
1109,069581            06     00 00 FF FF FF FF FF FF        9597            
1109,119070            47     01 00 FF FF FF FF FF FF        9597            
1109,168968            49     FF FF FF FF FF FF FF FF        9597            
1109,218457            D6     00 07 63 0B B7 0C 77 85        9597            
1109,269173            97            9597            Checksum Error
1109,319071            D8     FE FF FF FF FF FF FF FF        9597            
1109,368560            3C     FF FF FF FF FF FF FF FF        9597            
1109,418458            7D            9597            Checksum Error
1109,469174            03     54 0B FF FF FF FF FF FF        9597            
1109,518663            C4     AA 0A FF FF FF FF FF FF        9597            
1109,568561            85     01 FF FF FF FF FF FF FF        9597            
1109,618050            06     00 00 FF FF FF FF FF FF        9597            
1109,667948            47     01 00 FF FF FF FF FF FF        9597            
1109,717437            49     FF FF FF FF FF FF FF FF        9597            
1109,767335            D6     00 07 63 0B B7 0C 77 85        9597            
1109,818051            97            9597            Checksum Error
1109,867540            D8     FE FF FF FF FF FF FF FF        9597            
1109,917438            3C     03 05 B9 00 1F 00 00 FF        9597            
1109,966927            7D     03 02 F9 00 FF FF FF FF        9597            
1110,016825            3C     03 10 29 BB 00 1F 00 1E        9597            
1110,066314            3C     03 21 00 00 22 FF FF FF        9597            
1110,116212            3C     03 22 54 01 14 33 00 AE        9597            
1110,165701            3C     03 23 54 0B 01 00 00 00        9597            
1110,215599            3C     03 24 00 00 00 00 01 01        9597            
1110,265088            3C     03 25 D0 0C 63 0B 07 00        9597            
1110,314986            3C     03 26 00 00 00 00 00 00        9615            
1110,364475            7D     03 01 FB FF FF FF FF FF        9597            
1110,414373            3C     03 05 B9 00 1F 00 01 FF        9597            
1110,463862            7D     03 02 F9 00 FF FF FF FF        9597            
1110,514578            03     54 0B FF FF FF FF FF FF        9597            
1110,564476            C4     AA 0A FF FF FF FF FF FF        9597            
1110,613965            85     01 FF FF FF FF FF FF FF        9597            
1110,663863            06     00 00 FF FF FF FF FF FF        9597            
1110,713352            47     01 00 FF FF FF FF FF FF        9597            
1110,763250            49     FF FF FF FF FF FF FF FF        9597            
1110,812739            D6     00 07 63 0B B7 0C 77 85        9597            
1110,863455            97            9615            Checksum Error
1110,912944            D8     FF FF FF FF FF FF FF FF        9615            
1110,962842            3C     03 05 B9 00 1F 00 00 FF        9615            
1111,012331            7D     03 02 F9 00 FF FF FF FF        9615            
1111,062229            3C     03 10 0B BA 00 1F 00 1E        9597            
1111,111718            3C     03 21 00 00 22 FF FF FF        9597            
1111,161616            7D     03 10 29 FA 00 1F 00 1E        9597            
1111,211105            7D     03 21 00 00 22 FF FF FF        9597            
1111,261003            7D     03 22 54 01 0C 32 1A F9        9597            
1111,310492            7D     03 23 4A 0B 01 00 00 00        9579            
1111,360390            7D     03 24 00 00 00 00 01 01        9597            
1111,409879            7D     03 25 00 00 00 00 00 00        9615            
1111,459777            7D     03 26 00 00 00 00 00 00        9597            
1111,510493            03     54 0B FF FF FF FF FF FF        9615            
1111,559982            C4     AA 0A FF FF FF FF FF FF        9597            
1111,609880            85     01 FF FF FF FF FF FF FF        9597            
1111,659369            06     00 00 FF FF FF FF FF FF        9615            
1111,709267            47     01 00 FF FF FF FF FF FF        9597            
1111,758756            49     FF FF FF FF FF FF FF FF        9597            
1111,808654            D6     00 07 63 0B B7 0C 77 85        9597            
1111,859370            97            9597            Checksum Error
1111,908859            D8     FE FF FF FF FF FF FF FF        9615            
1111,958757            3C     01 04 B8 10 03 01 FF FF        9597            
1112,008246            7D     01 03 F8 02 02 FF FF FF        9597            
1112,058962            03     4A 0B FF FF FF FF FF FF        9597            
1112,108451            C4     AA 0A FF FF FF FF FF FF        9615            
1112,158349            85     01 FF FF FF FF FF FF FF        9597            
1112,207838            06     00 00 FF FF FF FF FF FF        9597            
1112,257736            47     01 00 FF FF FF FF FF FF        9597            
1112,307225            49     FF FF FF FF FF FF FF FF        9597            
1112,357123            D6     00 07 63 0B B7 0C 77 85        9597            
1112,406612            08     86 0B 71 00 00 00 00 FF        9597            
1112,456510            97            9597            Checksum Error
1112,505999            D8     FE FF FF FF FF FF FF FF        9597            
1112,555897            3C     01 06 B2 23 17 46 10 03        9597            
1112,605386            7D     01 06 F2 01 00 00 00 FF        9597            
1112,656102            03     4A 0B FF FF FF FF FF FF        9597            
1112,706000            C4     AA 0A FF FF FF FF FF FF        9597            
1112,755489            85     01 FF FF FF FF FF FF FF        9615            
1112,804978            06     00 00 FF FF FF FF FF FF        9597            
1112,854467            47     01 00 FF FF FF FF FF FF        9597            
1112,904365            49     FF FF FF FF FF FF FF FF        9615            
1112,953854            D6     00 07 63 0B B7 0C 81 85        9597            
1113,003343            08     86 0B 71 00 00 00 00 FF        9615            
1113,052832            97            9597            Checksum Error
1113,102321            D8     FE FF FF FF FF FF FF FF        9615            
1113,152219            3C     FF FF FF FF FF FF FF FF        9597            
1113,201708            7D            9597            Checksum Error
1113,252424            03     4A 0B FF FF FF FF FF FF        9597            
1113,302322            C4     AA 0A FF FF FF FF FF FF        9597            
1113,351811            85     01 FF FF FF FF FF FF FF        9597            
1113,401300            06     00 00 FF FF FF FF FF FF        9597            
1113,451198            47     01 00 FF FF FF FF FF FF        9597            
1113,500687            49     FF FF FF FF FF FF FF FF        9597            
1113,550585            D6     00 07 63 0B B7 0C 81 85        9615            
1113,600074            08     86 0B 71 00 00 00 00 FF        9597            
1113,649563            97            9615            Checksum Error
1113,699052            D8     FE FF FF FF FF FF FF FF        9597            
1113,748950            3C     03 05 B9 00 1F 00 00 FF        9597            
1113,798439            7D     03 02 F9 00 FF FF FF FF        9597            
1113,848337            3C     03 10 29 BB 00 1F 00 1E        9597            
1113,897826            3C     03 21 00 00 22 FF FF FF        9597            
1113,947724            3C     03 22 54 01 02 0D 1A 81        9597            
1113,997213            3C     03 23 00 00 00 00 00 00        9597            
1114,047111            3C     03 24 00 00 00 00 00 00        9597            
1114,096600            3C     03 25 00 00 00 00 00 00        9597            
1114,146498            3C     03 26 00 00 00 00 00 00        9615            
1114,195987            7D     03 01 FB FF FF FF FF FF        9615            
1114,245476            3C     03 05 B9 00 1F 00 01 FF        9597            
1114,294965            7D     03 02 F9 00 FF FF FF FF        9597            
1114,345681            03     4A 0B FF FF FF FF FF FF        9597            
1114,395170            C4     AA 0A FF FF FF FF FF FF        9597            
1114,445068            85     01 FF FF FF FF FF FF FF        9597            
1114,494966            06     00 00 FF FF FF FF FF FF        9597            
1114,544455            47     01 00 FF FF FF FF FF FF        9597            
1114,593944            49     FF FF FF FF FF FF FF FF        9597            
1114,643842            D6     00 07 63 0B B7 0C 77 85        9597            
1114,693331            08     86 0B 71 00 00 00 00 FF        9615            
1114,743229            97            9597            Checksum Error
1114,792718            D8     FE FF FF FF FF FF FF FF        9597            
1114,842616            3C     FF FF FF FF FF FF FF FF        9615            
1114,892105            7D            9597            Checksum Error
1114,942821            03     4A 0B FF FF FF FF FF FF        9597            
1114,992719            C4     AA 0A FF FF FF FF FF FF        9597            
1115,042208            85     01 FF FF FF FF FF FF FF        9597            
1115,092106            06     00 00 FF FF FF FF FF FF        9597            
1115,141595            47     01 00 FF FF FF FF FF FF        9597            
1115,191084            49     FF FF FF FF FF FF FF FF        9597            
1115,240573            D6     00 07 63 0B B7 0C 81 85        9597            
1115,291289            97            9597            Checksum Error
1115,340778            D8     FE FF FF FF FF FF FF FF        9597            
1115,390676            3C     01 04 B8 10 03 01 FF FF        9597            
1115,440165            7D     01 03 F8 02 02 FF FF FF        9597            
1115,490472            03     4A 0B FF FF FF FF FF FF        9597            
1115,540370            C4     AA 0A FF FF FF FF FF FF        9597            
1115,589859            85     01 FF FF FF FF FF FF FF        9597            
1115,639757            06     00 00 FF FF FF FF FF FF        9597            
1115,689246            47     01 00 FF FF FF FF FF FF        9597            
1115,739144            49     FF FF FF FF FF FF FF FF        9597            
1115,788633            D6     00 07 63 0B B7 0C 81 85        9597            
1115,839349            97            9597            Checksum Error
1115,889247            D8     FE FF FF FF FF FF FF FF        9597            
1115,938736            3C     01 06 B2 23 17 46 10 03        9597            
1115,988634            7D     01 06 F2 01 00 00 00 FF        9615            
1116,039350            03     4A 0B FF FF FF FF FF FF        9615            
1116,088839            C4     AA 0A FF FF FF FF FF FF        9597            
1116,138737            85     01 FF FF FF FF FF FF FF        9597            
1116,188226            06     00 00 FF FF FF FF FF FF        9597            
1116,238124            47     01 00 FF FF FF FF FF FF        9597            
1116,287613            49     FF FF FF FF FF FF FF FF        9597            
1116,337511            D6     00 07 63 0B B7 0C 81 85        9597            
1116,388227            97            9597            Checksum Error
1116,437716            D8     FE FF FF FF FF FF FF FF        9615            
1116,487614            3C     FF FF FF FF FF FF FF FF        9597            
