Time Stamp(sec)   Frame ID          Frame Data        Baud Rate(bits/sec)     Error Condition
1460,956715            97            9597            Checksum Error
1461,006613            D8     FE FF FF FF FF FF FF FF        9597            
1461,056102            3C     FF FF FF FF FF FF FF FF        9615            
1461,106000            7D            9597            Checksum Error
1461,156307            03     86 0B FF FF FF FF FF FF        9597            
1461,205796            C4     AA 0A FF FF FF FF FF FF        9597            
1461,255285            85     01 FF FF FF FF FF FF FF        9597            
1461,304774            06     00 00 FF FF FF FF FF FF        9597            
1461,354263            47     01 00 FF FF FF FF FF FF        9597            
1461,403752            49     FF FF FF FF FF FF FF FF        9597            
1461,453241            D6     00 0F 63 0B 9F 0C 6D 85        9597            
1461,503548            97            9597            Checksum Error
1461,553446            D8     FE FF FF FF FF FF FF FF        9597            
1461,602935            3C     01 04 B8 10 03 01 FF FF        9597            
1461,652833            7D     01 03 F8 02 02 FF FF FF        9597            
1461,703549            03     86 0B FF FF FF FF FF FF        9597            
1461,753038            C4     AA 0A FF FF FF FF FF FF        9597            
1461,802936            85     01 FF FF FF FF FF FF FF        9597            
1461,852425            06     00 00 FF FF FF FF FF FF        9597            
1461,902323            47     01 00 FF FF FF FF FF FF        9597            
1461,951812            49     FF FF FF FF FF FF FF FF        9615            
1462,001710            D6     00 0F 63 0B 9F 0C 77 85        9597            
1462,052426            97            9597            Checksum Error
1462,101915            D8     FE FF FF FF FF FF FF FF        9597            
1462,151813            3C     01 06 B2 23 17 46 10 03        9597            
1462,201302            7D     01 06 F2 01 00 00 00 FF        9597            
1462,252018            03     86 0B FF FF FF FF FF FF        9597            
1462,301916            C4     AA 0A FF FF FF FF FF FF        9597            
1462,351405            85     01 FF FF FF FF FF FF FF        9597            
1462,401303            06     00 00 FF FF FF FF FF FF        9597            
1462,450792            47     01 00 FF FF FF FF FF FF        9615            
1462,500690            49     FF FF FF FF FF FF FF FF        9597            
1462,550179            D6     00 0F 63 0B 9F 0C 77 85        9597            
1462,600895            97            9597            Checksum Error
1462,650384            D8     FE FF FF FF FF FF FF FF        9597            
1462,700282            3C     FF FF FF FF FF FF FF FF        9597            
1462,749771            7D            9597            Checksum Error
1462,800487            03     86 0B FF FF FF FF FF FF        9597            
1462,850385            C4     AA 0A FF FF FF FF FF FF        9597            
1462,899874            85     01 FF FF FF FF FF FF FF        9597            
1462,949772            06     00 00 FF FF FF FF FF FF        9597            
1462,999261            47     01 00 FF FF FF FF FF FF        9597            
1463,049159            49     FF FF FF FF FF FF FF FF        9597            
1463,098648            D6     00 0F 63 0B 9F 0C 77 85        9615            
1463,149364            97            9597            Checksum Error
1463,198853            D8     FE FF FF FF FF FF FF FF        9615            
1463,248342            3C     FF FF FF FF FF FF FF FF        9597            
1463,297831            7D            9615            Checksum Error
1463,348956            03     86 0B FF FF FF FF FF FF        9597            
1463,398445            C4     AA 0A FF FF FF FF FF FF        9597            
1463,448343            85     01 FF FF FF FF FF FF FF        9597            
1463,497832            06     00 00 FF FF FF FF FF FF        9597            
1463,547321            47     01 00 FF FF FF FF FF FF        9597            
1463,596810            49     FF FF FF FF FF FF FF FF        9597            
1463,646299            D6     00 0F 63 0B 9F 0C 77 85        9597            
1463,697015            97            9597            Checksum Error
1463,746913            D8     FE FF FF FF FF FF FF FF        9597            
1463,796402            3C     01 04 B8 10 03 01 FF FF        9597            
1463,845891            7D     01 03 F8 02 02 FF FF FF        9597            
1463,896607            03     86 0B FF FF FF FF FF FF        9615            
1463,946505            C4     AA 0A FF FF FF FF FF FF        9597            
1463,995994            85     01 FF FF FF FF FF FF FF        9615            
1464,045892            06     00 00 FF FF FF FF FF FF        9615            
1464,095381            47     01 00 FF FF FF FF FF FF        9597            
1464,145279            49     FF FF FF FF FF FF FF FF        9597            
1464,194768            D6     00 0F 63 0B 9F 0C 77 85        9597            
1464,245484            97            9597            Checksum Error
1464,295382            D8     FF FF FF FF FF FF FF FF        9615            
1464,344871            3C     01 06 B2 23 17 46 10 03        9597            
1464,394769            7D     01 06 F2 01 00 00 00 FF        9597            
1464,445076            03     86 0B FF FF FF FF FF FF        9597            
1464,494974            C4     AA 0A FF FF FF FF FF FF        9615            
1464,544463            85     01 FF FF FF FF FF FF FF        9597            
1464,594361            06     00 00 FF FF FF FF FF FF        9597            
1464,643850            47     01 00 FF FF FF FF FF FF        9597            
1464,693748            49     FF FF FF FF FF FF FF FF        9597            
1464,743237            D6     00 0F 63 0B 9F 0C 77 85        9597            
1464,793953            97            9597            Checksum Error
1464,843851            D8     FF FF FF FF FF FF FF FF        9597            
1464,893340            3C     FF FF FF FF FF FF FF FF        9597            
1464,943238            7D            9597            Checksum Error
1464,993954            03     86 0B FF FF FF FF FF FF        9597            
1465,043443            C4     AA 0A FF FF FF FF FF FF        9597            
1465,093341            85     01 FF FF FF FF FF FF FF        9597            
1465,142830            06     00 00 FF FF FF FF FF FF        9597            
1465,192728            47     01 00 FF FF FF FF FF FF        9597            
1465,242217            49     FF FF FF FF FF FF FF FF        9597            
1465,291706            D6     00 0F 63 0B 9F 0C 77 85        9615            
1465,342422            97            9597            Checksum Error
1465,392320            D8     FF FF FF FF FF FF FF FF        9597            
1465,441809            3C     03 05 B9 00 1F 00 00 FF        9615            
1465,491707            7D     03 02 F9 00 FF FF FF FF        9615            
1465,541196            3C     03 10 0B BA 00 1F 00 1E        9597            
1465,591094            3C     03 21 00 00 22 FF FF FF        9597            
1465,640583            7D     03 10 29 FA 00 1F 00 1E        9597            
1465,690481            7D     03 21 00 00 22 FF FF FF        9597            
1465,739970            7D     03 22 54 01 0C 32 23 A3        9597            
1465,789868            7D     03 23 86 0B 01 00 84 03        9615            
1465,839357            7D     03 24 00 00 84 03 02 02        9597            
1465,888846            7D     03 25 00 00 00 00 00 00        9597            
1465,938335            7D     03 26 00 00 00 00 00 00        9597            
1465,989051            03     86 0B FF FF FF FF FF FF        9597            
1466,038540            C4     AA 0A FF FF FF FF FF FF        9597            
1466,088438            85     01 FF FF FF FF FF FF FF        9597            
1466,137927            06     00 00 FF FF FF FF FF FF        9615            
1466,187825            47     01 00 FF FF FF FF FF FF        9597            
1466,237314            49     FF FF FF FF FF FF FF FF        9597            
1466,287212            D6     00 0F 63 0B 9F 0C 77 85        9597            
1466,337928            97            9597            Checksum Error
1466,387417            D8     FE FF FF FF FF FF FF FF        9597            
1466,437315            3C     01 04 B8 10 03 01 FF FF        9597            
1466,486804            7D     01 03 F8 02 02 FF FF FF        9615            
1466,537520            03     86 0B FF FF FF FF FF FF        9597            
1466,587418            C4     AA 0A FF FF FF FF FF FF        9597            
1466,636907            85     02 FF FF FF FF FF FF FF        9597            
1466,686805            06     84 03 FF FF FF FF FF FF        9597            
1466,736294            47     01 00 FF FF FF FF FF FF        9615            
1466,785783            49     FF FF FF FF FF FF FF FF        9597            
1466,835272            D6     00 0F 63 0B 9F 0C 6D 85        9597            
1466,884761            08     86 0B 71 00 00 00 00 FF        9597            
1466,934659            97            9597            Checksum Error
1466,984148            D8     FE FF FF FF FF FF FF FF        9597            
1467,034046            3C     01 06 B2 23 17 46 10 03        9615            
1467,083535            7D     01 06 F2 01 00 00 00 FF        9615            
1467,134251            03     86 0B FF FF FF FF FF FF        9615            
1467,183740            C4     AA 0A FF FF FF FF FF FF        9615            
1467,233638            85     02 FF FF FF FF FF FF FF        9597            
1467,283127            06     84 03 FF FF FF FF FF FF        9597            
1467,333025            47     01 00 FF FF FF FF FF FF        9597            
1467,382514            49     FF FF FF FF FF FF FF FF        9597            
1467,432412            D6     00 0F 63 0B 9F 0C 6D 85        9597            
1467,481901            08     86 0B 71 00 00 00 00 FF        9597            
1467,531390            97            9597            Checksum Error
1467,580879            D8     FE FF FF FF FF FF FF FF        9597            
1467,630368            3C     FF FF FF FF FF FF FF FF        9615            
1467,680266            7D            9597            Checksum Error
1467,730982            03     86 0B FF FF FF FF FF FF        9597            
1467,780471            C4     AA 0A FF FF FF FF FF FF        9597            
1467,829960            85     02 FF FF FF FF FF FF FF        9597            
1467,879858            06     84 03 FF FF FF FF FF FF        9615            
1467,929347            47     01 00 FF FF FF FF FF FF        9597            
1467,979245            49     FF FF FF FF FF FF FF FF        9615            
1468,028734            D6     00 0F 63 0B 9F 0C 77 85        9615            
1468,078632            08     86 0B 71 00 00 00 00 FF        9597            
1468,128121            97            9597            Checksum Error
1468,178019            D8     FE FF FF FF FF FF FF FF        9615            
1468,227508            3C     03 05 B9 00 1F 00 00 FF        9597            
1468,277406            7D     03 02 F9 00 FF FF FF FF        9597            
1468,326895            3C     03 10 29 BB 00 1F 00 1E        9597            
1468,376384            3C     03 21 00 00 22 FF FF FF        9597            
1468,425873            3C     03 22 54 01 02 0D 23 78        9615            
1468,475362            3C     03 23 00 00 00 00 00 00        9597            
1468,525260            3C     03 24 00 00 00 00 00 00        9615            
1468,574749            3C     03 25 00 00 00 00 00 00        9597            
1468,624647            3C     03 26 00 00 00 00 00 00        9615            
1468,674136            7D     03 01 FB FF FF FF FF FF        9597            
1468,724034            3C     03 05 B9 00 1F 00 01 FF        9597            
1468,773523            7D     03 02 F9 00 FF FF FF FF        9597            
1468,824239            03     86 0B FF FF FF FF FF FF        9597            
1468,874137            C4     AA 0A FF FF FF FF FF FF        9597            
1468,923626            85     02 FF FF FF FF FF FF FF        9597            
1468,973524            06     84 03 FF FF FF FF FF FF        9597            
1469,023013            47     01 00 FF FF FF FF FF FF        9597            
1469,072502            49     FF FF FF FF FF FF FF FF        9597            
1469,122400            D6     00 0F 63 0B 9F 0C F5 84        9597            
1469,171889            08     86 0B 71 00 00 00 00 FF        9597            
1469,221787            97            9597            Checksum Error
1469,271276            D8     FE FF FF FF FF FF FF FF        9597            
1469,321174            3C     FF FF FF FF FF FF FF FF        9615            
1469,370663            7D            9615            Checksum Error
1469,421379            03     86 0B FF FF FF FF FF FF        9597            
1469,471277            C4     AA 0A FF FF FF FF FF FF        9597            
1469,520766            85     02 FF FF FF FF FF FF FF        9597            
1469,570664            06     84 03 FF FF FF FF FF FF        9597            
1469,620153            47     01 00 FF FF FF FF FF FF        9597            
1469,669642            49     FF FF FF FF FF FF FF FF        9597            
1469,719131            D6     00 0F 63 0B 9F 0C F5 84        9597            
