Time Stamp(sec)   Frame ID          Frame Data        Baud Rate(bits/sec)     Error Condition
592,362795            06     00 00 FF FF FF FF FF FF        9597            
592,412284            47     01 00 FF FF FF FF FF FF        9597            
592,462182            49     FF FF FF FF FF FF FF FF        9615            
592,511671            D6     00 0F 5E 0B F1 0C 27 85        9597            
592,562387            97            9597            Checksum Error
592,612285            D8     FE FF FF FF FF FF FF FF        9597            
592,661774            3C     FF FF FF FF FF FF FF FF        9597            
592,711672            7D            9597            Checksum Error
592,761979            03     86 0B FF FF FF FF FF FF        9597            
592,811468            C4     AA 0A FF FF FF FF FF FF        9597            
592,861366            85     01 FF FF FF FF FF FF FF        9597            
592,910855            06     00 00 FF FF FF FF FF FF        9615            
592,960344            47     01 00 FF FF FF FF FF FF        9597            
593,009833            49     FF FF FF FF FF FF FF FF        9597            
593,059322            D6     00 0F 5E 0B F1 0C 27 85        9615            
593,109629            97            9597            Checksum Error
593,159527            D8     FE FF FF FF FF FF FF FF        9597            
593,209016            3C     01 04 B8 10 03 01 FF FF        9615            
593,258914            7D     01 03 F8 02 02 FF FF FF        9597            
593,309630            03     86 0B FF FF FF FF FF FF        9597            
593,359119            C4     AA 0A FF FF FF FF FF FF        9597            
593,409017            85     01 FF FF FF FF FF FF FF        9597            
593,458506            06     00 00 FF FF FF FF FF FF        9597            
593,508404            47     01 00 FF FF FF FF FF FF        9597            
593,557893            49     FF FF FF FF FF FF FF FF        9615            
593,607791            D6     00 0F 5E 0B F1 0C 77 85        9597            
593,658507            97            9597            Checksum Error
593,707996            D8     FE FF FF FF FF FF FF FF        9597            
593,757894            3C     01 06 B2 23 17 46 10 03        9597            
593,807383            7D     01 06 F2 01 00 00 00 FF        9597            
593,858099            03     86 0B FF FF FF FF FF FF        9597            
593,907588            C4     AA 0A FF FF FF FF FF FF        9597            
593,957486            85     01 FF FF FF FF FF FF FF        9597            
594,006975            06     00 00 FF FF FF FF FF FF        9597            
594,056873            47     01 00 FF FF FF FF FF FF        9597            
594,106362            49     FF FF FF FF FF FF FF FF        9597            
594,156260            D6     00 0F 5E 0B F1 0C 27 85        9597            
594,206976            97            9597            Checksum Error
594,256465            D8     FE FF FF FF FF FF FF FF        9597            
594,306363            3C     FF FF FF FF FF FF FF FF        9597            
594,355852            7D            9597            Checksum Error
594,406568            03     86 0B FF FF FF FF FF FF        9597            
594,456466            C4     AA 0A FF FF FF FF FF FF        9615            
594,505955            85     01 FF FF FF FF FF FF FF        9597            
594,555853            06     00 00 FF FF FF FF FF FF        9597            
594,605342            47     01 00 FF FF FF FF FF FF        9597            
594,655240            49     FF FF FF FF FF FF FF FF        9597            
594,704729            D6     00 0F 5E 0B F1 0C 77 85        9597            
594,755445            97            9597            Checksum Error
594,805343            D8     FE FF FF FF FF FF FF FF        9615            
594,854832            3C     FF FF FF FF FF FF FF FF        9597            
594,904321            7D            9597            Checksum Error
594,955037            03     86 0B FF FF FF FF FF FF        9597            
595,004526            C4     AA 0A FF FF FF FF FF FF        9597            
595,054424            85     01 FF FF FF FF FF FF FF        9597            
595,103913            06     00 00 FF FF FF FF FF FF        9597            
595,153811            47     01 00 FF FF FF FF FF FF        9597            
595,203300            49     FF FF FF FF FF FF FF FF        9597            
595,253198            D6     00 0F 5E 0B F1 0C 27 85        9597            
595,303914            97            9597            Checksum Error
595,353403            D8     FE FF FF FF FF FF FF FF        9597            
595,403301            3C     01 04 B8 10 03 01 FF FF        9597            
595,452790            7D     01 03 F8 02 02 FF FF FF        9597            
595,503506            03     86 0B FF FF FF FF FF FF        9597            
595,553404            C4     AA 0A FF FF FF FF FF FF        9597            
595,602893            85     01 FF FF FF FF FF FF FF        9597            
595,652382            06     00 00 FF FF FF FF FF FF        9597            
595,701871            47     01 00 FF FF FF FF FF FF        9597            
595,751360            49     FF FF FF FF FF FF FF FF        9597            
595,800849            D6     00 0F 5E 0B F1 0C 27 85        9615            
595,851565            97            9597            Checksum Error
595,901054            D8     FE FF FF FF FF FF FF FF        9597            
595,950952            3C     01 06 B2 23 17 46 10 03        9597            
596,000441            7D     01 06 F2 01 00 00 00 FF        9597            
596,051157            03     86 0B FF FF FF FF FF FF        9597            
596,101055            C4     AA 0A FF FF FF FF FF FF        9597            
596,150544            85     01 FF FF FF FF FF FF FF        9597            
596,200442            06     00 00 FF FF FF FF FF FF        9597            
596,250340            47     01 00 FF FF FF FF FF FF        9597            
596,299829            49     FF FF FF FF FF FF FF FF        9597            
596,349727            D6     00 0F 5E 0B F1 0C 77 85        9597            
596,400443            97            9597            Checksum Error
596,449932            D8     FF FF FF FF FF FF FF FF        9597            
596,499830            3C     FF FF FF FF FF FF FF FF        9597            
596,549319            7D            9597            Checksum Error
596,600035            03     86 0B FF FF FF FF FF FF        9579            
596,649933            C4     AA 0A FF FF FF FF FF FF        9597            
596,699422            85     01 FF FF FF FF FF FF FF        9597            
596,748911            06     00 00 FF FF FF FF FF FF        9597            
596,798400            47     01 00 FF FF FF FF FF FF        9597            
596,847889            49     FF FF FF FF FF FF FF FF        9597            
596,897787            D6     00 0F 5E 0B F1 0C 27 85        9597            
596,948094            97            9597            Checksum Error
596,997583            D8     FF FF FF FF FF FF FF FF        9597            
597,047072            3C     03 05 B9 00 1F 00 00 FF        9597            
597,096561            7D     03 02 F9 00 FF FF FF FF        9597            
597,146459            3C     03 10 0B BA 00 1F 00 1E        9597            
597,195948            3C     03 21 00 00 22 FF FF FF        9597            
597,245846            7D     03 10 29 FA 00 1F 00 1E        9597            
597,295335            7D     03 21 00 00 22 FF FF FF        9597            
597,345233            7D     03 22 54 01 0C 32 11 59        9597            
597,394722            7D     03 23 00 00 00 00 00 00        9597            
597,444620            7D     03 24 00 00 00 00 01 01        9597            
597,494109            7D     03 25 00 00 00 00 00 00        9597            
597,544007            7D     03 26 00 00 00 00 00 00        9597            
597,594723            03     86 0B FF FF FF FF FF FF        9597            
597,644212            C4     AA 0A FF FF FF FF FF FF        9597            
597,694110            85     01 FF FF FF FF FF FF FF        9597            
597,744008            06     00 00 FF FF FF FF FF FF        9597            
597,793497            47     01 00 FF FF FF FF FF FF        9597            
597,843395            49     FF FF FF FF FF FF FF FF        9597            
597,892884            D6     00 0F 5E 0B F1 0C 77 85        9597            
597,943600            97            9597            Checksum Error
597,993498            D8     FE FF FF FF FF FF FF FF        9597            
598,042987            3C     01 04 B8 10 03 01 FF FF        9597            
598,092476            7D     01 03 F8 02 02 FF FF FF        9597            
598,143192            03     AA 0A FF FF FF FF FF FF        9615            
598,193090            C4     AA 0A FF FF FF FF FF FF        9597            
598,242579            85     01 FF FF FF FF FF FF FF        9597            
598,292477            06     00 00 FF FF FF FF FF FF        9597            
598,341966            47     00 00 FF FF FF FF FF FF        9597            
598,391864            49     FF FF FF FF FF FF FF FF        9597            
598,441353            D6     00 07 5E 0B F1 0C 27 85        9597            
598,492069            97            9597            Checksum Error
598,541967            D8     FE FF FF FF FF FF FF FF        9597            
598,591456            3C     01 06 B2 23 17 46 10 03        9615            
598,641354            7D     01 06 F2 01 00 00 00 FF        9597            
598,692070            03     AA 0A FF FF FF FF FF FF        9597            
598,741559            C4     AA 0A FF FF FF FF FF FF        9597            
598,791048            85     01 FF FF FF FF FF FF FF        9597            
598,840537            06     00 00 FF FF FF FF FF FF        9597            
598,890435            47     00 00 FF FF FF FF FF FF        9597            
598,939924            49     FF FF FF FF FF FF FF FF        9597            
598,989822            D6     00 07 5E 0B F1 0C 77 85        9597            
599,040538            97            9597            Checksum Error
599,090027            D8     FE FF FF FF FF FF FF FF        9597            
599,139925            3C     FF FF FF FF FF FF FF FF        9615            
599,189414            7D            9615            Checksum Error
599,240130            03     AA 0A FF FF FF FF FF FF        9597            
599,290028            C4     AA 0A FF FF FF FF FF FF        9597            
599,339517            85     01 FF FF FF FF FF FF FF        9597            
599,389415            06     00 00 FF FF FF FF FF FF        9597            
599,438904            47     00 00 FF FF FF FF FF FF        9597            
599,488802            49     FF FF FF FF FF FF FF FF        9597            
599,538291            D6     00 07 5E 0B F1 0C 27 85        9597            
599,589007            97            9615            Checksum Error
599,638905            D8     FE FF FF FF FF FF FF FF        9597            
599,688394            3C     03 05 B9 00 1F 00 00 FF        9597            
599,738292            7D     03 02 F9 00 FF FF FF FF        9597            
599,787781            3C     03 10 29 BB 00 1F 00 1E        9597            
599,837679            3C     03 21 00 00 22 FF FF FF        9597            
599,887168            3C     03 22 54 01 02 0D 11 8A        9597            
599,936657            3C     03 23 00 00 00 00 00 00        9597            
599,986555            3C     03 24 00 00 00 00 00 00        9597            
600,036044            3C     03 25 00 00 00 00 00 00        9597            
600,085942            3C     03 26 00 00 00 00 00 00        9597            
600,135431            7D     03 01 FB FF FF FF FF FF        9597            
600,185329            3C     03 05 B9 00 1F 00 01 FF        9615            
600,234818            7D     03 02 F9 00 FF FF FF FF        9597            
600,285534            03     AA 0A FF FF FF FF FF FF        9597            
600,335432            C4     AA 0A FF FF FF FF FF FF        9597            
600,384921            85     01 FF FF FF FF FF FF FF        9597            
600,434819            06     00 00 FF FF FF FF FF FF        9597            
600,484308            47     00 00 FF FF FF FF FF FF        9597            
600,534206            49     FF FF FF FF FF FF FF FF        9597            
600,583695            D6     00 07 5E 0B F1 0C 27 85        9615            
600,634411            97            9615            Checksum Error
600,683900            D8     FE FF FF FF FF FF FF FF        9597            
600,733389            3C     FF FF FF FF FF FF FF FF        9615            
600,782878            7D            9597            Checksum Error
600,833594            03     AA 0A FF FF FF FF FF FF        9615            
600,883083            C4     AA 0A FF FF FF FF FF FF        9597            
600,932981            85     01 FF FF FF FF FF FF FF        9615            
600,982470            06     00 00 FF FF FF FF FF FF        9597            
601,032368            47     00 00 FF FF FF FF FF FF        9597            
601,081857            49     FF FF FF FF FF FF FF FF        9597            
601,131346            D6     00 07 5E 0B F1 0C 77 85        9615            
601,182062            97            9615            Checksum Error
601,231960            D8     FE FF FF FF FF FF FF FF        9615            
601,281449            3C     01 04 B8 10 03 00 FF FF        9597            
601,330938            7D     01 03 F8 03 03 FF FF FF        9597            
601,381654            03     AA 0A FF FF FF FF FF FF        9597            
601,431552            C4     AA 0A FF FF FF FF FF FF        9597            
601,481041            85     01 FF FF FF FF FF FF FF        9597            
601,530939            06     00 00 FF FF FF FF FF FF        9615            
601,580428            47     00 00 FF FF FF FF FF FF        9615            
601,629917            49     FF FF FF FF FF FF FF FF        9597            
601,679815            D6     00 07 5E 0B F1 0C 27 85        9597            
601,730531            97            9615            Checksum Error
601,780020            D8     FE FF FF FF FF FF FF FF        9597            
601,829918            3C     01 06 B2 23 17 46 10 03        9615            
601,879407            7D     01 06 F2 01 00 00 00 FF        9597            
601,930123            03     AA 0A FF FF FF FF FF FF        9597            
601,980021            C4     AA 0A FF FF FF FF FF FF        9597            
602,029510            85     01 FF FF FF FF FF FF FF        9597            
602,079408            06     00 00 FF FF FF FF FF FF        9597            
602,128897            47     00 00 FF FF FF FF FF FF        9597            
602,178795            49     FF FF FF FF FF FF FF FF        9597            
602,228284            D6     00 07 5E 0B F1 0C 27 85        9597            
602,279000            97            9597            Checksum Error
602,328898            D8     FE FF FF FF FF FF FF FF        9597            
602,378387            3C     FF FF FF FF FF FF FF FF        9597            
602,428285            7D            9597            Checksum Error
602,479001            03     AA 0A FF FF FF FF FF FF        9597            
602,528490            C4     AA 0A FF FF FF FF FF FF        9579            
602,577979            85     01 FF FF FF FF FF FF FF        9597            
602,627877            06     00 00 FF FF FF FF FF FF        9597            
602,677366            47     00 00 FF FF FF FF FF FF        9597            
602,727264            49     FF FF FF FF FF FF FF FF        9597            
602,776753            D6     00 07 5E 0B F1 0C 77 85        9597            
602,827469            97            9597            Checksum Error
602,877367            D8     FE FF FF FF FF FF FF FF        9615            
602,926856            3C     FF FF FF FF FF FF FF FF        9597            
602,976754            7D            9597            Checksum Error
603,027061            03     AA 0A FF FF FF FF FF FF        9615            
603,076959            C4     AA 0A FF FF FF FF FF FF        9615            
603,126448            85     01 FF FF FF FF FF FF FF        9597            
603,176346            06     00 00 FF FF FF FF FF FF        9597            
603,225835            47     00 00 FF FF FF FF FF FF        9597            
603,275324            49     FF FF FF FF FF FF FF FF        9597            
603,325222            D6     00 07 5F 0B F1 0C 27 85        9597            
603,374711            00            9597            Checksum Error
