Time Stamp(sec)   Frame ID          Frame Data        Baud Rate(bits/sec)     Error Condition
1033,670424            97            9597            Checksum Error
1033,719913            D8     FE FF FF FF FF FF FF FF        9597            
1033,769811            3C     01 04 B8 10 03 01 FF FF        9597            
1033,819300            7D     01 03 F8 02 02 FF FF FF        9597            
1033,870016            03     68 0B FF FF FF FF FF FF        9615            
1033,919914            C4     AA 0A FF FF FF FF FF FF        9597            
1033,969403            85     01 FF FF FF FF FF FF FF        9597            
1034,018892            06     00 00 FF FF FF FF FF FF        9597            
1034,068381            47     01 00 FF FF FF FF FF FF        9597            
1034,117870            49     FF FF FF FF FF FF FF FF        9597            
1034,167768            D6     00 0F 63 0B C1 0C 77 85        9597            
1034,218484            97            9597            Checksum Error
1034,267973            D8     FE FF FF FF FF FF FF FF        9597            
1034,317871            3C     01 06 B2 23 17 46 10 03        9597            
1034,367360            7D     01 06 F2 01 00 00 00 FF        9597            
1034,418076            03     68 0B FF FF FF FF FF FF        9597            
1034,467974            C4     AA 0A FF FF FF FF FF FF        9579            
1034,517463            85     01 FF FF FF FF FF FF FF        9597            
1034,567361            06     00 00 FF FF FF FF FF FF        9597            
1034,616850            47     01 00 FF FF FF FF FF FF        9597            
1034,666748            49     FF FF FF FF FF FF FF FF        9597            
1034,716237            D6     00 0F 63 0B C1 0C 77 85        9597            
1034,766953            97            9597            Checksum Error
1034,816851            D8     FE FF FF FF FF FF FF FF        9597            
1034,866749            3C     FF FF FF FF FF FF FF FF        9579            
1034,916238            7D            9597            Checksum Error
1034,966954            03     68 0B FF FF FF FF FF FF        9597            
1035,016852            C4     AA 0A FF FF FF FF FF FF        9597            
1035,066341            85     01 FF FF FF FF FF FF FF        9597            
1035,116239            06     00 00 FF FF FF FF FF FF        9597            
1035,165728            47     01 00 FF FF FF FF FF FF        9597            
1035,215626            49     FF FF FF FF FF FF FF FF        9597            
1035,265115            D6     00 0F 63 0B C1 0C 77 85        9597            
1035,315831            97            9597            Checksum Error
1035,365729            D8     FE FF FF FF FF FF FF FF        9597            
1035,415218            3C     FF FF FF FF FF FF FF FF        9597            
1035,465116            7D            9597            Checksum Error
1035,515832            03     68 0B FF FF FF FF FF FF        9597            
1035,565321            C4     AA 0A FF FF FF FF FF FF        9597            
1035,615219            85     01 FF FF FF FF FF FF FF        9597            
1035,664708            06     00 00 FF FF FF FF FF FF        9597            
1035,714606            47     01 00 FF FF FF FF FF FF        9597            
1035,764095            49     FF FF FF FF FF FF FF FF        9597            
1035,813993            D6     00 0F 63 0B C1 0C 77 85        9597            
1035,864709            97            9597            Checksum Error
1035,914198            D8     FE FF FF FF FF FF FF FF        9597            
1035,963687            3C     01 04 B8 10 03 01 FF FF        9597            
1036,013585            7D     01 03 F8 02 02 FF FF FF        9597            
1036,064301            03     68 0B FF FF FF FF FF FF        9597            
1036,113790            C4     AA 0A FF FF FF FF FF FF        9579            
1036,163688            85     01 FF FF FF FF FF FF FF        9597            
1036,213177            06     00 00 FF FF FF FF FF FF        9597            
1036,263075            47     01 00 FF FF FF FF FF FF        9597            
1036,312564            49     FF FF FF FF FF FF FF FF        9597            
1036,362462            D6     00 0F 63 0B C1 0C 77 85        9597            
1036,413178            97            9597            Checksum Error
1036,462667            D8     FF FF FF FF FF FF FF FF        9597            
1036,512565            3C     01 06 B2 23 17 46 10 03        9597            
1036,562054            7D     01 06 F2 01 00 00 00 FF        9615            
1036,612770            03     68 0B FF FF FF FF FF FF        9597            
1036,662259            C4     AA 0A FF FF FF FF FF FF        9597            
1036,712157            85     01 FF FF FF FF FF FF FF        9615            
1036,761646            06     00 00 FF FF FF FF FF FF        9615            
1036,811544            47     01 00 FF FF FF FF FF FF        9597            
1036,861033            49     FF FF FF FF FF FF FF FF        9597            
1036,910522            D6     00 0F 63 0B C1 0C 77 85        9597            
1036,960829            97            9597            Checksum Error
1037,010727            D8     FF FF FF FF FF FF FF FF        9579            
1037,060216            3C     FF FF FF FF FF FF FF FF        9597            
1037,109705            7D            9597            Checksum Error
1037,160421            03     68 0B FF FF FF FF FF FF        9579            
1037,209910            C4     AA 0A FF FF FF FF FF FF        9597            
1037,259808            85     01 FF FF FF FF FF FF FF        9597            
1037,309297            06     00 00 FF FF FF FF FF FF        9597            
1037,359195            47     01 00 FF FF FF FF FF FF        9597            
1037,408684            49     FF FF FF FF FF FF FF FF        9615            
1037,458582            D6     00 0F 63 0B C1 0C 77 85        9597            
1037,509298            97            9597            Checksum Error
1037,558787            D8     FF FF FF FF FF FF FF FF        9597            
1037,608685            3C     03 05 B9 00 1F 00 00 FF        9597            
1037,658174            7D     03 02 F9 00 FF FF FF FF        9597            
1037,708072            3C     03 10 0B BA 00 1F 00 1E        9597            
1037,757561            3C     03 21 00 00 22 FF FF FF        9597            
1037,807459            7D     03 10 29 FA 00 1F 00 1E        9597            
1037,856948            7D     03 21 00 00 22 FF FF FF        9597            
1037,906846            7D     03 22 54 01 0C 32 18 E7        9597            
1037,956335            7D     03 23 5E 0B 01 00 00 00        9597            
1038,006233            7D     03 24 00 00 00 00 01 01        9597            
1038,055722            7D     03 25 00 00 00 00 00 00        9597            
1038,105211            7D     03 26 00 00 00 00 00 00        9597            
1038,155518            03     68 0B FF FF FF FF FF FF        9615            
1038,205416            C4     AA 0A FF FF FF FF FF FF        9597            
1038,254905            85     01 FF FF FF FF FF FF FF        9597            
1038,304803            06     00 00 FF FF FF FF FF FF        9615            
1038,354292            47     01 00 FF FF FF FF FF FF        9597            
1038,404190            49     FF FF FF FF FF FF FF FF        9597            
1038,453679            D6     00 0F 63 0B C1 0C 77 85        9597            
1038,504395            97            9597            Checksum Error
1038,554293            D8     FE FF FF FF FF FF FF FF        9597            
1038,603782            3C     01 04 B8 10 03 01 FF FF        9597            
1038,653680            7D     01 03 F8 02 02 FF FF FF        9597            
1038,704396            03     5E 0B FF FF FF FF FF FF        9597            
1038,753885            C4     AA 0A FF FF FF FF FF FF        9597            
1038,803783            85     01 FF FF FF FF FF FF FF        9597            
1038,853272            06     00 00 FF FF FF FF FF FF        9597            
1038,903170            47     01 00 FF FF FF FF FF FF        9597            
1038,952659            49     FF FF FF FF FF FF FF FF        9597            
1039,002557            D6     00 0F 63 0B C1 0C 77 85        9597            
1039,052046            08     86 0B 71 00 00 00 00 FF        9597            
1039,101944            97            9597            Checksum Error
1039,151433            D8     FE FF FF FF FF FF FF FF        9597            
1039,201331            3C     01 06 B2 23 17 46 10 03        9597            
1039,250820            7D     01 06 F2 01 00 00 00 FF        9597            
1039,301536            03     5E 0B FF FF FF FF FF FF        9597            
1039,351434            C4     AA 0A FF FF FF FF FF FF        9597            
1039,400923            85     01 FF FF FF FF FF FF FF        9597            
1039,450821            06     00 00 FF FF FF FF FF FF        9597            
1039,500310            47     01 00 FF FF FF FF FF FF        9597            
1039,550208            49     FF FF FF FF FF FF FF FF        9579            
1039,599697            D6     00 0F 63 0B C1 0C 77 85        9597            
1039,649595            08     86 0B 71 00 00 00 00 FF        9579            
1039,699084            97            9597            Checksum Error
1039,748982            D8     FE FF FF FF FF FF FF FF        9597            
1039,798471            3C     FF FF FF FF FF FF FF FF        9597            
1039,848369            7D            9597            Checksum Error
1039,899085            03     5E 0B FF FF FF FF FF FF        9597            
1039,948574            C4     AA 0A FF FF FF FF FF FF        9597            
1039,998472            85     01 FF FF FF FF FF FF FF        9597            
1040,047961            06     00 00 FF FF FF FF FF FF        9597            
1040,097450            47     01 00 FF FF FF FF FF FF        9579            
1040,147348            49     FF FF FF FF FF FF FF FF        9597            
1040,196837            D6     00 0F 63 0B C1 0C 77 85        9597            
1040,246735            08     86 0B 71 00 00 00 00 FF        9597            
1040,296224            97            9597            Checksum Error
1040,346122            D8     FE FF FF FF FF FF FF FF        9615            
1040,395611            3C     03 05 B9 00 1F 00 00 FF        9597            
1040,445509            7D     03 02 F9 00 FF FF FF FF        9597            
1040,494998            3C     03 10 29 BB 00 1F 00 1E        9597            
1040,544896            3C     03 21 00 00 22 FF FF FF        9597            
1040,594385            3C     03 22 54 01 02 0D 18 83        9597            
1040,644283            3C     03 23 00 00 00 00 00 00        9597            
1040,693772            3C     03 24 00 00 00 00 00 00        9597            
1040,743670            3C     03 25 00 00 00 00 00 00        9597            
1040,793159            3C     03 26 00 00 00 00 00 00        9597            
1040,843057            7D     03 01 FB FF FF FF FF FF        9597            
1040,892546            3C     03 05 B9 00 1F 00 01 FF        9615            
1040,942444            7D     03 02 F9 00 FF FF FF FF        9597            
1040,993160            03     5E 0B FF FF FF FF FF FF        9597            
1041,042649            C4     AA 0A FF FF FF FF FF FF        9597            
1041,092547            85     01 FF FF FF FF FF FF FF        9597            
1041,142036            06     00 00 FF FF FF FF FF FF        9597            
1041,191934            47     01 00 FF FF FF FF FF FF        9597            
1041,241423            49     FF FF FF FF FF FF FF FF        9597            
1041,291321            D6     00 0F 63 0B C0 0C 77 85        9597            
1041,340810            08     86 0B 71 00 00 00 00 FF        9597            
1041,390708            97            9597            Checksum Error
1041,440197            D8     FE FF FF FF FF FF FF FF        9597            
1041,490095            3C     FF FF FF FF FF FF FF FF        9597            
1041,539584            7D            9597            Checksum Error
1041,590300            03     5E 0B FF FF FF FF FF FF        9579            
1041,640198            C4     AA 0A FF FF FF FF FF FF        9597            
