Time Stamp(sec)   Frame ID          Frame Data        Baud Rate(bits/sec)     Error Condition
1540,372661            49     FF FF FF FF FF FF FF FF        9597            
1540,422559            D6     00 0F 63 0B 9E 0C 77 85        9597            
1540,473275            97            9597            Checksum Error
1540,522764            D8     FE FF FF FF FF FF FF FF        9597            
1540,572662            3C     01 04 B8 10 03 01 FF FF        9597            
1540,622151            7D     01 03 F8 02 02 FF FF FF        9597            
1540,672867            03     86 0B FF FF FF FF FF FF        9597            
1540,722765            C4     AA 0A FF FF FF FF FF FF        9615            
1540,772254            85     02 FF FF FF FF FF FF FF        9597            
1540,821743            06     08 07 FF FF FF FF FF FF        9615            
1540,871232            47     01 00 FF FF FF FF FF FF        9597            
1540,920721            49     FF FF FF FF FF FF FF FF        9615            
1540,970619            D6     00 0F 63 0B 9E 0C 77 85        9597            
1541,021335            97            9615            Checksum Error
1541,070824            D8     FE FF FF FF FF FF FF FF        9597            
1541,120722            3C     01 06 B2 23 17 46 10 03        9597            
1541,170211            7D     01 06 F2 01 00 00 00 FF        9615            
1541,220927            03     86 0B FF FF FF FF FF FF        9597            
1541,270825            C4     AA 0A FF FF FF FF FF FF        9597            
1541,320314            85     02 FF FF FF FF FF FF FF        9597            
1541,370212            06     08 07 FF FF FF FF FF FF        9615            
1541,419701            47     01 00 FF FF FF FF FF FF        9597            
1541,469190            49     FF FF FF FF FF FF FF FF        9597            
1541,519088            D6     00 0F 63 0B 9E 0C 77 85        9597            
1541,569804            97            9597            Checksum Error
1541,619293            D8     FE FF FF FF FF FF FF FF        9615            
1541,669191            3C     FF FF FF FF FF FF FF FF        9597            
1541,718680            7D            9597            Checksum Error
1541,769396            03     86 0B FF FF FF FF FF FF        9597            
1541,819294            C4     AA 0A FF FF FF FF FF FF        9597            
1541,868783            85     02 FF FF FF FF FF FF FF        9597            
1541,918681            06     08 07 FF FF FF FF FF FF        9597            
1541,968170            47     01 00 FF FF FF FF FF FF        9615            
1542,018068            49     FF FF FF FF FF FF FF FF        9597            
1542,067557            D6     00 0F 63 0B 9E 0C 77 85        9597            
1542,118273            97            9597            Checksum Error
1542,167762            D8     FE FF FF FF FF FF FF FF        9615            
1542,217660            3C     FF FF FF FF FF FF FF FF        9597            
1542,267149            7D            9597            Checksum Error
1542,317865            03     86 0B FF FF FF FF FF FF        9597            
1542,367354            C4     AA 0A FF FF FF FF FF FF        9597            
1542,416843            85     02 FF FF FF FF FF FF FF        9597            
1542,466332            06     08 07 FF FF FF FF FF FF        9597            
1542,516230            47     01 00 FF FF FF FF FF FF        9597            
1542,565719            49     FF FF FF FF FF FF FF FF        9597            
1542,615617            D6     00 0F 63 0B 9E 0C 77 85        9597            
1542,666333            97            9597            Checksum Error
1542,715822            D8     FF FF FF FF FF FF FF FF        9597            
1542,765720            3C     01 04 B8 10 03 01 FF FF        9597            
1542,815209            7D     01 03 F8 02 02 FF FF FF        9597            
1542,865925            03     86 0B FF FF FF FF FF FF        9597            
1542,915823            C4     AA 0A FF FF FF FF FF FF        9597            
1542,965312            85     02 FF FF FF FF FF FF FF        9597            
1543,015210            06     08 07 FF FF FF FF FF FF        9597            
1543,064699            47     01 00 FF FF FF FF FF FF        9615            
1543,114597            49     FF FF FF FF FF FF FF FF        9615            
1543,164086            D6     00 0F 63 0B 9E 0C 77 85        9597            
1543,214802            97            9615            Checksum Error
1543,264700            D8     FF FF FF FF FF FF FF FF        9615            
1543,314189            3C     01 06 B2 23 17 46 10 03        9597            
1543,364087            7D     01 06 F2 01 00 00 00 FF        9615            
1543,414394            03     86 0B FF FF FF FF FF FF        9597            
1543,463883            C4     AA 0A FF FF FF FF FF FF        9597            
1543,513372            85     02 FF FF FF FF FF FF FF        9615            
1543,563270            06     08 07 FF FF FF FF FF FF        9597            
1543,612759            47     01 00 FF FF FF FF FF FF        9615            
1543,662657            49     FF FF FF FF FF FF FF FF        9597            
1543,712146            D6     00 0F 63 0B 9E 0C 77 85        9597            
1543,762862            97            9597            Checksum Error
1543,812760            D8     FF FF FF FF FF FF FF FF        9597            
1543,862249            3C     FF FF FF FF FF FF FF FF        9597            
1543,912147            7D            9597            Checksum Error
1543,962863            03     86 0B FF FF FF FF FF FF        9597            
1544,012352            C4     AA 0A FF FF FF FF FF FF        9615            
1544,061841            85     02 FF FF FF FF FF FF FF        9597            
1544,111739            06     08 07 FF FF FF FF FF FF        9597            
1544,161228            47     01 00 FF FF FF FF FF FF        9597            
1544,211126            49     FF FF FF FF FF FF FF FF        9597            
1544,260615            D6     00 0F 63 0B 9E 0C 77 85        9597            
1544,311331            97            9597            Checksum Error
1544,361229            D8     FF FF FF FF FF FF FF FF        9597            
1544,410718            3C     03 05 B9 00 1F 00 00 FF        9597            
1544,460207            7D     03 02 F9 00 FF FF FF FF        9615            
1544,509696            3C     03 10 0B BA 00 1F 00 1E        9597            
1544,559185            3C     03 21 00 00 22 FF FF FF        9597            
1544,609083            7D     03 10 29 FA 00 1F 00 1E        9597            
1544,658572            7D     03 21 00 00 22 FF FF FF        9597            
1544,708470            7D     03 22 54 01 0C 32 25 9F        9597            
1544,757959            7D     03 23 86 0B 01 00 84 03        9597            
1544,807857            7D     03 24 00 00 84 03 03 03        9597            
1544,857346            7D     03 25 00 00 00 00 00 00        9597            
1544,907244            7D     03 26 00 00 00 00 00 00        9597            
1544,957960            03     86 0B FF FF FF FF FF FF        9597            
1545,007449            C4     AA 0A FF FF FF FF FF FF        9597            
1545,057347            85     02 FF FF FF FF FF FF FF        9597            
1545,106836            06     08 07 FF FF FF FF FF FF        9597            
1545,156734            47     01 00 FF FF FF FF FF FF        9597            
1545,206223            49     FF FF FF FF FF FF FF FF        9597            
1545,255712            D6     00 0F 63 0B 9E 0C 77 85        9615            
1545,306019            97            9615            Checksum Error
1545,355917            D8     FE FF FF FF FF FF FF FF        9597            
1545,405406            3C     01 04 B8 10 03 01 FF FF        9597            
1545,455304            7D     01 03 F8 02 02 FF FF FF        9597            
1545,506020            03     86 0B FF FF FF FF FF FF        9597            
1545,555509            C4     AA 0A FF FF FF FF FF FF        9597            
1545,604998            85     03 FF FF FF FF FF FF FF        9597            
1545,654487            06     84 03 FF FF FF FF FF FF        9615            
1545,703976            47     01 00 FF FF FF FF FF FF        9597            
1545,753874            49     FF FF FF FF FF FF FF FF        9597            
1545,803363            D6     00 0F 63 0B 9E 0C 77 85        9597            
1545,853261            08     86 0B 71 00 00 00 00 FF        9597            
1545,902750            97            9597            Checksum Error
1545,952648            D8     FE FF FF FF FF FF FF FF        9597            
1546,002137            3C     01 06 B2 23 17 46 10 03        9597            
1546,052035            7D     01 06 F2 01 00 00 00 FF        9597            
1546,102751            03     86 0B FF FF FF FF FF FF        9597            
1546,152240            C4     AA 0A FF FF FF FF FF FF        9597            
1546,202138            85     03 FF FF FF FF FF FF FF        9597            
1546,251627            06     84 03 FF FF FF FF FF FF        9597            
1546,301525            47     01 00 FF FF FF FF FF FF        9597            
1546,351014            49     FF FF FF FF FF FF FF FF        9597            
1546,400912            D6     00 0F 63 0B 9E 0C 77 85        9597            
1546,450401            08     86 0B 71 00 00 00 00 FF        9597            
1546,499890            97            9597            Checksum Error
1546,549379            D8     FE FF FF FF FF FF FF FF        9597            
1546,599277            3C     FF FF FF FF FF FF FF FF        9597            
1546,648766            7D            9597            Checksum Error
1546,699482            03     86 0B FF FF FF FF FF FF        9597            
1546,748971            C4     AA 0A FF FF FF FF FF FF        9615            
1546,798869            85     03 FF FF FF FF FF FF FF        9615            
1546,848358            06     84 03 FF FF FF FF FF FF        9597            
1546,897847            47     01 00 FF FF FF FF FF FF        9597            
1546,947745            49     FF FF FF FF FF FF FF FF        9597            
1546,997234            D6     00 0F 63 0B 9E 0C 77 85        9615            
1547,047132            08     86 0B 71 00 00 00 00 FF        9597            
1547,096621            97            9597            Checksum Error
1547,146519            D8     FE FF FF FF FF FF FF FF        9615            
1547,196008            3C     03 05 B9 00 1F 00 00 FF        9615            
1547,245497            7D     03 02 F9 00 FF FF FF FF        9597            
1547,295395            3C     03 10 29 BB 00 1F 00 1E        9597            
1547,344884            3C     03 21 00 00 22 FF FF FF        9597            
1547,394782            3C     03 22 54 01 02 0D 25 76        9597            
1547,444271            3C     03 23 00 00 00 00 00 00        9597            
1547,494169            3C     03 24 00 00 00 00 00 00        9597            
1547,543658            3C     03 25 00 00 00 00 00 00        9597            
1547,593556            3C     03 26 00 00 00 00 00 00        9597            
1547,643045            7D     03 01 FB FF FF FF FF FF        9597            
1547,692534            3C     03 05 B9 00 1F 00 01 FF        9579            
1547,742432            7D     03 02 F9 00 FF FF FF FF        9597            
1547,792739            03     86 0B FF FF FF FF FF FF        9597            
1547,842228            C4     AA 0A FF FF FF FF FF FF        9579            
1547,892126            85     03 FF FF FF FF FF FF FF        9597            
1547,941615            06     84 03 FF FF FF FF FF FF        9597            
1547,991513            47     01 00 FF FF FF FF FF FF        9597            
1548,041002            49     FF FF FF FF FF FF FF FF        9597            
1548,090900            D6     00 0F 63 0B 9E 0C 77 85        9597            
1548,140389            08     86 0B 71 00 00 00 00 FF        9597            
