Time Stamp(sec)   Frame ID          Frame Data        Baud Rate(bits/sec)     Error Condition
1503,299399            7D            9597            Checksum Error
1503,350115            03     86 0B FF FF FF FF FF FF        9597            
1503,399604            C4     AA 0A FF FF FF FF FF FF        9597            
1503,449093            85     02 FF FF FF FF FF FF FF        9597            
1503,498991            06     84 03 FF FF FF FF FF FF        9597            
1503,548480            47     01 00 FF FF FF FF FF FF        9597            
1503,598378            49     FF FF FF FF FF FF FF FF        9615            
1503,647867            D6     00 0F 63 0B 9E 0C 77 85        9615            
1503,698583            97            9597            Checksum Error
1503,748072            D8     FE FF FF FF FF FF FF FF        9597            
1503,797970            3C     01 04 B8 10 03 01 FF FF        9597            
1503,847459            7D     01 03 F8 02 02 FF FF FF        9597            
1503,898175            03     86 0B FF FF FF FF FF FF        9597            
1503,948073            C4     AA 0A FF FF FF FF FF FF        9597            
1503,997562            85     02 FF FF FF FF FF FF FF        9597            
1504,047051            06     84 03 FF FF FF FF FF FF        9615            
1504,096540            47     01 00 FF FF FF FF FF FF        9597            
1504,146029            49     FF FF FF FF FF FF FF FF        9597            
1504,195927            D6     00 0F 63 0B 9E 0C 77 85        9615            
1504,246643            97            9597            Checksum Error
1504,296132            D8     FE FF FF FF FF FF FF FF        9597            
1504,346030            3C     01 06 B2 23 17 46 10 03        9597            
1504,395519            7D     01 06 F2 01 00 00 00 FF        9597            
1504,446235            03     86 0B FF FF FF FF FF FF        9597            
1504,496133            C4     AA 0A FF FF FF FF FF FF        9597            
1504,545622            85     02 FF FF FF FF FF FF FF        9597            
1504,595520            06     84 03 FF FF FF FF FF FF        9597            
1504,645009            47     01 00 FF FF FF FF FF FF        9615            
1504,694907            49     FF FF FF FF FF FF FF FF        9597            
1504,744396            D6     00 0F 63 0B 9E 0C 77 85        9597            
1504,795112            97            9597            Checksum Error
1504,845010            D8     FE FF FF FF FF FF FF FF        9597            
1504,894499            3C     FF FF FF FF FF FF FF FF        9597            
1504,944397            7D            9597            Checksum Error
1504,994704            03     86 0B FF FF FF FF FF FF        9597            
1505,044602            C4     AA 0A FF FF FF FF FF FF        9597            
1505,094091            85     02 FF FF FF FF FF FF FF        9597            
1505,143989            06     84 03 FF FF FF FF FF FF        9597            
1505,193478            47     01 00 FF FF FF FF FF FF        9615            
1505,243376            49     FF FF FF FF FF FF FF FF        9597            
1505,292865            D6     00 0F 63 0B 9E 0C 77 85        9597            
1505,343581            97            9597            Checksum Error
1505,393479            D8     FE FF FF FF FF FF FF FF        9597            
1505,442968            3C     FF FF FF FF FF FF FF FF        9597            
1505,492866            7D            9597            Checksum Error
1505,543582            03     86 0B FF FF FF FF FF FF        9597            
1505,593071            C4     AA 0A FF FF FF FF FF FF        9597            
1505,642969            85     02 FF FF FF FF FF FF FF        9597            
1505,692458            06     84 03 FF FF FF FF FF FF        9597            
1505,742356            47     01 00 FF FF FF FF FF FF        9597            
1505,791845            49     FF FF FF FF FF FF FF FF        9579            
1505,841743            D6     00 0F 63 0B 9E 0C 77 85        9597            
1505,892459            97            9597            Checksum Error
1505,941948            D8     FF FF FF FF FF FF FF FF        9597            
1505,991846            3C     01 04 B8 10 03 01 FF FF        9597            
1506,041335            7D     01 03 F8 02 02 FF FF FF        9615            
1506,092051            03     86 0B FF FF FF FF FF FF        9615            
1506,141540            C4     AA 0A FF FF FF FF FF FF        9615            
1506,191029            85     02 FF FF FF FF FF FF FF        9597            
1506,240518            06     84 03 FF FF FF FF FF FF        9597            
1506,290416            47     01 00 FF FF FF FF FF FF        9597            
1506,339905            49     FF FF FF FF FF FF FF FF        9597            
1506,389803            D6     00 0F 63 0B 9E 0C 77 85        9597            
1506,440519            97            9615            Checksum Error
1506,490008            D8     FF FF FF FF FF FF FF FF        9597            
1506,539906            3C     01 06 B2 23 17 46 10 03        9597            
1506,589395            7D     01 06 F2 01 00 00 00 FF        9615            
1506,640111            03     86 0B FF FF FF FF FF FF        9597            
1506,689600            C4     AA 0A FF FF FF FF FF FF        9597            
1506,739498            85     02 FF FF FF FF FF FF FF        9615            
1506,788987            06     84 03 FF FF FF FF FF FF        9615            
1506,838885            47     01 00 FF FF FF FF FF FF        9597            
1506,888374            49     FF FF FF FF FF FF FF FF        9597            
1506,938272            D6     00 0F 63 0B 9E 0C 77 85        9597            
1506,988579            97            9597            Checksum Error
1507,038068            D8     FF FF FF FF FF FF FF FF        9597            
1507,087557            3C     FF FF FF FF FF FF FF FF        9597            
1507,137455            7D            9597            Checksum Error
1507,188171            03     86 0B FF FF FF FF FF FF        9597            
1507,237660            C4     AA 0A FF FF FF FF FF FF        9597            
1507,287558            85     02 FF FF FF FF FF FF FF        9597            
1507,337047            06     84 03 FF FF FF FF FF FF        9597            
1507,386945            47     01 00 FF FF FF FF FF FF        9597            
1507,436434            49     FF FF FF FF FF FF FF FF        9597            
1507,486332            D6     00 0F 63 0B 9E 0C 77 85        9597            
1507,537048            97            9597            Checksum Error
1507,586537            D8     FF FF FF FF FF FF FF FF        9615            
1507,636026            3C     03 05 B9 00 1F 00 00 FF        9597            
1507,685924            7D     03 02 F9 00 FF FF FF FF        9597            
1507,735413            3C     03 10 0B BA 00 1F 00 1E        9615            
1507,785311            3C     03 21 00 00 22 FF FF FF        9597            
1507,834800            7D     03 10 29 FA 00 1F 00 1E        9597            
1507,884698            7D     03 21 00 00 22 FF FF FF        9615            
1507,934187            7D     03 22 54 01 0C 32 24 93        9597            
1507,984085            7D     03 23 86 0B 01 00 08 07        9597            
1508,033574            7D     03 24 00 00 08 07 02 02        9597            
1508,083472            7D     03 25 00 00 00 00 00 00        9597            
1508,132961            7D     03 26 00 00 00 00 00 00        9597            
1508,183677            03     86 0B FF FF FF FF FF FF        9597            
1508,233166            C4     AA 0A FF FF FF FF FF FF        9597            
1508,282655            85     02 FF FF FF FF FF FF FF        9597            
1508,332553            06     84 03 FF FF FF FF FF FF        9597            
1508,382042            47     01 00 FF FF FF FF FF FF        9615            
1508,431940            49     FF FF FF FF FF FF FF FF        9597            
1508,481429            D6     00 0F 63 0B 9E 0C 77 85        9615            
1508,532145            97            9597            Checksum Error
1508,581634            D8     FE FF FF FF FF FF FF FF        9597            
1508,631123            3C     01 04 B8 10 03 01 FF FF        9597            
1508,680612            7D     01 03 F8 02 02 FF FF FF        9597            
1508,731328            03     86 0B FF FF FF FF FF FF        9597            
1508,781226            C4     AA 0A FF FF FF FF FF FF        9615            
1508,830715            85     02 FF FF FF FF FF FF FF        9597            
1508,880204            06     08 07 FF FF FF FF FF FF        9597            
1508,929693            47     01 00 FF FF FF FF FF FF        9597            
1508,979182            49     FF FF FF FF FF FF FF FF        9615            
1509,029080            D6     00 0F 63 0B 9E 0C 77 85        9597            
1509,078569            08     86 0B 71 00 00 00 00 FF        9597            
1509,128467            97            9615            Checksum Error
1509,177956            D8     FE FF FF FF FF FF FF FF        9597            
1509,227854            3C     01 06 B2 23 17 46 10 03        9597            
1509,277343            7D     01 06 F2 01 00 00 00 FF        9597            
1509,328059            03     86 0B FF FF FF FF FF FF        9597            
1509,377957            C4     AA 0A FF FF FF FF FF FF        9597            
1509,427446            85     02 FF FF FF FF FF FF FF        9597            
1509,477344            06     08 07 FF FF FF FF FF FF        9597            
1509,526833            47     01 00 FF FF FF FF FF FF        9597            
1509,576731            49     FF FF FF FF FF FF FF FF        9597            
1509,626220            D6     00 0F 63 0B 9E 0C 77 85        9597            
1509,675709            08     86 0B 71 00 00 00 00 FF        9597            
1509,725198            97            9615            Checksum Error
1509,774687            D8     FE FF FF FF FF FF FF FF        9597            
1509,824585            3C     FF FF FF FF FF FF FF FF        9597            
1509,874074            7D            9597            Checksum Error
1509,924790            03     86 0B FF FF FF FF FF FF        9597            
1509,974688            C4     AA 0A FF FF FF FF FF FF        9597            
1510,024177            85     02 FF FF FF FF FF FF FF        9597            
1510,074075            06     08 07 FF FF FF FF FF FF        9597            
1510,123564            47     01 00 FF FF FF FF FF FF        9615            
1510,173053            49     FF FF FF FF FF FF FF FF        9597            
1510,222542            D6     00 0F 63 0B 9E 0C 81 85        9597            
1510,272031            08     86 0B 71 00 00 00 00 FF        9597            
1510,321929            97            9597            Checksum Error
1510,371418            D8     FE FF FF FF FF FF FF FF        9597            
1510,421316            3C     03 05 B9 00 1F 00 00 FF        9615            
1510,470805            7D     03 02 F9 00 FF FF FF FF        9597            
1510,520703            3C     03 10 29 BB 00 1F 00 1E        9615            
1510,570192            3C     03 21 00 00 22 FF FF FF        9597            
1510,620090            3C     03 22 54 01 02 0D 24 77        9597            
1510,669579            3C     03 23 00 00 00 00 00 00        9597            
1510,719477            3C     03 24 00 00 00 00 00 00        9597            
1510,768966            3C     03 25 00 00 00 00 00 00        9615            
1510,818864            3C     03 26 00 00 00 00 00 00        9597            
1510,868353            7D     03 01 FB FF FF FF FF FF        9597            
1510,918251            3C     03 05 B9 00 1F 00 01 FF        9597            
1510,967740            7D     03 02 F9 00 FF FF FF FF        9615            
1511,018456            03     86 0B FF FF FF FF FF FF        9597            
1511,068354            C4     AA 0A FF FF FF FF FF FF        9597            
1511,117843            85     02 FF FF FF FF FF FF FF        9597            
1511,167741            06     08 07 FF FF FF FF FF FF        9597            
1511,217230            47     01 00 FF FF FF FF FF FF        9597            
1511,267128            49     FF FF FF FF FF FF FF FF        9597            
1511,316617            D6     00 0F 63 0B 9E 0C 77 85        9597            
1511,366515            08     86 0B 71 00 00 00 00 FF        9597            
1511,416004            97            9615            Checksum Error
1511,465902            D8     FE FF FF FF FF FF FF FF        9615            
1511,515391            3C     FF FF FF FF FF FF FF FF        9597            
1511,564880            7D            9615            Checksum Error
1511,615187            03     86 0B FF FF FF FF FF FF        9597            
1511,665085            C4     AA 0A FF FF FF FF FF FF        9615            
1511,714574            85     02 FF FF FF FF FF FF FF        9597            
1511,764472            06     08 07 FF FF FF FF FF FF        9597            
1511,813961            47     01 00 FF FF FF FF FF FF        9597            
1511,863859            49     FF FF FF FF FF FF FF FF        9597            
1511,913348            D6     00 0F 63 0B 9E 0C 77 85        9597            
1511,964064            97            9597            Checksum Error
1512,013962            D8     FE FF FF FF FF FF FF FF        9597            
1512,063451            3C     01 04 B8 10 03 01 FF FF        9597            
1512,113349            7D     01 03 F8 02 02 FF FF FF        9597            
1512,164065            03     86 0B FF FF FF FF FF FF        9597            
1512,213554            C4     AA 0A FF FF FF FF FF FF        9597            
1512,263452            85     02 FF FF FF FF FF FF FF        9597            
1512,313350            06     08 07 FF FF FF FF FF FF        9597            
1512,362839            47     01 00 FF FF FF FF FF FF        9597            
1512,412328            49     FF FF FF FF FF FF FF FF        9597            
1512,462226            D6     00 0F 63 0B 9E 0C 81 85        9597            
1512,512942            97            9597            Checksum Error
1512,562431            D8     FE FF FF FF FF FF FF FF        9597            
1512,611920            3C     01 06 B2 23 17 46 10 03        9597            
1512,661409            7D     01 06 F2 01 00 00 00 FF        9597            
1512,712125            03     86 0B FF FF FF FF FF FF        9597            
1512,762023            C4     AA 0A FF FF FF FF FF FF        9597            
1512,811512            85     02 FF FF FF FF FF FF FF        9597            
1512,861410            06     08 07 FF FF FF FF FF FF        9597            
1512,910899            47     01 00 FF FF FF FF FF FF        9597            
1512,960797            49     FF FF FF FF FF FF FF FF        9597            
1513,010286            D6     00 0F 63 0B 9E 0C 77 85        9597            
1513,061002            97            9597            Checksum Error
1513,110900            D8     FE FF FF FF FF FF FF FF        9597            
1513,160389            3C     FF FF FF FF FF FF FF FF        9597            
1513,210287            7D            9597            Checksum Error
1513,261003            03     86 0B FF FF FF FF FF FF        9597            
1513,310492            C4     AA 0A FF FF FF FF FF FF        9597            
1513,359981            85     02 FF FF FF FF FF FF FF        9597            
1513,409470            06     08 07 FF FF FF FF FF FF        9597            
1513,458959            47     01 00 FF FF FF FF FF FF        9597            
