Time Stamp(sec)   Frame ID          Frame Data        Baud Rate(bits/sec)     Error Condition
1277,697841            97            9597            Checksum Error
1277,747330            D8     FE FF FF FF FF FF FF FF        9597            
1277,797228            3C     01 06 B2 23 17 46 10 03        9597            
1277,846717            7D     01 06 F2 01 00 00 00 FF        9597            
1277,897433            03     7C 0B FF FF FF FF FF FF        9597            
1277,947331            C4     AA 0A FF FF FF FF FF FF        9597            
1277,996820            85     01 FF FF FF FF FF FF FF        9597            
1278,046718            06     00 00 FF FF FF FF FF FF        9597            
1278,096207            47     01 00 FF FF FF FF FF FF        9597            
1278,146105            49     FF FF FF FF FF FF FF FF        9597            
1278,195594            D6     00 0F 62 0B BA 0C 27 85        9579            
1278,246310            97            9615            Checksum Error
1278,296208            D8     FE FF FF FF FF FF FF FF        9597            
1278,345697            3C     FF FF FF FF FF FF FF FF        9597            
1278,395595            7D            9615            Checksum Error
1278,446311            03     7C 0B FF FF FF FF FF FF        9597            
1278,495800            C4     AA 0A FF FF FF FF FF FF        9597            
1278,545698            85     01 FF FF FF FF FF FF FF        9615            
1278,595187            06     00 00 FF FF FF FF FF FF        9597            
1278,645085            47     01 00 FF FF FF FF FF FF        9597            
1278,694574            49     FF FF FF FF FF FF FF FF        9597            
1278,744063            D6     00 0F 62 0B BA 0C 27 85        9615            
1278,794779            97            9597            Checksum Error
1278,844677            D8     FE FF FF FF FF FF FF FF        9597            
1278,894166            3C     FF FF FF FF FF FF FF FF        9597            
1278,944064            7D            9615            Checksum Error
1278,994780            03     7C 0B FF FF FF FF FF FF        9597            
1279,044269            C4     AA 0A FF FF FF FF FF FF        9597            
1279,093758            85     01 FF FF FF FF FF FF FF        9597            
1279,143656            06     00 00 FF FF FF FF FF FF        9597            
1279,193145            47     01 00 FF FF FF FF FF FF        9597            
1279,243043            49     FF FF FF FF FF FF FF FF        9597            
1279,292532            D6     00 0F 62 0B BA 0C 31 85        9597            
1279,342839            97            9597            Checksum Error
1279,392737            D8     FE FF FF FF FF FF FF FF        9597            
1279,442635            3C     01 04 B8 10 03 01 FF FF        9597            
1279,492124            7D     01 03 F8 02 02 FF FF FF        9597            
1279,542840            03     7C 0B FF FF FF FF FF FF        9597            
1279,592738            C4     AA 0A FF FF FF FF FF FF        9597            
1279,642227            85     01 FF FF FF FF FF FF FF        9597            
1279,692125            06     00 00 FF FF FF FF FF FF        9597            
1279,741614            47     01 00 FF FF FF FF FF FF        9597            
1279,791512            49     FF FF FF FF FF FF FF FF        9579            
1279,841001            D6     00 0F 62 0B BA 0C 27 85        9597            
1279,891717            97            9597            Checksum Error
1279,941615            D8     FE FF FF FF FF FF FF FF        9597            
1279,991104            3C     01 06 B2 23 17 46 10 03        9579            
1280,040593            7D     01 06 F2 01 00 00 00 FF        9597            
1280,091309            03     7C 0B FF FF FF FF FF FF        9597            
1280,140798            C4     AA 0A FF FF FF FF FF FF        9615            
1280,190287            85     01 FF FF FF FF FF FF FF        9597            
1280,239776            06     00 00 FF FF FF FF FF FF        9597            
1280,289265            47     01 00 FF FF FF FF FF FF        9597            
1280,339163            49     FF FF FF FF FF FF FF FF        9597            
1280,388652            D6     00 0F 62 0B BA 0C 27 85        9579            
1280,439368            97            9597            Checksum Error
1280,489266            D8     FE FF FF FF FF FF FF FF        9597            
1280,538755            3C     FF FF FF FF FF FF FF FF        9597            
1280,588653            7D            9579            Checksum Error
1280,639369            03     7C 0B FF FF FF FF FF FF        9579            
1280,688858            C4     AA 0A FF FF FF FF FF FF        9597            
1280,738756            85     01 FF FF FF FF FF FF FF        9579            
1280,788245            06     00 00 FF FF FF FF FF FF        9579            
1280,838143            47     01 00 FF FF FF FF FF FF        9597            
1280,887632            49     FF FF FF FF FF FF FF FF        9597            
1280,937121            D6     00 0F 62 0B BA 0C 27 85        9597            
1280,987837            97            9597            Checksum Error
1281,037735            D8     FF FF FF FF FF FF FF FF        9597            
1281,087224            3C     03 05 B9 00 1F 00 00 FF        9597            
1281,137122            7D     03 02 F9 00 FF FF FF FF        9597            
1281,186611            3C     03 10 0B BA 00 1F 00 1E        9597            
1281,236509            3C     03 21 00 00 22 FF FF FF        9597            
1281,285998            7D     03 10 29 FA 00 1F 00 1E        9597            
1281,335896            7D     03 21 00 00 22 FF FF FF        9597            
1281,385385            7D     03 22 54 01 0C 32 20 B7        9597            
1281,435283            7D     03 23 86 0B 01 00 00 00        9597            
1281,484772            7D     03 24 00 00 00 00 01 01        9597            
1281,534670            7D     03 25 00 00 00 00 00 00        9597            
1281,584159            7D     03 26 00 00 00 00 00 00        9597            
1281,634466            03     7C 0B FF FF FF FF FF FF        9597            
1281,684364            C4     AA 0A FF FF FF FF FF FF        9579            
1281,733853            85     01 FF FF FF FF FF FF FF        9597            
1281,783342            06     00 00 FF FF FF FF FF FF        9597            
1281,833240            47     01 00 FF FF FF FF FF FF        9579            
1281,882729            49     FF FF FF FF FF FF FF FF        9597            
1281,932627            D6     00 0F 62 0B BA 0C 27 85        9597            
1281,983343            97            9597            Checksum Error
1282,032832            D8     FE FF FF FF FF FF FF FF        9579            
1282,082730            3C     01 04 B8 10 03 01 FF FF        9597            
1282,132219            7D     01 03 F8 02 02 FF FF FF        9597            
1282,182935            03     86 0B FF FF FF FF FF FF        9597            
1282,232833            C4     AA 0A FF FF FF FF FF FF        9597            
1282,282322            85     01 FF FF FF FF FF FF FF        9597            
1282,332220            06     00 00 FF FF FF FF FF FF        9597            
1282,381709            47     01 00 FF FF FF FF FF FF        9597            
1282,431607            49     FF FF FF FF FF FF FF FF        9597            
1282,481096            D6     00 0F 62 0B BA 0C 27 85        9597            
1282,530994            08     86 0B 71 00 00 00 00 FF        9597            
1282,580483            97            9597            Checksum Error
1282,630381            D8     FE FF FF FF FF FF FF FF        9597            
1282,679870            3C     01 06 B2 23 17 46 10 03        9615            
1282,729359            7D     01 06 F2 01 00 00 00 FF        9615            
1282,780075            03     86 0B FF FF FF FF FF FF        9597            
1282,829564            C4     AA 0A FF FF FF FF FF FF        9597            
1282,879053            85     01 FF FF FF FF FF FF FF        9597            
1282,928951            06     00 00 FF FF FF FF FF FF        9597            
1282,978440            47     01 00 FF FF FF FF FF FF        9597            
1283,028338            49     FF FF FF FF FF FF FF FF        9597            
1283,077827            D6     00 0F 62 0B BA 0C 27 85        9597            
1283,127725            08     86 0B 71 00 00 00 00 FF        9597            
1283,177214            97            9597            Checksum Error
1283,227112            D8     FE FF FF FF FF FF FF FF        9615            
1283,276601            3C     FF FF FF FF FF FF FF FF        9597            
1283,326499            7D            9597            Checksum Error
1283,377215            03     86 0B FF FF FF FF FF FF        9597            
1283,426704            C4     AA 0A FF FF FF FF FF FF        9597            
1283,476602            85     01 FF FF FF FF FF FF FF        9597            
1283,526091            06     00 00 FF FF FF FF FF FF        9579            
1283,575989            47     01 00 FF FF FF FF FF FF        9579            
1283,625478            49     FF FF FF FF FF FF FF FF        9597            
1283,675376            D6     00 0F 62 0B BA 0C 27 85        9597            
1283,724865            08     86 0B 71 00 00 00 00 FF        9597            
1283,774763            97            9597            Checksum Error
1283,824252            D8     FE FF FF FF FF FF FF FF        9597            
1283,874150            3C     03 05 B9 00 1F 00 00 FF        9597            
1283,923639            7D     03 02 F9 00 FF FF FF FF        9597            
1283,973537            3C     03 10 29 BB 00 1F 00 1E        9597            
1284,023026            3C     03 21 00 00 22 FF FF FF        9597            
1284,072924            3C     03 22 54 01 02 0D 20 7B        9597            
1284,122413            3C     03 23 00 00 00 00 00 00        9597            
1284,172311            3C     03 24 00 00 00 00 00 00        9597            
1284,221800            3C     03 25 00 00 00 00 00 00        9597            
1284,271289            3C     03 26 00 00 00 00 00 00        9597            
1284,321187            7D     03 01 FB FF FF FF FF FF        9597            
1284,370676            3C     03 05 B9 00 1F 00 01 FF        9597            
1284,420574            7D     03 02 F9 00 FF FF FF FF        9597            
1284,471290            03     86 0B FF FF FF FF FF FF        9579            
1284,520779            C4     AA 0A FF FF FF FF FF FF        9597            
1284,570677            85     01 FF FF FF FF FF FF FF        9597            
1284,620166            06     00 00 FF FF FF FF FF FF        9597            
1284,670064            47     01 00 FF FF FF FF FF FF        9597            
1284,719553            49     FF FF FF FF FF FF FF FF        9597            
1284,769451            D6     00 0F 62 0B BA 0C 27 85        9597            
1284,818940            08     86 0B 71 00 00 00 00 FF        9597            
1284,868838            97            9597            Checksum Error
1284,918327            D8     FE FF FF FF FF FF FF FF        9597            
1284,968225            3C     FF FF FF FF FF FF FF FF        9597            
1285,017714            7D            9597            Checksum Error
1285,068430            03     86 0B FF FF FF FF FF FF        9597            
1285,118328            C4     AA 0A FF FF FF FF FF FF        9597            
1285,167817            85     01 FF FF FF FF FF FF FF        9597            
1285,217715            06     00 00 FF FF FF FF FF FF        9597            
1285,267204            47     01 00 FF FF FF FF FF FF        9615            
1285,317102            49     FF FF FF FF FF FF FF FF        9597            
1285,366591            D6     00 0F 62 0B BA 0C 77 85        9597            
1285,417307            97            9597            Checksum Error
1285,467205            D8     FE FF FF FF FF FF FF FF        9597            
1285,516694            3C     01 04 B8 10 03 01 FF FF        9597            
1285,566592            7D     01 03 F8 02 02 FF FF FF        9615            
1285,617308            03     86 0B FF FF FF FF FF FF        9597            
1285,666797            C4     AA 0A FF FF FF FF FF FF        9597            
1285,716695            85     01 FF FF FF FF FF FF FF        9597            
1285,766184            06     00 00 FF FF FF FF FF FF        9597            
1285,816082            47     01 00 FF FF FF FF FF FF        9597            
1285,865571            49     FF FF FF FF FF FF FF FF        9579            
1285,915469            D6     00 0F 62 0B BA 0C 27 85        9597            
1285,966185            97            9597            Checksum Error
1286,015674            D8     FE FF FF FF FF FF FF FF        9597            
1286,065572            3C     01 06 B2 23 17 46 10 03        9597            
1286,115061            7D     01 06 F2 01 00 00 00 FF        9597            
1286,165777            03     86 0B FF FF FF FF FF FF        9597            
1286,215266            C4     AA 0A FF FF FF FF FF FF        9597            
1286,265164            85     01 FF FF FF FF FF FF FF        9597            
1286,314653            06     00 00 FF FF FF FF FF FF        9597            
1286,364551            47     01 00 FF FF FF FF FF FF        9597            
1286,409816            49     FF FF FF FF FF FF FF FF        9597            
1286,459305            D6     00 0F 62 0B BA 0C 4F 85        9597            
1286,510021            97            9597            Checksum Error
1286,559510            D8     FE FF FF FF FF FF FF FF        9615            
1286,609408            3C     FF FF FF FF FF FF FF FF        9597            
1286,658897            7D            9597            Checksum Error
1286,709613            03     86 0B FF FF FF FF FF FF        9615            
1286,759511            C4     AA 0A FF FF FF FF FF FF        9597            
1286,809000            85     01 FF FF FF FF FF FF FF        9597            
1286,858898            06     00 00 FF FF FF FF FF FF        9597            
1286,908387            47     01 00 FF FF FF FF FF FF        9597            
