Time Stamp(sec)   Frame ID          Frame Data        Baud Rate(bits/sec)     Error Condition
1590,808637            49     FF FF FF FF FF FF FF FF        9597            
1590,858126            D6     00 0F 64 0B 9E 0C 77 85        9597            
1590,908842            97            9597            Checksum Error
1590,958740            D8     FE FF FF FF FF FF FF FF        9597            
1591,008229            3C     FF FF FF FF FF FF FF FF        9597            
1591,058127            7D            9597            Checksum Error
1591,108843            03     86 0B FF FF FF FF FF FF        9597            
1591,158332            C4     AA 0A FF FF FF FF FF FF        9597            
1591,208230            85     03 FF FF FF FF FF FF FF        9597            
1591,257719            06     84 03 FF FF FF FF FF FF        9597            
1591,307617            47     01 00 FF FF FF FF FF FF        9597            
1591,357106            49     FF FF FF FF FF FF FF FF        9597            
1591,407004            D6     00 0F 64 0B 9E 0C 77 85        9597            
1591,457720            97            9597            Checksum Error
1591,507618            D8     FE FF FF FF FF FF FF FF        9597            
1591,557107            3C     01 04 B8 10 03 01 FF FF        9597            
1591,606596            7D     01 03 F8 02 02 FF FF FF        9579            
1591,657721            03     86 0B FF FF FF FF FF FF        9597            
1591,707210            C4     AA 0A FF FF FF FF FF FF        9597            
1591,757108            85     03 FF FF FF FF FF FF FF        9597            
1591,806597            06     84 03 FF FF FF FF FF FF        9597            
1591,856495            47     01 00 FF FF FF FF FF FF        9597            
1591,905984            49     FF FF FF FF FF FF FF FF        9597            
1591,955882            D6     00 0F 64 0B 9E 0C 77 85        9597            
1592,006598            97            9597            Checksum Error
1592,056087            D8     FE FF FF FF FF FF FF FF        9615            
1592,105985            3C     01 06 B2 23 17 46 10 03        9597            
1592,155474            7D     01 06 F2 01 00 00 00 FF        9597            
1592,206190            03     86 0B FF FF FF FF FF FF        9597            
1592,255679            C4     AA 0A FF FF FF FF FF FF        9597            
1592,305168            85     03 FF FF FF FF FF FF FF        9597            
1592,354657            06     84 03 FF FF FF FF FF FF        9597            
1592,404146            47     01 00 FF FF FF FF FF FF        9597            
1592,453635            49     FF FF FF FF FF FF FF FF        9615            
1592,503124            D6     00 0F 64 0B 9E 0C 77 85        9597            
1592,553840            97            9615            Checksum Error
1592,603329            D8     FE FF FF FF FF FF FF FF        9597            
1592,653227            3C     FF FF FF FF FF FF FF FF        9597            
1592,702716            7D            9615            Checksum Error
1592,753432            03     86 0B FF FF FF FF FF FF        9597            
1592,803330            C4     AA 0A FF FF FF FF FF FF        9597            
1592,852819            85     03 FF FF FF FF FF FF FF        9597            
1592,902717            06     84 03 FF FF FF FF FF FF        9597            
1592,952206            47     01 00 FF FF FF FF FF FF        9597            
1593,002104            49     FF FF FF FF FF FF FF FF        9597            
1593,051593            D6     00 0F 64 0B 9E 0C 77 85        9597            
1593,101900            97            9579            Checksum Error
1593,151798            D8     FE FF FF FF FF FF FF FF        9597            
1593,201287            3C     FF FF FF FF FF FF FF FF        9615            
1593,250776            7D            9597            Checksum Error
1593,301492            03     86 0B FF FF FF FF FF FF        9615            
1593,350981            C4     AA 0A FF FF FF FF FF FF        9597            
1593,400879            85     03 FF FF FF FF FF FF FF        9597            
1593,450368            06     84 03 FF FF FF FF FF FF        9597            
1593,500266            47     01 00 FF FF FF FF FF FF        9597            
1593,549755            49     FF FF FF FF FF FF FF FF        9597            
1593,599653            D6     00 0F 64 0B 9E 0C 77 85        9597            
1593,650369            97            9597            Checksum Error
1593,699858            D8     FF FF FF FF FF FF FF FF        9597            
1593,749756            3C     01 04 B8 10 03 01 FF FF        9597            
1593,799654            7D     01 03 F8 02 02 FF FF FF        9597            
1593,849961            03     86 0B FF FF FF FF FF FF        9597            
1593,899450            C4     AA 0A FF FF FF FF FF FF        9597            
1593,948939            85     03 FF FF FF FF FF FF FF        9597            
1593,998428            06     84 03 FF FF FF FF FF FF        9579            
1594,048326            47     01 00 FF FF FF FF FF FF        9597            
1594,097815            49     FF FF FF FF FF FF FF FF        9597            
1594,147713            D6     00 0F 64 0B 9E 0C 77 85        9597            
1594,198429            97            9597            Checksum Error
1594,247918            D8     FF FF FF FF FF FF FF FF        9579            
1594,297816            3C     01 06 B2 23 17 46 10 03        9615            
1594,347305            7D     01 06 F2 01 00 00 00 FF        9597            
1594,398021            03     86 0B FF FF FF FF FF FF        9597            
1594,447919            C4     AA 0A FF FF FF FF FF FF        9579            
1594,497408            85     03 FF FF FF FF FF FF FF        9597            
1594,547306            06     84 03 FF FF FF FF FF FF        9597            
1594,596795            47     01 00 FF FF FF FF FF FF        9597            
1594,646693            49     FF FF FF FF FF FF FF FF        9597            
1594,696591            D6     00 0F 64 0B 9F 0C 77 85        9597            
1594,747307            97            9597            Checksum Error
1594,796796            D8     FF FF FF FF FF FF FF FF        9597            
1594,846694            3C     FF FF FF FF FF FF FF FF        9597            
1594,896183            7D            9597            Checksum Error
1594,946899            03     86 0B FF FF FF FF FF FF        9597            
1594,996797            C4     AA 0A FF FF FF FF FF FF        9597            
1595,046695            85     03 FF FF FF FF FF FF FF        9597            
1595,096184            06     84 03 FF FF FF FF FF FF        9597            
1595,146082            47     01 00 FF FF FF FF FF FF        9597            
1595,195571            49     FF FF FF FF FF FF FF FF        9597            
1595,245469            D6     00 0F 64 0B 9E 0C 77 85        9597            
1595,296185            97            9597            Checksum Error
1595,345674            D8     FF FF FF FF FF FF FF FF        9597            
1595,395572            3C     03 05 B9 00 1F 00 00 FF        9597            
1595,445061            7D     03 02 F9 00 FF FF FF FF        9597            
1595,494959            3C     03 10 29 BB 00 1F 00 1E        9579            
1595,544448            3C     03 21 00 00 22 FF FF FF        9597            
1595,593937            3C     03 22 54 01 14 33 00 68        9597            
1595,643835            3C     03 23 86 0B 01 00 84 03        9597            
1595,693324            3C     03 24 00 00 84 03 03 03        9597            
1595,743222            3C     03 25 D0 0C 64 0B 07 00        9597            
1595,792711            3C     03 26 00 00 00 00 00 00        9597            
1595,842200            7D     03 01 FB FF FF FF FF FF        9597            
1595,892098            3C     03 05 B9 00 1F 00 01 FF        9597            
1595,941587            7D     03 02 F9 00 FF FF FF FF        9597            
1595,992303            03     86 0B FF FF FF FF FF FF        9597            
1596,042201            C4     AA 0A FF FF FF FF FF FF        9597            
1596,091690            85     03 FF FF FF FF FF FF FF        9597            
1596,141588            06     84 03 FF FF FF FF FF FF        9597            
1596,191077            47     01 00 FF FF FF FF FF FF        9579            
1596,240566            49     FF FF FF FF FF FF FF FF        9597            
1596,290464            D6     00 0F 64 0B 9E 0C 77 85        9579            
1596,341180            97            9579            Checksum Error
1596,390669            D8     FF FF FF FF FF FF FF FF        9597            
1596,440567            3C     03 05 B9 00 1F 00 00 FF        9597            
1596,490056            7D     03 02 F9 00 FF FF FF FF        9597            
1596,539954            3C     03 10 0B BA 00 1F 00 1E        9597            
1596,589852            3C     03 21 00 00 22 FF FF FF        9597            
1596,639341            7D     03 10 29 FA 00 1F 00 1E        9579            
1596,689239            7D     03 21 00 00 22 FF FF FF        9597            
1596,738728            7D     03 22 54 01 0C 32 26 8F        9597            
1596,788626            7D     03 23 86 0B 01 00 08 07        9597            
1596,838115            7D     03 24 00 00 08 07 03 03        9597            
1596,888013            7D     03 25 00 00 00 00 00 00        9597            
1596,937502            7D     03 26 00 00 00 00 00 00        9579            
1596,987809            03     86 0B FF FF FF FF FF FF        9579            
1597,037298            C4     AA 0A FF FF FF FF FF FF        9597            
1597,087196            85     03 FF FF FF FF FF FF FF        9597            
1597,136685            06     84 03 FF FF FF FF FF FF        9597            
1597,186583            47     01 00 FF FF FF FF FF FF        9597            
1597,236072            49     FF FF FF FF FF FF FF FF        9579            
1597,285970            D6     00 0F 64 0B 9E 0C 77 85        9597            
1597,336686            97            9597            Checksum Error
1597,386175            D8     FE FF FF FF FF FF FF FF        9597            
1597,436073            3C     01 04 B8 10 03 01 FF FF        9597            
1597,485562            7D     01 03 F8 02 02 FF FF FF        9597            
1597,535869            03     86 0B FF FF FF FF FF FF        9597            
1597,585358            C4     AA 0A FF FF FF FF FF FF        9597            
1597,635256            85     03 FF FF FF FF FF FF FF        9597            
1597,684745            06     08 07 FF FF FF FF FF FF        9597            
1597,734643            47     01 00 FF FF FF FF FF FF        9597            
1597,784132            49     FF FF FF FF FF FF FF FF        9597            
1597,834030            D6     00 0F 64 0B 9E 0C 77 85        9597            
1597,883519            08     86 0B 71 00 00 00 00 FF        9597            
1597,933008            97            9597            Checksum Error
1597,982906            D8     FE FF FF FF FF FF FF FF        9597            
1598,032395            3C     01 06 B2 23 17 46 10 03        9597            
1598,082293            7D     01 06 F2 01 00 00 00 FF        9597            
1598,133009            03     86 0B FF FF FF FF FF FF        9597            
1598,182498            C4     AA 0A FF FF FF FF FF FF        9579            
1598,232396            85     03 FF FF FF FF FF FF FF        9579            
1598,281885            06     08 07 FF FF FF FF FF FF        9597            
1598,331783            47     01 00 FF FF FF FF FF FF        9597            
1598,381272            49     FF FF FF FF FF FF FF FF        9597            
1598,431170            D6     00 0F 64 0B 9E 0C 77 85        9597            
1598,480659            08     86 0B 71 00 00 00 00 FF        9597            
1598,530557            97            9579            Checksum Error
1598,580046            D8     FE FF FF FF FF FF FF FF        9597            
1598,629944            3C     FF FF FF FF FF FF FF FF        9597            
1598,679842            7D            9597            Checksum Error
1598,730149            03     86 0B FF FF FF FF FF FF        9597            
1598,779638            C4     AA 0A FF FF FF FF FF FF        9579            
1598,829536            85     03 FF FF FF FF FF FF FF        9579            
1598,879025            06     08 07 FF FF FF FF FF FF        9597            
1598,928923            47     01 00 FF FF FF FF FF FF        9597            
1598,978821            49     FF FF FF FF FF FF FF FF        9597            
1599,028310            D6     00 0F 64 0B 9E 0C 77 85        9597            
1599,078208            08     86 0B 71 00 00 00 00 FF        9597            
1599,127697            97            9597            Checksum Error
1599,177595            D8     FE FF FF FF FF FF FF FF        9597            
1599,227084            3C     03 05 B9 00 1F 00 00 FF        9597            
1599,276982            7D     03 02 F9 00 FF FF FF FF        9579            
1599,326471            3C     03 10 29 BB 00 1F 00 1E        9615            
1599,376369            3C     03 21 00 00 22 FF FF FF        9597            
1599,425858            3C     03 22 54 01 02 0D 26 75        9597            
1599,475347            3C     03 23 00 00 00 00 00 00        9597            
1599,525245            3C     03 24 00 00 00 00 00 00        9597            
1599,574734            3C     03 25 00 00 00 00 00 00        9579            
1599,624632            3C     03 26 00 00 00 00 00 00        9579            
1599,674121            7D     03 01 FB FF FF FF FF FF        9597            
1599,724019            3C     03 05 B9 00 1F 00 01 FF        9597            
1599,773508            7D     03 02 F9 00 FF FF FF FF        9615            
1599,824224            03     86 0B FF FF FF FF FF FF        9597            
1599,874122            C4     AA 0A FF FF FF FF FF FF        9597            
1599,923611            85     03 FF FF FF FF FF FF FF        9597            
1599,973509            06     08 07 FF FF FF FF FF FF        9597            
1600,022998            47     01 00 FF FF FF FF FF FF        9615            
1600,072896            49     FF FF FF FF FF FF FF FF        9597            
1600,122385            D6     00 0F 64 0B 9E 0C 77 85        9597            
1600,172283            08     86 0B 71 00 00 00 00 FF        9597            
1600,221772            97            9597            Checksum Error
1600,271670            D8     FE FF FF FF FF FF FF FF        9597            
1600,321159            3C     FF FF FF FF FF FF FF FF        9579            
1600,371057            7D            9597            Checksum Error
1600,421773            03     86 0B FF FF FF FF FF FF        9597            
1600,471262            C4     AA 0A FF FF FF FF FF FF        9597            
1600,520751            85     03 FF FF FF FF FF FF FF        9597            
1600,570649            06     08 07 FF FF FF FF FF FF        9579            
1600,620138            47     01 00 FF FF FF FF FF FF        9597            
1600,670036            49     FF FF FF FF FF FF FF FF        9597            
1600,719525            D6     00 0F 64 0B 9E 0C 77 85        9597            
1600,770241            97            9597            Checksum Error
1600,820139            D8     FE FF FF FF FF FF FF FF        9579            
1600,869628            3C     01 04 B8 10 03 01 FF FF        9597            
1600,919526            7D     01 03 F8 02 02 FF FF FF        9597            
1600,970242            03     86 0B FF FF FF FF FF FF        9597            
1601,019731            C4     AA 0A FF FF FF FF FF FF        9597            
1601,069220            85     03 FF FF FF FF FF FF FF        9597            
1601,119118            06     08 07 FF FF FF FF FF FF        9597            
1601,168607            47     01 00 FF FF FF FF FF FF        9597            
1601,218505            49     FF FF FF FF FF FF FF FF        9597            
1601,267994            D6     00 0F 64 0B 9E 0C 77 85        9597            
1601,318710            97            9579            Checksum Error
1601,368608            D8     FE FF FF FF FF FF FF FF        9597            
1601,418506            3C     01 06 B2 23 17 46 10 03        9597            
1601,467995            7D     01 06 F2 01 00 00 00 FF        9597            
1601,518711            03     86 0B FF FF FF FF FF FF        9579            
1601,568609            C4     AA 0A FF FF FF FF FF FF        9597            
1601,618098            85     03 FF FF FF FF FF FF FF        9597            
1601,667996            06     08 07 FF FF FF FF FF FF        9597            
1601,717485            47     01 00 FF FF FF FF FF FF        9597            
1601,767383            49     FF FF FF FF FF FF FF FF        9597            
1601,816872            D6     00 0F 64 0B 9E 0C 77 85        9597            
1601,867588            97            9579            Checksum Error
1601,917486            D8     FE FF FF FF FF FF FF FF        9597            
1601,966975            3C     FF FF FF FF FF FF FF FF        9597            
1602,016873            7D            9579            Checksum Error
1602,067589            03     86 0B FF FF FF FF FF FF        9597            
1602,117078            C4     AA 0A FF FF FF FF FF FF        9597            
1602,166567            85     03 FF FF FF FF FF FF FF        9597            
1602,216465            06     08 07 FF FF FF FF FF FF        9597            
1602,265954            47     01 00 FF FF FF FF FF FF        9597            
1602,315852            49     FF FF FF FF FF FF FF FF        9579            
1602,365341            D6     00 0F 64 0B 9E 0C 77 85        9597            
1602,416057            97            9597            Checksum Error
1602,465955            D8     FE FF FF FF FF FF FF FF        9597            
1602,515444            3C     FF FF FF FF FF FF FF FF        9597            
1602,565342            7D            9597            Checksum Error
1602,616058            03     86 0B FF FF FF FF FF FF        9597            
1602,665547            C4     AA 0A FF FF FF FF FF FF        9597            
1602,715445            85     03 FF FF FF FF FF FF FF        9597            
1602,764934            06     08 07 FF FF FF FF FF FF        9597            
1602,814832            47     01 00 FF FF FF FF FF FF        9579            
1602,864321            49     FF FF FF FF FF FF FF FF        9597            
1602,914219            D6     00 0F 64 0B 9E 0C 77 85        9597            
1602,964935            97            9597            Checksum Error
1603,014424            D8     FE FF FF FF FF FF FF FF        9597            
1603,064322            3C     01 04 B8 10 03 01 FF FF        9597            
1603,113811            7D     01 03 F8 02 02 FF FF FF        9597            
1603,164118            03     86 0B FF FF FF FF FF FF        9597            
1603,213607            C4     AA 0A FF FF FF FF FF FF        9597            
1603,263505            85     03 FF FF FF FF FF FF FF        9615            
1603,312994            06     08 07 FF FF FF FF FF FF        9597            
1603,362892            47     01 00 FF FF FF FF FF FF        9597            
1603,412381            49     FF FF FF FF FF FF FF FF        9597            
1603,462279            D6     00 0F 64 0B 9E 0C 77 85        9597            
1603,512995            97            9597            Checksum Error
1603,562484            D8     FE FF FF FF FF FF FF FF        9597            
1603,612382            3C     01 06 B2 23 17 46 10 03        9615            
1603,661871            7D     01 06 F2 01 00 00 00 FF        9615            
1603,712587            03     86 0B FF FF FF FF FF FF        9597            
1603,762076            C4     AA 0A FF FF FF FF FF FF        9597            
1603,811974            85     03 FF FF FF FF FF FF FF        9597            
1603,861463            06     08 07 FF FF FF FF FF FF        9597            
1603,910952            47     01 00 FF FF FF FF FF FF        9597            
1603,960441            49     FF FF FF FF FF FF FF FF        9597            
1604,009930            D6     00 0F 64 0B 9E 0C 77 85        9597            
1604,060646            97            9597            Checksum Error
1604,110544            D8     FE FF FF FF FF FF FF FF        9615            
1604,160033            3C     FF FF FF FF FF FF FF FF        9597            
1604,209931            7D            9615            Checksum Error
1604,260647            03     86 0B FF FF FF FF FF FF        9615            
1604,310136            C4     AA 0A FF FF FF FF FF FF        9615            
1604,359625            85     03 FF FF FF FF FF FF FF        9615            
1604,409523            06     08 07 FF FF FF FF FF FF        9597            
1604,459012            47     01 00 FF FF FF FF FF FF        9615            
1604,508910            49     FF FF FF FF FF FF FF FF        9597            
